[I 2024-09-20 01:11:11,438] Trial 144 finished with value: 0.23247528699453263 and parameters: {'n_estimators': 841, 'max_depth': 10, 'min_child_weight': 4, 'learning_rate': 0.2705188435536498, 'subsample': 0.7957924871885336, 'colsample_bytree': 0.9850919070731895, 'colsample_bylevel': 0.8665139262178938, 'gamma': 3.9163285623577737, 'reg_alpha': 0.6605602624548377, 'reg_lambda': 0.6245670509385105}. Best is trial 136 with value: 0.22908983356706436.
[I 2024-09-20 01:12:07,682] Trial 145 finished with value: 0.231889982098504 and parameters: {'n_estimators': 817, 'max_depth': 10, 'min_child_weight': 4, 'learning_rate': 0.281789034100394, 'subsample': 0.735540844649214, 'colsample_bytree': 0.9716318843515988, 'colsample_bylevel': 0.9088827487376523, 'gamma': 4.473558028841135, 'reg_alpha': 0.6270824947557861, 'reg_lambda': 1.1905036729518343}. Best is trial 136 with value: 0.22908983356706436.
[I 2024-09-20 01:13:01,774] Trial 146 finished with value: 0.2338114092177252 and parameters: {'n_estimators': 813, 'max_depth': 10, 'min_child_weight': 4, 'learning_rate': 0.2784874837348763, 'subsample': 0.7358831352069023, 'colsample_bytree': 0.9742724921679284, 'colsample_bylevel': 0.9115265526271463, 'gamma': 4.4694184852045105, 'reg_alpha': 0.6389067542050336, 'reg_lambda': 1.2837929141609599}. Best is trial 136 with value: 0.22908983356706436.
[I 2024-09-20 01:13:55,716] Trial 147 finished with value: 0.23055081303414687 and parameters: {'n_estimators': 832, 'max_depth': 10, 'min_child_weight': 4, 'learning_rate': 0.2998809702991804, 'subsample': 0.7446513122657887, 'colsample_bytree': 0.9784362982457125, 'colsample_bylevel': 0.871798774285202, 'gamma': 4.026836399909612, 'reg_alpha': 0.6046652430280265, 'reg_lambda': 1.012888889285309}. Best is trial 136 with value: 0.22908983356706436.
[I 2024-09-20 01:14:48,569] Trial 148 finished with value: 0.2318637067666164 and parameters: {'n_estimators': 838, 'max_depth': 10, 'min_child_weight': 4, 'learning_rate': 0.26046933452850907, 'subsample': 0.7449556013082143, 'colsample_bytree': 0.9772335137025758, 'colsample_bylevel': 0.8741630058565741, 'gamma': 4.082302868718572, 'reg_alpha': 0.7048174713069026, 'reg_lambda': 1.0522946564531321}. Best is trial 136 with value: 0.22908983356706436.
[I 2024-09-20 01:15:26,603] Trial 149 finished with value: 0.24325321975799818 and parameters: {'n_estimators': 829, 'max_depth': 7, 'min_child_weight': 4, 'learning_rate': 0.2986387362051026, 'subsample': 0.7694691634915034, 'colsample_bytree': 0.9810815735709453, 'colsample_bylevel': 0.8726822198576015, 'gamma': 4.344053157069259, 'reg_alpha': 0.7314812010864827, 'reg_lambda': 1.0393317443073522}. Best is trial 136 with value: 0.22908983356706436.
[I 2024-09-20 01:16:22,030] Trial 150 finished with value: 0.23813924180811158 and parameters: {'n_estimators': 854, 'max_depth': 10, 'min_child_weight': 4, 'learning_rate': 0.2527484255847675, 'subsample': 0.7509398151848736, 'colsample_bytree': 0.9682462521319936, 'colsample_bylevel': 0.8585859326219618, 'gamma': 4.237409412443246, 'reg_alpha': 0.6164857119378568, 'reg_lambda': 0.725636660655261}. Best is trial 136 with value: 0.22908983356706436.
[I 2024-09-20 01:17:20,977] Trial 151 finished with value: 0.230724783029928 and parameters: {'n_estimators': 821, 'max_depth': 10, 'min_child_weight': 4, 'learning_rate': 0.26339237732486065, 'subsample': 0.7490193766978276, 'colsample_bytree': 0.9887635563705633, 'colsample_bylevel': 0.8487453890793569, 'gamma': 4.076109980379747, 'reg_alpha': 0.6874409070913794, 'reg_lambda': 1.2090565010803838}. Best is trial 136 with value: 0.22908983356706436.
[I 2024-09-20 01:18:21,191] Trial 152 finished with value: 0.23188725261082516 and parameters: {'n_estimators': 865, 'max_depth': 10, 'min_child_weight': 4, 'learning_rate': 0.25999368297041575, 'subsample': 0.7591517386326326, 'colsample_bytree': 0.9859378366297006, 'colsample_bylevel': 0.8471088564829026, 'gamma': 4.101817928670841, 'reg_alpha': 0.6977541236535026, 'reg_lambda': 1.2610020144409637}. Best is trial 136 with value: 0.22908983356706436.
[I 2024-09-20 01:19:16,596] Trial 153 finished with value: 0.23253779423303703 and parameters: {'n_estimators': 867, 'max_depth': 10, 'min_child_weight': 4, 'learning_rate': 0.25790728533646834, 'subsample': 0.7566276909542694, 'colsample_bytree': 0.9860001039062315, 'colsample_bylevel': 0.8269582443281133, 'gamma': 4.0916006569685175, 'reg_alpha': 0.6761515102385424, 'reg_lambda': 1.331994461809095}. Best is trial 136 with value: 0.22908983356706436.
[I 2024-09-20 01:20:11,139] Trial 154 finished with value: 0.24474529189801525 and parameters: {'n_estimators': 842, 'max_depth': 10, 'min_child_weight': 4, 'learning_rate': 0.23396743089860675, 'subsample': 0.7491206769339603, 'colsample_bytree': 0.9593141972208378, 'colsample_bylevel': 0.8445667694841796, 'gamma': 4.012914582105649, 'reg_alpha': 0.7104148240447458, 'reg_lambda': 1.024896669084617}. Best is trial 136 with value: 0.22908983356706436.
[I 2024-09-20 01:20:22,071] Trial 155 finished with value: 0.3182511082437882 and parameters: {'n_estimators': 144, 'max_depth': 10, 'min_child_weight': 4, 'learning_rate': 0.25929211716586953, 'subsample': 0.7629792613656512, 'colsample_bytree': 0.9790018112474715, 'colsample_bylevel': 0.8561134119771517, 'gamma': 3.858364415852175, 'reg_alpha': 0.7016804974280527, 'reg_lambda': 0.7631164965326076}. Best is trial 136 with value: 0.22908983356706436.
[I 2024-09-20 01:21:12,736] Trial 156 finished with value: 0.24341259455162523 and parameters: {'n_estimators': 838, 'max_depth': 10, 'min_child_weight': 4, 'learning_rate': 0.24499652527880822, 'subsample': 0.7216666153104834, 'colsample_bytree': 0.6060568560039512, 'colsample_bylevel': 0.8690782617813008, 'gamma': 3.942931879009282, 'reg_alpha': 0.7477751644683233, 'reg_lambda': 1.286264253187335}. Best is trial 136 with value: 0.22908983356706436.
[I 2024-09-20 01:22:09,034] Trial 157 finished with value: 0.23456110031685745 and parameters: {'n_estimators': 863, 'max_depth': 10, 'min_child_weight': 4, 'learning_rate': 0.29873071487276653, 'subsample': 0.7723405185154036, 'colsample_bytree': 0.9894938563804736, 'colsample_bylevel': 0.8792706359274068, 'gamma': 4.116501671880926, 'reg_alpha': 0.6595482399108428, 'reg_lambda': 0.9223254744870604}. Best is trial 136 with value: 0.22908983356706436.
[I 2024-09-20 01:23:10,715] Trial 158 finished with value: 0.2320313430453481 and parameters: {'n_estimators': 879, 'max_depth': 10, 'min_child_weight': 4, 'learning_rate': 0.28028350343854225, 'subsample': 0.7454184078784568, 'colsample_bytree': 0.9699310419086442, 'colsample_bylevel': 0.8323177997838033, 'gamma': 4.31668195397015, 'reg_alpha': 0.5913921132092266, 'reg_lambda': 0.5468147028107612}. Best is trial 136 with value: 0.22908983356706436.
[I 2024-09-20 01:24:03,267] Trial 159 finished with value: 0.23898610581896054 and parameters: {'n_estimators': 805, 'max_depth': 10, 'min_child_weight': 4, 'learning_rate': 0.2322339627321888, 'subsample': 0.5001994298111214, 'colsample_bytree': 0.9589516914795431, 'colsample_bylevel': 0.8487089296290741, 'gamma': 3.7121126621882543, 'reg_alpha': 0.6905568972342453, 'reg_lambda': 1.5988585986352954}. Best is trial 136 with value: 0.22908983356706436.
[I 2024-09-20 01:24:57,109] Trial 160 finished with value: 0.23515350658660514 and parameters: {'n_estimators': 824, 'max_depth': 10, 'min_child_weight': 4, 'learning_rate': 0.2633759917891928, 'subsample': 0.78528815426103, 'colsample_bytree': 0.930078520919659, 'colsample_bylevel': 0.8967323008581155, 'gamma': 3.82807521804712, 'reg_alpha': 0.8025273302742081, 'reg_lambda': 0.19355566384348777}. Best is trial 136 with value: 0.22908983356706436.
[I 2024-09-20 01:25:55,034] Trial 161 finished with value: 0.237056711965593 and parameters: {'n_estimators': 852, 'max_depth': 10, 'min_child_weight': 4, 'learning_rate': 0.2798361808046734, 'subsample': 0.7333319269518174, 'colsample_bytree': 0.9766008640010021, 'colsample_bylevel': 0.8627790669461073, 'gamma': 4.408194980890116, 'reg_alpha': 0.6181428239549063, 'reg_lambda': 1.1322154064162915}. Best is trial 136 with value: 0.22908983356706436.
[I 2024-09-20 01:26:48,359] Trial 162 finished with value: 0.23729080995738583 and parameters: {'n_estimators': 816, 'max_depth': 10, 'min_child_weight': 4, 'learning_rate': 0.2755683651097686, 'subsample': 0.6985234712974319, 'colsample_bytree': 0.9652241400506322, 'colsample_bylevel': 0.886384249778204, 'gamma': 4.210372092525191, 'reg_alpha': 0.6443971890358869, 'reg_lambda': 1.3469261415465121}. Best is trial 136 with value: 0.22908983356706436.
[I 2024-09-20 01:27:46,270] Trial 163 finished with value: 0.23242885753946654 and parameters: {'n_estimators': 868, 'max_depth': 10, 'min_child_weight': 4, 'learning_rate': 0.299879540965275, 'subsample': 0.7158383520194047, 'colsample_bytree': 0.9482351633222762, 'colsample_bylevel': 0.8744439386673303, 'gamma': 4.052439186169969, 'reg_alpha': 0.7828498566831319, 'reg_lambda': 1.1815587574182347}. Best is trial 136 with value: 0.22908983356706436.
[I 2024-09-20 01:28:42,290] Trial 164 finished with value: 0.23042983557191082 and parameters: {'n_estimators': 833, 'max_depth': 10, 'min_child_weight': 4, 'learning_rate': 0.25331488332572727, 'subsample': 0.7585177234231463, 'colsample_bytree': 0.9848865585377313, 'colsample_bylevel': 0.8402636889790165, 'gamma': 4.476527641864076, 'reg_alpha': 0.5688204715440762, 'reg_lambda': 0.857274424630066}. Best is trial 136 with value: 0.22908983356706436.
[I 2024-09-20 01:29:38,902] Trial 165 finished with value: 0.22969245161903853 and parameters: {'n_estimators': 881, 'max_depth': 10, 'min_child_weight': 4, 'learning_rate': 0.2503738456411691, 'subsample': 0.7586331384918655, 'colsample_bytree': 0.9909914396931785, 'colsample_bylevel': 0.8273370068754827, 'gamma': 3.9695681301208463, 'reg_alpha': 0.5658955379197252, 'reg_lambda': 0.8016095171883371}. Best is trial 136 with value: 0.22908983356706436.
[I 2024-09-20 01:30:33,473] Trial 166 finished with value: 0.23361304777319777 and parameters: {'n_estimators': 837, 'max_depth': 10, 'min_child_weight': 4, 'learning_rate': 0.24419648863908452, 'subsample': 0.7704996833305531, 'colsample_bytree': 0.986976028620913, 'colsample_bylevel': 0.8210547106117279, 'gamma': 3.9463683045883684, 'reg_alpha': 0.5780037215356539, 'reg_lambda': 0.8388903566260987}. Best is trial 136 with value: 0.22908983356706436.
[I 2024-09-20 01:31:27,724] Trial 167 finished with value: 0.24739381731134386 and parameters: {'n_estimators': 885, 'max_depth': 9, 'min_child_weight': 4, 'learning_rate': 0.22561955805432934, 'subsample': 0.7455242358935973, 'colsample_bytree': 0.9766918733891921, 'colsample_bylevel': 0.8329386030869145, 'gamma': 3.624654269252294, 'reg_alpha': 0.6002607232650572, 'reg_lambda': 0.6262787214366061}. Best is trial 136 with value: 0.22908983356706436.
[I 2024-09-20 01:32:19,527] Trial 168 finished with value: 0.2431384168378385 and parameters: {'n_estimators': 792, 'max_depth': 10, 'min_child_weight': 4, 'learning_rate': 0.2529710323709802, 'subsample': 0.8028439623878606, 'colsample_bytree': 0.9527589167578311, 'colsample_bylevel': 0.8057367219849619, 'gamma': 3.7781136504932133, 'reg_alpha': 0.5685366889203216, 'reg_lambda': 0.9748687641874332}. Best is trial 136 with value: 0.22908983356706436.
[I 2024-09-20 01:33:16,184] Trial 169 finished with value: 0.22961504700324037 and parameters: {'n_estimators': 848, 'max_depth': 10, 'min_child_weight': 4, 'learning_rate': 0.2685851612558444, 'subsample': 0.783583225431168, 'colsample_bytree': 0.9400755250238514, 'colsample_bylevel': 0.857000666883904, 'gamma': 3.537798250878417, 'reg_alpha': 0.6036469556657301, 'reg_lambda': 0.4000803630559475}. Best is trial 136 with value: 0.22908983356706436.
[I 2024-09-20 01:34:12,964] Trial 170 finished with value: 0.28502454850511283 and parameters: {'n_estimators': 884, 'max_depth': 10, 'min_child_weight': 3, 'learning_rate': 0.07066921693999652, 'subsample': 0.7845260484423743, 'colsample_bytree': 0.9241194620326809, 'colsample_bylevel': 0.7952328670140802, 'gamma': 3.4783751031229846, 'reg_alpha': 0.5504723420757717, 'reg_lambda': 0.4043866186574655}. Best is trial 136 with value: 0.22908983356706436.
[I 2024-09-20 01:35:09,237] Trial 171 finished with value: 0.23291461765341265 and parameters: {'n_estimators': 847, 'max_depth': 10, 'min_child_weight': 4, 'learning_rate': 0.2655003644617722, 'subsample': 0.7769865861796614, 'colsample_bytree': 0.9416747052656387, 'colsample_bylevel': 0.8583162368377868, 'gamma': 3.637525730489788, 'reg_alpha': 0.6021126128645764, 'reg_lambda': 0.6748629354539035}. Best is trial 136 with value: 0.22908983356706436.
[I 2024-09-20 01:36:04,074] Trial 172 finished with value: 0.23391330677413236 and parameters: {'n_estimators': 830, 'max_depth': 10, 'min_child_weight': 4, 'learning_rate': 0.28023574925956735, 'subsample': 0.7620899750716046, 'colsample_bytree': 0.9643990643091894, 'colsample_bylevel': 0.8416002264216592, 'gamma': 3.871521455000042, 'reg_alpha': 0.5628716661305331, 'reg_lambda': 0.3220386670626316}. Best is trial 136 with value: 0.22908983356706436.
[I 2024-09-20 01:37:02,445] Trial 173 finished with value: 0.23108266611134373 and parameters: {'n_estimators': 853, 'max_depth': 10, 'min_child_weight': 4, 'learning_rate': 0.239297598490016, 'subsample': 0.7532547788312318, 'colsample_bytree': 0.9357351948851642, 'colsample_bylevel': 0.8686302712857906, 'gamma': 3.7622813600636045, 'reg_alpha': 0.5966769287220388, 'reg_lambda': 0.079721426969934}. Best is trial 136 with value: 0.22908983356706436.
[I 2024-09-20 01:37:37,044] Trial 174 finished with value: 0.2551949008245892 and parameters: {'n_estimators': 456, 'max_depth': 10, 'min_child_weight': 4, 'learning_rate': 0.23657446371392188, 'subsample': 0.8032061994780709, 'colsample_bytree': 0.9159257782013399, 'colsample_bylevel': 0.8545941603276621, 'gamma': 3.555615450947517, 'reg_alpha': 0.5896288326355795, 'reg_lambda': 0.019185582494218034}. Best is trial 136 with value: 0.22908983356706436.
[I 2024-09-20 01:38:36,786] Trial 175 finished with value: 0.2378463576480621 and parameters: {'n_estimators': 857, 'max_depth': 10, 'min_child_weight': 4, 'learning_rate': 0.20855770588498712, 'subsample': 0.7558365771666717, 'colsample_bytree': 0.9432685671346273, 'colsample_bylevel': 0.8152948740613002, 'gamma': 3.71945546657814, 'reg_alpha': 0.6352369102734879, 'reg_lambda': 0.20667124417629068}. Best is trial 136 with value: 0.22908983356706436.
[I 2024-09-20 01:39:36,237] Trial 176 finished with value: 0.23422307980191204 and parameters: {'n_estimators': 878, 'max_depth': 10, 'min_child_weight': 5, 'learning_rate': 0.22842613978733953, 'subsample': 0.8430346297173125, 'colsample_bytree': 0.9284615736151561, 'colsample_bylevel': 0.8384515933636744, 'gamma': 3.411842923722413, 'reg_alpha': 0.5739780816124015, 'reg_lambda': 0.5098774687209963}. Best is trial 136 with value: 0.22908983356706436.
[I 2024-09-20 01:40:40,224] Trial 177 finished with value: 0.23779751232661345 and parameters: {'n_estimators': 898, 'max_depth': 10, 'min_child_weight': 3, 'learning_rate': 0.2995146042948938, 'subsample': 0.7762392065352015, 'colsample_bytree': 0.9349108529725527, 'colsample_bylevel': 0.8652951185447401, 'gamma': 3.763377304393705, 'reg_alpha': 0.5446315034075946, 'reg_lambda': 0.21564303742425583}. Best is trial 136 with value: 0.22908983356706436.
[I 2024-09-20 01:41:36,227] Trial 178 finished with value: 0.23505189032706003 and parameters: {'n_estimators': 854, 'max_depth': 10, 'min_child_weight': 4, 'learning_rate': 0.24516281540999255, 'subsample': 0.790329932391135, 'colsample_bytree': 0.9059420437772507, 'colsample_bylevel': 0.8283795236391149, 'gamma': 3.9247040138307527, 'reg_alpha': 0.6115219947768746, 'reg_lambda': 0.7761190282432588}. Best is trial 136 with value: 0.22908983356706436.
[I 2024-09-20 01:42:35,023] Trial 179 finished with value: 0.23366947227897858 and parameters: {'n_estimators': 806, 'max_depth': 10, 'min_child_weight': 4, 'learning_rate': 0.2780060939506509, 'subsample': 0.8132782437086873, 'colsample_bytree': 0.9554507572350703, 'colsample_bylevel': 0.8913673481252519, 'gamma': 3.6667647907077874, 'reg_alpha': 0.5799068228274855, 'reg_lambda': 0.458289219235283}. Best is trial 136 with value: 0.22908983356706436.
[I 2024-09-20 01:43:04,154] Trial 180 finished with value: 0.2919778782799819 and parameters: {'n_estimators': 873, 'max_depth': 4, 'min_child_weight': 5, 'learning_rate': 0.21996464353079043, 'subsample': 0.7686788358308704, 'colsample_bytree': 0.9502837472629766, 'colsample_bylevel': 0.8495688183701551, 'gamma': 3.832913214043936, 'reg_alpha': 0.6239794927771826, 'reg_lambda': 1.5422227784835423}. Best is trial 136 with value: 0.22908983356706436.
[I 2024-09-20 01:44:04,642] Trial 181 finished with value: 0.23367476206452759 and parameters: {'n_estimators': 834, 'max_depth': 10, 'min_child_weight': 4, 'learning_rate': 0.26071686058394544, 'subsample': 0.5279975373274635, 'colsample_bytree': 0.9889763966142393, 'colsample_bylevel': 0.8745582392270197, 'gamma': 4.0356470907549244, 'reg_alpha': 0.6654519349547949, 'reg_lambda': 0.8923891621385116}. Best is trial 136 with value: 0.22908983356706436.
[I 2024-09-20 01:44:58,898] Trial 182 finished with value: 0.2361418904741818 and parameters: {'n_estimators': 848, 'max_depth': 10, 'min_child_weight': 4, 'learning_rate': 0.2531332015698288, 'subsample': 0.7472761378097457, 'colsample_bytree': 0.7352703911064093, 'colsample_bylevel': 0.8709811750818504, 'gamma': 3.9803216125069985, 'reg_alpha': 0.6454551574396331, 'reg_lambda': 0.6409157772504771}. Best is trial 136 with value: 0.22908983356706436.
[I 2024-09-20 01:45:51,900] Trial 183 finished with value: 0.23305035524625758 and parameters: {'n_estimators': 823, 'max_depth': 10, 'min_child_weight': 4, 'learning_rate': 0.2809825621788781, 'subsample': 0.7578619135477984, 'colsample_bytree': 0.9697893758785465, 'colsample_bylevel': 0.8782837308751413, 'gamma': 4.161383378497089, 'reg_alpha': 0.6022637452702387, 'reg_lambda': 1.0648897122009904}. Best is trial 136 with value: 0.22908983356706436.
[I 2024-09-20 01:46:52,593] Trial 184 finished with value: 0.23022771455154079 and parameters: {'n_estimators': 864, 'max_depth': 10, 'min_child_weight': 3, 'learning_rate': 0.266938260850948, 'subsample': 0.7838026457728472, 'colsample_bytree': 0.9804007475705767, 'colsample_bylevel': 0.8642464577417824, 'gamma': 3.458941150934446, 'reg_alpha': 0.5482847986472886, 'reg_lambda': 1.4270869271337392}. Best is trial 136 with value: 0.22908983356706436.
[I 2024-09-20 01:47:58,428] Trial 185 finished with value: 0.23761538728743234 and parameters: {'n_estimators': 867, 'max_depth': 10, 'min_child_weight': 3, 'learning_rate': 0.23948728569174754, 'subsample': 0.7949740668684475, 'colsample_bytree': 0.9615927671240881, 'colsample_bylevel': 0.8624457528666195, 'gamma': 3.5077160211818224, 'reg_alpha': 0.5529315061499733, 'reg_lambda': 1.7006871949844808}. Best is trial 136 with value: 0.22908983356706436.
[I 2024-09-20 01:49:03,212] Trial 186 finished with value: 0.2382143847909778 and parameters: {'n_estimators': 888, 'max_depth': 10, 'min_child_weight': 3, 'learning_rate': 0.2997348768744859, 'subsample': 0.7797530536037655, 'colsample_bytree': 0.9901898904494841, 'colsample_bylevel': 0.8423784079625563, 'gamma': 3.3747896907478534, 'reg_alpha': 0.5229032809812947, 'reg_lambda': 1.503568619224772}. Best is trial 136 with value: 0.22908983356706436.
[I 2024-09-20 01:50:10,087] Trial 187 finished with value: 0.24091078651473824 and parameters: {'n_estimators': 899, 'max_depth': 10, 'min_child_weight': 3, 'learning_rate': 0.26976239411042663, 'subsample': 0.7872499280304042, 'colsample_bytree': 0.7978877245232745, 'colsample_bylevel': 0.9008924595035186, 'gamma': 3.5661274298942707, 'reg_alpha': 0.5433582843503046, 'reg_lambda': 1.4056173586194685}. Best is trial 136 with value: 0.22908983356706436.
[I 2024-09-20 01:51:15,275] Trial 188 finished with value: 0.23043945988988926 and parameters: {'n_estimators': 860, 'max_depth': 10, 'min_child_weight': 3, 'learning_rate': 0.2805626050811535, 'subsample': 0.8285834314439063, 'colsample_bytree': 0.9371847322394508, 'colsample_bylevel': 0.8556428562981043, 'gamma': 3.445637708036562, 'reg_alpha': 0.5803721313521759, 'reg_lambda': 0.4049115205987502}. Best is trial 136 with value: 0.22908983356706436.
[I 2024-09-20 01:52:08,948] Trial 189 finished with value: 0.24124407018810046 and parameters: {'n_estimators': 860, 'max_depth': 9, 'min_child_weight': 3, 'learning_rate': 0.24802425731187794, 'subsample': 0.8273897785336816, 'colsample_bytree': 0.9390120308887282, 'colsample_bylevel': 0.8548065640290208, 'gamma': 3.3511820727246984, 'reg_alpha': 0.563972960248308, 'reg_lambda': 0.03421171903313412}. Best is trial 136 with value: 0.22908983356706436.
[I 2024-09-20 01:53:11,797] Trial 190 finished with value: 0.22937305674725747 and parameters: {'n_estimators': 879, 'max_depth': 10, 'min_child_weight': 3, 'learning_rate': 0.26925558693376433, 'subsample': 0.8510235461345326, 'colsample_bytree': 0.9230122666213463, 'colsample_bylevel': 0.819926987627815, 'gamma': 3.4415301682268664, 'reg_alpha': 0.5853185450906205, 'reg_lambda': 0.3443591000388624}. Best is trial 136 with value: 0.22908983356706436.
[I 2024-09-20 01:54:13,710] Trial 191 finished with value: 0.23720987751034164 and parameters: {'n_estimators': 879, 'max_depth': 10, 'min_child_weight': 3, 'learning_rate': 0.2690360245278591, 'subsample': 0.8357389017203842, 'colsample_bytree': 0.9209066189111832, 'colsample_bylevel': 0.7797693058094435, 'gamma': 3.453011043766797, 'reg_alpha': 0.5804995707712823, 'reg_lambda': 0.2709782961251048}. Best is trial 136 with value: 0.22908983356706436.
