[I 2024-09-20 03:23:54,001] Trial 288 finished with value: 0.2393412985664118 and parameters: {'n_estimators': 851, 'max_depth': 10, 'min_child_weight': 4, 'learning_rate': 0.2312414769448781, 'subsample': 0.7622574405537828, 'colsample_bytree': 0.9589468299427693, 'colsample_bylevel': 0.8098968538070512, 'gamma': 3.3213154058300347, 'reg_alpha': 0.43695016221098704, 'reg_lambda': 1.6778152236041306}. Best is trial 136 with value: 0.22908983356706436.
[I 2024-09-20 03:24:55,043] Trial 289 finished with value: 0.2391867163335474 and parameters: {'n_estimators': 886, 'max_depth': 10, 'min_child_weight': 5, 'learning_rate': 0.2859292472322452, 'subsample': 0.7448152137876352, 'colsample_bytree': 0.9904268273404303, 'colsample_bylevel': 0.8373815592200217, 'gamma': 3.1704410646928407, 'reg_alpha': 0.5652220101248475, 'reg_lambda': 1.2140836441661462}. Best is trial 136 with value: 0.22908983356706436.
[I 2024-09-20 03:25:54,183] Trial 290 finished with value: 0.2338813317922921 and parameters: {'n_estimators': 821, 'max_depth': 10, 'min_child_weight': 4, 'learning_rate': 0.2586759167268349, 'subsample': 0.7742628570954573, 'colsample_bytree': 0.9494223653202184, 'colsample_bylevel': 0.8495877956041581, 'gamma': 0.38120997334668516, 'reg_alpha': 0.4684894080925249, 'reg_lambda': 5.537289544928445}. Best is trial 136 with value: 0.22908983356706436.
[I 2024-09-20 03:26:54,428] Trial 291 finished with value: 0.23444163174537783 and parameters: {'n_estimators': 868, 'max_depth': 10, 'min_child_weight': 3, 'learning_rate': 0.26956888253391614, 'subsample': 0.8238227769557689, 'colsample_bytree': 0.9833645010858179, 'colsample_bylevel': 0.8303070758572173, 'gamma': 3.4438870089807136, 'reg_alpha': 0.616340071435352, 'reg_lambda': 2.052323316500531}. Best is trial 136 with value: 0.22908983356706436.
[I 2024-09-20 03:27:59,187] Trial 292 finished with value: 0.2307231482415668 and parameters: {'n_estimators': 900, 'max_depth': 10, 'min_child_weight': 3, 'learning_rate': 0.24025102544151417, 'subsample': 0.7571994555035583, 'colsample_bytree': 0.9680476075490533, 'colsample_bylevel': 0.8617243259865205, 'gamma': 3.534218006289901, 'reg_alpha': 0.5711710811330581, 'reg_lambda': 1.5719561780438673}. Best is trial 136 with value: 0.22908983356706436.
[I 2024-09-20 03:28:59,452] Trial 293 finished with value: 0.2354513054171222 and parameters: {'n_estimators': 888, 'max_depth': 10, 'min_child_weight': 3, 'learning_rate': 0.22134422613340252, 'subsample': 0.8644485282305499, 'colsample_bytree': 0.9694104892250267, 'colsample_bylevel': 0.8621140416357596, 'gamma': 3.3043601933325712, 'reg_alpha': 0.51768944527049, 'reg_lambda': 1.622101583966261}. Best is trial 136 with value: 0.22908983356706436.
[I 2024-09-20 03:29:14,704] Trial 294 finished with value: 0.3132462313631833 and parameters: {'n_estimators': 210, 'max_depth': 10, 'min_child_weight': 3, 'learning_rate': 0.19889821203986355, 'subsample': 0.7573025898512507, 'colsample_bytree': 0.9803654667192827, 'colsample_bylevel': 0.8526341329478212, 'gamma': 3.5072614603914083, 'reg_alpha': 0.5714183666188722, 'reg_lambda': 1.529570836618075}. Best is trial 136 with value: 0.22908983356706436.
[I 2024-09-20 03:30:16,898] Trial 295 finished with value: 0.23537484869888062 and parameters: {'n_estimators': 897, 'max_depth': 10, 'min_child_weight': 3, 'learning_rate': 0.24338554163951498, 'subsample': 0.7916247155814441, 'colsample_bytree': 0.9731925200271293, 'colsample_bylevel': 0.8665270277679024, 'gamma': 3.551608818369688, 'reg_alpha': 0.5553523151014627, 'reg_lambda': 1.3657190485234585}. Best is trial 136 with value: 0.22908983356706436.
[I 2024-09-20 03:31:13,878] Trial 296 finished with value: 0.23975113872029818 and parameters: {'n_estimators': 885, 'max_depth': 10, 'min_child_weight': 3, 'learning_rate': 0.29978080652506517, 'subsample': 0.7679263952411183, 'colsample_bytree': 0.6574372780132403, 'colsample_bylevel': 0.8450842172018445, 'gamma': 3.4131698179402874, 'reg_alpha': 0.5347841089252553, 'reg_lambda': 1.8484782651486802}. Best is trial 136 with value: 0.22908983356706436.
[I 2024-09-20 03:32:06,941] Trial 297 finished with value: 0.37528263877628143 and parameters: {'n_estimators': 872, 'max_depth': 10, 'min_child_weight': 4, 'learning_rate': 0.02261807499400504, 'subsample': 0.7505784610423673, 'colsample_bytree': 0.9463776907286464, 'colsample_bylevel': 0.5593603630783655, 'gamma': 3.292057349286964, 'reg_alpha': 0.731976636396699, 'reg_lambda': 1.093693886611105}. Best is trial 136 with value: 0.22908983356706436.
[I 2024-09-20 03:32:28,094] Trial 298 finished with value: 0.2812212849096374 and parameters: {'n_estimators': 259, 'max_depth': 10, 'min_child_weight': 4, 'learning_rate': 0.23344109448100725, 'subsample': 0.7587443262304789, 'colsample_bytree': 0.9876104749911158, 'colsample_bylevel': 0.8568132999944329, 'gamma': 3.6007038046371576, 'reg_alpha': 0.5784424359452558, 'reg_lambda': 1.3762612704798856}. Best is trial 136 with value: 0.22908983356706436.
[I 2024-09-20 03:33:28,165] Trial 299 finished with value: 0.23275376953573668 and parameters: {'n_estimators': 899, 'max_depth': 10, 'min_child_weight': 4, 'learning_rate': 0.24728212773026134, 'subsample': 0.8416243410327228, 'colsample_bytree': 0.9670218333502987, 'colsample_bylevel': 0.8720687535238559, 'gamma': 4.108653648497861, 'reg_alpha': 0.5084494263339095, 'reg_lambda': 1.1516807846314387}. Best is trial 136 with value: 0.22908983356706436.
[I 2024-09-20 03:34:26,401] Trial 300 finished with value: 0.24190679350317068 and parameters: {'n_estimators': 846, 'max_depth': 10, 'min_child_weight': 3, 'learning_rate': 0.2119037255887722, 'subsample': 0.7826033870850136, 'colsample_bytree': 0.9996592895588372, 'colsample_bylevel': 0.7532531462024876, 'gamma': 3.488475049338342, 'reg_alpha': 0.6060121558433873, 'reg_lambda': 0.934812483514935}. Best is trial 136 with value: 0.22908983356706436.
[I 2024-09-20 03:35:27,524] Trial 301 finished with value: 0.23131871465574258 and parameters: {'n_estimators': 870, 'max_depth': 10, 'min_child_weight': 4, 'learning_rate': 0.2823214423615139, 'subsample': 0.7737699198435167, 'colsample_bytree': 0.939978125766442, 'colsample_bylevel': 0.8427956588946001, 'gamma': 4.357097097597608, 'reg_alpha': 0.638926066667925, 'reg_lambda': 1.6315520380344004}. Best is trial 136 with value: 0.22908983356706436.
[I 2024-09-20 03:36:21,706] Trial 302 finished with value: 0.2370289914590175 and parameters: {'n_estimators': 835, 'max_depth': 10, 'min_child_weight': 3, 'learning_rate': 0.2576331925939829, 'subsample': 0.7455653308050342, 'colsample_bytree': 0.9568783063482975, 'colsample_bylevel': 0.6994865417093215, 'gamma': 4.560741437458263, 'reg_alpha': 0.5598005950291036, 'reg_lambda': 1.9647497363781359}. Best is trial 136 with value: 0.22908983356706436.
[I 2024-09-20 03:37:00,374] Trial 303 finished with value: 0.2740162548682022 and parameters: {'n_estimators': 798, 'max_depth': 6, 'min_child_weight': 4, 'learning_rate': 0.23617283171489117, 'subsample': 0.8187269455939002, 'colsample_bytree': 0.9794161624214284, 'colsample_bylevel': 0.8614864547115925, 'gamma': 3.032683808958679, 'reg_alpha': 0.5969435965239589, 'reg_lambda': 5.1023292568699254}. Best is trial 136 with value: 0.22908983356706436.
[I 2024-09-20 03:38:00,744] Trial 304 finished with value: 0.23140988133685486 and parameters: {'n_estimators': 900, 'max_depth': 10, 'min_child_weight': 3, 'learning_rate': 0.2800662957355522, 'subsample': 0.7657832140521525, 'colsample_bytree': 0.9173252394387535, 'colsample_bylevel': 0.8527292814259881, 'gamma': 3.3846004391837767, 'reg_alpha': 0.5433544937146154, 'reg_lambda': 2.2820959299281642}. Best is trial 136 with value: 0.22908983356706436.
[I 2024-09-20 03:39:02,239] Trial 305 finished with value: 0.23056727312138375 and parameters: {'n_estimators': 877, 'max_depth': 10, 'min_child_weight': 2, 'learning_rate': 0.2556324666665114, 'subsample': 0.7880847713567686, 'colsample_bytree': 0.9673657423290919, 'colsample_bylevel': 0.8916301865724847, 'gamma': 3.633960858215272, 'reg_alpha': 0.5789269435792607, 'reg_lambda': 9.175435772166256}. Best is trial 136 with value: 0.22908983356706436.
[I 2024-09-20 03:40:04,917] Trial 306 finished with value: 0.2313009790364104 and parameters: {'n_estimators': 880, 'max_depth': 10, 'min_child_weight': 3, 'learning_rate': 0.24683093680139562, 'subsample': 0.7898592668324796, 'colsample_bytree': 0.967058858779958, 'colsample_bylevel': 0.8805278921298448, 'gamma': 3.621412507974274, 'reg_alpha': 0.6240616479667738, 'reg_lambda': 1.241229801673876}. Best is trial 136 with value: 0.22908983356706436.
[I 2024-09-20 03:40:57,047] Trial 307 finished with value: 0.24094776418659838 and parameters: {'n_estimators': 855, 'max_depth': 9, 'min_child_weight': 2, 'learning_rate': 0.22536298808887195, 'subsample': 0.7992407176484548, 'colsample_bytree': 0.9873372153811188, 'colsample_bylevel': 0.8886224107527485, 'gamma': 3.5378695315068085, 'reg_alpha': 0.579678245474422, 'reg_lambda': 7.30497480382511}. Best is trial 136 with value: 0.22908983356706436.
[I 2024-09-20 03:41:52,652] Trial 308 finished with value: 0.3966188884719976 and parameters: {'n_estimators': 884, 'max_depth': 10, 'min_child_weight': 1, 'learning_rate': 0.0167091788635463, 'subsample': 0.8109584074601704, 'colsample_bytree': 0.9773330621628745, 'colsample_bylevel': 0.8912443411446609, 'gamma': 3.1970025124077, 'reg_alpha': 0.5952448618413744, 'reg_lambda': 8.598371017820725}. Best is trial 136 with value: 0.22908983356706436.
[I 2024-09-20 03:42:18,993] Trial 309 finished with value: 0.25867639606437026 and parameters: {'n_estimators': 401, 'max_depth': 10, 'min_child_weight': 2, 'learning_rate': 0.26228713601895814, 'subsample': 0.8535255247433723, 'colsample_bytree': 0.9659284059102856, 'colsample_bylevel': 0.8981090795898149, 'gamma': 3.4560771434274073, 'reg_alpha': 0.5775750315319343, 'reg_lambda': 9.265932316830813}. Best is trial 136 with value: 0.22908983356706436.
[I 2024-09-20 03:43:12,494] Trial 310 finished with value: 0.23785138087971838 and parameters: {'n_estimators': 821, 'max_depth': 10, 'min_child_weight': 2, 'learning_rate': 0.28463545341427826, 'subsample': 0.7870816296173968, 'colsample_bytree': 0.7715374264553665, 'colsample_bylevel': 0.8755459550758562, 'gamma': 3.652593163897551, 'reg_alpha': 0.6142536948365139, 'reg_lambda': 2.944552683299535}. Best is trial 136 with value: 0.22908983356706436.
[I 2024-09-20 03:44:13,365] Trial 311 finished with value: 0.2305783067149772 and parameters: {'n_estimators': 863, 'max_depth': 10, 'min_child_weight': 2, 'learning_rate': 0.25229570251481137, 'subsample': 0.828265130137822, 'colsample_bytree': 0.9903519567571675, 'colsample_bylevel': 0.8659104667168749, 'gamma': 3.375032753605637, 'reg_alpha': 0.6649056919174816, 'reg_lambda': 6.106391453794525}. Best is trial 136 with value: 0.22908983356706436.
[I 2024-09-20 03:44:24,859] Trial 312 finished with value: 0.32868083004360865 and parameters: {'n_estimators': 155, 'max_depth': 10, 'min_child_weight': 2, 'learning_rate': 0.23188404425566336, 'subsample': 0.8326518078885645, 'colsample_bytree': 0.9538749901888277, 'colsample_bylevel': 0.870657785034241, 'gamma': 3.307390551825962, 'reg_alpha': 0.6578080234328508, 'reg_lambda': 7.60413484752571}. Best is trial 136 with value: 0.22908983356706436.
[I 2024-09-20 03:45:21,123] Trial 313 finished with value: 0.2424160840086776 and parameters: {'n_estimators': 866, 'max_depth': 10, 'min_child_weight': 2, 'learning_rate': 0.21321660035747647, 'subsample': 0.8300122396121165, 'colsample_bytree': 0.9926473311424047, 'colsample_bylevel': 0.8682023974620726, 'gamma': 3.363675469367033, 'reg_alpha': 0.6437305637320552, 'reg_lambda': 6.562184843969784}. Best is trial 136 with value: 0.22908983356706436.
[I 2024-09-20 03:45:56,436] Trial 314 finished with value: 0.2550228137501923 and parameters: {'n_estimators': 488, 'max_depth': 10, 'min_child_weight': 2, 'learning_rate': 0.24841297486612224, 'subsample': 0.8214380475090574, 'colsample_bytree': 0.9752927462830057, 'colsample_bylevel': 0.8816845676034931, 'gamma': 3.4560262970132416, 'reg_alpha': 0.6269409884955244, 'reg_lambda': 6.216544964059437}. Best is trial 136 with value: 0.22908983356706436.
[I 2024-09-20 03:46:59,677] Trial 315 finished with value: 0.23810593065659624 and parameters: {'n_estimators': 883, 'max_depth': 10, 'min_child_weight': 2, 'learning_rate': 0.2689828170931563, 'subsample': 0.8463381635912529, 'colsample_bytree': 0.9578686930067216, 'colsample_bylevel': 0.860605319605165, 'gamma': 3.176926303322585, 'reg_alpha': 0.4558545776933082, 'reg_lambda': 3.2010124664359654}. Best is trial 136 with value: 0.22908983356706436.
[I 2024-09-20 03:47:58,749] Trial 316 finished with value: 0.23419545872471237 and parameters: {'n_estimators': 899, 'max_depth': 10, 'min_child_weight': 2, 'learning_rate': 0.2413789223331963, 'subsample': 0.8114494138129106, 'colsample_bytree': 0.9997411784047087, 'colsample_bylevel': 0.8972780395098586, 'gamma': 3.539048765673363, 'reg_alpha': 0.48039094797544585, 'reg_lambda': 8.93690930141388}. Best is trial 136 with value: 0.22908983356706436.
[I 2024-09-20 03:48:57,810] Trial 317 finished with value: 0.2335440512593941 and parameters: {'n_estimators': 847, 'max_depth': 10, 'min_child_weight': 2, 'learning_rate': 0.28215458901092255, 'subsample': 0.8021971860823326, 'colsample_bytree': 0.8116727923793944, 'colsample_bylevel': 0.8629072282456579, 'gamma': 3.4075776575004366, 'reg_alpha': 0.6031918329601473, 'reg_lambda': 5.842843232325162}. Best is trial 136 with value: 0.22908983356706436.
[I 2024-09-20 03:49:51,969] Trial 318 finished with value: 0.23618655792253174 and parameters: {'n_estimators': 867, 'max_depth': 9, 'min_child_weight': 2, 'learning_rate': 0.255731712757764, 'subsample': 0.7818014717641147, 'colsample_bytree': 0.9820637084195846, 'colsample_bylevel': 0.8509407307843475, 'gamma': 3.260769918356056, 'reg_alpha': 0.5625004740747175, 'reg_lambda': 1.5957564224013872}. Best is trial 136 with value: 0.22908983356706436.
[I 2024-09-20 03:50:48,827] Trial 319 finished with value: 0.2369917048690151 and parameters: {'n_estimators': 882, 'max_depth': 10, 'min_child_weight': 3, 'learning_rate': 0.2231457010958408, 'subsample': 0.791596010918109, 'colsample_bytree': 0.9688880470426587, 'colsample_bylevel': 0.8390103467788784, 'gamma': 3.627310915276608, 'reg_alpha': 0.6584497804219375, 'reg_lambda': 9.915876182949269}. Best is trial 136 with value: 0.22908983356706436.
[I 2024-09-20 03:51:46,003] Trial 320 finished with value: 0.2316289083840867 and parameters: {'n_estimators': 856, 'max_depth': 10, 'min_child_weight': 2, 'learning_rate': 0.299435375916182, 'subsample': 0.8380144849120593, 'colsample_bytree': 0.9348058156236341, 'colsample_bylevel': 0.8717256149620055, 'gamma': 3.5559907326704083, 'reg_alpha': 0.5886374250441584, 'reg_lambda': 2.113935490260936}. Best is trial 136 with value: 0.22908983356706436.
[I 2024-09-20 03:52:41,876] Trial 321 finished with value: 0.2804695026342549 and parameters: {'n_estimators': 872, 'max_depth': 10, 'min_child_weight': 3, 'learning_rate': 0.07879210347234143, 'subsample': 0.8208525227507226, 'colsample_bytree': 0.9532299972037995, 'colsample_bylevel': 0.8832484961904059, 'gamma': 3.4135108966098597, 'reg_alpha': 0.628142233335589, 'reg_lambda': 0.851063718364959}. Best is trial 136 with value: 0.22908983356706436.
[I 2024-09-20 03:53:41,713] Trial 322 finished with value: 0.2393337089731425 and parameters: {'n_estimators': 841, 'max_depth': 10, 'min_child_weight': 5, 'learning_rate': 0.19710634791271495, 'subsample': 0.7754426194268579, 'colsample_bytree': 0.9811552413855423, 'colsample_bylevel': 0.85871663469501, 'gamma': 3.069025227038971, 'reg_alpha': 0.5252553547709761, 'reg_lambda': 0.9834064268647076}. Best is trial 136 with value: 0.22908983356706436.
[I 2024-09-20 03:54:40,406] Trial 323 finished with value: 0.23087962634777384 and parameters: {'n_estimators': 884, 'max_depth': 10, 'min_child_weight': 4, 'learning_rate': 0.26855235376386544, 'subsample': 0.8015690175688226, 'colsample_bytree': 0.9437724059629453, 'colsample_bylevel': 0.8415803081542892, 'gamma': 3.299495157010555, 'reg_alpha': 0.610961625418497, 'reg_lambda': 6.803669246386962}. Best is trial 136 with value: 0.22908983356706436.
[I 2024-09-20 03:55:45,296] Trial 324 finished with value: 0.2343125627009671 and parameters: {'n_estimators': 900, 'max_depth': 10, 'min_child_weight': 2, 'learning_rate': 0.2517122116839549, 'subsample': 0.7600405864645697, 'colsample_bytree': 0.9641555297508767, 'colsample_bylevel': 0.85158922070438, 'gamma': 3.691936012394482, 'reg_alpha': 0.5739060254562448, 'reg_lambda': 7.888407306884174}. Best is trial 136 with value: 0.22908983356706436.
[I 2024-09-20 03:56:41,147] Trial 325 finished with value: 0.23817897869476998 and parameters: {'n_estimators': 856, 'max_depth': 10, 'min_child_weight': 3, 'learning_rate': 0.29942249927478615, 'subsample': 0.7787577053677057, 'colsample_bytree': 0.9076275382823729, 'colsample_bylevel': 0.8316216945168508, 'gamma': 3.528415288494632, 'reg_alpha': 0.5572658425763425, 'reg_lambda': 8.220908835411205}. Best is trial 136 with value: 0.22908983356706436.
[I 2024-09-20 03:57:33,481] Trial 326 finished with value: 0.32730118409709724 and parameters: {'n_estimators': 839, 'max_depth': 10, 'min_child_weight': 4, 'learning_rate': 0.043007191458654025, 'subsample': 0.815093708242478, 'colsample_bytree': 0.9236983432345046, 'colsample_bylevel': 0.8739687116815158, 'gamma': 3.668958138443718, 'reg_alpha': 0.5050028629107227, 'reg_lambda': 1.4414051246574355}. Best is trial 136 with value: 0.22908983356706436.
[I 2024-09-20 03:58:20,060] Trial 327 finished with value: 0.3665703856112526 and parameters: {'n_estimators': 870, 'max_depth': 8, 'min_child_weight': 4, 'learning_rate': 0.03175216526347677, 'subsample': 0.7923197748810881, 'colsample_bytree': 0.989854233928096, 'colsample_bylevel': 0.8638907811361317, 'gamma': 3.4601206859981413, 'reg_alpha': 0.6718101867933831, 'reg_lambda': 1.7676621955690777}. Best is trial 136 with value: 0.22908983356706436.
[I 2024-09-20 03:59:20,933] Trial 328 finished with value: 0.2341456843048501 and parameters: {'n_estimators': 883, 'max_depth': 10, 'min_child_weight': 3, 'learning_rate': 0.23411155381516416, 'subsample': 0.7690378678223985, 'colsample_bytree': 0.9734069773065362, 'colsample_bylevel': 0.8895664995557195, 'gamma': 3.3326561363694727, 'reg_alpha': 0.5932529408999739, 'reg_lambda': 0.7040573505302803}. Best is trial 136 with value: 0.22908983356706436.
[I 2024-09-20 03:59:50,890] Trial 329 finished with value: 0.27584860498642066 and parameters: {'n_estimators': 853, 'max_depth': 4, 'min_child_weight': 4, 'learning_rate': 0.2714311899648113, 'subsample': 0.7602278212079203, 'colsample_bytree': 0.9608754707969169, 'colsample_bylevel': 0.8445794263545391, 'gamma': 3.4700756836242954, 'reg_alpha': 0.6365028084432016, 'reg_lambda': 0.9799110764262066}. Best is trial 136 with value: 0.22908983356706436.
[I 2024-09-20 04:00:49,966] Trial 330 finished with value: 0.232672176183583 and parameters: {'n_estimators': 864, 'max_depth': 10, 'min_child_weight': 5, 'learning_rate': 0.25256393000272265, 'subsample': 0.8257981265746972, 'colsample_bytree': 0.9476977325290709, 'colsample_bylevel': 0.8563889824091527, 'gamma': 1.6245289252862862, 'reg_alpha': 0.538452415262088, 'reg_lambda': 1.316857725601228}. Best is trial 136 with value: 0.22908983356706436.
[I 2024-09-20 04:01:48,572] Trial 331 finished with value: 0.22817742602216606 and parameters: {'n_estimators': 900, 'max_depth': 10, 'min_child_weight': 2, 'learning_rate': 0.2765981168476681, 'subsample': 0.8047579200346775, 'colsample_bytree': 0.933093288490322, 'colsample_bylevel': 0.8789365158621868, 'gamma': 3.5956045405064727, 'reg_alpha': 0.5702477930920254, 'reg_lambda': 5.489066737330664}. Best is trial 331 with value: 0.22817742602216606.
[I 2024-09-20 04:02:46,333] Trial 332 finished with value: 0.2325633998739261 and parameters: {'n_estimators': 834, 'max_depth': 10, 'min_child_weight': 2, 'learning_rate': 0.2814144000339296, 'subsample': 0.8033589569214948, 'colsample_bytree': 0.9340674782187005, 'colsample_bylevel': 0.9048499145861696, 'gamma': 3.1652028670956502, 'reg_alpha': 0.6110106104540951, 'reg_lambda': 5.682590263939328}. Best is trial 331 with value: 0.22817742602216606.
[I 2024-09-20 04:03:47,549] Trial 333 finished with value: 0.2332908772318068 and parameters: {'n_estimators': 876, 'max_depth': 10, 'min_child_weight': 2, 'learning_rate': 0.2993291400650849, 'subsample': 0.8739919950680546, 'colsample_bytree': 0.9413025142295124, 'colsample_bylevel': 0.8811166450667135, 'gamma': 3.6339624303576423, 'reg_alpha': 0.5505669022934973, 'reg_lambda': 5.400574272305822}. Best is trial 331 with value: 0.22817742602216606.
[I 2024-09-20 04:04:42,291] Trial 334 finished with value: 0.23299166508086938 and parameters: {'n_estimators': 857, 'max_depth': 10, 'min_child_weight': 1, 'learning_rate': 0.27128531422704966, 'subsample': 0.8105767040475192, 'colsample_bytree': 0.9246197836744082, 'colsample_bylevel': 0.6386696954916842, 'gamma': 3.6837959508078355, 'reg_alpha': 0.5894076429876071, 'reg_lambda': 5.129805247702491}. Best is trial 331 with value: 0.22817742602216606.
[I 2024-09-20 04:05:36,836] Trial 335 finished with value: 0.2637098555967837 and parameters: {'n_estimators': 883, 'max_depth': 10, 'min_child_weight': 2, 'learning_rate': 0.11494286176969945, 'subsample': 0.7922337528391074, 'colsample_bytree': 0.9267882494640489, 'colsample_bylevel': 0.8936897722118812, 'gamma': 3.351559339924018, 'reg_alpha': 0.47981654731880385, 'reg_lambda': 6.233343799233621}. Best is trial 331 with value: 0.22817742602216606.
