[I 2024-09-20 08:46:03,500] Trial 624 finished with value: 0.23663226558950073 and parameters: {'n_estimators': 884, 'max_depth': 10, 'min_child_weight': 3, 'learning_rate': 0.22073870555435687, 'subsample': 0.7740355822348801, 'colsample_bytree': 0.9127656403967601, 'colsample_bylevel': 0.8609468049203287, 'gamma': 3.2761894088748083, 'reg_alpha': 0.530600337539756, 'reg_lambda': 5.1610404036011985}. Best is trial 569 with value: 0.22662615345860165.
[I 2024-09-20 08:47:18,337] Trial 625 finished with value: 0.23295051072432132 and parameters: {'n_estimators': 900, 'max_depth': 10, 'min_child_weight': 2, 'learning_rate': 0.25432260377371363, 'subsample': 0.7613383585933664, 'colsample_bytree': 0.9640486080390535, 'colsample_bylevel': 0.8194897116552153, 'gamma': 3.5154100154535173, 'reg_alpha': 0.4847063019573068, 'reg_lambda': 5.772855212084992}. Best is trial 569 with value: 0.22662615345860165.
[I 2024-09-20 08:47:53,309] Trial 626 finished with value: 0.27768173938012813 and parameters: {'n_estimators': 824, 'max_depth': 4, 'min_child_weight': 3, 'learning_rate': 0.29979437637000567, 'subsample': 0.8292724775521992, 'colsample_bytree': 0.9447074080195234, 'colsample_bylevel': 0.8485352931452474, 'gamma': 1.561319019697863, 'reg_alpha': 0.6109956640119633, 'reg_lambda': 0.025479076881084195}. Best is trial 569 with value: 0.22662615345860165.
[I 2024-09-20 08:48:53,273] Trial 627 finished with value: 0.23608205033211802 and parameters: {'n_estimators': 863, 'max_depth': 10, 'min_child_weight': 3, 'learning_rate': 0.2804368304901473, 'subsample': 0.7914446106356154, 'colsample_bytree': 0.9757691432769475, 'colsample_bylevel': 0.8725077277720268, 'gamma': 3.6916616700965625, 'reg_alpha': 0.426039000682876, 'reg_lambda': 4.378269560951735}. Best is trial 569 with value: 0.22662615345860165.
[I 2024-09-20 08:50:14,492] Trial 628 finished with value: 0.23543003617157815 and parameters: {'n_estimators': 874, 'max_depth': 10, 'min_child_weight': 5, 'learning_rate': 0.2585994302925707, 'subsample': 0.8078684830757198, 'colsample_bytree': 0.8365436891295063, 'colsample_bylevel': 0.8870826863808452, 'gamma': 3.813574716644479, 'reg_alpha': 0.5438499106944159, 'reg_lambda': 2.9189849617870034}. Best is trial 569 with value: 0.22662615345860165.
[I 2024-09-20 08:51:17,536] Trial 629 finished with value: 0.23257383996280262 and parameters: {'n_estimators': 838, 'max_depth': 10, 'min_child_weight': 3, 'learning_rate': 0.23608888086791494, 'subsample': 0.7685699776437914, 'colsample_bytree': 0.9560544773724424, 'colsample_bylevel': 0.8359020436625025, 'gamma': 3.5954270592959023, 'reg_alpha': 0.5696403051161801, 'reg_lambda': 5.392735241614369}. Best is trial 569 with value: 0.22662615345860165.
[I 2024-09-20 08:51:58,251] Trial 630 finished with value: 0.24415963677496907 and parameters: {'n_estimators': 576, 'max_depth': 10, 'min_child_weight': 2, 'learning_rate': 0.2778591087363033, 'subsample': 0.7855034735560281, 'colsample_bytree': 0.9258382216828248, 'colsample_bylevel': 0.8586664176394668, 'gamma': 3.4321469799878876, 'reg_alpha': 0.590290482880728, 'reg_lambda': 6.025325495297787}. Best is trial 569 with value: 0.22662615345860165.
[I 2024-09-20 08:53:07,608] Trial 631 finished with value: 0.23187069488705453 and parameters: {'n_estimators': 885, 'max_depth': 10, 'min_child_weight': 3, 'learning_rate': 0.2660399872580169, 'subsample': 0.7961915069690877, 'colsample_bytree': 0.9415161835875072, 'colsample_bylevel': 0.8464110134815762, 'gamma': 3.5247029951893505, 'reg_alpha': 0.6673326219731737, 'reg_lambda': 4.116683455437468}. Best is trial 569 with value: 0.22662615345860165.
[I 2024-09-20 08:54:09,137] Trial 632 finished with value: 0.24154123775918251 and parameters: {'n_estimators': 858, 'max_depth': 10, 'min_child_weight': 2, 'learning_rate': 0.245297462577373, 'subsample': 0.8183920124369263, 'colsample_bytree': 0.96998432262594, 'colsample_bylevel': 0.8687349288521482, 'gamma': 3.3573736379626475, 'reg_alpha': 0.9001334612962192, 'reg_lambda': 5.547203267088347}. Best is trial 569 with value: 0.22662615345860165.
[I 2024-09-20 08:55:06,542] Trial 633 finished with value: 0.23169538054104266 and parameters: {'n_estimators': 874, 'max_depth': 10, 'min_child_weight': 4, 'learning_rate': 0.2834744133977353, 'subsample': 0.8629951288421206, 'colsample_bytree': 0.9297107514146679, 'colsample_bylevel': 0.6600855210829119, 'gamma': 3.721341446932084, 'reg_alpha': 0.49594107026683093, 'reg_lambda': 2.4370463225938437}. Best is trial 569 with value: 0.22662615345860165.
[I 2024-09-20 08:55:53,012] Trial 634 finished with value: 0.35065407147736616 and parameters: {'n_estimators': 767, 'max_depth': 10, 'min_child_weight': 3, 'learning_rate': 0.03551630746435801, 'subsample': 0.723484652519788, 'colsample_bytree': 0.9520981414368745, 'colsample_bylevel': 0.8190709912390113, 'gamma': 3.6239214135334525, 'reg_alpha': 0.4548188234669168, 'reg_lambda': 5.029718060381319}. Best is trial 569 with value: 0.22662615345860165.
[I 2024-09-20 08:56:42,650] Trial 635 finished with value: 0.24416548800747684 and parameters: {'n_estimators': 821, 'max_depth': 9, 'min_child_weight': 2, 'learning_rate': 0.22519287477561606, 'subsample': 0.7800520332507535, 'colsample_bytree': 0.9180630682272141, 'colsample_bylevel': 0.7974013926873349, 'gamma': 3.473911972386706, 'reg_alpha': 0.5167885785036128, 'reg_lambda': 4.632018240918241}. Best is trial 569 with value: 0.22662615345860165.
[I 2024-09-20 08:57:51,857] Trial 636 finished with value: 0.2356255331261667 and parameters: {'n_estimators': 851, 'max_depth': 10, 'min_child_weight': 6, 'learning_rate': 0.2562454633100814, 'subsample': 0.7586076299966316, 'colsample_bytree': 0.9616475557394143, 'colsample_bylevel': 0.8812026947011065, 'gamma': 3.283572891738043, 'reg_alpha': 0.5560985039317725, 'reg_lambda': 5.285955520551199}. Best is trial 569 with value: 0.22662615345860165.
[I 2024-09-20 08:58:31,383] Trial 637 finished with value: 0.24639856578960107 and parameters: {'n_estimators': 900, 'max_depth': 6, 'min_child_weight': 4, 'learning_rate': 0.28092353719263496, 'subsample': 0.8034523985591896, 'colsample_bytree': 0.9766963808446913, 'colsample_bylevel': 0.8550571540310432, 'gamma': 3.7629943017464056, 'reg_alpha': 0.6129697549832517, 'reg_lambda': 4.849864439161873}. Best is trial 569 with value: 0.22662615345860165.
[I 2024-09-20 08:59:32,606] Trial 638 finished with value: 0.23426890326148714 and parameters: {'n_estimators': 884, 'max_depth': 10, 'min_child_weight': 3, 'learning_rate': 0.26683935699963623, 'subsample': 0.8465352335719768, 'colsample_bytree': 0.9344569973355094, 'colsample_bylevel': 0.8302041840090548, 'gamma': 3.568369626985443, 'reg_alpha': 0.572919277497243, 'reg_lambda': 7.336174109289219}. Best is trial 569 with value: 0.22662615345860165.
[I 2024-09-20 09:00:32,368] Trial 639 finished with value: 0.2378266648220563 and parameters: {'n_estimators': 869, 'max_depth': 10, 'min_child_weight': 2, 'learning_rate': 0.2413556368573937, 'subsample': 0.5491573898381612, 'colsample_bytree': 0.9433641509185983, 'colsample_bylevel': 0.8420342679266731, 'gamma': 3.443802838248543, 'reg_alpha': 0.6402437005450526, 'reg_lambda': 7.0027644217907845}. Best is trial 569 with value: 0.22662615345860165.
[I 2024-09-20 09:01:57,205] Trial 640 finished with value: 0.2321899120203089 and parameters: {'n_estimators': 844, 'max_depth': 10, 'min_child_weight': 3, 'learning_rate': 0.2858487995929229, 'subsample': 0.7715106538675027, 'colsample_bytree': 0.9082970212628207, 'colsample_bylevel': 0.8641635880745051, 'gamma': 3.695001563917761, 'reg_alpha': 0.47300753166179843, 'reg_lambda': 3.965579015139659}. Best is trial 569 with value: 0.22662615345860165.
[I 2024-09-20 09:03:11,394] Trial 641 finished with value: 0.23172824171487658 and parameters: {'n_estimators': 900, 'max_depth': 10, 'min_child_weight': 4, 'learning_rate': 0.29912570108380065, 'subsample': 0.7877748236384458, 'colsample_bytree': 0.9845316716460712, 'colsample_bylevel': 0.8524022422262335, 'gamma': 3.351717383791406, 'reg_alpha': 0.525272950853672, 'reg_lambda': 0.23196692729631768}. Best is trial 569 with value: 0.22662615345860165.
[I 2024-09-20 09:03:59,667] Trial 642 finished with value: 0.2471070193219495 and parameters: {'n_estimators': 865, 'max_depth': 7, 'min_child_weight': 3, 'learning_rate': 0.2553362935786589, 'subsample': 0.7652663142432383, 'colsample_bytree': 0.9593814656329726, 'colsample_bylevel': 0.8404337035910245, 'gamma': 3.6182826332757676, 'reg_alpha': 0.5857765069500824, 'reg_lambda': 5.6800376483752}. Best is trial 569 with value: 0.22662615345860165.
[I 2024-09-20 09:05:07,275] Trial 643 finished with value: 0.23385252661869882 and parameters: {'n_estimators': 884, 'max_depth': 10, 'min_child_weight': 5, 'learning_rate': 0.2278710153410144, 'subsample': 0.8229840014998805, 'colsample_bytree': 0.9689173629195023, 'colsample_bylevel': 0.826556447728984, 'gamma': 3.8510260852130225, 'reg_alpha': 0.5471664217821532, 'reg_lambda': 6.112976251126542}. Best is trial 569 with value: 0.22662615345860165.
[I 2024-09-20 09:05:54,351] Trial 644 finished with value: 0.2832728513860278 and parameters: {'n_estimators': 671, 'max_depth': 10, 'min_child_weight': 3, 'learning_rate': 0.10298204249908255, 'subsample': 0.8091065236049656, 'colsample_bytree': 0.9492541388956998, 'colsample_bylevel': 0.8762598990581193, 'gamma': 1.7755163700511871, 'reg_alpha': 0.501099436719344, 'reg_lambda': 4.350505070281731}. Best is trial 569 with value: 0.22662615345860165.
[I 2024-09-20 09:06:57,850] Trial 645 finished with value: 0.2352374851030706 and parameters: {'n_estimators': 832, 'max_depth': 10, 'min_child_weight': 1, 'learning_rate': 0.2665422569187463, 'subsample': 0.780387561337363, 'colsample_bytree': 0.9207571816676811, 'colsample_bylevel': 0.8991973735241907, 'gamma': 3.519660662798461, 'reg_alpha': 0.6027864232689445, 'reg_lambda': 5.171565546829972}. Best is trial 569 with value: 0.22662615345860165.
[I 2024-09-20 09:07:49,448] Trial 646 finished with value: 0.2462673947641098 and parameters: {'n_estimators': 853, 'max_depth': 8, 'min_child_weight': 2, 'learning_rate': 0.2451478332014745, 'subsample': 0.7521933158184443, 'colsample_bytree': 0.9336866909139855, 'colsample_bylevel': 0.8054847852140808, 'gamma': 3.462339274325403, 'reg_alpha': 0.39160888116717335, 'reg_lambda': 5.93946607308402}. Best is trial 569 with value: 0.22662615345860165.
[I 2024-09-20 09:08:58,705] Trial 647 finished with value: 0.24271706258585937 and parameters: {'n_estimators': 786, 'max_depth': 10, 'min_child_weight': 2, 'learning_rate': 0.2113417392656334, 'subsample': 0.7975478492142778, 'colsample_bytree': 0.8967487332109627, 'colsample_bylevel': 0.8592661427175554, 'gamma': 3.6235222448118263, 'reg_alpha': 0.5770070759491781, 'reg_lambda': 4.515631510638077}. Best is trial 569 with value: 0.22662615345860165.
[I 2024-09-20 09:10:02,148] Trial 648 finished with value: 0.23596996571581702 and parameters: {'n_estimators': 884, 'max_depth': 10, 'min_child_weight': 3, 'learning_rate': 0.29907858960212186, 'subsample': 0.8343007915392592, 'colsample_bytree': 0.6819905312621019, 'colsample_bylevel': 0.8363351706595668, 'gamma': 3.7671681604084633, 'reg_alpha': 0.540052194896056, 'reg_lambda': 5.415907316683601}. Best is trial 569 with value: 0.22662615345860165.
[I 2024-09-20 09:11:04,407] Trial 649 finished with value: 0.23390190630674557 and parameters: {'n_estimators': 870, 'max_depth': 10, 'min_child_weight': 4, 'learning_rate': 0.26561473240060746, 'subsample': 0.7747815789133131, 'colsample_bytree': 0.9801055919641704, 'colsample_bylevel': 0.8498737069794704, 'gamma': 3.324318257833803, 'reg_alpha': 0.6190672929596097, 'reg_lambda': 5.621262769794856}. Best is trial 569 with value: 0.22662615345860165.
[I 2024-09-20 09:12:07,201] Trial 650 finished with value: 0.23365021182127416 and parameters: {'n_estimators': 861, 'max_depth': 10, 'min_child_weight': 4, 'learning_rate': 0.28041258243998857, 'subsample': 0.7425092282431033, 'colsample_bytree': 0.9999158554643753, 'colsample_bylevel': 0.7891939696895467, 'gamma': 3.532057241539552, 'reg_alpha': 0.4790450817425704, 'reg_lambda': 2.6645026403299505}. Best is trial 569 with value: 0.22662615345860165.
[I 2024-09-20 09:13:11,468] Trial 651 finished with value: 0.36783057015217613 and parameters: {'n_estimators': 804, 'max_depth': 10, 'min_child_weight': 3, 'learning_rate': 0.026504374511116365, 'subsample': 0.7912847201135584, 'colsample_bytree': 0.9582959726577098, 'colsample_bylevel': 0.8165599205777896, 'gamma': 3.4085137670360455, 'reg_alpha': 0.5136870702808186, 'reg_lambda': 4.1655463744333865}. Best is trial 569 with value: 0.22662615345860165.
[I 2024-09-20 09:14:14,086] Trial 652 finished with value: 0.23154166646931582 and parameters: {'n_estimators': 884, 'max_depth': 10, 'min_child_weight': 2, 'learning_rate': 0.2342194191608892, 'subsample': 0.8100833925121544, 'colsample_bytree': 0.937014905849323, 'colsample_bylevel': 0.8658270062875248, 'gamma': 3.6691914292627934, 'reg_alpha': 0.5598070820633796, 'reg_lambda': 4.992024241358417}. Best is trial 569 with value: 0.22662615345860165.
[I 2024-09-20 09:15:09,537] Trial 653 finished with value: 0.2354749657088832 and parameters: {'n_estimators': 841, 'max_depth': 10, 'min_child_weight': 4, 'learning_rate': 0.2519965935610919, 'subsample': 0.7620839566299391, 'colsample_bytree': 0.7866478284577936, 'colsample_bylevel': 0.8459669371967765, 'gamma': 3.5716859486550687, 'reg_alpha': 0.6860883603651968, 'reg_lambda': 6.347177634476395}. Best is trial 569 with value: 0.22662615345860165.
[I 2024-09-20 09:16:09,355] Trial 654 finished with value: 0.2310919187879627 and parameters: {'n_estimators': 886, 'max_depth': 10, 'min_child_weight': 3, 'learning_rate': 0.27018862447867287, 'subsample': 0.8587239382373599, 'colsample_bytree': 0.9488842262603862, 'colsample_bylevel': 0.8291991441254869, 'gamma': 3.2400686608415636, 'reg_alpha': 0.5908149678607828, 'reg_lambda': 4.806551265072912}. Best is trial 569 with value: 0.22662615345860165.
[I 2024-09-20 09:16:28,135] Trial 655 finished with value: 0.2848106132428098 and parameters: {'n_estimators': 238, 'max_depth': 10, 'min_child_weight': 2, 'learning_rate': 0.2775887910682166, 'subsample': 0.8007607438117292, 'colsample_bytree': 0.9692245997356277, 'colsample_bylevel': 0.8565310151047991, 'gamma': 3.817609444293989, 'reg_alpha': 0.44720754561590975, 'reg_lambda': 5.2863445519128165}. Best is trial 569 with value: 0.22662615345860165.
[I 2024-09-20 09:17:46,928] Trial 656 finished with value: 0.23094043042344364 and parameters: {'n_estimators': 860, 'max_depth': 10, 'min_child_weight': 3, 'learning_rate': 0.2475259187928503, 'subsample': 0.7817263605598174, 'colsample_bytree': 0.9898095377963988, 'colsample_bylevel': 0.8888014893626418, 'gamma': 3.4398189238946273, 'reg_alpha': 0.5258732660277423, 'reg_lambda': 5.710276865717557}. Best is trial 569 with value: 0.22662615345860165.
[I 2024-09-20 09:18:47,187] Trial 657 finished with value: 0.22904526894451238 and parameters: {'n_estimators': 900, 'max_depth': 10, 'min_child_weight': 10, 'learning_rate': 0.29810386640807307, 'subsample': 0.821610835016987, 'colsample_bytree': 0.9274414154014512, 'colsample_bylevel': 0.8773362385222917, 'gamma': 3.6951727944723416, 'reg_alpha': 0.49649871506916093, 'reg_lambda': 4.619960479452088}. Best is trial 569 with value: 0.22662615345860165.
[I 2024-09-20 09:19:46,804] Trial 658 finished with value: 0.23371651857398038 and parameters: {'n_estimators': 900, 'max_depth': 10, 'min_child_weight': 5, 'learning_rate': 0.2992739579147775, 'subsample': 0.8178559532822501, 'colsample_bytree': 0.9260120149400008, 'colsample_bylevel': 0.8917516404157512, 'gamma': 3.5776337598155212, 'reg_alpha': 0.4933013650925152, 'reg_lambda': 4.766190855802904}. Best is trial 569 with value: 0.22662615345860165.
[I 2024-09-20 09:20:45,223] Trial 659 finished with value: 0.23722693127729366 and parameters: {'n_estimators': 900, 'max_depth': 10, 'min_child_weight': 8, 'learning_rate': 0.29995257202199227, 'subsample': 0.8273940996988248, 'colsample_bytree': 0.9106759983361269, 'colsample_bylevel': 0.8767830902681975, 'gamma': 3.3834731980061608, 'reg_alpha': 0.48203327585726213, 'reg_lambda': 5.020866345891075}. Best is trial 569 with value: 0.22662615345860165.
[I 2024-09-20 09:21:57,759] Trial 660 finished with value: 0.23450190806294086 and parameters: {'n_estimators': 900, 'max_depth': 9, 'min_child_weight': 9, 'learning_rate': 0.28181910613353184, 'subsample': 0.821256986437495, 'colsample_bytree': 0.9251774062959722, 'colsample_bylevel': 0.8828315273126424, 'gamma': 3.6891154920028, 'reg_alpha': 0.49543020006668637, 'reg_lambda': 4.62033762123291}. Best is trial 569 with value: 0.22662615345860165.
[I 2024-09-20 09:23:00,541] Trial 661 finished with value: 0.23032519168721496 and parameters: {'n_estimators': 884, 'max_depth': 10, 'min_child_weight': 4, 'learning_rate': 0.2827474760945704, 'subsample': 0.8131195173979048, 'colsample_bytree': 0.917451573530613, 'colsample_bylevel': 0.8130258482387517, 'gamma': 3.4937175907259372, 'reg_alpha': 0.30719301797715953, 'reg_lambda': 4.967906692191776}. Best is trial 569 with value: 0.22662615345860165.
[I 2024-09-20 09:23:59,769] Trial 662 finished with value: 0.2311328096416138 and parameters: {'n_estimators': 877, 'max_depth': 10, 'min_child_weight': 9, 'learning_rate': 0.2842697774988177, 'subsample': 0.826406490443013, 'colsample_bytree': 0.9398878076625506, 'colsample_bylevel': 0.8417115145036521, 'gamma': 3.6372156659390633, 'reg_alpha': 0.4638755024423757, 'reg_lambda': 4.627073442942424}. Best is trial 569 with value: 0.22662615345860165.
[I 2024-09-20 09:24:59,180] Trial 663 finished with value: 0.22514420173203087 and parameters: {'n_estimators': 900, 'max_depth': 10, 'min_child_weight': 8, 'learning_rate': 0.2688555222102847, 'subsample': 0.8049082697078238, 'colsample_bytree': 0.9017085061339981, 'colsample_bylevel': 0.9016501277919797, 'gamma': 3.5191228580676372, 'reg_alpha': 0.4301285235544994, 'reg_lambda': 5.1451545907615355}. Best is trial 663 with value: 0.22514420173203087.
[I 2024-09-20 09:26:11,858] Trial 664 finished with value: 0.2299077220925585 and parameters: {'n_estimators': 900, 'max_depth': 10, 'min_child_weight': 8, 'learning_rate': 0.2675072881553682, 'subsample': 0.80707383114432, 'colsample_bytree': 0.9128582549759501, 'colsample_bylevel': 0.9038056498020752, 'gamma': 3.3316745709625275, 'reg_alpha': 0.4121932100430864, 'reg_lambda': 5.156344027444729}. Best is trial 663 with value: 0.22514420173203087.
[I 2024-09-20 09:27:19,402] Trial 665 finished with value: 0.2347771597632211 and parameters: {'n_estimators': 885, 'max_depth': 10, 'min_child_weight': 7, 'learning_rate': 0.2866501694673029, 'subsample': 0.8189985014753628, 'colsample_bytree': 0.9019134468068828, 'colsample_bylevel': 0.9136329137269125, 'gamma': 3.8381143388416707, 'reg_alpha': 0.4390362465853401, 'reg_lambda': 5.3574847683773825}. Best is trial 663 with value: 0.22514420173203087.
[I 2024-09-20 09:28:23,032] Trial 666 finished with value: 0.2338150114291208 and parameters: {'n_estimators': 886, 'max_depth': 10, 'min_child_weight': 9, 'learning_rate': 0.2990436075749152, 'subsample': 0.8018296847177047, 'colsample_bytree': 0.896228396307297, 'colsample_bylevel': 0.8922194395983354, 'gamma': 3.556753640089538, 'reg_alpha': 0.3991767766703103, 'reg_lambda': 5.1310427370455045}. Best is trial 663 with value: 0.22514420173203087.
[I 2024-09-20 09:29:36,717] Trial 667 finished with value: 0.23919209107432327 and parameters: {'n_estimators': 900, 'max_depth': 10, 'min_child_weight': 10, 'learning_rate': 0.29981167177861967, 'subsample': 0.8134494522375757, 'colsample_bytree': 0.9077610021358785, 'colsample_bylevel': 0.9012825784081304, 'gamma': 3.7419888843005493, 'reg_alpha': 0.37285611107629757, 'reg_lambda': 4.913968302682972}. Best is trial 663 with value: 0.22514420173203087.
[I 2024-09-20 09:30:34,130] Trial 668 finished with value: 0.23642358684471185 and parameters: {'n_estimators': 871, 'max_depth': 10, 'min_child_weight': 10, 'learning_rate': 0.2717104391240671, 'subsample': 0.795979547513277, 'colsample_bytree': 0.9184332661549817, 'colsample_bylevel': 0.9072737344296721, 'gamma': 3.211905582484334, 'reg_alpha': 0.44245562556152074, 'reg_lambda': 5.4937229462254065}. Best is trial 663 with value: 0.22514420173203087.
[I 2024-09-20 09:31:31,447] Trial 669 finished with value: 0.22805165113924178 and parameters: {'n_estimators': 872, 'max_depth': 10, 'min_child_weight': 9, 'learning_rate': 0.2998332884504189, 'subsample': 0.8327349015497103, 'colsample_bytree': 0.8886296244939416, 'colsample_bylevel': 0.9226591832255671, 'gamma': 3.45205269731294, 'reg_alpha': 0.42415340873445134, 'reg_lambda': 5.222387464694613}. Best is trial 663 with value: 0.22514420173203087.
[I 2024-09-20 09:32:29,598] Trial 670 finished with value: 0.22593754975075306 and parameters: {'n_estimators': 900, 'max_depth': 10, 'min_child_weight': 9, 'learning_rate': 0.2971937934794137, 'subsample': 0.8356704014793565, 'colsample_bytree': 0.8878055166888336, 'colsample_bylevel': 0.9055022979682235, 'gamma': 1.2153389954715597, 'reg_alpha': 0.41269528663728194, 'reg_lambda': 5.176809385814011}. Best is trial 663 with value: 0.22514420173203087.
[I 2024-09-20 09:33:24,618] Trial 671 finished with value: 0.23178742267384175 and parameters: {'n_estimators': 885, 'max_depth': 10, 'min_child_weight': 9, 'learning_rate': 0.2996364993695443, 'subsample': 0.83300552848771, 'colsample_bytree': 0.8798739362824521, 'colsample_bylevel': 0.9124910351446451, 'gamma': 1.062911320533293, 'reg_alpha': 0.40394910124632655, 'reg_lambda': 5.23175796255942}. Best is trial 663 with value: 0.22514420173203087.
