[I 2024-09-20 07:12:37,733] Trial 528 finished with value: 0.23762873426925019 and parameters: {'n_estimators': 845, 'max_depth': 10, 'min_child_weight': 3, 'learning_rate': 0.22293295245154765, 'subsample': 0.7814988712199866, 'colsample_bytree': 0.9477907186368384, 'colsample_bylevel': 0.9036949788097582, 'gamma': 3.7791412958365824, 'reg_alpha': 0.46561632399090935, 'reg_lambda': 5.694250645814952}. Best is trial 346 with value: 0.2268659922189559.
[I 2024-09-20 07:13:34,080] Trial 529 finished with value: 0.23375879073143296 and parameters: {'n_estimators': 872, 'max_depth': 10, 'min_child_weight': 3, 'learning_rate': 0.2669482659352347, 'subsample': 0.7970350285022539, 'colsample_bytree': 0.9407348423992141, 'colsample_bylevel': 0.8437920345365042, 'gamma': 4.002308223116517, 'reg_alpha': 0.449864874835106, 'reg_lambda': 5.1643255818281135}. Best is trial 346 with value: 0.2268659922189559.
[I 2024-09-20 07:14:02,239] Trial 530 finished with value: 0.2723496250672794 and parameters: {'n_estimators': 467, 'max_depth': 10, 'min_child_weight': 3, 'learning_rate': 0.2495155471145925, 'subsample': 0.7791533721249029, 'colsample_bytree': 0.6057839584081327, 'colsample_bylevel': 0.9206741437319115, 'gamma': 3.7062452929360616, 'reg_alpha': 0.48485272072065533, 'reg_lambda': 5.997199686019863}. Best is trial 346 with value: 0.2268659922189559.
[I 2024-09-20 07:14:50,544] Trial 531 finished with value: 0.3609414776026895 and parameters: {'n_estimators': 824, 'max_depth': 10, 'min_child_weight': 8, 'learning_rate': 0.029380508938368056, 'subsample': 0.7848909311285179, 'colsample_bytree': 0.9300937209620574, 'colsample_bylevel': 0.9377318270912905, 'gamma': 3.8186172364143625, 'reg_alpha': 0.4893877744512718, 'reg_lambda': 5.402533098012798}. Best is trial 346 with value: 0.2268659922189559.
[I 2024-09-20 07:15:47,809] Trial 532 finished with value: 0.23071161980798838 and parameters: {'n_estimators': 857, 'max_depth': 10, 'min_child_weight': 2, 'learning_rate': 0.27218946179234055, 'subsample': 0.7654577412875235, 'colsample_bytree': 0.916819741170973, 'colsample_bylevel': 0.9535905144972282, 'gamma': 3.665427567475632, 'reg_alpha': 0.4149579218380873, 'reg_lambda': 5.531430700250578}. Best is trial 346 with value: 0.2268659922189559.
[I 2024-09-20 07:16:47,640] Trial 533 finished with value: 0.23125452678534325 and parameters: {'n_estimators': 883, 'max_depth': 9, 'min_child_weight': 3, 'learning_rate': 0.283169847101611, 'subsample': 0.8051204976157427, 'colsample_bytree': 0.9525286330893841, 'colsample_bylevel': 0.9093686613425094, 'gamma': 4.027949891217614, 'reg_alpha': 0.49763474085097514, 'reg_lambda': 5.813379165522626}. Best is trial 346 with value: 0.2268659922189559.
[I 2024-09-20 07:17:10,977] Trial 534 finished with value: 0.2729406054274516 and parameters: {'n_estimators': 338, 'max_depth': 10, 'min_child_weight': 2, 'learning_rate': 0.24234347023341227, 'subsample': 0.7913633571954665, 'colsample_bytree': 0.9281565834420946, 'colsample_bylevel': 0.843629124561009, 'gamma': 4.14887388396589, 'reg_alpha': 0.4710853841313925, 'reg_lambda': 5.0886440299979885}. Best is trial 346 with value: 0.2268659922189559.
[I 2024-09-20 07:18:12,596] Trial 535 finished with value: 0.23693108183461842 and parameters: {'n_estimators': 900, 'max_depth': 10, 'min_child_weight': 3, 'learning_rate': 0.21180924843686813, 'subsample': 0.7732750296038801, 'colsample_bytree': 0.9425549039646731, 'colsample_bylevel': 0.8608845858097194, 'gamma': 3.6933155859293434, 'reg_alpha': 0.442708465289119, 'reg_lambda': 3.5319845324883654}. Best is trial 346 with value: 0.2268659922189559.
[I 2024-09-20 07:19:17,215] Trial 536 finished with value: 0.23416974883760938 and parameters: {'n_estimators': 874, 'max_depth': 10, 'min_child_weight': 3, 'learning_rate': 0.26106967406535214, 'subsample': 0.7562833103862092, 'colsample_bytree': 0.9579026086576752, 'colsample_bylevel': 0.9332565688347568, 'gamma': 1.4688967754504434, 'reg_alpha': 0.474484390392753, 'reg_lambda': 6.161546179942821}. Best is trial 346 with value: 0.2268659922189559.
[I 2024-09-20 07:20:15,500] Trial 537 finished with value: 0.237708729009112 and parameters: {'n_estimators': 837, 'max_depth': 10, 'min_child_weight': 3, 'learning_rate': 0.29953352688538115, 'subsample': 0.7943211816965176, 'colsample_bytree': 0.9461826989470581, 'colsample_bylevel': 0.8466227822743324, 'gamma': 3.5741099915103787, 'reg_alpha': 0.5072445159849599, 'reg_lambda': 5.590933136228599}. Best is trial 346 with value: 0.2268659922189559.
[I 2024-09-20 07:21:22,149] Trial 538 finished with value: 0.23702931346794215 and parameters: {'n_estimators': 859, 'max_depth': 10, 'min_child_weight': 3, 'learning_rate': 0.23209432059977841, 'subsample': 0.8085518736614647, 'colsample_bytree': 0.9330872574113679, 'colsample_bylevel': 0.9245997670108763, 'gamma': 3.7879745520289374, 'reg_alpha': 0.45819897098110635, 'reg_lambda': 7.471294158829328}. Best is trial 346 with value: 0.2268659922189559.
[I 2024-09-20 07:22:18,396] Trial 539 finished with value: 0.23305022553703791 and parameters: {'n_estimators': 813, 'max_depth': 10, 'min_child_weight': 2, 'learning_rate': 0.27268956246587805, 'subsample': 0.7796277224196771, 'colsample_bytree': 0.9216906755309301, 'colsample_bylevel': 0.8188846541338001, 'gamma': 3.5056659965321493, 'reg_alpha': 0.4870430188180166, 'reg_lambda': 5.256319471535313}. Best is trial 346 with value: 0.2268659922189559.
[I 2024-09-20 07:23:19,821] Trial 540 finished with value: 0.23347123114173848 and parameters: {'n_estimators': 885, 'max_depth': 10, 'min_child_weight': 2, 'learning_rate': 0.2502484309243302, 'subsample': 0.7307442103851288, 'colsample_bytree': 0.9577813936124409, 'colsample_bylevel': 0.8509395853747052, 'gamma': 3.891117111746314, 'reg_alpha': 0.513859026071924, 'reg_lambda': 2.7935214192163786}. Best is trial 346 with value: 0.2268659922189559.
[I 2024-09-20 07:24:15,959] Trial 541 finished with value: 0.23464570835227003 and parameters: {'n_estimators': 859, 'max_depth': 10, 'min_child_weight': 3, 'learning_rate': 0.26918766624097135, 'subsample': 0.762511466115423, 'colsample_bytree': 0.9615751867583954, 'colsample_bylevel': 0.864492667947244, 'gamma': 3.6228614316359713, 'reg_alpha': 0.16829110656884494, 'reg_lambda': 4.26382352694199}. Best is trial 346 with value: 0.2268659922189559.
[I 2024-09-20 07:25:24,241] Trial 542 finished with value: 0.23472793016726942 and parameters: {'n_estimators': 885, 'max_depth': 10, 'min_child_weight': 3, 'learning_rate': 0.24980915725932645, 'subsample': 0.7432136407781368, 'colsample_bytree': 0.9391976829924452, 'colsample_bylevel': 0.8394768875814992, 'gamma': 3.467159322094738, 'reg_alpha': 0.48740876619910917, 'reg_lambda': 5.715803036265075}. Best is trial 346 with value: 0.2268659922189559.
[I 2024-09-20 07:25:53,606] Trial 543 finished with value: 0.2765416757276598 and parameters: {'n_estimators': 844, 'max_depth': 4, 'min_child_weight': 3, 'learning_rate': 0.28205270448153186, 'subsample': 0.8001569210293351, 'colsample_bytree': 0.9147246713180869, 'colsample_bylevel': 0.9438756970376735, 'gamma': 3.7337891790908273, 'reg_alpha': 0.4253749511809913, 'reg_lambda': 3.7183296217030475}. Best is trial 346 with value: 0.2268659922189559.
[I 2024-09-20 07:26:30,456] Trial 544 finished with value: 0.25962324997119623 and parameters: {'n_estimators': 867, 'max_depth': 6, 'min_child_weight': 3, 'learning_rate': 0.22946532761070748, 'subsample': 0.7764777489632503, 'colsample_bytree': 0.9502119383780594, 'colsample_bylevel': 0.8116616346120749, 'gamma': 3.631668344983785, 'reg_alpha': 0.5279747448391721, 'reg_lambda': 5.882300469648339}. Best is trial 346 with value: 0.2268659922189559.
[I 2024-09-20 07:27:13,761] Trial 545 finished with value: 0.23807315568555526 and parameters: {'n_estimators': 886, 'max_depth': 7, 'min_child_weight': 2, 'learning_rate': 0.28397050221593295, 'subsample': 0.790005951451775, 'colsample_bytree': 0.9304859473698117, 'colsample_bylevel': 0.8249176235497623, 'gamma': 3.4601667688065603, 'reg_alpha': 0.4620387935658554, 'reg_lambda': 5.406619778137434}. Best is trial 346 with value: 0.2268659922189559.
[I 2024-09-20 07:28:16,636] Trial 546 finished with value: 0.23398942879454068 and parameters: {'n_estimators': 900, 'max_depth': 10, 'min_child_weight': 3, 'learning_rate': 0.2599964887077133, 'subsample': 0.7701499126836436, 'colsample_bytree': 0.9610260581526426, 'colsample_bylevel': 0.855729036766518, 'gamma': 3.563534491165518, 'reg_alpha': 0.511513598859072, 'reg_lambda': 7.111586330820717}. Best is trial 346 with value: 0.2268659922189559.
[I 2024-09-20 07:29:29,070] Trial 547 finished with value: 0.23005643938984485 and parameters: {'n_estimators': 874, 'max_depth': 10, 'min_child_weight': 2, 'learning_rate': 0.23960662500082808, 'subsample': 0.6817746835207033, 'colsample_bytree': 0.9405970047284349, 'colsample_bylevel': 0.9303814036753396, 'gamma': 3.7163843984043026, 'reg_alpha': 0.5325050831973023, 'reg_lambda': 5.156488037979375}. Best is trial 346 with value: 0.2268659922189559.
[I 2024-09-20 07:30:21,812] Trial 548 finished with value: 0.3747916262604847 and parameters: {'n_estimators': 850, 'max_depth': 10, 'min_child_weight': 3, 'learning_rate': 0.023178633975741415, 'subsample': 0.8872764287783913, 'colsample_bytree': 0.8540324912769197, 'colsample_bylevel': 0.8400469501299711, 'gamma': 3.842639344146807, 'reg_alpha': 0.47782221901186395, 'reg_lambda': 4.9640266950696175}. Best is trial 346 with value: 0.2268659922189559.
[I 2024-09-20 07:31:20,010] Trial 549 finished with value: 0.23539097354017854 and parameters: {'n_estimators': 872, 'max_depth': 10, 'min_child_weight': 3, 'learning_rate': 0.21637439174349318, 'subsample': 0.7856880224131143, 'colsample_bytree': 0.9252397520836637, 'colsample_bylevel': 0.9129717741770035, 'gamma': 3.4796795848923368, 'reg_alpha': 0.4486563923515756, 'reg_lambda': 6.093707417782004}. Best is trial 346 with value: 0.2268659922189559.
[I 2024-09-20 07:32:12,494] Trial 550 finished with value: 0.25579305974725275 and parameters: {'n_estimators': 831, 'max_depth': 10, 'min_child_weight': 2, 'learning_rate': 0.26716729139001416, 'subsample': 0.7495987166493293, 'colsample_bytree': 0.5011504545417914, 'colsample_bylevel': 0.8466178231700321, 'gamma': 4.099713321477463, 'reg_alpha': 0.4033322104760948, 'reg_lambda': 4.112349853641784}. Best is trial 346 with value: 0.2268659922189559.
[I 2024-09-20 07:33:18,601] Trial 551 finished with value: 0.23466398040219935 and parameters: {'n_estimators': 900, 'max_depth': 9, 'min_child_weight': 3, 'learning_rate': 0.28288173481446005, 'subsample': 0.8119525118046013, 'colsample_bytree': 0.9511863389338129, 'colsample_bylevel': 0.8267741563769196, 'gamma': 3.5825867895066934, 'reg_alpha': 0.49778141450330493, 'reg_lambda': 6.392996933566707}. Best is trial 346 with value: 0.2268659922189559.
[I 2024-09-20 07:33:53,149] Trial 552 finished with value: 0.27048235077629473 and parameters: {'n_estimators': 856, 'max_depth': 5, 'min_child_weight': 3, 'learning_rate': 0.2506166621877493, 'subsample': 0.7586336662286032, 'colsample_bytree': 0.9649566175856358, 'colsample_bylevel': 0.8577559575780254, 'gamma': 3.9686783683897175, 'reg_alpha': 0.3611891717048094, 'reg_lambda': 5.3936141448450545}. Best is trial 346 with value: 0.2268659922189559.
[I 2024-09-20 07:34:48,559] Trial 553 finished with value: 0.2319223851580702 and parameters: {'n_estimators': 802, 'max_depth': 10, 'min_child_weight': 3, 'learning_rate': 0.29847581849898264, 'subsample': 0.8005732040508351, 'colsample_bytree': 0.9707441852035125, 'colsample_bylevel': 0.9004784634202141, 'gamma': 3.3949546432236786, 'reg_alpha': 0.531927152307161, 'reg_lambda': 3.853368044961469}. Best is trial 346 with value: 0.2268659922189559.
[I 2024-09-20 07:35:45,393] Trial 554 finished with value: 0.2355294007268371 and parameters: {'n_estimators': 885, 'max_depth': 10, 'min_child_weight': 3, 'learning_rate': 0.23226065509104862, 'subsample': 0.7709034130036925, 'colsample_bytree': 0.9130862172071471, 'colsample_bylevel': 0.8081279202620644, 'gamma': 3.7795857332003937, 'reg_alpha': 0.5162781658367042, 'reg_lambda': 5.6166192943843365}. Best is trial 346 with value: 0.2268659922189559.
[I 2024-09-20 07:36:53,573] Trial 555 finished with value: 0.22850152947200172 and parameters: {'n_estimators': 875, 'max_depth': 10, 'min_child_weight': 2, 'learning_rate': 0.2663810264791783, 'subsample': 0.7849013307014573, 'colsample_bytree': 0.9367313685791179, 'colsample_bylevel': 0.8652358373948739, 'gamma': 3.6737266741451893, 'reg_alpha': 0.4946019390311965, 'reg_lambda': 4.757426499924747}. Best is trial 346 with value: 0.2268659922189559.
[I 2024-09-20 07:37:55,291] Trial 556 finished with value: 0.23730950271843482 and parameters: {'n_estimators': 837, 'max_depth': 10, 'min_child_weight': 2, 'learning_rate': 0.2717938281805695, 'subsample': 0.7796502880039216, 'colsample_bytree': 0.7687810069593816, 'colsample_bylevel': 0.8689519692018257, 'gamma': 3.6886023623765922, 'reg_alpha': 0.5457843713540593, 'reg_lambda': 4.805452426266593}. Best is trial 346 with value: 0.2268659922189559.
[I 2024-09-20 07:38:53,203] Trial 557 finished with value: 0.23721991621263885 and parameters: {'n_estimators': 858, 'max_depth': 10, 'min_child_weight': 2, 'learning_rate': 0.2798035134502002, 'subsample': 0.7587879895892203, 'colsample_bytree': 0.7205895592105519, 'colsample_bylevel': 0.8768520654443636, 'gamma': 3.8760973442004034, 'reg_alpha': 0.5407861412723214, 'reg_lambda': 4.711745120658505}. Best is trial 346 with value: 0.2268659922189559.
[I 2024-09-20 07:39:50,961] Trial 558 finished with value: 0.23124094202979614 and parameters: {'n_estimators': 823, 'max_depth': 10, 'min_child_weight': 2, 'learning_rate': 0.29870874466374525, 'subsample': 0.5740973127029048, 'colsample_bytree': 0.945551128546213, 'colsample_bylevel': 0.8899434158043027, 'gamma': 3.638759728909517, 'reg_alpha': 0.5153615403134465, 'reg_lambda': 4.244793066144669}. Best is trial 346 with value: 0.2268659922189559.
[I 2024-09-20 07:41:00,622] Trial 559 finished with value: 0.2321273387385113 and parameters: {'n_estimators': 845, 'max_depth': 10, 'min_child_weight': 2, 'learning_rate': 0.26237427939108016, 'subsample': 0.7693617842883947, 'colsample_bytree': 0.9374092624528306, 'colsample_bylevel': 0.8631793254764785, 'gamma': 3.799510030948026, 'reg_alpha': 0.5524292428146639, 'reg_lambda': 5.035012211544315}. Best is trial 346 with value: 0.2268659922189559.
[I 2024-09-20 07:41:33,905] Trial 560 finished with value: 0.2545318053727118 and parameters: {'n_estimators': 520, 'max_depth': 10, 'min_child_weight': 1, 'learning_rate': 0.265050157643105, 'subsample': 0.7882191702435362, 'colsample_bytree': 0.6443890623045906, 'colsample_bylevel': 0.8533085223598161, 'gamma': 3.55970293744672, 'reg_alpha': 0.5079326862963616, 'reg_lambda': 4.824500765045064}. Best is trial 346 with value: 0.2268659922189559.
[I 2024-09-20 07:42:48,305] Trial 561 finished with value: 0.2318487711120493 and parameters: {'n_estimators': 872, 'max_depth': 10, 'min_child_weight': 2, 'learning_rate': 0.285402406495596, 'subsample': 0.780421712763936, 'colsample_bytree': 0.9488398490579152, 'colsample_bylevel': 0.8665786403354322, 'gamma': 3.6843811363035726, 'reg_alpha': 0.571831711181982, 'reg_lambda': 4.499856112495537}. Best is trial 346 with value: 0.2268659922189559.
[I 2024-09-20 07:43:53,971] Trial 562 finished with value: 0.2319693799566279 and parameters: {'n_estimators': 862, 'max_depth': 10, 'min_child_weight': 2, 'learning_rate': 0.24731168985835997, 'subsample': 0.7489487175706874, 'colsample_bytree': 0.9560131373239242, 'colsample_bylevel': 0.8476900509504194, 'gamma': 3.7434755884885957, 'reg_alpha': 0.5292357883220938, 'reg_lambda': 4.9838713371455015}. Best is trial 346 with value: 0.2268659922189559.
[I 2024-09-20 07:44:48,639] Trial 563 finished with value: 0.2633343653506189 and parameters: {'n_estimators': 875, 'max_depth': 10, 'min_child_weight': 2, 'learning_rate': 0.12073785804522692, 'subsample': 0.7624543506407041, 'colsample_bytree': 0.9339133831423552, 'colsample_bylevel': 0.5036522665056109, 'gamma': 3.5663989392285815, 'reg_alpha': 0.49814697873767866, 'reg_lambda': 5.2299261375008355}. Best is trial 346 with value: 0.2268659922189559.
[I 2024-09-20 07:45:09,518] Trial 564 finished with value: 0.3975289275908763 and parameters: {'n_estimators': 286, 'max_depth': 10, 'min_child_weight': 2, 'learning_rate': 0.0500162815702568, 'subsample': 0.7763744744750946, 'colsample_bytree': 0.9663236297162073, 'colsample_bylevel': 0.8772106268913703, 'gamma': 3.9455787020778303, 'reg_alpha': 0.5935311379315878, 'reg_lambda': 4.716448085596601}. Best is trial 346 with value: 0.2268659922189559.
[I 2024-09-20 07:46:09,554] Trial 565 finished with value: 0.2400108878416732 and parameters: {'n_estimators': 851, 'max_depth': 8, 'min_child_weight': 2, 'learning_rate': 0.2694829789935793, 'subsample': 0.7880581718556029, 'colsample_bytree': 0.9573161114018268, 'colsample_bylevel': 0.8618401290201011, 'gamma': 3.6645777467880585, 'reg_alpha': 0.4739560019218579, 'reg_lambda': 4.424993816044794}. Best is trial 346 with value: 0.2268659922189559.
[I 2024-09-20 07:47:12,251] Trial 566 finished with value: 0.23178472498295116 and parameters: {'n_estimators': 883, 'max_depth': 10, 'min_child_weight': 6, 'learning_rate': 0.25511550926855436, 'subsample': 0.7390098315534644, 'colsample_bytree': 0.9459358237977572, 'colsample_bylevel': 0.8847658134663287, 'gamma': 3.4524005781108107, 'reg_alpha': 0.5506171543895779, 'reg_lambda': 4.919284941013472}. Best is trial 346 with value: 0.2268659922189559.
[I 2024-09-20 07:48:23,463] Trial 567 finished with value: 0.23701488801248954 and parameters: {'n_estimators': 779, 'max_depth': 10, 'min_child_weight': 1, 'learning_rate': 0.28622564919033905, 'subsample': 0.9281945438522616, 'colsample_bytree': 0.9292886572945676, 'colsample_bylevel': 0.8381941990303645, 'gamma': 3.5096754782875443, 'reg_alpha': 0.5754505990188341, 'reg_lambda': 5.132608490738762}. Best is trial 346 with value: 0.2268659922189559.
[I 2024-09-20 07:49:29,744] Trial 568 finished with value: 0.23674797098780725 and parameters: {'n_estimators': 833, 'max_depth': 10, 'min_child_weight': 2, 'learning_rate': 0.23681984887271185, 'subsample': 0.7732580459668307, 'colsample_bytree': 0.9704569110556525, 'colsample_bylevel': 0.8534117243898462, 'gamma': 3.8140237774490555, 'reg_alpha': 0.03291406696286847, 'reg_lambda': 3.1886379172169166}. Best is trial 346 with value: 0.2268659922189559.
[I 2024-09-20 07:50:33,927] Trial 569 finished with value: 0.22662615345860165 and parameters: {'n_estimators': 865, 'max_depth': 10, 'min_child_weight': 2, 'learning_rate': 0.2683925843172978, 'subsample': 0.8019180132863198, 'colsample_bytree': 0.9405168037015844, 'colsample_bylevel': 0.8718047622293851, 'gamma': 3.5599263450712204, 'reg_alpha': 0.454380263849857, 'reg_lambda': 4.35869154287324}. Best is trial 569 with value: 0.22662615345860165.
[I 2024-09-20 07:51:33,699] Trial 570 finished with value: 0.22998076882059557 and parameters: {'n_estimators': 817, 'max_depth': 10, 'min_child_weight': 2, 'learning_rate': 0.2802070131665031, 'subsample': 0.8094196340238601, 'colsample_bytree': 0.9538275395176997, 'colsample_bylevel': 0.8708277034069771, 'gamma': 3.583663006471259, 'reg_alpha': 0.4395433250710966, 'reg_lambda': 4.307266708735798}. Best is trial 569 with value: 0.22662615345860165.
[I 2024-09-20 07:52:45,417] Trial 571 finished with value: 0.22992740214985888 and parameters: {'n_estimators': 849, 'max_depth': 10, 'min_child_weight': 2, 'learning_rate': 0.2985783663805613, 'subsample': 0.8036855434522248, 'colsample_bytree': 0.9459178273174789, 'colsample_bylevel': 0.8746180645153253, 'gamma': 3.4906429694976393, 'reg_alpha': 0.6081467493034692, 'reg_lambda': 4.351776030320877}. Best is trial 569 with value: 0.22662615345860165.
[I 2024-09-20 07:53:47,670] Trial 572 finished with value: 0.23115844443749864 and parameters: {'n_estimators': 864, 'max_depth': 10, 'min_child_weight': 2, 'learning_rate': 0.26943639177998663, 'subsample': 0.8150376438388818, 'colsample_bytree': 0.96208091545931, 'colsample_bylevel': 0.864005372586243, 'gamma': 3.5174521637609906, 'reg_alpha': 0.5368544576948134, 'reg_lambda': 4.009668774314124}. Best is trial 569 with value: 0.22662615345860165.
[I 2024-09-20 07:54:51,192] Trial 573 finished with value: 0.23198957725296107 and parameters: {'n_estimators': 886, 'max_depth': 10, 'min_child_weight': 2, 'learning_rate': 0.2835172501529071, 'subsample': 0.8731888948637406, 'colsample_bytree': 0.9768409135883874, 'colsample_bylevel': 0.8572474380495755, 'gamma': 3.398928899307119, 'reg_alpha': 0.56691125589267, 'reg_lambda': 4.594921775766284}. Best is trial 569 with value: 0.22662615345860165.
[I 2024-09-20 07:56:00,212] Trial 574 finished with value: 0.23153060102136402 and parameters: {'n_estimators': 838, 'max_depth': 10, 'min_child_weight': 1, 'learning_rate': 0.265817299260388, 'subsample': 0.7528107761462721, 'colsample_bytree': 0.9383489440058399, 'colsample_bylevel': 0.8866244908788246, 'gamma': 3.620456149653273, 'reg_alpha': 0.5899939346478627, 'reg_lambda': 4.104547388479475}. Best is trial 569 with value: 0.22662615345860165.
[I 2024-09-20 07:57:00,310] Trial 575 finished with value: 0.2312660649726715 and parameters: {'n_estimators': 860, 'max_depth': 9, 'min_child_weight': 2, 'learning_rate': 0.29964501153698164, 'subsample': 0.7630260976131682, 'colsample_bytree': 0.9584905602560926, 'colsample_bylevel': 0.8709680910563963, 'gamma': 3.669150659945314, 'reg_alpha': 0.42199588634586443, 'reg_lambda': 4.5075532659670845}. Best is trial 569 with value: 0.22662615345860165.
