[I 2024-09-20 11:08:41,201] Trial 768 finished with value: 0.23227100944651746 and parameters: {'n_estimators': 845, 'max_depth': 10, 'min_child_weight': 7, 'learning_rate': 0.28298462349751663, 'subsample': 0.7832933271249396, 'colsample_bytree': 0.9488857445529423, 'colsample_bylevel': 0.8238623764808461, 'gamma': 3.5852711103276658, 'reg_alpha': 0.5144250028622546, 'reg_lambda': 5.5042423866450205}. Best is trial 663 with value: 0.22514420173203087.
[I 2024-09-20 11:09:23,267] Trial 769 finished with value: 0.23585224618450162 and parameters: {'n_estimators': 849, 'max_depth': 10, 'min_child_weight': 8, 'learning_rate': 0.24362281298739039, 'subsample': 0.747965358631592, 'colsample_bytree': 0.9351995350084575, 'colsample_bylevel': 0.833432359971954, 'gamma': 3.504353321314735, 'reg_alpha': 0.43500913611152964, 'reg_lambda': 5.044047082858029}. Best is trial 663 with value: 0.22514420173203087.
[I 2024-09-20 11:10:19,129] Trial 770 finished with value: 0.23675093554874724 and parameters: {'n_estimators': 857, 'max_depth': 10, 'min_child_weight': 9, 'learning_rate': 0.20872283932983388, 'subsample': 0.8016709465094958, 'colsample_bytree': 0.9444880109851583, 'colsample_bylevel': 0.9281770255176527, 'gamma': 3.660061821223077, 'reg_alpha': 0.45418465619076265, 'reg_lambda': 4.870201717295764}. Best is trial 663 with value: 0.22514420173203087.
[I 2024-09-20 11:10:58,221] Trial 771 finished with value: 0.2409601426953293 and parameters: {'n_estimators': 823, 'max_depth': 10, 'min_child_weight': 9, 'learning_rate': 0.2661224290266925, 'subsample': 0.779108583879568, 'colsample_bytree': 0.9582026098012028, 'colsample_bylevel': 0.8584618909518622, 'gamma': 3.3307127647769517, 'reg_alpha': 0.41054259056481346, 'reg_lambda': 5.248032261897375}. Best is trial 663 with value: 0.22514420173203087.
[I 2024-09-20 11:11:38,554] Trial 772 finished with value: 0.227116200245632 and parameters: {'n_estimators': 841, 'max_depth': 10, 'min_child_weight': 10, 'learning_rate': 0.2829776036385781, 'subsample': 0.7693891155556962, 'colsample_bytree': 0.932637755915542, 'colsample_bylevel': 0.8411307893483346, 'gamma': 3.1992851282239214, 'reg_alpha': 0.38981214353540217, 'reg_lambda': 5.750451812166225}. Best is trial 663 with value: 0.22514420173203087.
[I 2024-09-20 11:12:15,739] Trial 773 finished with value: 0.23872132875652471 and parameters: {'n_estimators': 801, 'max_depth': 10, 'min_child_weight': 9, 'learning_rate': 0.29991008800191615, 'subsample': 0.763701584109178, 'colsample_bytree': 0.9276630291661766, 'colsample_bylevel': 0.8731001269564591, 'gamma': 3.1820522163266522, 'reg_alpha': 0.3818791873251934, 'reg_lambda': 5.703892477005025}. Best is trial 663 with value: 0.22514420173203087.
[I 2024-09-20 11:13:05,634] Trial 774 finished with value: 0.2405726761680922 and parameters: {'n_estimators': 819, 'max_depth': 10, 'min_child_weight': 10, 'learning_rate': 0.2814625472401748, 'subsample': 0.7531279687580593, 'colsample_bytree': 0.9321026918408193, 'colsample_bylevel': 0.846614542651053, 'gamma': 3.4826196013899735, 'reg_alpha': 0.3445573192924208, 'reg_lambda': 6.2866155883089165}. Best is trial 663 with value: 0.22514420173203087.
[I 2024-09-20 11:13:40,780] Trial 775 finished with value: 0.23794319548050186 and parameters: {'n_estimators': 766, 'max_depth': 10, 'min_child_weight': 10, 'learning_rate': 0.2856211554177979, 'subsample': 0.7699679559607224, 'colsample_bytree': 0.9316867201252035, 'colsample_bylevel': 0.7520335590742809, 'gamma': 3.5957067779566345, 'reg_alpha': 0.3998812879264204, 'reg_lambda': 5.997592052099761}. Best is trial 663 with value: 0.22514420173203087.
[I 2024-09-20 11:14:15,223] Trial 776 finished with value: 0.23028367580570838 and parameters: {'n_estimators': 786, 'max_depth': 10, 'min_child_weight': 10, 'learning_rate': 0.28306797112984233, 'subsample': 0.7693566909130092, 'colsample_bytree': 0.9391406462979973, 'colsample_bylevel': 0.9112474347262507, 'gamma': 3.4318159594341147, 'reg_alpha': 0.40414026672424663, 'reg_lambda': 5.6851132888399425}. Best is trial 663 with value: 0.22514420173203087.
[I 2024-09-20 11:14:51,561] Trial 777 finished with value: 0.23450788947174347 and parameters: {'n_estimators': 838, 'max_depth': 10, 'min_child_weight': 10, 'learning_rate': 0.27112255167948385, 'subsample': 0.7454756888025482, 'colsample_bytree': 0.9204529447716009, 'colsample_bylevel': 0.8836051186628106, 'gamma': 3.7743203681128117, 'reg_alpha': 0.3697424077557635, 'reg_lambda': 5.765229273188381}. Best is trial 663 with value: 0.22514420173203087.
[I 2024-09-20 11:15:26,663] Trial 778 finished with value: 0.23225035280536455 and parameters: {'n_estimators': 811, 'max_depth': 10, 'min_child_weight': 10, 'learning_rate': 0.26317610299252486, 'subsample': 0.7580903115521781, 'colsample_bytree': 0.9395493567387526, 'colsample_bylevel': 0.8367289770464219, 'gamma': 3.6680148105526973, 'reg_alpha': 0.3802686374637278, 'reg_lambda': 5.506944186509232}. Best is trial 663 with value: 0.22514420173203087.
[I 2024-09-20 11:16:09,548] Trial 779 finished with value: 0.24002020692541226 and parameters: {'n_estimators': 656, 'max_depth': 10, 'min_child_weight': 10, 'learning_rate': 0.28259646912675757, 'subsample': 0.7748692253848577, 'colsample_bytree': 0.9276138158914253, 'colsample_bylevel': 0.8654194054753851, 'gamma': 3.2991198110680826, 'reg_alpha': 0.4177131254113314, 'reg_lambda': 5.759245789620867}. Best is trial 663 with value: 0.22514420173203087.
[I 2024-09-20 11:16:48,532] Trial 780 finished with value: 0.23666466590471802 and parameters: {'n_estimators': 836, 'max_depth': 10, 'min_child_weight': 10, 'learning_rate': 0.2980289053803379, 'subsample': 0.7614159909788409, 'colsample_bytree': 0.9462236234156478, 'colsample_bylevel': 0.8539364045208956, 'gamma': 0.7408075429529734, 'reg_alpha': 0.403242638344595, 'reg_lambda': 5.894354734247818}. Best is trial 663 with value: 0.22514420173203087.
[I 2024-09-20 11:17:25,548] Trial 781 finished with value: 0.2306414378074105 and parameters: {'n_estimators': 854, 'max_depth': 10, 'min_child_weight': 10, 'learning_rate': 0.25324410654919494, 'subsample': 0.7824327092032256, 'colsample_bytree': 0.9268477773076281, 'colsample_bylevel': 0.8271997007571246, 'gamma': 3.548172544966142, 'reg_alpha': 0.36808727111557366, 'reg_lambda': 5.5137010700765865}. Best is trial 663 with value: 0.22514420173203087.
[I 2024-09-20 11:18:01,763] Trial 782 finished with value: 0.23294315966684667 and parameters: {'n_estimators': 838, 'max_depth': 10, 'min_child_weight': 10, 'learning_rate': 0.27112584117425803, 'subsample': 0.773814745530878, 'colsample_bytree': 0.9338555971874338, 'colsample_bylevel': 0.8458179571332255, 'gamma': 3.407311574455126, 'reg_alpha': 0.3531224772423753, 'reg_lambda': 5.966820653880018}. Best is trial 663 with value: 0.22514420173203087.
[I 2024-09-20 11:18:36,947] Trial 783 finished with value: 0.2452656955282868 and parameters: {'n_estimators': 821, 'max_depth': 10, 'min_child_weight': 10, 'learning_rate': 0.2534119183829629, 'subsample': 0.7882384574804908, 'colsample_bytree': 0.8028193773777264, 'colsample_bylevel': 0.8592353620257678, 'gamma': 3.085326221762017, 'reg_alpha': 0.427630299697918, 'reg_lambda': 5.303512736628044}. Best is trial 663 with value: 0.22514420173203087.
[I 2024-09-20 11:18:57,558] Trial 784 finished with value: 0.24751288692890575 and parameters: {'n_estimators': 458, 'max_depth': 10, 'min_child_weight': 10, 'learning_rate': 0.28476607147763744, 'subsample': 0.7667431900383607, 'colsample_bytree': 0.9139030399408921, 'colsample_bylevel': 0.8948795176446362, 'gamma': 3.4906464800337296, 'reg_alpha': 0.3812092913783671, 'reg_lambda': 5.421126271869433}. Best is trial 663 with value: 0.22514420173203087.
[I 2024-09-20 11:19:12,371] Trial 785 finished with value: 0.2776035974918336 and parameters: {'n_estimators': 278, 'max_depth': 9, 'min_child_weight': 10, 'learning_rate': 0.299587550254119, 'subsample': 0.7540842313979905, 'colsample_bytree': 0.9491079082059264, 'colsample_bylevel': 0.8767122368384352, 'gamma': 3.8432781106714247, 'reg_alpha': 0.4334890424979447, 'reg_lambda': 6.20665047081397}. Best is trial 663 with value: 0.22514420173203087.
[I 2024-09-20 11:20:05,897] Trial 786 finished with value: 0.2293626350248367 and parameters: {'n_estimators': 845, 'max_depth': 10, 'min_child_weight': 10, 'learning_rate': 0.299270742465971, 'subsample': 0.7782462391893373, 'colsample_bytree': 0.9402398929022803, 'colsample_bylevel': 0.8359565543017466, 'gamma': 3.620151485469444, 'reg_alpha': 0.3257742516547324, 'reg_lambda': 6.080863890612591}. Best is trial 663 with value: 0.22514420173203087.
[I 2024-09-20 11:20:42,306] Trial 787 finished with value: 0.23298498013524638 and parameters: {'n_estimators': 803, 'max_depth': 10, 'min_child_weight': 10, 'learning_rate': 0.2843397273998676, 'subsample': 0.7750690484172106, 'colsample_bytree': 0.9599577564148586, 'colsample_bylevel': 0.8422096645820777, 'gamma': 3.7506547875845335, 'reg_alpha': 0.29561771456427655, 'reg_lambda': 5.9136684303918665}. Best is trial 663 with value: 0.22514420173203087.
[I 2024-09-20 11:21:15,786] Trial 788 finished with value: 0.25069001067393815 and parameters: {'n_estimators': 792, 'max_depth': 10, 'min_child_weight': 10, 'learning_rate': 0.2999522347543039, 'subsample': 0.7816844174577013, 'colsample_bytree': 0.9451546438602877, 'colsample_bylevel': 0.5719803131461277, 'gamma': 3.6736232040507453, 'reg_alpha': 0.3529716942683173, 'reg_lambda': 6.385328299370352}. Best is trial 663 with value: 0.22514420173203087.
[I 2024-09-20 11:21:53,123] Trial 789 finished with value: 0.2322279359154668 and parameters: {'n_estimators': 835, 'max_depth': 10, 'min_child_weight': 9, 'learning_rate': 0.2986095093450258, 'subsample': 0.7917451701311079, 'colsample_bytree': 0.9535080941087257, 'colsample_bylevel': 0.8542493269809921, 'gamma': 3.889004827434266, 'reg_alpha': 0.3244689633422603, 'reg_lambda': 6.1351013628281486}. Best is trial 663 with value: 0.22514420173203087.
[I 2024-09-20 11:22:49,595] Trial 790 finished with value: 0.2299846754471068 and parameters: {'n_estimators': 825, 'max_depth': 10, 'min_child_weight': 10, 'learning_rate': 0.2692928424326748, 'subsample': 0.7648781604389011, 'colsample_bytree': 0.9410719752789609, 'colsample_bylevel': 0.8350512832340994, 'gamma': 3.7283415023542354, 'reg_alpha': 0.307766850595308, 'reg_lambda': 6.186046830366604}. Best is trial 663 with value: 0.22514420173203087.
[I 2024-09-20 11:23:28,746] Trial 791 finished with value: 0.23530280307461743 and parameters: {'n_estimators': 844, 'max_depth': 10, 'min_child_weight': 10, 'learning_rate': 0.28430666393653503, 'subsample': 0.7778009509731046, 'colsample_bytree': 0.9556813505441545, 'colsample_bylevel': 0.843997996697841, 'gamma': 3.5955533691951937, 'reg_alpha': 0.45590468917990706, 'reg_lambda': 6.498232903407072}. Best is trial 663 with value: 0.22514420173203087.
[I 2024-09-20 11:24:01,673] Trial 792 finished with value: 0.34012763144392644 and parameters: {'n_estimators': 813, 'max_depth': 10, 'min_child_weight': 10, 'learning_rate': 0.03920818928278186, 'subsample': 0.7881373998171215, 'colsample_bytree': 0.9653101017888119, 'colsample_bylevel': 0.864789129434893, 'gamma': 3.630961899422391, 'reg_alpha': 0.3367138467105131, 'reg_lambda': 6.0316158908147175}. Best is trial 663 with value: 0.22514420173203087.
[I 2024-09-20 11:24:38,002] Trial 793 finished with value: 0.2336033708577244 and parameters: {'n_estimators': 850, 'max_depth': 10, 'min_child_weight': 10, 'learning_rate': 0.29889512309523353, 'subsample': 0.7678737767736246, 'colsample_bytree': 0.9365251183415082, 'colsample_bylevel': 0.8518216707748032, 'gamma': 3.7381523538808725, 'reg_alpha': 0.39562874308046636, 'reg_lambda': 5.822349923076905}. Best is trial 663 with value: 0.22514420173203087.
[I 2024-09-20 11:25:14,513] Trial 794 finished with value: 0.22854571421978656 and parameters: {'n_estimators': 839, 'max_depth': 10, 'min_child_weight': 10, 'learning_rate': 0.265750976069171, 'subsample': 0.7558657692736391, 'colsample_bytree': 0.8549907558173485, 'colsample_bylevel': 0.9178249343839703, 'gamma': 3.558997763349887, 'reg_alpha': 0.44302246079828517, 'reg_lambda': 5.98851368590386}. Best is trial 663 with value: 0.22514420173203087.
[I 2024-09-20 11:25:49,508] Trial 795 finished with value: 0.23771701177019805 and parameters: {'n_estimators': 821, 'max_depth': 10, 'min_child_weight': 10, 'learning_rate': 0.24939168150090238, 'subsample': 0.7392974476523433, 'colsample_bytree': 0.8647647422393998, 'colsample_bylevel': 0.9267122143545913, 'gamma': 3.537511783319233, 'reg_alpha': 0.41276798024526196, 'reg_lambda': 5.58242851341891}. Best is trial 663 with value: 0.22514420173203087.
[I 2024-09-20 11:26:42,634] Trial 796 finished with value: 0.23263868990592415 and parameters: {'n_estimators': 858, 'max_depth': 10, 'min_child_weight': 10, 'learning_rate': 0.262197632324058, 'subsample': 0.7415016247362108, 'colsample_bytree': 0.8891174901833704, 'colsample_bylevel': 0.9166888885665401, 'gamma': 3.499276820569921, 'reg_alpha': 0.4351502609683577, 'reg_lambda': 5.720552284246149}. Best is trial 663 with value: 0.22514420173203087.
[I 2024-09-20 11:27:19,938] Trial 797 finished with value: 0.23600022742990895 and parameters: {'n_estimators': 831, 'max_depth': 10, 'min_child_weight': 10, 'learning_rate': 0.2293844093493446, 'subsample': 0.7475798461542628, 'colsample_bytree': 0.8776285453227595, 'colsample_bylevel': 0.9185229089314868, 'gamma': 3.3832457517772694, 'reg_alpha': 0.38790994341899787, 'reg_lambda': 6.695833155902154}. Best is trial 663 with value: 0.22514420173203087.
[I 2024-09-20 11:27:57,855] Trial 798 finished with value: 0.23521225916883615 and parameters: {'n_estimators': 859, 'max_depth': 10, 'min_child_weight': 10, 'learning_rate': 0.2452183539314791, 'subsample': 0.7543380576956225, 'colsample_bytree': 0.8330138649978791, 'colsample_bylevel': 0.9502113655990264, 'gamma': 2.8962984184741285, 'reg_alpha': 0.44194846452291775, 'reg_lambda': 5.59418118175844}. Best is trial 663 with value: 0.22514420173203087.
[I 2024-09-20 11:28:34,697] Trial 799 finished with value: 0.2334976427835968 and parameters: {'n_estimators': 843, 'max_depth': 10, 'min_child_weight': 10, 'learning_rate': 0.26534272065409414, 'subsample': 0.748577494282791, 'colsample_bytree': 0.8973664582997419, 'colsample_bylevel': 0.9381834433839399, 'gamma': 3.5841455622777136, 'reg_alpha': 0.42194097315700285, 'reg_lambda': 5.930739697024233}. Best is trial 663 with value: 0.22514420173203087.
[I 2024-09-20 11:29:09,346] Trial 800 finished with value: 0.23499412119721783 and parameters: {'n_estimators': 778, 'max_depth': 10, 'min_child_weight': 10, 'learning_rate': 0.2702800085621322, 'subsample': 0.7605435421187072, 'colsample_bytree': 0.8831951011425438, 'colsample_bylevel': 0.9323199872007305, 'gamma': 3.790563827622488, 'reg_alpha': 0.4797395767201585, 'reg_lambda': 5.156636389789602}. Best is trial 663 with value: 0.22514420173203087.
[I 2024-09-20 11:29:46,146] Trial 801 finished with value: 0.23822179944309857 and parameters: {'n_estimators': 865, 'max_depth': 9, 'min_child_weight': 1, 'learning_rate': 0.23984304148235794, 'subsample': 0.7629229679443856, 'colsample_bytree': 0.8421440008177254, 'colsample_bylevel': 0.9147220869705415, 'gamma': 3.4518361782247493, 'reg_alpha': 0.47003096191403, 'reg_lambda': 5.7968599635119515}. Best is trial 663 with value: 0.22514420173203087.
[I 2024-09-20 11:30:34,734] Trial 802 finished with value: 0.236781376847141 and parameters: {'n_estimators': 867, 'max_depth': 10, 'min_child_weight': 8, 'learning_rate': 0.25183899626320544, 'subsample': 0.7596462431507313, 'colsample_bytree': 0.965945467967674, 'colsample_bylevel': 0.9271414226311092, 'gamma': 3.243725528307947, 'reg_alpha': 0.44735534804756927, 'reg_lambda': 5.394195169543024}. Best is trial 663 with value: 0.22514420173203087.
[I 2024-09-20 11:31:13,271] Trial 803 finished with value: 0.23087330502277573 and parameters: {'n_estimators': 826, 'max_depth': 10, 'min_child_weight': 9, 'learning_rate': 0.27075945843723986, 'subsample': 0.754039041946404, 'colsample_bytree': 0.8893787040956688, 'colsample_bylevel': 0.8948660411316718, 'gamma': 3.6638759187189347, 'reg_alpha': 0.42925837986340315, 'reg_lambda': 4.808548992636634}. Best is trial 663 with value: 0.22514420173203087.
[I 2024-09-20 11:31:50,638] Trial 804 finished with value: 0.23414775957355247 and parameters: {'n_estimators': 841, 'max_depth': 10, 'min_child_weight': 10, 'learning_rate': 0.27936436707305357, 'subsample': 0.7712946962443746, 'colsample_bytree': 0.8479133929979459, 'colsample_bylevel': 0.9038777971764641, 'gamma': 3.531699773517572, 'reg_alpha': 0.4587505583370477, 'reg_lambda': 5.654753271176867}. Best is trial 663 with value: 0.22514420173203087.
[I 2024-09-20 11:32:26,428] Trial 805 finished with value: 0.23877719804692227 and parameters: {'n_estimators': 797, 'max_depth': 10, 'min_child_weight': 6, 'learning_rate': 0.22201142629376097, 'subsample': 0.7393392520737542, 'colsample_bytree': 0.8659411719945671, 'colsample_bylevel': 0.9132503823931738, 'gamma': 2.6162798391390822, 'reg_alpha': 0.5098285056337845, 'reg_lambda': 6.331678998461934}. Best is trial 663 with value: 0.22514420173203087.
[I 2024-09-20 11:32:44,870] Trial 806 finished with value: 0.26048238545759367 and parameters: {'n_estimators': 419, 'max_depth': 10, 'min_child_weight': 9, 'learning_rate': 0.25647752431720483, 'subsample': 0.7331089092913943, 'colsample_bytree': 0.8763563569285611, 'colsample_bylevel': 0.901751676164855, 'gamma': 2.4278724298417513, 'reg_alpha': 0.39766227561354217, 'reg_lambda': 9.561120608258069}. Best is trial 663 with value: 0.22514420173203087.
[I 2024-09-20 11:33:34,547] Trial 807 finished with value: 0.2293955299498623 and parameters: {'n_estimators': 871, 'max_depth': 10, 'min_child_weight': 7, 'learning_rate': 0.2684030369147322, 'subsample': 0.7923805267546736, 'colsample_bytree': 0.9548568537260712, 'colsample_bylevel': 0.9064016807137216, 'gamma': 3.3381603544450664, 'reg_alpha': 0.4874293677438537, 'reg_lambda': 4.6027486439629826}. Best is trial 663 with value: 0.22514420173203087.
[I 2024-09-20 11:33:48,937] Trial 808 finished with value: 0.2882701108505765 and parameters: {'n_estimators': 316, 'max_depth': 10, 'min_child_weight': 10, 'learning_rate': 0.2374632053079862, 'subsample': 0.7698589317506455, 'colsample_bytree': 0.7630497447601321, 'colsample_bylevel': 0.8840642465746165, 'gamma': 3.698154103564464, 'reg_alpha': 0.470202429010039, 'reg_lambda': 5.01581378625871}. Best is trial 663 with value: 0.22514420173203087.
[I 2024-09-20 11:34:27,038] Trial 809 finished with value: 0.2322935433362995 and parameters: {'n_estimators': 855, 'max_depth': 10, 'min_child_weight': 9, 'learning_rate': 0.2813571776125961, 'subsample': 0.7820110482087352, 'colsample_bytree': 0.8600004193583526, 'colsample_bylevel': 0.9371449092676496, 'gamma': 3.4699180278148276, 'reg_alpha': 0.4197378108820608, 'reg_lambda': 5.259914670781828}. Best is trial 663 with value: 0.22514420173203087.
[I 2024-09-20 11:35:00,508] Trial 810 finished with value: 0.23244691596172565 and parameters: {'n_estimators': 814, 'max_depth': 10, 'min_child_weight': 10, 'learning_rate': 0.25678615343742917, 'subsample': 0.7975374787045785, 'colsample_bytree': 0.6933520033702125, 'colsample_bylevel': 0.9186794233956729, 'gamma': 3.879288046391543, 'reg_alpha': 0.4482327774372577, 'reg_lambda': 6.044883448442597}. Best is trial 663 with value: 0.22514420173203087.
[I 2024-09-20 11:35:21,960] Trial 811 finished with value: 0.34022586802711363 and parameters: {'n_estimators': 872, 'max_depth': 3, 'min_child_weight': 8, 'learning_rate': 0.15108347465817212, 'subsample': 0.7519098042779433, 'colsample_bytree': 0.9059369062522664, 'colsample_bylevel': 0.8908604683235747, 'gamma': 3.60249833658879, 'reg_alpha': 0.5263295564535276, 'reg_lambda': 5.48919641512153}. Best is trial 663 with value: 0.22514420173203087.
[I 2024-09-20 11:36:08,017] Trial 812 finished with value: 0.23136799979140082 and parameters: {'n_estimators': 852, 'max_depth': 10, 'min_child_weight': 9, 'learning_rate': 0.2803723138220814, 'subsample': 0.7855198553443536, 'colsample_bytree': 0.9217940558602526, 'colsample_bylevel': 0.7426397608161269, 'gamma': 3.4001720974611818, 'reg_alpha': 0.49600690815006376, 'reg_lambda': 7.005380441105101}. Best is trial 663 with value: 0.22514420173203087.
[I 2024-09-20 11:36:46,788] Trial 813 finished with value: 0.2394195203692675 and parameters: {'n_estimators': 874, 'max_depth': 8, 'min_child_weight': 10, 'learning_rate': 0.2485771740158612, 'subsample': 0.7622863460734535, 'colsample_bytree': 0.9689628632699008, 'colsample_bylevel': 0.9068552218917697, 'gamma': 3.5594322752421395, 'reg_alpha': 0.4473329693926946, 'reg_lambda': 4.426547635360975}. Best is trial 663 with value: 0.22514420173203087.
[I 2024-09-20 11:37:31,048] Trial 814 finished with value: 0.23318956697246768 and parameters: {'n_estimators': 832, 'max_depth': 10, 'min_child_weight': 1, 'learning_rate': 0.2826844982421294, 'subsample': 0.7747015333960473, 'colsample_bytree': 0.9466296638500084, 'colsample_bylevel': 0.8737957717990643, 'gamma': 3.759404410159613, 'reg_alpha': 0.47459364204859494, 'reg_lambda': 4.911266907687024}. Best is trial 663 with value: 0.22514420173203087.
[I 2024-09-20 11:37:40,361] Trial 815 finished with value: 0.3236166510228778 and parameters: {'n_estimators': 163, 'max_depth': 10, 'min_child_weight': 9, 'learning_rate': 0.2671854165103556, 'subsample': 0.8009912127735443, 'colsample_bytree': 0.8718173057947992, 'colsample_bylevel': 0.9246162754900068, 'gamma': 3.1717856792384294, 'reg_alpha': 0.41672882612102696, 'reg_lambda': 5.355249889821971}. Best is trial 663 with value: 0.22514420173203087.
