[I 2024-09-20 13:27:57,793] Trial 960 finished with value: 0.2477218418107999 and parameters: {'n_estimators': 562, 'max_depth': 10, 'min_child_weight': 7, 'learning_rate': 0.28191774834845335, 'subsample': 0.8270953848143818, 'colsample_bytree': 0.8946952633256319, 'colsample_bylevel': 0.897824033509397, 'gamma': 3.2297056641190975, 'reg_alpha': 0.3517939898119101, 'reg_lambda': 5.731379649568948}. Best is trial 663 with value: 0.22514420173203087.
[I 2024-09-20 13:28:44,512] Trial 961 finished with value: 0.23536442939465654 and parameters: {'n_estimators': 869, 'max_depth': 10, 'min_child_weight': 8, 'learning_rate': 0.24566597690849146, 'subsample': 0.8091457118417675, 'colsample_bytree': 0.9128741417588331, 'colsample_bylevel': 0.917844699973963, 'gamma': 2.87835372680731, 'reg_alpha': 0.435994188481338, 'reg_lambda': 4.8615793240509255}. Best is trial 663 with value: 0.22514420173203087.
[I 2024-09-20 13:29:33,643] Trial 962 finished with value: 0.23627607996261285 and parameters: {'n_estimators': 900, 'max_depth': 10, 'min_child_weight': 7, 'learning_rate': 0.2999793204135061, 'subsample': 0.7963489163522208, 'colsample_bytree': 0.9021056324493183, 'colsample_bylevel': 0.9001036214096287, 'gamma': 3.0920925935577745, 'reg_alpha': 0.5095038181584518, 'reg_lambda': 4.510234738569975}. Best is trial 663 with value: 0.22514420173203087.
[I 2024-09-20 13:30:43,121] Trial 963 finished with value: 0.23612893384757022 and parameters: {'n_estimators': 844, 'max_depth': 10, 'min_child_weight': 8, 'learning_rate': 0.2683612924653207, 'subsample': 0.8340530519301637, 'colsample_bytree': 0.8862456675223422, 'colsample_bylevel': 0.9376942967162964, 'gamma': 3.2200118277273684, 'reg_alpha': 0.4623031533845493, 'reg_lambda': 5.505319849937852}. Best is trial 663 with value: 0.22514420173203087.
[I 2024-09-20 13:31:31,018] Trial 964 finished with value: 0.23504584614761082 and parameters: {'n_estimators': 866, 'max_depth': 10, 'min_child_weight': 7, 'learning_rate': 0.2593048428016266, 'subsample': 0.8666717429413101, 'colsample_bytree': 0.8644278613061555, 'colsample_bylevel': 0.9095077530694365, 'gamma': 3.0088830364815, 'reg_alpha': 0.41017412573475853, 'reg_lambda': 5.097615689732432}. Best is trial 663 with value: 0.22514420173203087.
[I 2024-09-20 13:32:14,036] Trial 965 finished with value: 0.23775292092484435 and parameters: {'n_estimators': 886, 'max_depth': 9, 'min_child_weight': 7, 'learning_rate': 0.23428550741081094, 'subsample': 0.8010377375019223, 'colsample_bytree': 0.909884061986118, 'colsample_bylevel': 0.8941104664820214, 'gamma': 3.222488559249596, 'reg_alpha': 0.4814926381512544, 'reg_lambda': 5.844907872993744}. Best is trial 663 with value: 0.22514420173203087.
[I 2024-09-20 13:33:01,682] Trial 966 finished with value: 0.23271072275759405 and parameters: {'n_estimators': 859, 'max_depth': 10, 'min_child_weight': 7, 'learning_rate': 0.28258895536728335, 'subsample': 0.7926660674191507, 'colsample_bytree': 0.8778627680261677, 'colsample_bylevel': 0.9273838743865556, 'gamma': 2.654564438616591, 'reg_alpha': 0.45017679320306336, 'reg_lambda': 6.09435547717263}. Best is trial 663 with value: 0.22514420173203087.
[I 2024-09-20 13:33:47,702] Trial 967 finished with value: 0.2327116628534093 and parameters: {'n_estimators': 838, 'max_depth': 10, 'min_child_weight': 8, 'learning_rate': 0.26420029183909044, 'subsample': 0.8441650072142808, 'colsample_bytree': 0.8993002199950773, 'colsample_bylevel': 0.9157414859574518, 'gamma': 3.183386571459714, 'reg_alpha': 0.42487918765071636, 'reg_lambda': 5.248368988714991}. Best is trial 663 with value: 0.22514420173203087.
[I 2024-09-20 13:34:36,560] Trial 968 finished with value: 0.23641353704192447 and parameters: {'n_estimators': 877, 'max_depth': 10, 'min_child_weight': 8, 'learning_rate': 0.2175233356479861, 'subsample': 0.8181551631123188, 'colsample_bytree': 0.915332850529704, 'colsample_bylevel': 0.9057072930007507, 'gamma': 3.2495167486835594, 'reg_alpha': 0.38757106044373196, 'reg_lambda': 5.551706826539706}. Best is trial 663 with value: 0.22514420173203087.
[I 2024-09-20 13:35:52,462] Trial 969 finished with value: 0.2833764003868856 and parameters: {'n_estimators': 882, 'max_depth': 10, 'min_child_weight': 7, 'learning_rate': 0.08389751171995269, 'subsample': 0.8046535330085461, 'colsample_bytree': 0.9102736560048705, 'colsample_bylevel': 0.8962507494856299, 'gamma': 2.8749092842222796, 'reg_alpha': 0.48114973224661234, 'reg_lambda': 4.738182347831549}. Best is trial 663 with value: 0.22514420173203087.
[I 2024-09-20 13:36:31,298] Trial 970 finished with value: 0.25702114409538074 and parameters: {'n_estimators': 900, 'max_depth': 5, 'min_child_weight': 8, 'learning_rate': 0.28404376214771193, 'subsample': 0.8320775107567326, 'colsample_bytree': 0.8888575715914995, 'colsample_bylevel': 0.9171772355251492, 'gamma': 2.7657563258088893, 'reg_alpha': 0.5050810487204215, 'reg_lambda': 4.967891956062356}. Best is trial 663 with value: 0.22514420173203087.
[I 2024-09-20 13:37:29,502] Trial 971 finished with value: 0.23383624941217077 and parameters: {'n_estimators': 856, 'max_depth': 10, 'min_child_weight': 6, 'learning_rate': 0.2500836317214784, 'subsample': 0.7904299343359373, 'colsample_bytree': 0.9139318235615594, 'colsample_bylevel': 0.9652744875885167, 'gamma': 3.281423680877248, 'reg_alpha': 0.4449556867937135, 'reg_lambda': 5.351126958475623}. Best is trial 663 with value: 0.22514420173203087.
[I 2024-09-20 13:38:21,171] Trial 972 finished with value: 0.23149489949709273 and parameters: {'n_estimators': 872, 'max_depth': 10, 'min_child_weight': 7, 'learning_rate': 0.28385961942889276, 'subsample': 0.8541690422624391, 'colsample_bytree': 0.8973973249229714, 'colsample_bylevel': 0.9314761935227667, 'gamma': 2.370580694544919, 'reg_alpha': 0.46632039774464173, 'reg_lambda': 5.849549242933779}. Best is trial 663 with value: 0.22514420173203087.
[I 2024-09-20 13:39:07,323] Trial 973 finished with value: 0.23150966629842581 and parameters: {'n_estimators': 835, 'max_depth': 10, 'min_child_weight': 7, 'learning_rate': 0.2651335986972981, 'subsample': 0.5715134493950385, 'colsample_bytree': 0.9020344160808995, 'colsample_bylevel': 0.9072518516302047, 'gamma': 3.1415053937726816, 'reg_alpha': 0.5121015667425173, 'reg_lambda': 5.5646323445322645}. Best is trial 663 with value: 0.22514420173203087.
[I 2024-09-20 13:39:57,776] Trial 974 finished with value: 0.23614343480319855 and parameters: {'n_estimators': 860, 'max_depth': 10, 'min_child_weight': 8, 'learning_rate': 0.24092538199083377, 'subsample': 0.5883537414589288, 'colsample_bytree': 0.8759697540090525, 'colsample_bylevel': 0.948246312213119, 'gamma': 3.0404933885848493, 'reg_alpha': 0.43037770001676756, 'reg_lambda': 5.1193378553850994}. Best is trial 663 with value: 0.22514420173203087.
[I 2024-09-20 13:41:13,969] Trial 975 finished with value: 0.2357006862494726 and parameters: {'n_estimators': 886, 'max_depth': 10, 'min_child_weight': 6, 'learning_rate': 0.2836650348314391, 'subsample': 0.821509995271909, 'colsample_bytree': 0.9144430434899209, 'colsample_bylevel': 0.9261225212963673, 'gamma': 2.974390384229142, 'reg_alpha': 0.49014572385266536, 'reg_lambda': 4.451302203249199}. Best is trial 663 with value: 0.22514420173203087.
[I 2024-09-20 13:42:02,666] Trial 976 finished with value: 0.2698521482609991 and parameters: {'n_estimators': 871, 'max_depth': 10, 'min_child_weight': 7, 'learning_rate': 0.10902253218157097, 'subsample': 0.8115331653145053, 'colsample_bytree': 0.9027336251385837, 'colsample_bylevel': 0.8885427143231014, 'gamma': 3.112593676031352, 'reg_alpha': 0.4602662350022568, 'reg_lambda': 6.071499145164113}. Best is trial 663 with value: 0.22514420173203087.
[I 2024-09-20 13:42:52,732] Trial 977 finished with value: 0.23276687653493416 and parameters: {'n_estimators': 848, 'max_depth': 10, 'min_child_weight': 8, 'learning_rate': 0.2652165039094042, 'subsample': 0.7996556038014415, 'colsample_bytree': 0.9188358418632254, 'colsample_bylevel': 0.9086298304002005, 'gamma': 3.271066855550514, 'reg_alpha': 0.40773893595184435, 'reg_lambda': 5.296570573784887}. Best is trial 663 with value: 0.22514420173203087.
[I 2024-09-20 13:43:39,952] Trial 978 finished with value: 0.2404063222454751 and parameters: {'n_estimators': 882, 'max_depth': 9, 'min_child_weight': 7, 'learning_rate': 0.2517562228886109, 'subsample': 0.951173246685989, 'colsample_bytree': 0.8447359613263987, 'colsample_bylevel': 0.8948366677975638, 'gamma': 3.1733400042935163, 'reg_alpha': 0.44284464960448244, 'reg_lambda': 4.744766493625674}. Best is trial 663 with value: 0.22514420173203087.
[I 2024-09-20 13:44:27,819] Trial 979 finished with value: 0.23307646669900203 and parameters: {'n_estimators': 837, 'max_depth': 10, 'min_child_weight': 8, 'learning_rate': 0.28433930574123173, 'subsample': 0.8411309717839248, 'colsample_bytree': 0.7962953686509925, 'colsample_bylevel': 0.9223928342342816, 'gamma': 3.0477310232861674, 'reg_alpha': 0.5127007901614098, 'reg_lambda': 4.282722948699591}. Best is trial 663 with value: 0.22514420173203087.
[I 2024-09-20 13:45:14,524] Trial 980 finished with value: 0.23917599690224112 and parameters: {'n_estimators': 864, 'max_depth': 10, 'min_child_weight': 7, 'learning_rate': 0.22534805368146835, 'subsample': 0.8780548077853058, 'colsample_bytree': 0.8914314831720477, 'colsample_bylevel': 0.903305421408966, 'gamma': 3.308535720367038, 'reg_alpha': 0.37257856532236094, 'reg_lambda': 5.732020883669726}. Best is trial 663 with value: 0.22514420173203087.
[I 2024-09-20 13:46:26,369] Trial 981 finished with value: 0.23376936396717746 and parameters: {'n_estimators': 887, 'max_depth': 10, 'min_child_weight': 6, 'learning_rate': 0.2839431916742003, 'subsample': 0.7890468317022646, 'colsample_bytree': 0.9120105068217781, 'colsample_bylevel': 0.9947866377799706, 'gamma': 2.9254479302013365, 'reg_alpha': 0.48048539302112087, 'reg_lambda': 4.948509322999252}. Best is trial 663 with value: 0.22514420173203087.
[I 2024-09-20 13:47:21,294] Trial 982 finished with value: 0.2327189376386769 and parameters: {'n_estimators': 851, 'max_depth': 10, 'min_child_weight': 8, 'learning_rate': 0.2999805438820014, 'subsample': 0.8096305992441669, 'colsample_bytree': 0.861318211354161, 'colsample_bylevel': 0.8950196007958187, 'gamma': 3.220879023680509, 'reg_alpha': 0.41690133060140055, 'reg_lambda': 5.5318284320253435}. Best is trial 663 with value: 0.22514420173203087.
[I 2024-09-20 13:48:18,169] Trial 983 finished with value: 0.23790295048269944 and parameters: {'n_estimators': 886, 'max_depth': 10, 'min_child_weight': 7, 'learning_rate': 0.26567492482191885, 'subsample': 0.8302486970676975, 'colsample_bytree': 0.8895010883834638, 'colsample_bylevel': 0.9184857390435048, 'gamma': 3.3029100151989184, 'reg_alpha': 0.4594812581160569, 'reg_lambda': 5.278278966158705}. Best is trial 663 with value: 0.22514420173203087.
[I 2024-09-20 13:48:55,877] Trial 984 finished with value: 0.24250849916315947 and parameters: {'n_estimators': 630, 'max_depth': 10, 'min_child_weight': 8, 'learning_rate': 0.2478412945915341, 'subsample': 0.8004158269031804, 'colsample_bytree': 0.9025458362538928, 'colsample_bylevel': 0.9384748935588287, 'gamma': 3.1354617747865277, 'reg_alpha': 0.501578239889305, 'reg_lambda': 5.866439073149252}. Best is trial 663 with value: 0.22514420173203087.
[I 2024-09-20 13:49:48,684] Trial 985 finished with value: 0.23807777408531305 and parameters: {'n_estimators': 870, 'max_depth': 10, 'min_child_weight': 7, 'learning_rate': 0.267591671897161, 'subsample': 0.8177641703303967, 'colsample_bytree': 0.8796333076830549, 'colsample_bylevel': 0.9105566243290254, 'gamma': 2.8295666196307536, 'reg_alpha': 0.39189747436991706, 'reg_lambda': 5.051932980640285}. Best is trial 663 with value: 0.22514420173203087.
[I 2024-09-20 13:50:39,434] Trial 986 finished with value: 0.23572982231726938 and parameters: {'n_estimators': 837, 'max_depth': 10, 'min_child_weight': 7, 'learning_rate': 0.29910042467315995, 'subsample': 0.7898313831562151, 'colsample_bytree': 0.9153238579093833, 'colsample_bylevel': 0.891628865508342, 'gamma': 3.071472710520779, 'reg_alpha': 0.47598608523830344, 'reg_lambda': 6.153256434867313}. Best is trial 663 with value: 0.22514420173203087.
[I 2024-09-20 13:51:45,988] Trial 987 finished with value: 0.23239941665158598 and parameters: {'n_estimators': 886, 'max_depth': 10, 'min_child_weight': 8, 'learning_rate': 0.2365763617516538, 'subsample': 0.8272322870251756, 'colsample_bytree': 0.9192995347031893, 'colsample_bylevel': 0.9060810586104986, 'gamma': 3.1974846561300714, 'reg_alpha': 0.43546798776465495, 'reg_lambda': 5.634613431038709}. Best is trial 663 with value: 0.22514420173203087.
[I 2024-09-20 13:52:48,352] Trial 988 finished with value: 0.23353133390328407 and parameters: {'n_estimators': 862, 'max_depth': 10, 'min_child_weight': 7, 'learning_rate': 0.2700323731725484, 'subsample': 0.8472682216919418, 'colsample_bytree': 0.9055934642087808, 'colsample_bylevel': 0.9323296009807003, 'gamma': 3.2959285382929475, 'reg_alpha': 0.4529730500201343, 'reg_lambda': 4.613511338496568}. Best is trial 663 with value: 0.22514420173203087.
[I 2024-09-20 13:53:40,356] Trial 989 finished with value: 0.23153695355907472 and parameters: {'n_estimators': 871, 'max_depth': 10, 'min_child_weight': 7, 'learning_rate': 0.2549193865787494, 'subsample': 0.7984897248890959, 'colsample_bytree': 0.9202533511906973, 'colsample_bylevel': 0.9179228355556274, 'gamma': 3.027065137665962, 'reg_alpha': 0.5204203767225152, 'reg_lambda': 5.39109924593158}. Best is trial 663 with value: 0.22514420173203087.
[I 2024-09-20 13:54:33,174] Trial 990 finished with value: 0.23414143752236244 and parameters: {'n_estimators': 900, 'max_depth': 10, 'min_child_weight': 8, 'learning_rate': 0.28334271794747434, 'subsample': 0.6472157273409838, 'colsample_bytree': 0.8852703753462187, 'colsample_bylevel': 0.9284895578976368, 'gamma': 3.2946153352877445, 'reg_alpha': 0.4181303226332111, 'reg_lambda': 4.786785972625625}. Best is trial 663 with value: 0.22514420173203087.
[I 2024-09-20 13:55:21,069] Trial 991 finished with value: 0.23347938251839134 and parameters: {'n_estimators': 848, 'max_depth': 10, 'min_child_weight': 6, 'learning_rate': 0.2998662733893961, 'subsample': 0.7837385380072371, 'colsample_bytree': 0.8924777143356749, 'colsample_bylevel': 0.8893714428313595, 'gamma': 3.1721728135462928, 'reg_alpha': 0.48991530595269217, 'reg_lambda': 5.212884476911295}. Best is trial 663 with value: 0.22514420173203087.
[I 2024-09-20 13:56:14,326] Trial 992 finished with value: 0.22923416401765415 and parameters: {'n_estimators': 900, 'max_depth': 10, 'min_child_weight': 9, 'learning_rate': 0.29961700785686113, 'subsample': 0.8158428349063686, 'colsample_bytree': 0.8996391810442271, 'colsample_bylevel': 0.9005119648577793, 'gamma': 2.763405859114824, 'reg_alpha': 0.46181541947856175, 'reg_lambda': 5.7411011701240815}. Best is trial 663 with value: 0.22514420173203087.
[I 2024-09-20 13:56:56,387] Trial 993 finished with value: 0.2580098110283494 and parameters: {'n_estimators': 439, 'max_depth': 10, 'min_child_weight': 8, 'learning_rate': 0.2705488964048638, 'subsample': 0.8022323638843096, 'colsample_bytree': 0.8722576100219182, 'colsample_bylevel': 0.9150061350132119, 'gamma': 2.88318182469051, 'reg_alpha': 0.4443295869723445, 'reg_lambda': 4.905989406079321}. Best is trial 663 with value: 0.22514420173203087.
[I 2024-09-20 13:57:56,951] Trial 994 finished with value: 0.23935581496377498 and parameters: {'n_estimators': 900, 'max_depth': 9, 'min_child_weight': 7, 'learning_rate': 0.24943918927235917, 'subsample': 0.8357952012404927, 'colsample_bytree': 0.9178328117721691, 'colsample_bylevel': 0.9519268285993938, 'gamma': 2.5615071580062554, 'reg_alpha': 0.4971980959037243, 'reg_lambda': 5.995295476049904}. Best is trial 663 with value: 0.22514420173203087.
[I 2024-09-20 13:58:46,305] Trial 995 finished with value: 0.2361185049707426 and parameters: {'n_estimators': 829, 'max_depth': 10, 'min_child_weight': 9, 'learning_rate': 0.23121784511508148, 'subsample': 0.7862999359306608, 'colsample_bytree': 0.9111696890783744, 'colsample_bylevel': 0.8907658207608387, 'gamma': 2.942443118825611, 'reg_alpha': 0.4704639797865873, 'reg_lambda': 5.458374150366361}. Best is trial 663 with value: 0.22514420173203087.
[I 2024-09-20 13:59:36,929] Trial 996 finished with value: 0.22712237792478912 and parameters: {'n_estimators': 871, 'max_depth': 10, 'min_child_weight': 8, 'learning_rate': 0.28162992423274064, 'subsample': 0.806147653101143, 'colsample_bytree': 0.92371491540037, 'colsample_bylevel': 0.9107910179499787, 'gamma': 3.2700581652854046, 'reg_alpha': 0.42087546236187984, 'reg_lambda': 4.480115403591235}. Best is trial 663 with value: 0.22514420173203087.
[I 2024-09-20 14:00:27,688] Trial 997 finished with value: 0.23660488210133418 and parameters: {'n_estimators': 874, 'max_depth': 10, 'min_child_weight': 8, 'learning_rate': 0.21348611539741233, 'subsample': 0.8055987741553833, 'colsample_bytree': 0.906376893594585, 'colsample_bylevel': 0.9243500326235494, 'gamma': 3.089144893876337, 'reg_alpha': 0.3951024727519152, 'reg_lambda': 4.259337821052409}. Best is trial 663 with value: 0.22514420173203087.
[I 2024-09-20 14:01:13,436] Trial 998 finished with value: 0.24521353486998168 and parameters: {'n_estimators': 884, 'max_depth': 10, 'min_child_weight': 9, 'learning_rate': 0.257470047281038, 'subsample': 0.8098471041642663, 'colsample_bytree': 0.6317990415618852, 'colsample_bylevel': 0.5919623762851706, 'gamma': 3.263522914680919, 'reg_alpha': 0.37754459173002325, 'reg_lambda': 4.578530574207055}. Best is trial 663 with value: 0.22514420173203087.
[I 2024-09-20 14:02:01,557] Trial 999 finished with value: 0.23154071392094644 and parameters: {'n_estimators': 863, 'max_depth': 10, 'min_child_weight': 8, 'learning_rate': 0.2714506604028134, 'subsample': 0.7956021149646036, 'colsample_bytree': 0.9259067597408152, 'colsample_bylevel': 0.907540769927383, 'gamma': 3.2235028160395083, 'reg_alpha': 0.4088103619728946, 'reg_lambda': 4.352688901048407}. Best is trial 663 with value: 0.22514420173203087.
