[I 2024-09-20 04:06:29,979] Trial 336 finished with value: 0.23792911316337545 and parameters: {'n_estimators': 811, 'max_depth': 10, 'min_child_weight': 2, 'learning_rate': 0.2821866184082538, 'subsample': 0.7845861203917767, 'colsample_bytree': 0.9105149058216092, 'colsample_bylevel': 0.874483745859915, 'gamma': 3.5630342131474904, 'reg_alpha': 0.5215822446865025, 'reg_lambda': 4.956903876998078}. Best is trial 331 with value: 0.22817742602216606.
[I 2024-09-20 04:07:27,315] Trial 337 finished with value: 0.23312221223666096 and parameters: {'n_estimators': 900, 'max_depth': 10, 'min_child_weight': 2, 'learning_rate': 0.2552649043068138, 'subsample': 0.8005456277240565, 'colsample_bytree': 0.9358745367706054, 'colsample_bylevel': 0.8344462469310303, 'gamma': 3.919614410506552, 'reg_alpha': 0.5718743286440421, 'reg_lambda': 9.691752375768614}. Best is trial 331 with value: 0.22817742602216606.
[I 2024-09-20 04:08:22,980] Trial 338 finished with value: 0.2360746133533989 and parameters: {'n_estimators': 841, 'max_depth': 10, 'min_child_weight': 4, 'learning_rate': 0.26454389604330947, 'subsample': 0.8364536287740286, 'colsample_bytree': 0.9514002671901175, 'colsample_bylevel': 0.8254595081069732, 'gamma': 1.348990635365708, 'reg_alpha': 0.6172102849024008, 'reg_lambda': 6.0691416925032176}. Best is trial 331 with value: 0.22817742602216606.
[I 2024-09-20 04:09:18,131] Trial 339 finished with value: 0.23820681661892218 and parameters: {'n_estimators': 868, 'max_depth': 10, 'min_child_weight': 4, 'learning_rate': 0.2833364673085339, 'subsample': 0.8554707495837874, 'colsample_bytree': 0.9809281085756061, 'colsample_bylevel': 0.8471148508308255, 'gamma': 3.246065705605782, 'reg_alpha': 0.6410202660680504, 'reg_lambda': 4.463484594385955}. Best is trial 331 with value: 0.22817742602216606.
[I 2024-09-20 04:10:14,090] Trial 340 finished with value: 0.2430000809500746 and parameters: {'n_estimators': 831, 'max_depth': 10, 'min_child_weight': 4, 'learning_rate': 0.2291866406702427, 'subsample': 0.8218446248564029, 'colsample_bytree': 0.8976553240701537, 'colsample_bylevel': 0.8661335760115542, 'gamma': 3.459546567313972, 'reg_alpha': 0.4232599283395561, 'reg_lambda': 0.6735173926324527}. Best is trial 331 with value: 0.22817742602216606.
[I 2024-09-20 04:11:22,006] Trial 341 finished with value: 0.23874710012065434 and parameters: {'n_estimators': 885, 'max_depth': 10, 'min_child_weight': 4, 'learning_rate': 0.2608109187482515, 'subsample': 0.8090770001873885, 'colsample_bytree': 0.9874471559026078, 'colsample_bylevel': 0.8865065002101989, 'gamma': 3.710616247798936, 'reg_alpha': 0.5898512912191298, 'reg_lambda': 0.8353593954500946}. Best is trial 331 with value: 0.22817742602216606.
[I 2024-09-20 04:12:15,605] Trial 342 finished with value: 0.23741419897822952 and parameters: {'n_estimators': 854, 'max_depth': 9, 'min_child_weight': 4, 'learning_rate': 0.2418658598761928, 'subsample': 0.7772648695619119, 'colsample_bytree': 0.918036996130775, 'colsample_bylevel': 0.8745298784859528, 'gamma': 3.6103679145807397, 'reg_alpha': 0.5537453770759662, 'reg_lambda': 1.0713816464517671}. Best is trial 331 with value: 0.22817742602216606.
[I 2024-09-20 04:13:13,551] Trial 343 finished with value: 0.23624552930919357 and parameters: {'n_estimators': 874, 'max_depth': 10, 'min_child_weight': 4, 'learning_rate': 0.2767913683456539, 'subsample': 0.796253916398097, 'colsample_bytree': 0.9560624236390829, 'colsample_bylevel': 0.7381407579293241, 'gamma': 4.956966301122027, 'reg_alpha': 0.6042208491170106, 'reg_lambda': 0.6620283289740823}. Best is trial 331 with value: 0.22817742602216606.
[I 2024-09-20 04:14:15,978] Trial 344 finished with value: 0.22863314706364846 and parameters: {'n_estimators': 863, 'max_depth': 10, 'min_child_weight': 2, 'learning_rate': 0.2980626589124811, 'subsample': 0.7870081236088711, 'colsample_bytree': 0.9424745109881314, 'colsample_bylevel': 0.8532551684384302, 'gamma': 3.382100672286424, 'reg_alpha': 0.5341314822298613, 'reg_lambda': 5.356261319645894}. Best is trial 331 with value: 0.22817742602216606.
[I 2024-09-20 04:14:38,263] Trial 345 finished with value: 0.26988044454274707 and parameters: {'n_estimators': 334, 'max_depth': 10, 'min_child_weight': 1, 'learning_rate': 0.294733740199461, 'subsample': 0.7872408560908125, 'colsample_bytree': 0.9357847102891576, 'colsample_bylevel': 0.7694982001196262, 'gamma': 3.8545896391604972, 'reg_alpha': 0.5081619501211527, 'reg_lambda': 5.434173529643022}. Best is trial 331 with value: 0.22817742602216606.
[I 2024-09-20 04:15:40,665] Trial 346 finished with value: 0.2268659922189559 and parameters: {'n_estimators': 885, 'max_depth': 10, 'min_child_weight': 4, 'learning_rate': 0.2994034716439461, 'subsample': 0.7725054312009472, 'colsample_bytree': 0.942529326081333, 'colsample_bylevel': 0.8368985422830013, 'gamma': 3.534493748545814, 'reg_alpha': 0.5371252764780332, 'reg_lambda': 5.19902584534468}. Best is trial 346 with value: 0.2268659922189559.
[I 2024-09-20 04:16:37,416] Trial 347 finished with value: 0.23560767827289147 and parameters: {'n_estimators': 887, 'max_depth': 10, 'min_child_weight': 4, 'learning_rate': 0.2993168042633035, 'subsample': 0.7770242854404393, 'colsample_bytree': 0.9311777410883584, 'colsample_bylevel': 0.836586737836371, 'gamma': 3.2561765481218465, 'reg_alpha': 0.4863273502612771, 'reg_lambda': 5.233027141433872}. Best is trial 346 with value: 0.2268659922189559.
[I 2024-09-20 04:17:33,437] Trial 348 finished with value: 0.23471929600636732 and parameters: {'n_estimators': 827, 'max_depth': 10, 'min_child_weight': 4, 'learning_rate': 0.2839891531919937, 'subsample': 0.7718727839916141, 'colsample_bytree': 0.9442188775683347, 'colsample_bylevel': 0.824880104300238, 'gamma': 3.407712287680459, 'reg_alpha': 0.5291320679037727, 'reg_lambda': 5.6109447020402525}. Best is trial 346 with value: 0.2268659922189559.
[I 2024-09-20 04:18:28,869] Trial 349 finished with value: 0.2378985665422193 and parameters: {'n_estimators': 857, 'max_depth': 10, 'min_child_weight': 4, 'learning_rate': 0.2998489331334115, 'subsample': 0.7450969497239095, 'colsample_bytree': 0.9430860321415354, 'colsample_bylevel': 0.84090833715204, 'gamma': 3.1184506992127194, 'reg_alpha': 0.5330853976960717, 'reg_lambda': 4.696219063747642}. Best is trial 346 with value: 0.2268659922189559.
[I 2024-09-20 04:19:25,716] Trial 350 finished with value: 0.42150262496232394 and parameters: {'n_estimators': 888, 'max_depth': 10, 'min_child_weight': 5, 'learning_rate': 0.011120720526225647, 'subsample': 0.7676348645386024, 'colsample_bytree': 0.9287564328313817, 'colsample_bylevel': 0.851164081778685, 'gamma': 3.4856212608523873, 'reg_alpha': 0.5147340260965687, 'reg_lambda': 5.342374161789111}. Best is trial 346 with value: 0.2268659922189559.
[I 2024-09-20 04:20:22,066] Trial 351 finished with value: 0.23098574045886525 and parameters: {'n_estimators': 844, 'max_depth': 10, 'min_child_weight': 4, 'learning_rate': 0.2782254788893944, 'subsample': 0.7529466549629907, 'colsample_bytree': 0.915966232462442, 'colsample_bylevel': 0.8318397988787585, 'gamma': 4.00157681638452, 'reg_alpha': 0.5378541843575514, 'reg_lambda': 5.023993825433402}. Best is trial 346 with value: 0.2268659922189559.
[I 2024-09-20 04:21:15,965] Trial 352 finished with value: 0.23463893405822595 and parameters: {'n_estimators': 899, 'max_depth': 9, 'min_child_weight': 4, 'learning_rate': 0.29957955116210166, 'subsample': 0.7820938872371284, 'colsample_bytree': 0.9497254261028851, 'colsample_bylevel': 0.8511680025176893, 'gamma': 3.5691773879753503, 'reg_alpha': 0.5032057868530643, 'reg_lambda': 5.193985096742634}. Best is trial 346 with value: 0.2268659922189559.
[I 2024-09-20 04:22:12,162] Trial 353 finished with value: 0.23183755246526133 and parameters: {'n_estimators': 869, 'max_depth': 10, 'min_child_weight': 4, 'learning_rate': 0.2713373836484104, 'subsample': 0.7351238642771919, 'colsample_bytree': 0.9355914574488483, 'colsample_bylevel': 0.8402557391505254, 'gamma': 3.3566628455102956, 'reg_alpha': 0.5555633689045169, 'reg_lambda': 5.6521577831233785}. Best is trial 346 with value: 0.2268659922189559.
[I 2024-09-20 04:23:07,306] Trial 354 finished with value: 0.23642660642186547 and parameters: {'n_estimators': 796, 'max_depth': 10, 'min_child_weight': 4, 'learning_rate': 0.2718443108731322, 'subsample': 0.7651566206379807, 'colsample_bytree': 0.9452642415123383, 'colsample_bylevel': 0.808522696135152, 'gamma': 3.524941367281677, 'reg_alpha': 0.8656127871434197, 'reg_lambda': 5.436617216795305}. Best is trial 346 with value: 0.2268659922189559.
[I 2024-09-20 04:24:04,277] Trial 355 finished with value: 0.2317477656456422 and parameters: {'n_estimators': 841, 'max_depth': 10, 'min_child_weight': 4, 'learning_rate': 0.2817894236459108, 'subsample': 0.7953858930576497, 'colsample_bytree': 0.9560784087883569, 'colsample_bylevel': 0.6675788703483104, 'gamma': 3.714403943484359, 'reg_alpha': 0.5477572538244223, 'reg_lambda': 4.936634247120749}. Best is trial 346 with value: 0.2268659922189559.
[I 2024-09-20 04:25:16,269] Trial 356 finished with value: 0.23259525810038664 and parameters: {'n_estimators': 900, 'max_depth': 10, 'min_child_weight': 4, 'learning_rate': 0.2627960078116049, 'subsample': 0.7789053013738721, 'colsample_bytree': 0.9391724862818469, 'colsample_bylevel': 0.819506873956435, 'gamma': 3.2922395397082456, 'reg_alpha': 0.46443167372569166, 'reg_lambda': 5.288133979054239}. Best is trial 346 with value: 0.2268659922189559.
[I 2024-09-20 04:26:19,253] Trial 357 finished with value: 0.2312248863592392 and parameters: {'n_estimators': 815, 'max_depth': 10, 'min_child_weight': 4, 'learning_rate': 0.2996634857800114, 'subsample': 0.7692298569901967, 'colsample_bytree': 0.954132702708365, 'colsample_bylevel': 0.8494225210961766, 'gamma': 4.269562643828335, 'reg_alpha': 0.44272398312686845, 'reg_lambda': 1.211344822218512}. Best is trial 346 with value: 0.2268659922189559.
[I 2024-09-20 04:27:19,861] Trial 358 finished with value: 0.23088491837121192 and parameters: {'n_estimators': 865, 'max_depth': 10, 'min_child_weight': 5, 'learning_rate': 0.2680052620777135, 'subsample': 0.7552177703197079, 'colsample_bytree': 0.9235496655442549, 'colsample_bylevel': 0.8299421106845992, 'gamma': 3.420847718505979, 'reg_alpha': 0.49713115669787666, 'reg_lambda': 0.7142722216747983}. Best is trial 346 with value: 0.2268659922189559.
[I 2024-09-20 04:28:06,184] Trial 359 finished with value: 0.2509391014382655 and parameters: {'n_estimators': 877, 'max_depth': 7, 'min_child_weight': 4, 'learning_rate': 0.24490685306535287, 'subsample': 0.8053036481019543, 'colsample_bytree': 0.930739963978364, 'colsample_bylevel': 0.7131567866704898, 'gamma': 3.572611875536472, 'reg_alpha': 0.5695310044283115, 'reg_lambda': 0.9242490585293663}. Best is trial 346 with value: 0.2268659922189559.
[I 2024-09-20 04:29:03,145] Trial 360 finished with value: 0.23330439124362373 and parameters: {'n_estimators': 847, 'max_depth': 10, 'min_child_weight': 4, 'learning_rate': 0.2799380319282788, 'subsample': 0.7404119261570012, 'colsample_bytree': 0.9603590371634925, 'colsample_bylevel': 0.8568754380215489, 'gamma': 3.811403873416557, 'reg_alpha': 0.5270571629351665, 'reg_lambda': 1.890896272669249}. Best is trial 346 with value: 0.2268659922189559.
[I 2024-09-20 04:29:12,035] Trial 361 finished with value: 0.36221375195159244 and parameters: {'n_estimators': 92, 'max_depth': 10, 'min_child_weight': 4, 'learning_rate': 0.21581306605405237, 'subsample': 0.7877774717023411, 'colsample_bytree': 0.9480397930095865, 'colsample_bylevel': 0.7980634427261369, 'gamma': 3.19487609893714, 'reg_alpha': 0.5616117224382374, 'reg_lambda': 0.521019042539511}. Best is trial 346 with value: 0.2268659922189559.
[I 2024-09-20 04:30:10,311] Trial 362 finished with value: 0.23191516604831466 and parameters: {'n_estimators': 885, 'max_depth': 10, 'min_child_weight': 3, 'learning_rate': 0.2646935185771192, 'subsample': 0.7721761856146031, 'colsample_bytree': 0.8899918288720885, 'colsample_bylevel': 0.8442238902093475, 'gamma': 2.9577887442149478, 'reg_alpha': 0.5928569136654057, 'reg_lambda': 5.498559045452565}. Best is trial 346 with value: 0.2268659922189559.
[I 2024-09-20 04:31:10,872] Trial 363 finished with value: 0.23654651235696175 and parameters: {'n_estimators': 859, 'max_depth': 10, 'min_child_weight': 4, 'learning_rate': 0.23961275513086577, 'subsample': 0.8162350582532344, 'colsample_bytree': 0.8747599451386256, 'colsample_bylevel': 0.8588174881347659, 'gamma': 3.933438562668333, 'reg_alpha': 0.5396398460818042, 'reg_lambda': 4.801365968781187}. Best is trial 346 with value: 0.2268659922189559.
[I 2024-09-20 04:32:05,090] Trial 364 finished with value: 0.22930414455598092 and parameters: {'n_estimators': 830, 'max_depth': 10, 'min_child_weight': 3, 'learning_rate': 0.28458154685353354, 'subsample': 0.7607405819115312, 'colsample_bytree': 0.9738254615985606, 'colsample_bylevel': 0.8373486273317448, 'gamma': 3.4913065839315784, 'reg_alpha': 0.578652718167266, 'reg_lambda': 5.781480761230199}. Best is trial 346 with value: 0.2268659922189559.
[I 2024-09-20 04:33:00,527] Trial 365 finished with value: 0.23658749081991198 and parameters: {'n_estimators': 872, 'max_depth': 10, 'min_child_weight': 3, 'learning_rate': 0.26031110299569665, 'subsample': 0.7641530637745044, 'colsample_bytree': 0.9705264273216776, 'colsample_bylevel': 0.8248013431501081, 'gamma': 3.5120238595686994, 'reg_alpha': 0.5729020764424801, 'reg_lambda': 6.0083589444912935}. Best is trial 346 with value: 0.2268659922189559.
[I 2024-09-20 04:34:02,413] Trial 366 finished with value: 0.23025455445019896 and parameters: {'n_estimators': 900, 'max_depth': 10, 'min_child_weight': 3, 'learning_rate': 0.2818174191539943, 'subsample': 0.7814255056682987, 'colsample_bytree': 0.9075659405701713, 'colsample_bylevel': 0.8348767873969185, 'gamma': 3.429772603322502, 'reg_alpha': 0.548961361057101, 'reg_lambda': 5.738013096038083}. Best is trial 346 with value: 0.2268659922189559.
[I 2024-09-20 04:35:00,493] Trial 367 finished with value: 0.23638792662252542 and parameters: {'n_estimators': 900, 'max_depth': 10, 'min_child_weight': 3, 'learning_rate': 0.22887162011502693, 'subsample': 0.7821923327830423, 'colsample_bytree': 0.9228593026891347, 'colsample_bylevel': 0.8340000564201728, 'gamma': 3.3390667737179784, 'reg_alpha': 0.5257068180167616, 'reg_lambda': 5.7134283569384845}. Best is trial 346 with value: 0.2268659922189559.
[I 2024-09-20 04:35:57,145] Trial 368 finished with value: 0.22870466215132143 and parameters: {'n_estimators': 887, 'max_depth': 10, 'min_child_weight': 3, 'learning_rate': 0.2518631284444712, 'subsample': 0.7944359048547968, 'colsample_bytree': 0.9634741067437399, 'colsample_bylevel': 0.8163768927688356, 'gamma': 3.4651995638703736, 'reg_alpha': 0.4909001573840869, 'reg_lambda': 5.7176488275142985}. Best is trial 346 with value: 0.2268659922189559.
[I 2024-09-20 04:37:05,458] Trial 369 finished with value: 0.23020883817470922 and parameters: {'n_estimators': 900, 'max_depth': 10, 'min_child_weight': 3, 'learning_rate': 0.24764961015609466, 'subsample': 0.7934996571504788, 'colsample_bytree': 0.9037803878725383, 'colsample_bylevel': 0.8138186926036751, 'gamma': 3.42304431038611, 'reg_alpha': 0.5052282789105018, 'reg_lambda': 5.8504457392683955}. Best is trial 346 with value: 0.2268659922189559.
[I 2024-09-20 04:38:02,165] Trial 370 finished with value: 0.2387626237957408 and parameters: {'n_estimators': 888, 'max_depth': 10, 'min_child_weight': 3, 'learning_rate': 0.2282389975447949, 'subsample': 0.8039253595072324, 'colsample_bytree': 0.902165409946591, 'colsample_bylevel': 0.8042971943334073, 'gamma': 3.422644095072554, 'reg_alpha': 0.5032054657035574, 'reg_lambda': 6.028616016783232}. Best is trial 346 with value: 0.2268659922189559.
[I 2024-09-20 04:39:03,496] Trial 371 finished with value: 0.22974022606984215 and parameters: {'n_estimators': 900, 'max_depth': 10, 'min_child_weight': 3, 'learning_rate': 0.2476397540812728, 'subsample': 0.7960147028741933, 'colsample_bytree': 0.9059881038613979, 'colsample_bylevel': 0.8098667861204477, 'gamma': 3.273796038015267, 'reg_alpha': 0.48279824312549613, 'reg_lambda': 5.749674136606471}. Best is trial 346 with value: 0.2268659922189559.
[I 2024-09-20 04:40:01,511] Trial 372 finished with value: 0.2328577487842561 and parameters: {'n_estimators': 899, 'max_depth': 10, 'min_child_weight': 3, 'learning_rate': 0.24594508684463945, 'subsample': 0.7951914164862591, 'colsample_bytree': 0.8966588663027243, 'colsample_bylevel': 0.8136293390351008, 'gamma': 3.1527919380523253, 'reg_alpha': 0.49454312729156197, 'reg_lambda': 5.857749956217903}. Best is trial 346 with value: 0.2268659922189559.
[I 2024-09-20 04:40:57,192] Trial 373 finished with value: 0.24400085500467744 and parameters: {'n_estimators': 887, 'max_depth': 10, 'min_child_weight': 3, 'learning_rate': 0.1823826963306931, 'subsample': 0.7954629261744753, 'colsample_bytree': 0.9147750681832353, 'colsample_bylevel': 0.7959956881275209, 'gamma': 3.2541967483920877, 'reg_alpha': 0.4805280193326551, 'reg_lambda': 5.726066389015904}. Best is trial 346 with value: 0.2268659922189559.
[I 2024-09-20 04:41:30,658] Trial 374 finished with value: 0.26009335503098485 and parameters: {'n_estimators': 900, 'max_depth': 5, 'min_child_weight': 3, 'learning_rate': 0.2528226318934861, 'subsample': 0.7902384302249993, 'colsample_bytree': 0.9051389656181457, 'colsample_bylevel': 0.8105030463608164, 'gamma': 3.313546193923124, 'reg_alpha': 0.5131828743171478, 'reg_lambda': 5.862532706373104}. Best is trial 346 with value: 0.2268659922189559.
[I 2024-09-20 04:42:36,235] Trial 375 finished with value: 0.23711759937646804 and parameters: {'n_estimators': 900, 'max_depth': 10, 'min_child_weight': 3, 'learning_rate': 0.20899931582429554, 'subsample': 0.8012625468676972, 'colsample_bytree': 0.8902138400524428, 'colsample_bylevel': 0.7868879496242085, 'gamma': 3.4114648077465324, 'reg_alpha': 0.5405378200841756, 'reg_lambda': 5.736866203857467}. Best is trial 346 with value: 0.2268659922189559.
[I 2024-09-20 04:43:32,983] Trial 376 finished with value: 0.2349605060017333 and parameters: {'n_estimators': 884, 'max_depth': 10, 'min_child_weight': 3, 'learning_rate': 0.23992588041506077, 'subsample': 0.7860866784012346, 'colsample_bytree': 0.9147577058301676, 'colsample_bylevel': 0.8125773990417641, 'gamma': 3.088940465449454, 'reg_alpha': 0.5092948514281643, 'reg_lambda': 5.581939540311382}. Best is trial 346 with value: 0.2268659922189559.
[I 2024-09-20 04:44:33,861] Trial 377 finished with value: 0.23125227616384594 and parameters: {'n_estimators': 884, 'max_depth': 10, 'min_child_weight': 3, 'learning_rate': 0.26733927303038746, 'subsample': 0.804952915093156, 'colsample_bytree': 0.9069516997833738, 'colsample_bylevel': 0.82024925193475, 'gamma': 3.26437336706319, 'reg_alpha': 0.5260371624576717, 'reg_lambda': 5.944358140198643}. Best is trial 346 with value: 0.2268659922189559.
[I 2024-09-20 04:45:23,011] Trial 378 finished with value: 0.27402642323005555 and parameters: {'n_estimators': 873, 'max_depth': 10, 'min_child_weight': 3, 'learning_rate': 0.09718306338450969, 'subsample': 0.810716662267937, 'colsample_bytree': 0.9004837621994576, 'colsample_bylevel': 0.5259770033498843, 'gamma': 3.5320284795787007, 'reg_alpha': 0.545550627441849, 'reg_lambda': 5.456846913301847}. Best is trial 346 with value: 0.2268659922189559.
[I 2024-09-20 04:46:19,246] Trial 379 finished with value: 0.2318979650994383 and parameters: {'n_estimators': 886, 'max_depth': 10, 'min_child_weight': 3, 'learning_rate': 0.2553315643436752, 'subsample': 0.7977217891629247, 'colsample_bytree': 0.8831114854491761, 'colsample_bylevel': 0.8208445536163457, 'gamma': 3.373536826158356, 'reg_alpha': 0.5626224732260868, 'reg_lambda': 5.845154309543087}. Best is trial 346 with value: 0.2268659922189559.
[I 2024-09-20 04:47:24,647] Trial 380 finished with value: 0.249942896936893 and parameters: {'n_estimators': 900, 'max_depth': 10, 'min_child_weight': 3, 'learning_rate': 0.28208944511757816, 'subsample': 0.7819090683145502, 'colsample_bytree': 0.8479098504320359, 'colsample_bylevel': 0.8027765732987912, 'gamma': 3.6096070337885062, 'reg_alpha': 0.4829684416955569, 'reg_lambda': 6.269112552208731}. Best is trial 346 with value: 0.2268659922189559.
[I 2024-09-20 04:48:22,260] Trial 381 finished with value: 0.23731038822134026 and parameters: {'n_estimators': 869, 'max_depth': 10, 'min_child_weight': 3, 'learning_rate': 0.23779629615806225, 'subsample': 0.7897427242317548, 'colsample_bytree': 0.9146847903289599, 'colsample_bylevel': 0.7956673099894391, 'gamma': 3.191122723171322, 'reg_alpha': 0.5223256342976261, 'reg_lambda': 5.576991224973772}. Best is trial 346 with value: 0.2268659922189559.
[I 2024-09-20 04:49:27,240] Trial 382 finished with value: 0.23099716193859088 and parameters: {'n_estimators': 870, 'max_depth': 10, 'min_child_weight': 3, 'learning_rate': 0.2662605042478865, 'subsample': 0.7753783228224445, 'colsample_bytree': 0.8916047507122158, 'colsample_bylevel': 0.8267494511734522, 'gamma': 3.4699460770389763, 'reg_alpha': 0.5449316648771954, 'reg_lambda': 6.373196514177286}. Best is trial 346 with value: 0.2268659922189559.
[I 2024-09-20 04:50:19,541] Trial 383 finished with value: 0.23714047359453644 and parameters: {'n_estimators': 900, 'max_depth': 9, 'min_child_weight': 3, 'learning_rate': 0.22333665861760754, 'subsample': 0.8121343689553007, 'colsample_bytree': 0.9033238592239924, 'colsample_bylevel': 0.8113067125235023, 'gamma': 3.629716649875928, 'reg_alpha': 0.5585659999109929, 'reg_lambda': 5.295291881334561}. Best is trial 346 with value: 0.2268659922189559.
