[I 2024-09-20 12:45:58,524] Trial 912 finished with value: 0.2602451980175346 and parameters: {'n_estimators': 850, 'max_depth': 10, 'min_child_weight': 7, 'learning_rate': 0.12983104911317978, 'subsample': 0.8262687721582497, 'colsample_bytree': 0.8749267511218959, 'colsample_bylevel': 0.8766107041931708, 'gamma': 2.9328067523451664, 'reg_alpha': 0.48019402584682175, 'reg_lambda': 7.9489042246462125}. Best is trial 663 with value: 0.22514420173203087.
[I 2024-09-20 12:46:43,450] Trial 913 finished with value: 0.23293948327538452 and parameters: {'n_estimators': 815, 'max_depth': 10, 'min_child_weight': 8, 'learning_rate': 0.2636051254773016, 'subsample': 0.8068730285149316, 'colsample_bytree': 0.9501439690861316, 'colsample_bylevel': 0.8558113374573311, 'gamma': 2.787680928033655, 'reg_alpha': 0.5049903350500689, 'reg_lambda': 6.056240744364019}. Best is trial 663 with value: 0.22514420173203087.
[I 2024-09-20 12:47:32,884] Trial 914 finished with value: 0.22914897806782664 and parameters: {'n_estimators': 870, 'max_depth': 10, 'min_child_weight': 8, 'learning_rate': 0.28290852949137985, 'subsample': 0.7906616210161772, 'colsample_bytree': 0.9264378312261425, 'colsample_bylevel': 0.8551346397062674, 'gamma': 3.0309590779407887, 'reg_alpha': 0.5249001129798704, 'reg_lambda': 5.854335716406835}. Best is trial 663 with value: 0.22514420173203087.
[I 2024-09-20 12:48:18,698] Trial 915 finished with value: 0.23119371421314633 and parameters: {'n_estimators': 874, 'max_depth': 10, 'min_child_weight': 8, 'learning_rate': 0.26077692591780627, 'subsample': 0.7973278981869464, 'colsample_bytree': 0.9170241493328384, 'colsample_bylevel': 0.8510089060593007, 'gamma': 2.957774773186273, 'reg_alpha': 0.5246093930903092, 'reg_lambda': 6.03498327332022}. Best is trial 663 with value: 0.22514420173203087.
[I 2024-09-20 12:49:24,233] Trial 916 finished with value: 0.2323247618074201 and parameters: {'n_estimators': 887, 'max_depth': 10, 'min_child_weight': 8, 'learning_rate': 0.24668259394032196, 'subsample': 0.8073866488637068, 'colsample_bytree': 0.9059361249050227, 'colsample_bylevel': 0.8673715148621876, 'gamma': 3.109310459529346, 'reg_alpha': 0.5342100675136574, 'reg_lambda': 6.346409061445101}. Best is trial 663 with value: 0.22514420173203087.
[I 2024-09-20 12:50:15,460] Trial 917 finished with value: 0.23159433205630436 and parameters: {'n_estimators': 863, 'max_depth': 10, 'min_child_weight': 2, 'learning_rate': 0.26028605085076717, 'subsample': 0.7888738245065547, 'colsample_bytree': 0.9298179365417342, 'colsample_bylevel': 0.8396917921815088, 'gamma': 3.008233451328934, 'reg_alpha': 0.5365599999857871, 'reg_lambda': 6.180439152131068}. Best is trial 663 with value: 0.22514420173203087.
[I 2024-09-20 12:50:36,994] Trial 918 finished with value: 0.3263173717764455 and parameters: {'n_estimators': 377, 'max_depth': 10, 'min_child_weight': 8, 'learning_rate': 0.09949361929202043, 'subsample': 0.7966307910912143, 'colsample_bytree': 0.923540617478171, 'colsample_bylevel': 0.8906344172205942, 'gamma': 3.08713029630368, 'reg_alpha': 0.5162843552792176, 'reg_lambda': 5.9938133351514855}. Best is trial 663 with value: 0.22514420173203087.
[I 2024-09-20 12:51:43,002] Trial 919 finished with value: 0.23794786954829 and parameters: {'n_estimators': 885, 'max_depth': 10, 'min_child_weight': 7, 'learning_rate': 0.23607821247414604, 'subsample': 0.8130764846862603, 'colsample_bytree': 0.9132986006207494, 'colsample_bylevel': 0.8536210932197695, 'gamma': 3.035680838069347, 'reg_alpha': 0.5427163023243439, 'reg_lambda': 7.742432845357193}. Best is trial 663 with value: 0.22514420173203087.
[I 2024-09-20 12:52:32,188] Trial 920 finished with value: 0.2283114294938176 and parameters: {'n_estimators': 875, 'max_depth': 10, 'min_child_weight': 7, 'learning_rate': 0.2710373597406721, 'subsample': 0.7881218867855755, 'colsample_bytree': 0.9010292801298813, 'colsample_bylevel': 0.9088438664259265, 'gamma': 3.163915196755152, 'reg_alpha': 0.5061776428937437, 'reg_lambda': 5.815754642855364}. Best is trial 663 with value: 0.22514420173203087.
[I 2024-09-20 12:53:11,110] Trial 921 finished with value: 0.25788964532863845 and parameters: {'n_estimators': 888, 'max_depth': 6, 'min_child_weight': 8, 'learning_rate': 0.28231740297501656, 'subsample': 0.7988940714791418, 'colsample_bytree': 0.8904837458424691, 'colsample_bylevel': 0.9080475316945195, 'gamma': 3.219079543978762, 'reg_alpha': 0.5016699758772558, 'reg_lambda': 5.870388925867362}. Best is trial 663 with value: 0.22514420173203087.
[I 2024-09-20 12:54:21,701] Trial 922 finished with value: 0.2346402903426222 and parameters: {'n_estimators': 873, 'max_depth': 9, 'min_child_weight': 7, 'learning_rate': 0.2814533931140332, 'subsample': 0.8078871120475564, 'colsample_bytree': 0.8982188288015114, 'colsample_bylevel': 0.9208826270373358, 'gamma': 2.894655443408699, 'reg_alpha': 0.4754704939558323, 'reg_lambda': 5.804147905077189}. Best is trial 663 with value: 0.22514420173203087.
[I 2024-09-20 12:55:25,682] Trial 923 finished with value: 0.23171680539762557 and parameters: {'n_estimators': 887, 'max_depth': 10, 'min_child_weight': 6, 'learning_rate': 0.2681936440175376, 'subsample': 0.8218321941610489, 'colsample_bytree': 0.8822157042809636, 'colsample_bylevel': 0.9317489256669444, 'gamma': 3.0480393321112955, 'reg_alpha': 0.4983265011507979, 'reg_lambda': 5.654299157414031}. Best is trial 663 with value: 0.22514420173203087.
[I 2024-09-20 12:56:17,008] Trial 924 finished with value: 0.22794308886085762 and parameters: {'n_estimators': 900, 'max_depth': 10, 'min_child_weight': 8, 'learning_rate': 0.28233823839653194, 'subsample': 0.7933066270248107, 'colsample_bytree': 0.9042744286420847, 'colsample_bylevel': 0.9055641720166011, 'gamma': 3.1422890188840236, 'reg_alpha': 0.4572130355305677, 'reg_lambda': 5.7756763137965175}. Best is trial 663 with value: 0.22514420173203087.
[I 2024-09-20 12:57:30,372] Trial 925 finished with value: 0.23075609547619416 and parameters: {'n_estimators': 892, 'max_depth': 10, 'min_child_weight': 8, 'learning_rate': 0.2655898776597359, 'subsample': 0.8036861413507982, 'colsample_bytree': 0.89198537895657, 'colsample_bylevel': 0.9124542252013074, 'gamma': 3.1452047425162477, 'reg_alpha': 0.4511324234606349, 'reg_lambda': 5.5254532271092165}. Best is trial 663 with value: 0.22514420173203087.
[I 2024-09-20 12:58:22,040] Trial 926 finished with value: 0.23269457637464047 and parameters: {'n_estimators': 900, 'max_depth': 10, 'min_child_weight': 6, 'learning_rate': 0.24817867967391405, 'subsample': 0.8369781615320797, 'colsample_bytree': 0.903342656065096, 'colsample_bylevel': 0.9072136138517265, 'gamma': 3.1724036636100204, 'reg_alpha': 0.4546547488854336, 'reg_lambda': 5.541359041387786}. Best is trial 663 with value: 0.22514420173203087.
[I 2024-09-20 12:59:29,531] Trial 927 finished with value: 0.22598236985562078 and parameters: {'n_estimators': 900, 'max_depth': 10, 'min_child_weight': 7, 'learning_rate': 0.28301159667601916, 'subsample': 0.8149504882177732, 'colsample_bytree': 0.8956472147178443, 'colsample_bylevel': 0.9179181520934429, 'gamma': 3.1248516871474274, 'reg_alpha': 0.4441474790389014, 'reg_lambda': 5.6683443497541495}. Best is trial 663 with value: 0.22514420173203087.
[I 2024-09-20 13:00:22,896] Trial 928 finished with value: 0.23342033262352285 and parameters: {'n_estimators': 899, 'max_depth': 10, 'min_child_weight': 7, 'learning_rate': 0.2822041959573589, 'subsample': 0.8176757228155166, 'colsample_bytree': 0.8957307585745116, 'colsample_bylevel': 0.9212634656770159, 'gamma': 2.921007593793189, 'reg_alpha': 0.4415391302251712, 'reg_lambda': 4.5583800985029885}. Best is trial 663 with value: 0.22514420173203087.
[I 2024-09-20 13:01:11,169] Trial 929 finished with value: 0.23434126064716945 and parameters: {'n_estimators': 885, 'max_depth': 10, 'min_child_weight': 7, 'learning_rate': 0.29966491703090326, 'subsample': 0.8224244492769299, 'colsample_bytree': 0.8854492332100048, 'colsample_bylevel': 0.910440690909452, 'gamma': 3.103687173327792, 'reg_alpha': 0.4389472776247949, 'reg_lambda': 4.357272084770844}. Best is trial 663 with value: 0.22514420173203087.
[I 2024-09-20 13:01:59,761] Trial 930 finished with value: 0.2329598722062542 and parameters: {'n_estimators': 886, 'max_depth': 10, 'min_child_weight': 8, 'learning_rate': 0.29989464691587847, 'subsample': 0.8127515719261122, 'colsample_bytree': 0.882526529691167, 'colsample_bylevel': 0.9249235727652262, 'gamma': 3.1940553229177597, 'reg_alpha': 0.4651795586411336, 'reg_lambda': 4.421593997068923}. Best is trial 663 with value: 0.22514420173203087.
[I 2024-09-20 13:02:46,815] Trial 931 finished with value: 0.24049426614603994 and parameters: {'n_estimators': 873, 'max_depth': 10, 'min_child_weight': 7, 'learning_rate': 0.2657611036480561, 'subsample': 0.8320304002873733, 'colsample_bytree': 0.8934970208421497, 'colsample_bylevel': 0.9319620673364575, 'gamma': 3.080314555546628, 'reg_alpha': 0.45330602190752406, 'reg_lambda': 5.751165240585325}. Best is trial 663 with value: 0.22514420173203087.
[I 2024-09-20 13:03:32,278] Trial 932 finished with value: 0.23453327797083703 and parameters: {'n_estimators': 900, 'max_depth': 10, 'min_child_weight': 7, 'learning_rate': 0.23778891217067802, 'subsample': 0.8290315815464102, 'colsample_bytree': 0.8952187593616905, 'colsample_bylevel': 0.9172376369135559, 'gamma': 3.070048351488286, 'reg_alpha': 0.42644269022439163, 'reg_lambda': 5.848714064914199}. Best is trial 663 with value: 0.22514420173203087.
[I 2024-09-20 13:04:35,080] Trial 933 finished with value: 0.2284246067768385 and parameters: {'n_estimators': 877, 'max_depth': 10, 'min_child_weight': 7, 'learning_rate': 0.26990042569115785, 'subsample': 0.8130003928315634, 'colsample_bytree': 0.8991516256242115, 'colsample_bylevel': 0.9127477557014834, 'gamma': 3.079297539722781, 'reg_alpha': 0.47859530960010344, 'reg_lambda': 4.634648534007972}. Best is trial 663 with value: 0.22514420173203087.
[I 2024-09-20 13:05:22,599] Trial 934 finished with value: 0.23339341763369728 and parameters: {'n_estimators': 899, 'max_depth': 10, 'min_child_weight': 7, 'learning_rate': 0.2812772693730579, 'subsample': 0.8194763072653224, 'colsample_bytree': 0.8775794390541816, 'colsample_bylevel': 0.9161806097626166, 'gamma': 3.122558586928063, 'reg_alpha': 0.4774367399911073, 'reg_lambda': 4.595730245374091}. Best is trial 663 with value: 0.22514420173203087.
[I 2024-09-20 13:06:09,988] Trial 935 finished with value: 0.23007104386786076 and parameters: {'n_estimators': 877, 'max_depth': 10, 'min_child_weight': 7, 'learning_rate': 0.27164326220442114, 'subsample': 0.8163960839077303, 'colsample_bytree': 0.8977716187434397, 'colsample_bylevel': 0.9035466356554219, 'gamma': 2.831862082878096, 'reg_alpha': 0.45335941979953204, 'reg_lambda': 4.278621994053922}. Best is trial 663 with value: 0.22514420173203087.
[I 2024-09-20 13:06:58,159] Trial 936 finished with value: 0.23359451110065396 and parameters: {'n_estimators': 900, 'max_depth': 10, 'min_child_weight': 8, 'learning_rate': 0.2543094369978712, 'subsample': 0.8271170236264789, 'colsample_bytree': 0.8846398305744994, 'colsample_bylevel': 0.9356762806021688, 'gamma': 2.9687940357457134, 'reg_alpha': 0.4353066383708822, 'reg_lambda': 4.496653246726123}. Best is trial 663 with value: 0.22514420173203087.
[I 2024-09-20 13:07:44,197] Trial 937 finished with value: 0.2323987732329149 and parameters: {'n_estimators': 885, 'max_depth': 9, 'min_child_weight': 7, 'learning_rate': 0.2818730548561657, 'subsample': 0.810867119481109, 'colsample_bytree': 0.9031738402123007, 'colsample_bylevel': 0.9422914479962624, 'gamma': 3.171730776927741, 'reg_alpha': 0.47600568234060714, 'reg_lambda': 4.537727714508092}. Best is trial 663 with value: 0.22514420173203087.
[I 2024-09-20 13:08:32,301] Trial 938 finished with value: 0.2299830277492832 and parameters: {'n_estimators': 900, 'max_depth': 10, 'min_child_weight': 7, 'learning_rate': 0.2749471974049212, 'subsample': 0.8075038223852097, 'colsample_bytree': 0.8997428376391817, 'colsample_bylevel': 0.9042842095716714, 'gamma': 3.006450738788216, 'reg_alpha': 0.4577705547134661, 'reg_lambda': 4.342173229753023}. Best is trial 663 with value: 0.22514420173203087.
[I 2024-09-20 13:09:36,362] Trial 939 finished with value: 0.23561062642954358 and parameters: {'n_estimators': 874, 'max_depth': 10, 'min_child_weight': 7, 'learning_rate': 0.24998770749812088, 'subsample': 0.8259600905969741, 'colsample_bytree': 0.8735601646306874, 'colsample_bylevel': 0.9180590058570712, 'gamma': 3.114583672919106, 'reg_alpha': 0.41685261262657175, 'reg_lambda': 4.792935867979458}. Best is trial 663 with value: 0.22514420173203087.
[I 2024-09-20 13:10:24,716] Trial 940 finished with value: 0.2345526361938138 and parameters: {'n_estimators': 874, 'max_depth': 10, 'min_child_weight': 7, 'learning_rate': 0.2999924623017567, 'subsample': 0.8401412644499915, 'colsample_bytree': 0.9055677268909871, 'colsample_bylevel': 0.9080698604353307, 'gamma': 3.1715124257155267, 'reg_alpha': 0.4828770928723038, 'reg_lambda': 4.624702588286951}. Best is trial 663 with value: 0.22514420173203087.
[I 2024-09-20 13:11:15,887] Trial 941 finished with value: 0.2324478233992222 and parameters: {'n_estimators': 900, 'max_depth': 10, 'min_child_weight': 6, 'learning_rate': 0.269478306022976, 'subsample': 0.8182327685773652, 'colsample_bytree': 0.8851442383762054, 'colsample_bylevel': 0.9266386548008106, 'gamma': 2.966426616976492, 'reg_alpha': 0.4279919716884231, 'reg_lambda': 4.678976162294383}. Best is trial 663 with value: 0.22514420173203087.
[I 2024-09-20 13:12:05,368] Trial 942 finished with value: 0.23285153124363628 and parameters: {'n_estimators': 876, 'max_depth': 10, 'min_child_weight': 7, 'learning_rate': 0.2996411283693285, 'subsample': 0.8083998816654252, 'colsample_bytree': 0.8914272237034853, 'colsample_bylevel': 0.9016099993999671, 'gamma': 3.205126330905966, 'reg_alpha': 0.4671897572752122, 'reg_lambda': 4.755082119662244}. Best is trial 663 with value: 0.22514420173203087.
[I 2024-09-20 13:12:54,519] Trial 943 finished with value: 0.22977717215926932 and parameters: {'n_estimators': 861, 'max_depth': 10, 'min_child_weight': 7, 'learning_rate': 0.2655272216659219, 'subsample': 0.8354418032817225, 'colsample_bytree': 0.8968135126572925, 'colsample_bylevel': 0.9200690458151075, 'gamma': 3.086720022779359, 'reg_alpha': 0.44461698428155105, 'reg_lambda': 4.368951152347703}. Best is trial 663 with value: 0.22514420173203087.
[I 2024-09-20 13:13:50,548] Trial 944 finished with value: 0.22688110441048776 and parameters: {'n_estimators': 877, 'max_depth': 10, 'min_child_weight': 7, 'learning_rate': 0.28530893261868195, 'subsample': 0.853546283261602, 'colsample_bytree': 0.9070958111795144, 'colsample_bylevel': 0.9014145065662265, 'gamma': 2.8788113427112703, 'reg_alpha': 0.4889802152344942, 'reg_lambda': 4.806253033013482}. Best is trial 663 with value: 0.22514420173203087.
[I 2024-09-20 13:15:06,680] Trial 945 finished with value: 0.23547217070493942 and parameters: {'n_estimators': 860, 'max_depth': 10, 'min_child_weight': 7, 'learning_rate': 0.23340040209699167, 'subsample': 0.8625580873603845, 'colsample_bytree': 0.9043694802173654, 'colsample_bylevel': 0.9115657417830094, 'gamma': 2.8248639343434263, 'reg_alpha': 0.4427500627298316, 'reg_lambda': 4.872418959756134}. Best is trial 663 with value: 0.22514420173203087.
[I 2024-09-20 13:16:15,458] Trial 946 finished with value: 0.23903309144972576 and parameters: {'n_estimators': 862, 'max_depth': 10, 'min_child_weight': 8, 'learning_rate': 0.24907560925428565, 'subsample': 0.8497885097103888, 'colsample_bytree': 0.8707519292948822, 'colsample_bylevel': 0.8996844516570999, 'gamma': 2.6705376313864058, 'reg_alpha': 0.4677329031950578, 'reg_lambda': 4.986003082780781}. Best is trial 663 with value: 0.22514420173203087.
[I 2024-09-20 13:17:08,092] Trial 947 finished with value: 0.23011332846779217 and parameters: {'n_estimators': 868, 'max_depth': 10, 'min_child_weight': 7, 'learning_rate': 0.2564003508712822, 'subsample': 0.8028287623588932, 'colsample_bytree': 0.8909622583434044, 'colsample_bylevel': 0.9117794817010632, 'gamma': 2.8679066388659025, 'reg_alpha': 0.48633794207223, 'reg_lambda': 4.801292778704842}. Best is trial 663 with value: 0.22514420173203087.
[I 2024-09-20 13:17:57,250] Trial 948 finished with value: 0.2340788235105602 and parameters: {'n_estimators': 853, 'max_depth': 10, 'min_child_weight': 7, 'learning_rate': 0.27953364040127066, 'subsample': 0.8575475996606423, 'colsample_bytree': 0.9028374860244289, 'colsample_bylevel': 0.9278678509128442, 'gamma': 2.8757032312148, 'reg_alpha': 0.42360588560869866, 'reg_lambda': 5.083345449383369}. Best is trial 663 with value: 0.22514420173203087.
[I 2024-09-20 13:18:48,606] Trial 949 finished with value: 0.2386248914329357 and parameters: {'n_estimators': 884, 'max_depth': 10, 'min_child_weight': 7, 'learning_rate': 0.22318380712793975, 'subsample': 0.870718185792083, 'colsample_bytree': 0.8911628339651837, 'colsample_bylevel': 0.8993010123936109, 'gamma': 2.735610485772533, 'reg_alpha': 0.40003591032331287, 'reg_lambda': 5.677970094789979}. Best is trial 663 with value: 0.22514420173203087.
[I 2024-09-20 13:19:37,769] Trial 950 finished with value: 0.2317663530926226 and parameters: {'n_estimators': 874, 'max_depth': 10, 'min_child_weight': 7, 'learning_rate': 0.2670934147270707, 'subsample': 0.8418403912294924, 'colsample_bytree': 0.9086235651881256, 'colsample_bylevel': 0.922679355341361, 'gamma': 2.9687903086810086, 'reg_alpha': 0.4523071641335511, 'reg_lambda': 4.971996640513651}. Best is trial 663 with value: 0.22514420173203087.
[I 2024-09-20 13:20:42,902] Trial 951 finished with value: 0.2349051585841438 and parameters: {'n_estimators': 851, 'max_depth': 10, 'min_child_weight': 7, 'learning_rate': 0.24436211407560937, 'subsample': 0.8534157359704194, 'colsample_bytree': 0.8844077789427746, 'colsample_bylevel': 0.911232372502637, 'gamma': 2.6215114806131767, 'reg_alpha': 0.4831357941162728, 'reg_lambda': 5.955836059838149}. Best is trial 663 with value: 0.22514420173203087.
[I 2024-09-20 13:21:32,928] Trial 952 finished with value: 0.2305144119895733 and parameters: {'n_estimators': 881, 'max_depth': 10, 'min_child_weight': 7, 'learning_rate': 0.28277326525707247, 'subsample': 0.838400010072441, 'colsample_bytree': 0.8998458280960875, 'colsample_bylevel': 0.8988123071128225, 'gamma': 2.953559668473894, 'reg_alpha': 0.4514514388349717, 'reg_lambda': 4.805286294944965}. Best is trial 663 with value: 0.22514420173203087.
[I 2024-09-20 13:22:21,260] Trial 953 finished with value: 0.23358935670591344 and parameters: {'n_estimators': 865, 'max_depth': 10, 'min_child_weight': 7, 'learning_rate': 0.26026605834610494, 'subsample': 0.8533966623308354, 'colsample_bytree': 0.9092404913857175, 'colsample_bylevel': 0.9428928220952981, 'gamma': 2.8248291620230663, 'reg_alpha': 0.41910413200001106, 'reg_lambda': 5.488288176503305}. Best is trial 663 with value: 0.22514420173203087.
[I 2024-09-20 13:23:09,196] Trial 954 finished with value: 0.23819252563587562 and parameters: {'n_estimators': 846, 'max_depth': 10, 'min_child_weight': 7, 'learning_rate': 0.2795554825318894, 'subsample': 0.8464038055815571, 'colsample_bytree': 0.8707048676078328, 'colsample_bylevel': 0.9162216042285575, 'gamma': 2.7711118369664045, 'reg_alpha': 0.4706878820176708, 'reg_lambda': 5.230112756317833}. Best is trial 663 with value: 0.22514420173203087.
[I 2024-09-20 13:23:58,077] Trial 955 finished with value: 0.23469230650696132 and parameters: {'n_estimators': 883, 'max_depth': 10, 'min_child_weight': 7, 'learning_rate': 0.23339469708086955, 'subsample': 0.8021292127526808, 'colsample_bytree': 0.9082422846305647, 'colsample_bylevel': 0.9316827929742211, 'gamma': 3.0739489760022747, 'reg_alpha': 0.4969678416016973, 'reg_lambda': 5.668927670771609}. Best is trial 663 with value: 0.22514420173203087.
[I 2024-09-20 13:24:42,492] Trial 956 finished with value: 0.339731629849837 and parameters: {'n_estimators': 861, 'max_depth': 10, 'min_child_weight': 7, 'learning_rate': 0.03663882673192101, 'subsample': 0.7964698967075711, 'colsample_bytree': 0.8889266772834373, 'colsample_bylevel': 0.9051121033053118, 'gamma': 2.943432060723036, 'reg_alpha': 0.4370304221101886, 'reg_lambda': 5.102530084179674}. Best is trial 663 with value: 0.22514420173203087.
[I 2024-09-20 13:25:53,763] Trial 957 finished with value: 0.232088854986143 and parameters: {'n_estimators': 880, 'max_depth': 10, 'min_child_weight': 7, 'learning_rate': 0.2512838083949275, 'subsample': 0.8497722479099783, 'colsample_bytree': 0.8993253344775218, 'colsample_bylevel': 0.8970917393166565, 'gamma': 3.1807333464377376, 'reg_alpha': 0.46538456661638966, 'reg_lambda': 4.640986545241161}. Best is trial 663 with value: 0.22514420173203087.
[I 2024-09-20 13:26:35,806] Trial 958 finished with value: 0.2546683443508357 and parameters: {'n_estimators': 850, 'max_depth': 7, 'min_child_weight': 6, 'learning_rate': 0.2821868535738953, 'subsample': 0.8594355024868268, 'colsample_bytree': 0.9094928080809292, 'colsample_bylevel': 0.9214360480928002, 'gamma': 3.1109463448938457, 'reg_alpha': 0.40009912769823885, 'reg_lambda': 5.963359904646592}. Best is trial 663 with value: 0.22514420173203087.
[I 2024-09-20 13:27:27,174] Trial 959 finished with value: 0.2347536185567869 and parameters: {'n_estimators': 885, 'max_depth': 10, 'min_child_weight': 7, 'learning_rate': 0.2666594932127164, 'subsample': 0.8131663954556191, 'colsample_bytree': 0.8796184413748706, 'colsample_bylevel': 0.9100933933463863, 'gamma': 3.014235431817798, 'reg_alpha': 0.4920105015521425, 'reg_lambda': 5.378170275319212}. Best is trial 663 with value: 0.22514420173203087.
