[I 2024-09-20 11:38:17,449] Trial 816 finished with value: 0.2338813577052831 and parameters: {'n_estimators': 861, 'max_depth': 10, 'min_child_weight': 10, 'learning_rate': 0.23362698541948979, 'subsample': 0.7944446689948155, 'colsample_bytree': 0.9307727469693838, 'colsample_bylevel': 0.8656791744504535, 'gamma': 3.3235619123234343, 'reg_alpha': 0.5125665937676583, 'reg_lambda': 5.839895068751636}. Best is trial 663 with value: 0.22514420173203087.
[I 2024-09-20 11:39:01,458] Trial 817 finished with value: 0.42676159790108625 and parameters: {'n_estimators': 882, 'max_depth': 10, 'min_child_weight': 9, 'learning_rate': 0.01059634529974986, 'subsample': 0.7456306800309082, 'colsample_bytree': 0.9517831776106743, 'colsample_bylevel': 0.958311570128404, 'gamma': 3.4922517552659924, 'reg_alpha': 0.39076611616896384, 'reg_lambda': 8.857490326904038}. Best is trial 663 with value: 0.22514420173203087.
[I 2024-09-20 11:39:41,753] Trial 818 finished with value: 0.23243150025914633 and parameters: {'n_estimators': 843, 'max_depth': 9, 'min_child_weight': 8, 'learning_rate': 0.29993390736542913, 'subsample': 0.785273142311065, 'colsample_bytree': 0.8188537985674029, 'colsample_bylevel': 0.8904733547892343, 'gamma': 3.659543037375031, 'reg_alpha': 0.46023113757459977, 'reg_lambda': 5.170364179001986}. Best is trial 663 with value: 0.22514420173203087.
[I 2024-09-20 11:40:24,220] Trial 819 finished with value: 0.23720314328652523 and parameters: {'n_estimators': 876, 'max_depth': 10, 'min_child_weight': 2, 'learning_rate': 0.25811050528908075, 'subsample': 0.6279261416436386, 'colsample_bytree': 0.713900580407076, 'colsample_bylevel': 0.8809842565020594, 'gamma': 3.4137968882026164, 'reg_alpha': 0.4317464338796519, 'reg_lambda': 4.661552275352273}. Best is trial 663 with value: 0.22514420173203087.
[I 2024-09-20 11:41:00,636] Trial 820 finished with value: 0.22926397166157297 and parameters: {'n_estimators': 806, 'max_depth': 10, 'min_child_weight': 10, 'learning_rate': 0.2996357653378237, 'subsample': 0.7686861613813607, 'colsample_bytree': 0.9665750253152163, 'colsample_bylevel': 0.8581822231121898, 'gamma': 3.0090489613140683, 'reg_alpha': 0.4901686564833209, 'reg_lambda': 5.609613928465056}. Best is trial 663 with value: 0.22514420173203087.
[I 2024-09-20 11:41:35,752] Trial 821 finished with value: 0.2351889251185278 and parameters: {'n_estimators': 792, 'max_depth': 10, 'min_child_weight': 10, 'learning_rate': 0.29886295559051895, 'subsample': 0.7578027270000008, 'colsample_bytree': 0.9656089537771718, 'colsample_bylevel': 0.8641710982242851, 'gamma': 3.108512922534099, 'reg_alpha': 0.49239425623071237, 'reg_lambda': 5.644856840048417}. Best is trial 663 with value: 0.22514420173203087.
[I 2024-09-20 11:42:10,053] Trial 822 finished with value: 0.2371910421435067 and parameters: {'n_estimators': 759, 'max_depth': 10, 'min_child_weight': 10, 'learning_rate': 0.29960722881213814, 'subsample': 0.7666856553991567, 'colsample_bytree': 0.9607406832649842, 'colsample_bylevel': 0.8556546518370758, 'gamma': 3.1650971753379773, 'reg_alpha': 0.46917197958046875, 'reg_lambda': 5.902618827576333}. Best is trial 663 with value: 0.22514420173203087.
[I 2024-09-20 11:42:50,920] Trial 823 finished with value: 0.24474756405984657 and parameters: {'n_estimators': 802, 'max_depth': 7, 'min_child_weight': 10, 'learning_rate': 0.29971486810644454, 'subsample': 0.7511850438763409, 'colsample_bytree': 0.9590048846352038, 'colsample_bylevel': 0.8667025245761258, 'gamma': 2.9798312722381928, 'reg_alpha': 0.4440293958452919, 'reg_lambda': 5.59346785275984}. Best is trial 663 with value: 0.22514420173203087.
[I 2024-09-20 11:43:26,352] Trial 824 finished with value: 0.233411752490679 and parameters: {'n_estimators': 809, 'max_depth': 10, 'min_child_weight': 10, 'learning_rate': 0.28157246303259365, 'subsample': 0.7647678142346105, 'colsample_bytree': 0.968880769516446, 'colsample_bylevel': 0.8511722933694905, 'gamma': 2.73124200587712, 'reg_alpha': 0.4876914883491739, 'reg_lambda': 6.105277975879492}. Best is trial 663 with value: 0.22514420173203087.
[I 2024-09-20 11:44:01,216] Trial 825 finished with value: 0.2458462843187718 and parameters: {'n_estimators': 812, 'max_depth': 10, 'min_child_weight': 10, 'learning_rate': 0.2810631863879286, 'subsample': 0.7564634974460582, 'colsample_bytree': 0.8588734765493471, 'colsample_bylevel': 0.8705408017002374, 'gamma': 3.0375066965903885, 'reg_alpha': 0.4647328345056054, 'reg_lambda': 5.787747119032675}. Best is trial 663 with value: 0.22514420173203087.
[I 2024-09-20 11:44:37,014] Trial 826 finished with value: 0.23099213058375428 and parameters: {'n_estimators': 825, 'max_depth': 10, 'min_child_weight': 10, 'learning_rate': 0.2819115890228459, 'subsample': 0.7713471084665836, 'colsample_bytree': 0.9472823830718083, 'colsample_bylevel': 0.8572894704631064, 'gamma': 3.2396111350062307, 'reg_alpha': 0.41183281880871575, 'reg_lambda': 5.3609134074439675}. Best is trial 663 with value: 0.22514420173203087.
[I 2024-09-20 11:45:22,190] Trial 827 finished with value: 0.2322339423372682 and parameters: {'n_estimators': 768, 'max_depth': 10, 'min_child_weight': 10, 'learning_rate': 0.28042759627063024, 'subsample': 0.7434866254092338, 'colsample_bytree': 0.933156506794452, 'colsample_bylevel': 0.8465533567734514, 'gamma': 2.8858549418986774, 'reg_alpha': 0.44834268106622505, 'reg_lambda': 5.528491411699863}. Best is trial 663 with value: 0.22514420173203087.
[I 2024-09-20 11:45:55,603] Trial 828 finished with value: 0.23207156835572876 and parameters: {'n_estimators': 793, 'max_depth': 10, 'min_child_weight': 10, 'learning_rate': 0.2688448179530718, 'subsample': 0.7728696446145742, 'colsample_bytree': 0.9549252408782778, 'colsample_bylevel': 0.6291793007569235, 'gamma': 3.2159116271966814, 'reg_alpha': 0.4823055305334883, 'reg_lambda': 5.784878556807936}. Best is trial 663 with value: 0.22514420173203087.
[I 2024-09-20 11:46:32,225] Trial 829 finished with value: 0.23342260791719252 and parameters: {'n_estimators': 819, 'max_depth': 10, 'min_child_weight': 10, 'learning_rate': 0.29958137311859967, 'subsample': 0.7794662448805355, 'colsample_bytree': 0.9705354365978816, 'colsample_bylevel': 0.8602247113232749, 'gamma': 3.014946239701893, 'reg_alpha': 0.49899984357117955, 'reg_lambda': 5.450073038709277}. Best is trial 663 with value: 0.22514420173203087.
[I 2024-09-20 11:47:07,329] Trial 830 finished with value: 0.3194442183266962 and parameters: {'n_estimators': 831, 'max_depth': 10, 'min_child_weight': 10, 'learning_rate': 0.051247066237408025, 'subsample': 0.7568413386223799, 'colsample_bytree': 0.9140666535395461, 'colsample_bylevel': 0.8740280490298187, 'gamma': 3.072276885491931, 'reg_alpha': 0.427463579537563, 'reg_lambda': 6.358659787822658}. Best is trial 663 with value: 0.22514420173203087.
[I 2024-09-20 11:47:48,899] Trial 831 finished with value: 0.23165861616337172 and parameters: {'n_estimators': 799, 'max_depth': 10, 'min_child_weight': 10, 'learning_rate': 0.26939741907065345, 'subsample': 0.7665734360433839, 'colsample_bytree': 0.9427640134174698, 'colsample_bylevel': 0.8447183104589053, 'gamma': 3.2786715085498273, 'reg_alpha': 0.36511943454299106, 'reg_lambda': 5.198440187674297}. Best is trial 663 with value: 0.22514420173203087.
[I 2024-09-20 11:48:29,967] Trial 832 finished with value: 0.2355020851513677 and parameters: {'n_estimators': 785, 'max_depth': 10, 'min_child_weight': 10, 'learning_rate': 0.29957009730495715, 'subsample': 0.7779026201254241, 'colsample_bytree': 0.9269825498032934, 'colsample_bylevel': 0.8534038706947725, 'gamma': 3.148160988107782, 'reg_alpha': 0.4624884085862106, 'reg_lambda': 5.5111137641060255}. Best is trial 663 with value: 0.22514420173203087.
[I 2024-09-20 11:49:08,343] Trial 833 finished with value: 0.2340810591291465 and parameters: {'n_estimators': 840, 'max_depth': 10, 'min_child_weight': 10, 'learning_rate': 0.28080832918577636, 'subsample': 0.8095338218063558, 'colsample_bytree': 0.9622056626553832, 'colsample_bylevel': 0.8349503882738369, 'gamma': 3.266115064259275, 'reg_alpha': 0.4411785396051063, 'reg_lambda': 5.66542657063785}. Best is trial 663 with value: 0.22514420173203087.
[I 2024-09-20 11:49:45,728] Trial 834 finished with value: 0.23029220399962722 and parameters: {'n_estimators': 815, 'max_depth': 10, 'min_child_weight': 9, 'learning_rate': 0.2611197433206479, 'subsample': 0.7602856658305841, 'colsample_bytree': 0.9482617798269073, 'colsample_bylevel': 0.8730580428504123, 'gamma': 3.353349363022153, 'reg_alpha': 0.40781153635987033, 'reg_lambda': 6.0155739752912485}. Best is trial 663 with value: 0.22514420173203087.
[I 2024-09-20 11:50:25,030] Trial 835 finished with value: 0.24351239332457406 and parameters: {'n_estimators': 842, 'max_depth': 10, 'min_child_weight': 9, 'learning_rate': 0.24644162661699745, 'subsample': 0.7482087694555173, 'colsample_bytree': 0.7366919658874894, 'colsample_bylevel': 0.8604611947056909, 'gamma': 3.3509860760422123, 'reg_alpha': 0.5051064975488139, 'reg_lambda': 5.0931765972963925}. Best is trial 663 with value: 0.22514420173203087.
[I 2024-09-20 11:51:18,659] Trial 836 finished with value: 0.2379935957980049 and parameters: {'n_estimators': 828, 'max_depth': 10, 'min_child_weight': 1, 'learning_rate': 0.2845605339153713, 'subsample': 0.772356752302804, 'colsample_bytree': 0.9365119006864958, 'colsample_bylevel': 0.8475435096518315, 'gamma': 3.84222103187629, 'reg_alpha': 0.4831038689790859, 'reg_lambda': 5.3619542955886565}. Best is trial 663 with value: 0.22514420173203087.
[I 2024-09-20 11:51:49,283] Trial 837 finished with value: 0.2626208490310545 and parameters: {'n_estimators': 854, 'max_depth': 6, 'min_child_weight': 10, 'learning_rate': 0.2667077926696708, 'subsample': 0.7906261765290752, 'colsample_bytree': 0.9176224263696819, 'colsample_bylevel': 0.6091715361306159, 'gamma': 3.203409174535745, 'reg_alpha': 0.47296594266691855, 'reg_lambda': 6.224808970291217}. Best is trial 663 with value: 0.22514420173203087.
[I 2024-09-20 11:52:27,774] Trial 838 finished with value: 0.2643123945427807 and parameters: {'n_estimators': 856, 'max_depth': 10, 'min_child_weight': 9, 'learning_rate': 0.11750014171669483, 'subsample': 0.8086116295880096, 'colsample_bytree': 0.9709603185990896, 'colsample_bylevel': 0.8254024571111563, 'gamma': 2.7694361135051917, 'reg_alpha': 0.38271806691089055, 'reg_lambda': 5.937829011317914}. Best is trial 663 with value: 0.22514420173203087.
[I 2024-09-20 11:53:05,746] Trial 839 finished with value: 0.2317161627919523 and parameters: {'n_estimators': 838, 'max_depth': 10, 'min_child_weight': 8, 'learning_rate': 0.28141730677530324, 'subsample': 0.7831173325251307, 'colsample_bytree': 0.9070160861091378, 'colsample_bylevel': 0.8406213409535565, 'gamma': 3.424071526933962, 'reg_alpha': 0.5262370410921111, 'reg_lambda': 7.218149413596941}. Best is trial 663 with value: 0.22514420173203087.
[I 2024-09-20 11:53:27,693] Trial 840 finished with value: 0.2618499964944315 and parameters: {'n_estimators': 514, 'max_depth': 9, 'min_child_weight': 10, 'learning_rate': 0.24977885464710647, 'subsample': 0.7659715027561959, 'colsample_bytree': 0.7807331231414705, 'colsample_bylevel': 0.8656684613187386, 'gamma': 3.5913707021578896, 'reg_alpha': 0.4292639103647089, 'reg_lambda': 4.997669952143848}. Best is trial 663 with value: 0.22514420173203087.
[I 2024-09-20 11:54:20,823] Trial 841 finished with value: 0.23273518765727616 and parameters: {'n_estimators': 811, 'max_depth': 10, 'min_child_weight': 2, 'learning_rate': 0.26703795422446713, 'subsample': 0.7995177059379064, 'colsample_bytree': 0.9530233038088023, 'colsample_bylevel': 0.882737929387908, 'gamma': 0.9602895961900605, 'reg_alpha': 0.45443249500635957, 'reg_lambda': 5.293911754144937}. Best is trial 663 with value: 0.22514420173203087.
[I 2024-09-20 11:55:04,751] Trial 842 finished with value: 0.2320112178966976 and parameters: {'n_estimators': 859, 'max_depth': 10, 'min_child_weight': 6, 'learning_rate': 0.2992762659229892, 'subsample': 0.7308475444849456, 'colsample_bytree': 0.9397804751072601, 'colsample_bylevel': 0.8533603336974929, 'gamma': 3.6993739097595335, 'reg_alpha': 0.49741507424212555, 'reg_lambda': 6.57329610440103}. Best is trial 663 with value: 0.22514420173203087.
[I 2024-09-20 11:55:43,495] Trial 843 finished with value: 0.23213642831884732 and parameters: {'n_estimators': 838, 'max_depth': 10, 'min_child_weight': 7, 'learning_rate': 0.2998409197112024, 'subsample': 0.8189156300999949, 'colsample_bytree': 0.9266080191052484, 'colsample_bylevel': 0.8294295335892531, 'gamma': 0.8286842826466457, 'reg_alpha': 0.5296556551632623, 'reg_lambda': 5.672397807263944}. Best is trial 663 with value: 0.22514420173203087.
[I 2024-09-20 11:56:22,003] Trial 844 finished with value: 0.29863114824511194 and parameters: {'n_estimators': 862, 'max_depth': 10, 'min_child_weight': 2, 'learning_rate': 0.0642013668116128, 'subsample': 0.7774269015987804, 'colsample_bytree': 0.9000874922079665, 'colsample_bylevel': 0.8407351414074343, 'gamma': 3.294072832689796, 'reg_alpha': 0.47029131668429147, 'reg_lambda': 5.146742957497834}. Best is trial 663 with value: 0.22514420173203087.
[I 2024-09-20 11:56:59,202] Trial 845 finished with value: 0.2326362798648308 and parameters: {'n_estimators': 822, 'max_depth': 10, 'min_child_weight': 5, 'learning_rate': 0.2690626078227937, 'subsample': 0.7540404166573969, 'colsample_bytree': 0.9625311858102368, 'colsample_bylevel': 0.7646529185307597, 'gamma': 1.1267757991060237, 'reg_alpha': 0.44677241422835867, 'reg_lambda': 5.41188546724548}. Best is trial 663 with value: 0.22514420173203087.
[I 2024-09-20 11:57:38,726] Trial 846 finished with value: 0.2315842458496288 and parameters: {'n_estimators': 872, 'max_depth': 10, 'min_child_weight': 10, 'learning_rate': 0.23795469091617355, 'subsample': 0.792615305067007, 'colsample_bytree': 0.9460814199669836, 'colsample_bylevel': 0.8721529187189403, 'gamma': 3.459774226270701, 'reg_alpha': 0.41254120335150096, 'reg_lambda': 5.770307447028948}. Best is trial 663 with value: 0.22514420173203087.
[I 2024-09-20 11:58:34,746] Trial 847 finished with value: 0.23853259327288145 and parameters: {'n_estimators': 845, 'max_depth': 10, 'min_child_weight': 9, 'learning_rate': 0.27991881480547026, 'subsample': 0.7422135368222298, 'colsample_bytree': 0.9337856356979389, 'colsample_bylevel': 0.8556431437345147, 'gamma': 3.555772686828509, 'reg_alpha': 0.14295784710173187, 'reg_lambda': 5.006737202389527}. Best is trial 663 with value: 0.22514420173203087.
[I 2024-09-20 11:59:11,649] Trial 848 finished with value: 0.24688619944375928 and parameters: {'n_estimators': 776, 'max_depth': 10, 'min_child_weight': 2, 'learning_rate': 0.19370625676433745, 'subsample': 0.8044810546714292, 'colsample_bytree': 0.883839898160747, 'colsample_bylevel': 0.845143966253637, 'gamma': 3.774940288095256, 'reg_alpha': 0.49907733247329733, 'reg_lambda': 5.53199210526656}. Best is trial 663 with value: 0.22514420173203087.
[I 2024-09-20 11:59:51,083] Trial 849 finished with value: 0.23501141027230923 and parameters: {'n_estimators': 883, 'max_depth': 10, 'min_child_weight': 9, 'learning_rate': 0.25057573448894593, 'subsample': 0.7660217176667956, 'colsample_bytree': 0.9575699782102659, 'colsample_bylevel': 0.8297404416706963, 'gamma': 3.651130883110878, 'reg_alpha': 0.4289508940755053, 'reg_lambda': 7.488436246863443}. Best is trial 663 with value: 0.22514420173203087.
[I 2024-09-20 12:00:28,812] Trial 850 finished with value: 0.2369634993838389 and parameters: {'n_estimators': 857, 'max_depth': 10, 'min_child_weight': 10, 'learning_rate': 0.22471590971202246, 'subsample': 0.7814222263027832, 'colsample_bytree': 0.9203137785882076, 'colsample_bylevel': 0.818206479426932, 'gamma': 3.946059209508791, 'reg_alpha': 0.5152708543646749, 'reg_lambda': 6.014495248493579}. Best is trial 663 with value: 0.22514420173203087.
[I 2024-09-20 12:00:51,379] Trial 851 finished with value: 0.2622997694736378 and parameters: {'n_estimators': 803, 'max_depth': 5, 'min_child_weight': 2, 'learning_rate': 0.2818550178539923, 'subsample': 0.7597496920846545, 'colsample_bytree': 0.9730165189567714, 'colsample_bylevel': 0.8788921520338023, 'gamma': 3.0906889284772565, 'reg_alpha': 0.4724148738240439, 'reg_lambda': 6.804621249917283}. Best is trial 663 with value: 0.22514420173203087.
[I 2024-09-20 12:01:52,557] Trial 852 finished with value: 0.23092061881943474 and parameters: {'n_estimators': 872, 'max_depth': 10, 'min_child_weight': 9, 'learning_rate': 0.2588172178258023, 'subsample': 0.8113448151548824, 'colsample_bytree': 0.9409366103967696, 'colsample_bylevel': 0.8563514745653956, 'gamma': 3.3949755608598635, 'reg_alpha': 0.5352728261758342, 'reg_lambda': 5.283728424972517}. Best is trial 663 with value: 0.22514420173203087.
[I 2024-09-20 12:02:48,648] Trial 853 finished with value: 0.23605010916229072 and parameters: {'n_estimators': 828, 'max_depth': 9, 'min_child_weight': 2, 'learning_rate': 0.280782736791541, 'subsample': 0.7917283194017593, 'colsample_bytree': 0.9505450395990023, 'colsample_bylevel': 0.8381300294334859, 'gamma': 3.4996522821308593, 'reg_alpha': 0.05243144550542167, 'reg_lambda': 4.832624095245007}. Best is trial 663 with value: 0.22514420173203087.
[I 2024-09-20 12:03:28,071] Trial 854 finished with value: 0.23647262803218272 and parameters: {'n_estimators': 851, 'max_depth': 10, 'min_child_weight': 10, 'learning_rate': 0.25694450080405207, 'subsample': 0.7730321836400208, 'colsample_bytree': 0.9292018233315361, 'colsample_bylevel': 0.8632610156882567, 'gamma': 3.587420326008151, 'reg_alpha': 0.3985460571416358, 'reg_lambda': 5.614047913558678}. Best is trial 663 with value: 0.22514420173203087.
[I 2024-09-20 12:04:07,431] Trial 855 finished with value: 0.2295404617693766 and parameters: {'n_estimators': 884, 'max_depth': 10, 'min_child_weight': 8, 'learning_rate': 0.2998847343471769, 'subsample': 0.8241896091025163, 'colsample_bytree': 0.9626475538600349, 'colsample_bylevel': 0.8478335690668138, 'gamma': 2.9653194929330478, 'reg_alpha': 0.4528684759002809, 'reg_lambda': 5.106525140484375}. Best is trial 663 with value: 0.22514420173203087.
[I 2024-09-20 12:04:44,963] Trial 856 finished with value: 0.23447782722159002 and parameters: {'n_estimators': 867, 'max_depth': 10, 'min_child_weight': 7, 'learning_rate': 0.2375482735157276, 'subsample': 0.7845245466593441, 'colsample_bytree': 0.8950015952127123, 'colsample_bylevel': 0.8235900283400843, 'gamma': 3.258169119423522, 'reg_alpha': 0.4878118204413843, 'reg_lambda': 5.85307499396829}. Best is trial 663 with value: 0.22514420173203087.
[I 2024-09-20 12:05:23,128] Trial 857 finished with value: 0.23340468525038877 and parameters: {'n_estimators': 884, 'max_depth': 10, 'min_child_weight': 9, 'learning_rate': 0.26669694042947095, 'subsample': 0.9898684998076523, 'colsample_bytree': 0.9160081581475383, 'colsample_bylevel': 0.8701054145536492, 'gamma': 3.7250632836049826, 'reg_alpha': 0.4349992305068907, 'reg_lambda': 5.390256228221228}. Best is trial 663 with value: 0.22514420173203087.
[I 2024-09-20 12:05:44,017] Trial 858 finished with value: 0.2765994069702532 and parameters: {'n_estimators': 845, 'max_depth': 4, 'min_child_weight': 2, 'learning_rate': 0.280792121145312, 'subsample': 0.7988165830722918, 'colsample_bytree': 0.9384899827658543, 'colsample_bylevel': 0.8329425482309325, 'gamma': 3.4482402913175134, 'reg_alpha': 0.3859228399501827, 'reg_lambda': 6.185149179859102}. Best is trial 663 with value: 0.22514420173203087.
[I 2024-09-20 12:06:22,869] Trial 859 finished with value: 0.23540804058267337 and parameters: {'n_estimators': 869, 'max_depth': 10, 'min_child_weight': 10, 'learning_rate': 0.29974833389472344, 'subsample': 0.7739912915569143, 'colsample_bytree': 0.955161730603655, 'colsample_bylevel': 0.8503430313813544, 'gamma': 3.340973884070684, 'reg_alpha': 0.5127849260501554, 'reg_lambda': 4.832161999841133}. Best is trial 663 with value: 0.22514420173203087.
[I 2024-09-20 12:07:17,760] Trial 860 finished with value: 0.23446112566457403 and parameters: {'n_estimators': 829, 'max_depth': 10, 'min_child_weight': 9, 'learning_rate': 0.25216365013925934, 'subsample': 0.7521101736129616, 'colsample_bytree': 0.9732767539522831, 'colsample_bylevel': 0.8857113607977823, 'gamma': 3.634673806031228, 'reg_alpha': 0.46444641008283194, 'reg_lambda': 5.233248528219121}. Best is trial 663 with value: 0.22514420173203087.
[I 2024-09-20 12:08:02,146] Trial 861 finished with value: 0.2440396763409093 and parameters: {'n_estimators': 886, 'max_depth': 10, 'min_child_weight': 1, 'learning_rate': 0.2116245033295245, 'subsample': 0.816235406712338, 'colsample_bytree': 0.9462827730082539, 'colsample_bylevel': 0.8378806944901839, 'gamma': 3.807413912712188, 'reg_alpha': 0.4816225715891151, 'reg_lambda': 5.582565225036752}. Best is trial 663 with value: 0.22514420173203087.
[I 2024-09-20 12:08:42,429] Trial 862 finished with value: 0.2330769264061819 and parameters: {'n_estimators': 853, 'max_depth': 10, 'min_child_weight': 6, 'learning_rate': 0.2685190767494666, 'subsample': 0.7645802990503916, 'colsample_bytree': 0.9289868192833807, 'colsample_bylevel': 0.8589042061292504, 'gamma': 3.5286024510970613, 'reg_alpha': 0.5318190562050817, 'reg_lambda': 4.972197429349607}. Best is trial 663 with value: 0.22514420173203087.
[I 2024-09-20 12:09:22,218] Trial 863 finished with value: 0.3201876043288364 and parameters: {'n_estimators': 900, 'max_depth': 10, 'min_child_weight': 2, 'learning_rate': 0.045529903276045, 'subsample': 0.7943517784236319, 'colsample_bytree': 0.9068606108491194, 'colsample_bylevel': 0.8696134352639006, 'gamma': 3.383120052486895, 'reg_alpha': 0.4159084538225449, 'reg_lambda': 5.75481444085437}. Best is trial 663 with value: 0.22514420173203087.
