[I 2024-09-20 12:10:01,396] Trial 864 finished with value: 0.41283860302796216 and parameters: {'n_estimators': 868, 'max_depth': 10, 'min_child_weight': 5, 'learning_rate': 0.01321073705948928, 'subsample': 0.7837209175042705, 'colsample_bytree': 0.9370723865011569, 'colsample_bylevel': 0.8181294958862056, 'gamma': 3.1679486997340875, 'reg_alpha': 0.950732707121843, 'reg_lambda': 5.366288124931643}. Best is trial 663 with value: 0.22514420173203087.
[I 2024-09-20 12:10:46,812] Trial 865 finished with value: 0.25502915425695166 and parameters: {'n_estimators': 807, 'max_depth': 10, 'min_child_weight': 10, 'learning_rate': 0.2312337411420543, 'subsample': 0.7353000677214423, 'colsample_bytree': 0.5964594592121913, 'colsample_bylevel': 0.7717771554234046, 'gamma': 3.6924140072645195, 'reg_alpha': 0.44903364469869744, 'reg_lambda': 6.419983541424635}. Best is trial 663 with value: 0.22514420173203087.
[I 2024-09-20 12:11:34,565] Trial 866 finished with value: 0.22958694517022882 and parameters: {'n_estimators': 844, 'max_depth': 10, 'min_child_weight': 2, 'learning_rate': 0.2817283484286389, 'subsample': 0.8031322786538131, 'colsample_bytree': 0.9657087931931226, 'colsample_bylevel': 0.846708346794936, 'gamma': 3.5316970644033434, 'reg_alpha': 0.5033211137090389, 'reg_lambda': 5.102071144672095}. Best is trial 663 with value: 0.22514420173203087.
[I 2024-09-20 12:12:14,972] Trial 867 finished with value: 0.23331849221150405 and parameters: {'n_estimators': 883, 'max_depth': 10, 'min_child_weight': 8, 'learning_rate': 0.24806728183116764, 'subsample': 0.7735416241483775, 'colsample_bytree': 0.9200875759719244, 'colsample_bylevel': 0.8282744788891598, 'gamma': 3.593826982818579, 'reg_alpha': 0.5422623233677386, 'reg_lambda': 4.69787410231203}. Best is trial 663 with value: 0.22514420173203087.
[I 2024-09-20 12:12:53,280] Trial 868 finished with value: 0.22869615857952227 and parameters: {'n_estimators': 860, 'max_depth': 10, 'min_child_weight': 10, 'learning_rate': 0.2672761373912794, 'subsample': 0.8288674673851044, 'colsample_bytree': 0.9521449886540447, 'colsample_bylevel': 0.8602464787600589, 'gamma': 3.300683897138116, 'reg_alpha': 0.4290123528422808, 'reg_lambda': 5.956212896901269}. Best is trial 663 with value: 0.22514420173203087.
[I 2024-09-20 12:13:33,810] Trial 869 finished with value: 0.23269631119924505 and parameters: {'n_estimators': 866, 'max_depth': 10, 'min_child_weight': 10, 'learning_rate': 0.22693144136331728, 'subsample': 0.8303522888785397, 'colsample_bytree': 0.946342717314104, 'colsample_bylevel': 0.8780099076945796, 'gamma': 3.1193841633169317, 'reg_alpha': 0.41323092725577065, 'reg_lambda': 6.289517538061871}. Best is trial 663 with value: 0.22514420173203087.
[I 2024-09-20 12:14:22,993] Trial 870 finished with value: 0.23645902624577295 and parameters: {'n_estimators': 870, 'max_depth': 10, 'min_child_weight': 10, 'learning_rate': 0.24105185521277603, 'subsample': 0.8315245409087417, 'colsample_bytree': 0.9490624653614252, 'colsample_bylevel': 0.672846367160183, 'gamma': 3.2557613564137835, 'reg_alpha': 0.36443647420629527, 'reg_lambda': 5.991442318332762}. Best is trial 663 with value: 0.22514420173203087.
[I 2024-09-20 12:15:02,065] Trial 871 finished with value: 0.23795563024208236 and parameters: {'n_estimators': 885, 'max_depth': 9, 'min_child_weight': 10, 'learning_rate': 0.2598007085146778, 'subsample': 0.8245180585015921, 'colsample_bytree': 0.9359063255471805, 'colsample_bylevel': 0.8672593865540849, 'gamma': 3.215557786181196, 'reg_alpha': 0.4361204998780099, 'reg_lambda': 6.128284841369834}. Best is trial 663 with value: 0.22514420173203087.
[I 2024-09-20 12:15:46,107] Trial 872 finished with value: 0.23178914366951958 and parameters: {'n_estimators': 900, 'max_depth': 10, 'min_child_weight': 10, 'learning_rate': 0.26554412328117316, 'subsample': 0.8185118000579308, 'colsample_bytree': 0.9265503825787988, 'colsample_bylevel': 0.8811696284617401, 'gamma': 2.2376609634945988, 'reg_alpha': 0.4314972550172943, 'reg_lambda': 7.09723658845889}. Best is trial 663 with value: 0.22514420173203087.
[I 2024-09-20 12:16:26,011] Trial 873 finished with value: 0.2313952387886448 and parameters: {'n_estimators': 857, 'max_depth': 10, 'min_child_weight': 10, 'learning_rate': 0.24516663334679742, 'subsample': 0.8351644215905017, 'colsample_bytree': 0.9555541855818845, 'colsample_bylevel': 0.8572479687786424, 'gamma': 3.06838227208223, 'reg_alpha': 0.40860925425331096, 'reg_lambda': 4.901556478711665}. Best is trial 663 with value: 0.22514420173203087.
[I 2024-09-20 12:17:04,559] Trial 874 finished with value: 0.23591872286040125 and parameters: {'n_estimators': 883, 'max_depth': 10, 'min_child_weight': 10, 'learning_rate': 0.22220698790747745, 'subsample': 0.8091460018047498, 'colsample_bytree': 0.8769589985387437, 'colsample_bylevel': 0.8670681669641118, 'gamma': 3.3349221488788325, 'reg_alpha': 0.4508020972875758, 'reg_lambda': 6.549585584098515}. Best is trial 663 with value: 0.22514420173203087.
[I 2024-09-20 12:17:42,985] Trial 875 finished with value: 0.23685268198698634 and parameters: {'n_estimators': 862, 'max_depth': 10, 'min_child_weight': 10, 'learning_rate': 0.26994976771322515, 'subsample': 0.8222015250955214, 'colsample_bytree': 0.9418513555882284, 'colsample_bylevel': 0.893263862868972, 'gamma': 2.957614406538144, 'reg_alpha': 0.39439851532880443, 'reg_lambda': 6.919186849033629}. Best is trial 663 with value: 0.22514420173203087.
[I 2024-09-20 12:18:29,077] Trial 876 finished with value: 0.23256271876754459 and parameters: {'n_estimators': 699, 'max_depth': 10, 'min_child_weight': 10, 'learning_rate': 0.28228989532577464, 'subsample': 0.8321018711666884, 'colsample_bytree': 0.9541335764927369, 'colsample_bylevel': 0.8737894194911519, 'gamma': 3.2411149415046356, 'reg_alpha': 0.4286791096974293, 'reg_lambda': 6.6582615915647825}. Best is trial 663 with value: 0.22514420173203087.
[I 2024-09-20 12:19:07,881] Trial 877 finished with value: 0.3788833389283541 and parameters: {'n_estimators': 885, 'max_depth': 10, 'min_child_weight': 10, 'learning_rate': 0.02114984965889078, 'subsample': 0.8151047652959638, 'colsample_bytree': 0.9330865984175754, 'colsample_bylevel': 0.8632140809459895, 'gamma': 3.148811519377591, 'reg_alpha': 0.38030126063358005, 'reg_lambda': 5.547380093819488}. Best is trial 663 with value: 0.22514420173203087.
[I 2024-09-20 12:19:44,213] Trial 878 finished with value: 0.2337915558614291 and parameters: {'n_estimators': 846, 'max_depth': 10, 'min_child_weight': 10, 'learning_rate': 0.2534022403354593, 'subsample': 0.8062510389406469, 'colsample_bytree': 0.9134046064584471, 'colsample_bylevel': 0.8595500227221525, 'gamma': 3.3240124468271084, 'reg_alpha': 0.4663688860924421, 'reg_lambda': 5.921035449403353}. Best is trial 663 with value: 0.22514420173203087.
[I 2024-09-20 12:20:23,291] Trial 879 finished with value: 0.22928735272688022 and parameters: {'n_estimators': 872, 'max_depth': 10, 'min_child_weight': 10, 'learning_rate': 0.2700684306643303, 'subsample': 0.8162520314852563, 'colsample_bytree': 0.9443362782632891, 'colsample_bylevel': 0.8813380119270925, 'gamma': 3.418840543680823, 'reg_alpha': 0.41368991414082806, 'reg_lambda': 5.323111680522579}. Best is trial 663 with value: 0.22514420173203087.
[I 2024-09-20 12:21:01,297] Trial 880 finished with value: 0.23179771184533404 and parameters: {'n_estimators': 875, 'max_depth': 10, 'min_child_weight': 10, 'learning_rate': 0.2840963767026323, 'subsample': 0.8127064965079482, 'colsample_bytree': 0.9245721697388539, 'colsample_bylevel': 0.8896364576212353, 'gamma': 3.215846791914043, 'reg_alpha': 0.3980877988503426, 'reg_lambda': 5.192666572192415}. Best is trial 663 with value: 0.22514420173203087.
[I 2024-09-20 12:21:39,669] Trial 881 finished with value: 0.23391703755261445 and parameters: {'n_estimators': 883, 'max_depth': 10, 'min_child_weight': 10, 'learning_rate': 0.26953154934535906, 'subsample': 0.8254030636005472, 'colsample_bytree': 0.9401194226205606, 'colsample_bylevel': 0.8828503498411238, 'gamma': 3.3712577226088674, 'reg_alpha': 0.41595289831950366, 'reg_lambda': 5.36699807057274}. Best is trial 663 with value: 0.22514420173203087.
[I 2024-09-20 12:22:35,857] Trial 882 finished with value: 0.23008546695971627 and parameters: {'n_estimators': 900, 'max_depth': 10, 'min_child_weight': 10, 'learning_rate': 0.29915369436445455, 'subsample': 0.8226954113682329, 'colsample_bytree': 0.9326710486382658, 'colsample_bylevel': 0.8933613629340329, 'gamma': 3.2880113854966875, 'reg_alpha': 0.36327503553911766, 'reg_lambda': 5.168925412656003}. Best is trial 663 with value: 0.22514420173203087.
[I 2024-09-20 12:23:16,331] Trial 883 finished with value: 0.23313036130631412 and parameters: {'n_estimators': 861, 'max_depth': 10, 'min_child_weight': 10, 'learning_rate': 0.2817892602712488, 'subsample': 0.8376269074461612, 'colsample_bytree': 0.9468861917059859, 'colsample_bylevel': 0.8829958723836019, 'gamma': 3.3871423705722625, 'reg_alpha': 0.4018886735688037, 'reg_lambda': 5.486610890364534}. Best is trial 663 with value: 0.22514420173203087.
[I 2024-09-20 12:23:54,144] Trial 884 finished with value: 0.23646401378685641 and parameters: {'n_estimators': 886, 'max_depth': 10, 'min_child_weight': 10, 'learning_rate': 0.29972201910761426, 'subsample': 0.8131973697589434, 'colsample_bytree': 0.813171449711663, 'colsample_bylevel': 0.899603418808445, 'gamma': 3.43606167614663, 'reg_alpha': 0.38319897067686287, 'reg_lambda': 4.959093197443015}. Best is trial 663 with value: 0.22514420173203087.
[I 2024-09-20 12:24:31,845] Trial 885 finished with value: 0.22946185373443231 and parameters: {'n_estimators': 872, 'max_depth': 10, 'min_child_weight': 10, 'learning_rate': 0.2663004484977004, 'subsample': 0.8299426609833019, 'colsample_bytree': 0.9223099381052949, 'colsample_bylevel': 0.8890227230441822, 'gamma': 3.2989504547499733, 'reg_alpha': 0.4203424477005339, 'reg_lambda': 5.627961611985305}. Best is trial 663 with value: 0.22514420173203087.
[I 2024-09-20 12:25:08,792] Trial 886 finished with value: 0.22969375677772624 and parameters: {'n_estimators': 851, 'max_depth': 10, 'min_child_weight': 10, 'learning_rate': 0.2999376888922499, 'subsample': 0.8040460799281973, 'colsample_bytree': 0.9402815430973073, 'colsample_bylevel': 0.8676808378255293, 'gamma': 3.1710000061154013, 'reg_alpha': 0.4323617499571166, 'reg_lambda': 5.334334440808739}. Best is trial 663 with value: 0.22514420173203087.
[I 2024-09-20 12:26:02,658] Trial 887 finished with value: 0.23517198640622766 and parameters: {'n_estimators': 887, 'max_depth': 10, 'min_child_weight': 10, 'learning_rate': 0.2571712498769942, 'subsample': 0.819658466843232, 'colsample_bytree': 0.9298103125468368, 'colsample_bylevel': 0.8859690235226777, 'gamma': 3.460406050575209, 'reg_alpha': 0.44557177999379416, 'reg_lambda': 5.155429177944667}. Best is trial 663 with value: 0.22514420173203087.
[I 2024-09-20 12:26:36,715] Trial 888 finished with value: 0.2528809884881261 and parameters: {'n_estimators': 862, 'max_depth': 9, 'min_child_weight': 10, 'learning_rate': 0.16840151527461142, 'subsample': 0.8133065111700034, 'colsample_bytree': 0.9024146152393449, 'colsample_bylevel': 0.8719738817771607, 'gamma': 3.4099304136759465, 'reg_alpha': 0.39533735031471523, 'reg_lambda': 5.774111651330255}. Best is trial 663 with value: 0.22514420173203087.
[I 2024-09-20 12:27:13,775] Trial 889 finished with value: 0.23845571611590072 and parameters: {'n_estimators': 841, 'max_depth': 10, 'min_child_weight': 10, 'learning_rate': 0.2793230346436564, 'subsample': 0.8274728483354225, 'colsample_bytree': 0.9455799790664486, 'colsample_bylevel': 0.8767533426296644, 'gamma': 3.017726232263773, 'reg_alpha': 0.4506818097596567, 'reg_lambda': 5.476275927880199}. Best is trial 663 with value: 0.22514420173203087.
[I 2024-09-20 12:27:51,416] Trial 890 finished with value: 0.23402723363264197 and parameters: {'n_estimators': 874, 'max_depth': 10, 'min_child_weight': 10, 'learning_rate': 0.24557258679978708, 'subsample': 0.8385497928354421, 'colsample_bytree': 0.9125759616697555, 'colsample_bylevel': 0.9005661415152572, 'gamma': 3.2753026088237345, 'reg_alpha': 0.4091791517311787, 'reg_lambda': 4.861606088571399}. Best is trial 663 with value: 0.22514420173203087.
[I 2024-09-20 12:28:17,695] Trial 891 finished with value: 0.24637967574612887 and parameters: {'n_estimators': 591, 'max_depth': 10, 'min_child_weight': 10, 'learning_rate': 0.26933681171460494, 'subsample': 0.8009967570216732, 'colsample_bytree': 0.8887879561110332, 'colsample_bylevel': 0.8602778502745938, 'gamma': 3.127727807354945, 'reg_alpha': 0.42906858236295803, 'reg_lambda': 5.2253692357376655}. Best is trial 663 with value: 0.22514420173203087.
[I 2024-09-20 12:29:13,628] Trial 892 finished with value: 0.2318065066304295 and parameters: {'n_estimators': 900, 'max_depth': 10, 'min_child_weight': 10, 'learning_rate': 0.28103973796602116, 'subsample': 0.807712581837641, 'colsample_bytree': 0.9236733717846431, 'colsample_bylevel': 0.8736762633429427, 'gamma': 3.4977743699930857, 'reg_alpha': 0.4636670941063401, 'reg_lambda': 4.680705276754703}. Best is trial 663 with value: 0.22514420173203087.
[I 2024-09-20 12:30:28,377] Trial 893 finished with value: 0.23357453930664915 and parameters: {'n_estimators': 854, 'max_depth': 10, 'min_child_weight': 9, 'learning_rate': 0.29995033430310536, 'subsample': 0.822371860849224, 'colsample_bytree': 0.933150883939836, 'colsample_bylevel': 0.8807281723719501, 'gamma': 3.3233373587087423, 'reg_alpha': 0.4753967086279807, 'reg_lambda': 5.677004585190629}. Best is trial 663 with value: 0.22514420173203087.
[I 2024-09-20 12:31:42,211] Trial 894 finished with value: 0.23151128169935284 and parameters: {'n_estimators': 831, 'max_depth': 10, 'min_child_weight': 10, 'learning_rate': 0.2588892654282929, 'subsample': 0.7942127950266203, 'colsample_bytree': 0.9535689282446542, 'colsample_bylevel': 0.8510168540397838, 'gamma': 3.884557353493392, 'reg_alpha': 0.3793386432359947, 'reg_lambda': 6.1172687936850165}. Best is trial 663 with value: 0.22514420173203087.
[I 2024-09-20 12:32:36,284] Trial 895 finished with value: 0.23304766613879108 and parameters: {'n_estimators': 874, 'max_depth': 10, 'min_child_weight': 10, 'learning_rate': 0.23922919961131853, 'subsample': 0.81638832513121, 'colsample_bytree': 0.9433907274195017, 'colsample_bylevel': 0.8609139548694258, 'gamma': 3.439341505724786, 'reg_alpha': 0.4354145277712629, 'reg_lambda': 5.001476282693467}. Best is trial 663 with value: 0.22514420173203087.
[I 2024-09-20 12:33:23,780] Trial 896 finished with value: 0.30689340192849 and parameters: {'n_estimators': 900, 'max_depth': 10, 'min_child_weight': 9, 'learning_rate': 0.05588465961785332, 'subsample': 0.8011252087747907, 'colsample_bytree': 0.9334096583877035, 'colsample_bylevel': 0.9017264010153511, 'gamma': 3.6446853374368726, 'reg_alpha': 0.45963016754903374, 'reg_lambda': 5.386744105997779}. Best is trial 663 with value: 0.22514420173203087.
[I 2024-09-20 12:34:11,323] Trial 897 finished with value: 0.22777044209962508 and parameters: {'n_estimators': 859, 'max_depth': 10, 'min_child_weight': 10, 'learning_rate': 0.27960273482895703, 'subsample': 0.8376509286473416, 'colsample_bytree': 0.9529207562000763, 'colsample_bylevel': 0.8762690013693093, 'gamma': 2.863844403828399, 'reg_alpha': 0.4880850234719242, 'reg_lambda': 5.817337234227079}. Best is trial 663 with value: 0.22514420173203087.
[I 2024-09-20 12:35:11,405] Trial 898 finished with value: 0.23407687713018177 and parameters: {'n_estimators': 821, 'max_depth': 10, 'min_child_weight': 9, 'learning_rate': 0.28118112805577394, 'subsample': 0.8350668202253662, 'colsample_bytree': 0.9520943794223247, 'colsample_bylevel': 0.8500135811104816, 'gamma': 2.744687560869192, 'reg_alpha': 0.4914373581281213, 'reg_lambda': 6.291788597879977}. Best is trial 663 with value: 0.22514420173203087.
[I 2024-09-20 12:36:04,277] Trial 899 finished with value: 0.2340463538442942 and parameters: {'n_estimators': 839, 'max_depth': 10, 'min_child_weight': 10, 'learning_rate': 0.28139818459585325, 'subsample': 0.8447067661121667, 'colsample_bytree': 0.9618533160453651, 'colsample_bylevel': 0.8675993621346239, 'gamma': 2.8434236449447052, 'reg_alpha': 0.4946724944544416, 'reg_lambda': 6.026578710714677}. Best is trial 663 with value: 0.22514420173203087.
[I 2024-09-20 12:36:52,450] Trial 900 finished with value: 0.2350255693972813 and parameters: {'n_estimators': 851, 'max_depth': 10, 'min_child_weight': 9, 'learning_rate': 0.2994995194222656, 'subsample': 0.8450265663718861, 'colsample_bytree': 0.9570640553153446, 'colsample_bylevel': 0.8563705489719108, 'gamma': 3.1180856858309633, 'reg_alpha': 0.4790771223424041, 'reg_lambda': 5.899319985416445}. Best is trial 663 with value: 0.22514420173203087.
[I 2024-09-20 12:37:09,039] Trial 901 finished with value: 0.4459277774630822 and parameters: {'n_estimators': 222, 'max_depth': 10, 'min_child_weight': 10, 'learning_rate': 0.029997218833390075, 'subsample': 0.8412965746260151, 'colsample_bytree': 0.9184263907677769, 'colsample_bylevel': 0.8455820379650593, 'gamma': 2.825328517233492, 'reg_alpha': 0.515188640315593, 'reg_lambda': 6.253575156070259}. Best is trial 663 with value: 0.22514420173203087.
[I 2024-09-20 12:37:57,936] Trial 902 finished with value: 0.23494024139759334 and parameters: {'n_estimators': 858, 'max_depth': 10, 'min_child_weight': 10, 'learning_rate': 0.25932934894865806, 'subsample': 0.8346062383984122, 'colsample_bytree': 0.95000203436305, 'colsample_bylevel': 0.8723211683148184, 'gamma': 2.9014835952927003, 'reg_alpha': 0.5003276958653956, 'reg_lambda': 5.909832841003424}. Best is trial 663 with value: 0.22514420173203087.
[I 2024-09-20 12:38:40,592] Trial 903 finished with value: 0.3004474743836019 and parameters: {'n_estimators': 833, 'max_depth': 9, 'min_child_weight': 9, 'learning_rate': 0.0751555384485711, 'subsample': 0.8432126691319055, 'colsample_bytree': 0.9076703578750182, 'colsample_bylevel': 0.8613390379727697, 'gamma': 2.849189455081271, 'reg_alpha': 0.48482787269026234, 'reg_lambda': 5.705454692841752}. Best is trial 663 with value: 0.22514420173203087.
[I 2024-09-20 12:39:47,553] Trial 904 finished with value: 0.23323485716043207 and parameters: {'n_estimators': 886, 'max_depth': 10, 'min_child_weight': 10, 'learning_rate': 0.27975536599260786, 'subsample': 0.8303691073110825, 'colsample_bytree': 0.9339239339515018, 'colsample_bylevel': 0.8499111786617102, 'gamma': 3.0038996069874346, 'reg_alpha': 0.47254877922043, 'reg_lambda': 5.831106019235635}. Best is trial 663 with value: 0.22514420173203087.
[I 2024-09-20 12:40:25,923] Trial 905 finished with value: 0.2558075724437288 and parameters: {'n_estimators': 847, 'max_depth': 8, 'min_child_weight': 2, 'learning_rate': 0.24886488557677416, 'subsample': 0.7908863930555164, 'colsample_bytree': 0.89327672907578, 'colsample_bylevel': 0.840636372618255, 'gamma': 2.7023816730927406, 'reg_alpha': 0.5078686330874251, 'reg_lambda': 6.452052229218076}. Best is trial 663 with value: 0.22514420173203087.
[I 2024-09-20 12:41:14,219] Trial 906 finished with value: 0.3744639738701276 and parameters: {'n_estimators': 819, 'max_depth': 10, 'min_child_weight': 2, 'learning_rate': 0.0244260740530717, 'subsample': 0.849875337725045, 'colsample_bytree': 0.8551872674724811, 'colsample_bylevel': 0.9444985591740493, 'gamma': 2.9083896217660543, 'reg_alpha': 0.46094168475786657, 'reg_lambda': 5.702160766195138}. Best is trial 663 with value: 0.22514420173203087.
[I 2024-09-20 12:42:00,834] Trial 907 finished with value: 0.2267734985957069 and parameters: {'n_estimators': 875, 'max_depth': 10, 'min_child_weight': 7, 'learning_rate': 0.26942056840335116, 'subsample': 0.7888078305871843, 'colsample_bytree': 0.9567044740068362, 'colsample_bylevel': 0.8560737186982755, 'gamma': 3.0002166725126824, 'reg_alpha': 0.48328690667587354, 'reg_lambda': 6.195784208538879}. Best is trial 663 with value: 0.22514420173203087.
[I 2024-09-20 12:42:45,434] Trial 908 finished with value: 0.23108096985049037 and parameters: {'n_estimators': 861, 'max_depth': 10, 'min_child_weight': 8, 'learning_rate': 0.281192334751951, 'subsample': 0.7961327829856754, 'colsample_bytree': 0.9427840098289858, 'colsample_bylevel': 0.8751138665192703, 'gamma': 2.5732322908824767, 'reg_alpha': 0.5018176051766813, 'reg_lambda': 8.51150259959041}. Best is trial 663 with value: 0.22514420173203087.
[I 2024-09-20 12:43:29,698] Trial 909 finished with value: 0.23392203664459815 and parameters: {'n_estimators': 838, 'max_depth': 10, 'min_child_weight': 8, 'learning_rate': 0.29995851303745574, 'subsample': 0.7916457409059079, 'colsample_bytree': 0.9218994984278243, 'colsample_bylevel': 0.8629549637831604, 'gamma': 3.046857172881658, 'reg_alpha': 0.5190051312282895, 'reg_lambda': 8.287592556377286}. Best is trial 663 with value: 0.22514420173203087.
[I 2024-09-20 12:44:34,122] Trial 910 finished with value: 0.2310871362285379 and parameters: {'n_estimators': 868, 'max_depth': 10, 'min_child_weight': 7, 'learning_rate': 0.2710124656986291, 'subsample': 0.7865956971379114, 'colsample_bytree': 0.9565641027177644, 'colsample_bylevel': 0.8907482135187837, 'gamma': 2.954932566757066, 'reg_alpha': 0.48751561872011695, 'reg_lambda': 6.020280028285062}. Best is trial 663 with value: 0.22514420173203087.
[I 2024-09-20 12:45:15,091] Trial 911 finished with value: 0.23543309916646366 and parameters: {'n_estimators': 741, 'max_depth': 10, 'min_child_weight': 7, 'learning_rate': 0.28254376486662935, 'subsample': 0.8017576664137697, 'colsample_bytree': 0.9384816388491662, 'colsample_bylevel': 0.8667897105546268, 'gamma': 3.0154523815851166, 'reg_alpha': 0.5221196672593242, 'reg_lambda': 6.174099804700068}. Best is trial 663 with value: 0.22514420173203087.
