[I 2024-09-20 10:22:42,588] Trial 720 finished with value: 0.23019970611396173 and parameters: {'n_estimators': 862, 'max_depth': 10, 'min_child_weight': 9, 'learning_rate': 0.2680912351737183, 'subsample': 0.7970576920408211, 'colsample_bytree': 0.9363122484996363, 'colsample_bylevel': 0.8271474826586946, 'gamma': 3.244549286001063, 'reg_alpha': 0.43199633329348996, 'reg_lambda': 5.1495581444460585}. Best is trial 663 with value: 0.22514420173203087.
[I 2024-09-20 10:23:16,276] Trial 721 finished with value: 0.29196160909572544 and parameters: {'n_estimators': 847, 'max_depth': 4, 'min_child_weight': 9, 'learning_rate': 0.23560020826968425, 'subsample': 0.8254748483371783, 'colsample_bytree': 0.9485741270939241, 'colsample_bylevel': 0.8054708418486847, 'gamma': 3.3459915081422524, 'reg_alpha': 0.3778604347582026, 'reg_lambda': 5.400992253372251}. Best is trial 663 with value: 0.22514420173203087.
[I 2024-09-20 10:24:16,803] Trial 722 finished with value: 0.23793139897920054 and parameters: {'n_estimators': 866, 'max_depth': 10, 'min_child_weight': 9, 'learning_rate': 0.28011416416510126, 'subsample': 0.7758933887035208, 'colsample_bytree': 0.8803067975467024, 'colsample_bylevel': 0.7732389725884321, 'gamma': 3.4264345996611714, 'reg_alpha': 0.40589057261731587, 'reg_lambda': 6.017773512079767}. Best is trial 663 with value: 0.22514420173203087.
[I 2024-09-20 10:25:21,910] Trial 723 finished with value: 0.23304517096898253 and parameters: {'n_estimators': 872, 'max_depth': 10, 'min_child_weight': 9, 'learning_rate': 0.2523304930245749, 'subsample': 0.7855210567343758, 'colsample_bytree': 0.9252874853677588, 'colsample_bylevel': 0.8141153676573306, 'gamma': 3.1384724601535026, 'reg_alpha': 0.7826315936172616, 'reg_lambda': 6.453040010545708}. Best is trial 663 with value: 0.22514420173203087.
[I 2024-09-20 10:26:26,637] Trial 724 finished with value: 0.23101692013762615 and parameters: {'n_estimators': 848, 'max_depth': 10, 'min_child_weight': 9, 'learning_rate': 0.28147462581503474, 'subsample': 0.8465731594123322, 'colsample_bytree': 0.9499426538636488, 'colsample_bylevel': 0.8265757274326186, 'gamma': 3.45289547947643, 'reg_alpha': 0.4628824780562078, 'reg_lambda': 4.897350083026829}. Best is trial 663 with value: 0.22514420173203087.
[I 2024-09-20 10:27:30,958] Trial 725 finished with value: 0.2552317417263163 and parameters: {'n_estimators': 743, 'max_depth': 7, 'min_child_weight': 10, 'learning_rate': 0.26305026061944214, 'subsample': 0.805654003076734, 'colsample_bytree': 0.9353299245859105, 'colsample_bylevel': 0.7592098508622485, 'gamma': 3.2977318851750077, 'reg_alpha': 0.4515023072190978, 'reg_lambda': 5.6352437087283205}. Best is trial 663 with value: 0.22514420173203087.
[I 2024-09-20 10:28:43,510] Trial 726 finished with value: 0.23473982066712665 and parameters: {'n_estimators': 871, 'max_depth': 10, 'min_child_weight': 9, 'learning_rate': 0.2281595348849154, 'subsample': 0.793607876995821, 'colsample_bytree': 0.9200020333048432, 'colsample_bylevel': 0.7809303438354863, 'gamma': 3.3838716466369587, 'reg_alpha': 0.4708914309074552, 'reg_lambda': 5.300511283872012}. Best is trial 663 with value: 0.22514420173203087.
[I 2024-09-20 10:29:48,200] Trial 727 finished with value: 0.22947220868515225 and parameters: {'n_estimators': 900, 'max_depth': 10, 'min_child_weight': 10, 'learning_rate': 0.2999513232890159, 'subsample': 0.768491222943932, 'colsample_bytree': 0.940746295576885, 'colsample_bylevel': 0.8320059653619092, 'gamma': 3.5020955869466004, 'reg_alpha': 0.48596752877068283, 'reg_lambda': 4.5550366709279055}. Best is trial 663 with value: 0.22514420173203087.
[I 2024-09-20 10:30:17,967] Trial 728 finished with value: 0.2687560050513224 and parameters: {'n_estimators': 356, 'max_depth': 10, 'min_child_weight': 8, 'learning_rate': 0.2450311914173616, 'subsample': 0.8324853995050843, 'colsample_bytree': 0.9515564193496211, 'colsample_bylevel': 0.8208192225056248, 'gamma': 3.573752153976129, 'reg_alpha': 0.41168047791313755, 'reg_lambda': 5.094533723498927}. Best is trial 663 with value: 0.22514420173203087.
[I 2024-09-20 10:31:15,272] Trial 729 finished with value: 0.23837344530964355 and parameters: {'n_estimators': 900, 'max_depth': 9, 'min_child_weight': 9, 'learning_rate': 0.27051522440549725, 'subsample': 0.8199258061898735, 'colsample_bytree': 0.9302157016283811, 'colsample_bylevel': 0.7921979021410493, 'gamma': 3.228893649531415, 'reg_alpha': 0.49028874369496844, 'reg_lambda': 7.704114498477873}. Best is trial 663 with value: 0.22514420173203087.
[I 2024-09-20 10:32:32,364] Trial 730 finished with value: 0.23522404050080792 and parameters: {'n_estimators': 825, 'max_depth': 10, 'min_child_weight': 9, 'learning_rate': 0.2557187940861992, 'subsample': 0.7530529389727854, 'colsample_bytree': 0.9188378199455883, 'colsample_bylevel': 0.8091937588732578, 'gamma': 3.401155279199206, 'reg_alpha': 0.19967484289094628, 'reg_lambda': 5.5320264661155045}. Best is trial 663 with value: 0.22514420173203087.
[I 2024-09-20 10:32:45,758] Trial 731 finished with value: 0.33003689868819325 and parameters: {'n_estimators': 120, 'max_depth': 10, 'min_child_weight': 9, 'learning_rate': 0.27966939580624706, 'subsample': 0.7764091788027806, 'colsample_bytree': 0.945487129283997, 'colsample_bylevel': 0.9186653327641054, 'gamma': 3.4742661744181493, 'reg_alpha': 0.4401159110323241, 'reg_lambda': 6.232501848745322}. Best is trial 663 with value: 0.22514420173203087.
[I 2024-09-20 10:33:01,930] Trial 732 finished with value: 0.30854502262973404 and parameters: {'n_estimators': 195, 'max_depth': 10, 'min_child_weight': 8, 'learning_rate': 0.23999034365659633, 'subsample': 0.8019823181573253, 'colsample_bytree': 0.911402644760585, 'colsample_bylevel': 0.8345150430532189, 'gamma': 3.622665685880432, 'reg_alpha': 0.5058948321038127, 'reg_lambda': 5.862256758317355}. Best is trial 663 with value: 0.22514420173203087.
[I 2024-09-20 10:34:19,523] Trial 733 finished with value: 0.23391165762926786 and parameters: {'n_estimators': 859, 'max_depth': 10, 'min_child_weight': 6, 'learning_rate': 0.2995485315615589, 'subsample': 0.7639443641292029, 'colsample_bytree': 0.9344653803530595, 'colsample_bylevel': 0.8275203383561645, 'gamma': 3.316131662150804, 'reg_alpha': 0.47132306900196347, 'reg_lambda': 4.7852758071332975}. Best is trial 663 with value: 0.22514420173203087.
[I 2024-09-20 10:35:20,932] Trial 734 finished with value: 0.2314329442670203 and parameters: {'n_estimators': 882, 'max_depth': 10, 'min_child_weight': 10, 'learning_rate': 0.26614919808574644, 'subsample': 0.8542032124420371, 'colsample_bytree': 0.6264925064783882, 'colsample_bylevel': 0.9470427039137347, 'gamma': 3.0487186092263467, 'reg_alpha': 0.43732511624049863, 'reg_lambda': 6.728761596342137}. Best is trial 663 with value: 0.22514420173203087.
[I 2024-09-20 10:36:25,365] Trial 735 finished with value: 0.23425933481866093 and parameters: {'n_estimators': 885, 'max_depth': 8, 'min_child_weight': 9, 'learning_rate': 0.27977320332724165, 'subsample': 0.8130973751636982, 'colsample_bytree': 0.954230464579946, 'colsample_bylevel': 0.8046160244132479, 'gamma': 3.5411481665754425, 'reg_alpha': 0.48683739010788946, 'reg_lambda': 5.299426292843564}. Best is trial 663 with value: 0.22514420173203087.
[I 2024-09-20 10:37:18,776] Trial 736 finished with value: 0.243596728093682 and parameters: {'n_estimators': 717, 'max_depth': 10, 'min_child_weight': 7, 'learning_rate': 0.2192326085475666, 'subsample': 0.7892502760043578, 'colsample_bytree': 0.9253917687006784, 'colsample_bylevel': 0.8201883300564592, 'gamma': 3.7155386780534054, 'reg_alpha': 0.4565357755263752, 'reg_lambda': 7.0247469185954925}. Best is trial 663 with value: 0.22514420173203087.
[I 2024-09-20 10:38:48,952] Trial 737 finished with value: 0.2298497288472654 and parameters: {'n_estimators': 838, 'max_depth': 10, 'min_child_weight': 3, 'learning_rate': 0.2995921404739306, 'subsample': 0.782185211212439, 'colsample_bytree': 0.9415176532230807, 'colsample_bylevel': 0.8196035555230045, 'gamma': 3.4593697014636513, 'reg_alpha': 0.4008403606784385, 'reg_lambda': 5.032354059557548}. Best is trial 663 with value: 0.22514420173203087.
[I 2024-09-20 10:40:00,613] Trial 738 finished with value: 0.24159359805157052 and parameters: {'n_estimators': 861, 'max_depth': 10, 'min_child_weight': 3, 'learning_rate': 0.20153818874398263, 'subsample': 0.7971013632732632, 'colsample_bytree': 0.953996771474724, 'colsample_bylevel': 0.9118868666527273, 'gamma': 3.6009866890442037, 'reg_alpha': 0.5167155164293022, 'reg_lambda': 4.670068981221619}. Best is trial 663 with value: 0.22514420173203087.
[I 2024-09-20 10:41:20,001] Trial 739 finished with value: 0.2353046405638856 and parameters: {'n_estimators': 872, 'max_depth': 10, 'min_child_weight': 3, 'learning_rate': 0.25434546267743807, 'subsample': 0.8398395648379648, 'colsample_bytree': 0.9073563162852627, 'colsample_bylevel': 0.6985079630065134, 'gamma': 3.2059731936157907, 'reg_alpha': 0.501161432351361, 'reg_lambda': 5.506120460126823}. Best is trial 663 with value: 0.22514420173203087.
[I 2024-09-20 10:42:28,939] Trial 740 finished with value: 0.23296282488508613 and parameters: {'n_estimators': 886, 'max_depth': 10, 'min_child_weight': 3, 'learning_rate': 0.2809019429360837, 'subsample': 0.8233184936630836, 'colsample_bytree': 0.934591417106313, 'colsample_bylevel': 0.7850782719281115, 'gamma': 3.337547926305084, 'reg_alpha': 0.419210814210693, 'reg_lambda': 4.4891867555334235}. Best is trial 663 with value: 0.22514420173203087.
[I 2024-09-20 10:43:28,149] Trial 741 finished with value: 0.23468371855966813 and parameters: {'n_estimators': 848, 'max_depth': 10, 'min_child_weight': 9, 'learning_rate': 0.23977753382098735, 'subsample': 0.7738886061869513, 'colsample_bytree': 0.9227234547718932, 'colsample_bylevel': 0.8330584008509958, 'gamma': 3.7409181643097242, 'reg_alpha': 0.4846448493358863, 'reg_lambda': 5.223901076600656}. Best is trial 663 with value: 0.22514420173203087.
[I 2024-09-20 10:44:40,241] Trial 742 finished with value: 0.4020338832953191 and parameters: {'n_estimators': 872, 'max_depth': 10, 'min_child_weight': 10, 'learning_rate': 0.015790675410306633, 'subsample': 0.8047924010892862, 'colsample_bytree': 0.9486120653051768, 'colsample_bylevel': 0.8361688931735122, 'gamma': 3.5336717255699197, 'reg_alpha': 0.4644978286355828, 'reg_lambda': 8.043960098766243}. Best is trial 663 with value: 0.22514420173203087.
[I 2024-09-20 10:45:53,883] Trial 743 finished with value: 0.23240177297615378 and parameters: {'n_estimators': 887, 'max_depth': 10, 'min_child_weight': 3, 'learning_rate': 0.26617084082316644, 'subsample': 0.761138732900812, 'colsample_bytree': 0.9404964761211743, 'colsample_bylevel': 0.8976813681067128, 'gamma': 3.3939797740455804, 'reg_alpha': 0.45185734304108194, 'reg_lambda': 4.92542398523816}. Best is trial 663 with value: 0.22514420173203087.
[I 2024-09-20 10:46:52,585] Trial 744 finished with value: 0.24740115064548637 and parameters: {'n_estimators': 858, 'max_depth': 10, 'min_child_weight': 8, 'learning_rate': 0.25357122376951136, 'subsample': 0.7869155031393265, 'colsample_bytree': 0.9184708775354696, 'colsample_bylevel': 0.5277122141025775, 'gamma': 3.657916227212848, 'reg_alpha': 0.50799482347014, 'reg_lambda': 5.718708207608284}. Best is trial 663 with value: 0.22514420173203087.
[I 2024-09-20 10:47:32,960] Trial 745 finished with value: 0.24091472254951043 and parameters: {'n_estimators': 548, 'max_depth': 10, 'min_child_weight': 7, 'learning_rate': 0.2806969264546244, 'subsample': 0.750930114417622, 'colsample_bytree': 0.9568728558475036, 'colsample_bylevel': 0.9351133102091497, 'gamma': 3.4613236009296564, 'reg_alpha': 0.4759888802803068, 'reg_lambda': 5.090938316904153}. Best is trial 663 with value: 0.22514420173203087.
[I 2024-09-20 10:48:45,504] Trial 746 finished with value: 0.23052134528354581 and parameters: {'n_estimators': 800, 'max_depth': 9, 'min_child_weight': 3, 'learning_rate': 0.2995995180629707, 'subsample': 0.8103290361861047, 'colsample_bytree': 0.9320821889704739, 'colsample_bylevel': 0.8019420402999728, 'gamma': 3.543061144514173, 'reg_alpha': 0.434643060532618, 'reg_lambda': 5.450645442601808}. Best is trial 663 with value: 0.22514420173203087.
[I 2024-09-20 10:49:36,122] Trial 747 finished with value: 0.2420490842505303 and parameters: {'n_estimators': 685, 'max_depth': 10, 'min_child_weight': 9, 'learning_rate': 0.2331394820382735, 'subsample': 0.8307088375314393, 'colsample_bytree': 0.8836795349476645, 'colsample_bylevel': 0.8200517579181077, 'gamma': 3.643954254443155, 'reg_alpha': 0.5067049082463255, 'reg_lambda': 4.887697306406198}. Best is trial 663 with value: 0.22514420173203087.
[I 2024-09-20 10:50:45,230] Trial 748 finished with value: 0.23043845333594146 and parameters: {'n_estimators': 900, 'max_depth': 10, 'min_child_weight': 3, 'learning_rate': 0.2646416009444867, 'subsample': 0.7753269929906722, 'colsample_bytree': 0.9412897187733407, 'colsample_bylevel': 0.8352951808615761, 'gamma': 3.84985258238486, 'reg_alpha': 0.3949467493852463, 'reg_lambda': 5.894919161731414}. Best is trial 663 with value: 0.22514420173203087.
[I 2024-09-20 10:51:47,635] Trial 749 finished with value: 0.23374047219453375 and parameters: {'n_estimators': 831, 'max_depth': 10, 'min_child_weight': 3, 'learning_rate': 0.28118834030510426, 'subsample': 0.794833779522655, 'colsample_bytree': 0.9104415743971784, 'colsample_bylevel': 0.7947627970937745, 'gamma': 3.2619860538721417, 'reg_alpha': 0.43330350350689006, 'reg_lambda': 5.272483078015523}. Best is trial 663 with value: 0.22514420173203087.
[I 2024-09-20 10:53:21,905] Trial 750 finished with value: 0.22993241879304488 and parameters: {'n_estimators': 900, 'max_depth': 10, 'min_child_weight': 3, 'learning_rate': 0.25082510530381313, 'subsample': 0.8634260393919068, 'colsample_bytree': 0.956540118105209, 'colsample_bylevel': 0.811652847890463, 'gamma': 3.4081820918756476, 'reg_alpha': 0.4870617524995921, 'reg_lambda': 5.64585821760199}. Best is trial 663 with value: 0.22514420173203087.
[I 2024-09-20 10:54:38,210] Trial 751 finished with value: 0.24080857751001003 and parameters: {'n_estimators': 874, 'max_depth': 10, 'min_child_weight': 3, 'learning_rate': 0.26776111974844674, 'subsample': 0.9132317458186779, 'colsample_bytree': 0.9290840195379881, 'colsample_bylevel': 0.9065965868092076, 'gamma': 3.752104141465089, 'reg_alpha': 0.46152201587302627, 'reg_lambda': 4.687182899067311}. Best is trial 663 with value: 0.22514420173203087.
[I 2024-09-20 10:55:39,276] Trial 752 finished with value: 0.23923096491904322 and parameters: {'n_estimators': 851, 'max_depth': 10, 'min_child_weight': 9, 'learning_rate': 0.21996931613462908, 'subsample': 0.8452714872610712, 'colsample_bytree': 0.9453623535992268, 'colsample_bylevel': 0.7659569964619795, 'gamma': 3.546420373292121, 'reg_alpha': 0.522026548996196, 'reg_lambda': 7.3194336555786546}. Best is trial 663 with value: 0.22514420173203087.
[I 2024-09-20 10:56:43,755] Trial 753 finished with value: 0.23098607793926468 and parameters: {'n_estimators': 868, 'max_depth': 10, 'min_child_weight': 3, 'learning_rate': 0.299545881712244, 'subsample': 0.8196320136818624, 'colsample_bytree': 0.8991224864370834, 'colsample_bylevel': 0.9212158912752427, 'gamma': 3.137467008145702, 'reg_alpha': 0.42103309459796573, 'reg_lambda': 4.477742705583216}. Best is trial 663 with value: 0.22514420173203087.
[I 2024-09-20 10:58:00,934] Trial 754 finished with value: 0.2408284515237325 and parameters: {'n_estimators': 885, 'max_depth': 10, 'min_child_weight': 10, 'learning_rate': 0.24534107912838457, 'subsample': 0.7663366662771186, 'colsample_bytree': 0.9226290046289093, 'colsample_bylevel': 0.8275390204451865, 'gamma': 3.3526885380853715, 'reg_alpha': 0.472965560943597, 'reg_lambda': 6.136784904237323}. Best is trial 663 with value: 0.22514420173203087.
[I 2024-09-20 10:58:55,121] Trial 755 finished with value: 0.22856327913353822 and parameters: {'n_estimators': 818, 'max_depth': 10, 'min_child_weight': 8, 'learning_rate': 0.28173140059875545, 'subsample': 0.7840186956272828, 'colsample_bytree': 0.9498385465120459, 'colsample_bylevel': 0.8388147556297394, 'gamma': 3.6555299481124948, 'reg_alpha': 0.4466300101216564, 'reg_lambda': 5.413480022953683}. Best is trial 663 with value: 0.22514420173203087.
[I 2024-09-20 10:59:43,929] Trial 756 finished with value: 0.23280941299866634 and parameters: {'n_estimators': 815, 'max_depth': 10, 'min_child_weight': 8, 'learning_rate': 0.2754070787517316, 'subsample': 0.7819710326918481, 'colsample_bytree': 0.9533100870251449, 'colsample_bylevel': 0.7326302333623744, 'gamma': 3.6997590792867117, 'reg_alpha': 0.4523576408283767, 'reg_lambda': 5.1425919074023785}. Best is trial 663 with value: 0.22514420173203087.
[I 2024-09-20 11:00:37,488] Trial 757 finished with value: 0.2368060935401744 and parameters: {'n_estimators': 795, 'max_depth': 10, 'min_child_weight': 8, 'learning_rate': 0.29930909733766875, 'subsample': 0.7928307778692154, 'colsample_bytree': 0.9595900488717504, 'colsample_bylevel': 0.8420737337039943, 'gamma': 3.767949669206478, 'reg_alpha': 0.37761964763442163, 'reg_lambda': 5.415527209584948}. Best is trial 663 with value: 0.22514420173203087.
[I 2024-09-20 11:01:30,134] Trial 758 finished with value: 0.23273616438508657 and parameters: {'n_estimators': 829, 'max_depth': 10, 'min_child_weight': 7, 'learning_rate': 0.2800366720710878, 'subsample': 0.7823633770309374, 'colsample_bytree': 0.9476523334460614, 'colsample_bylevel': 0.8426475237898454, 'gamma': 3.473281054390743, 'reg_alpha': 0.42224283083904285, 'reg_lambda': 4.954784172147972}. Best is trial 663 with value: 0.22514420173203087.
[I 2024-09-20 11:02:18,358] Trial 759 finished with value: 0.23751583230892806 and parameters: {'n_estimators': 790, 'max_depth': 10, 'min_child_weight': 6, 'learning_rate': 0.25919612437037676, 'subsample': 0.7725416173679162, 'colsample_bytree': 0.9610946648025639, 'colsample_bylevel': 0.8389857900862795, 'gamma': 0.3638225787902506, 'reg_alpha': 0.44421984233411527, 'reg_lambda': 5.262370288241245}. Best is trial 663 with value: 0.22514420173203087.
[I 2024-09-20 11:03:05,796] Trial 760 finished with value: 0.23234026710375622 and parameters: {'n_estimators': 779, 'max_depth': 10, 'min_child_weight': 8, 'learning_rate': 0.2821562548359492, 'subsample': 0.8021573379808342, 'colsample_bytree': 0.9494430012307389, 'colsample_bylevel': 0.8491844994646989, 'gamma': 3.8826912823333304, 'reg_alpha': 0.42222290920484223, 'reg_lambda': 4.795918766386261}. Best is trial 663 with value: 0.22514420173203087.
[I 2024-09-20 11:04:13,341] Trial 761 finished with value: 0.23457486866677274 and parameters: {'n_estimators': 812, 'max_depth': 10, 'min_child_weight': 9, 'learning_rate': 0.23939612579519232, 'subsample': 0.7914588189802131, 'colsample_bytree': 0.8668706619170218, 'colsample_bylevel': 0.8312277792387927, 'gamma': 3.6391573668790613, 'reg_alpha': 0.45416946773901523, 'reg_lambda': 5.033833125028477}. Best is trial 663 with value: 0.22514420173203087.
[I 2024-09-20 11:04:58,115] Trial 762 finished with value: 0.23546708242270226 and parameters: {'n_estimators': 806, 'max_depth': 10, 'min_child_weight': 8, 'learning_rate': 0.29980014808900124, 'subsample': 0.7637353008075077, 'colsample_bytree': 0.6610887496023863, 'colsample_bylevel': 0.84760433178325, 'gamma': 3.5593882439180864, 'reg_alpha': 0.47449702239766456, 'reg_lambda': 5.375535010609172}. Best is trial 663 with value: 0.22514420173203087.
[I 2024-09-20 11:05:45,835] Trial 763 finished with value: 0.22946401454892987 and parameters: {'n_estimators': 827, 'max_depth': 10, 'min_child_weight': 9, 'learning_rate': 0.26577349301647785, 'subsample': 0.785435321363674, 'colsample_bytree': 0.9389228210847245, 'colsample_bylevel': 0.8349057091799847, 'gamma': 3.2749657234969676, 'reg_alpha': 0.49454559063620257, 'reg_lambda': 6.534542864783555}. Best is trial 663 with value: 0.22514420173203087.
[I 2024-09-20 11:06:24,449] Trial 764 finished with value: 0.2340753759567303 and parameters: {'n_estimators': 813, 'max_depth': 10, 'min_child_weight': 9, 'learning_rate': 0.25531466334075453, 'subsample': 0.7730343469133283, 'colsample_bytree': 0.9632837106298282, 'colsample_bylevel': 0.8947866867738371, 'gamma': 3.450305904171402, 'reg_alpha': 0.4041489045989253, 'reg_lambda': 4.710247165242722}. Best is trial 663 with value: 0.22514420173203087.
[I 2024-09-20 11:07:04,157] Trial 765 finished with value: 0.2338765638400003 and parameters: {'n_estimators': 827, 'max_depth': 10, 'min_child_weight': 7, 'learning_rate': 0.28113790637789204, 'subsample': 0.7988484880492667, 'colsample_bytree': 0.9523912957105295, 'colsample_bylevel': 0.87933285701247, 'gamma': 3.696534542496349, 'reg_alpha': 0.43842960765099537, 'reg_lambda': 4.445728882904599}. Best is trial 663 with value: 0.22514420173203087.
[I 2024-09-20 11:07:39,270] Trial 766 finished with value: 0.24051668033399856 and parameters: {'n_estimators': 838, 'max_depth': 9, 'min_child_weight': 9, 'learning_rate': 0.23151451273351747, 'subsample': 0.757638722038498, 'colsample_bytree': 0.9398650060507865, 'colsample_bylevel': 0.8407284091444622, 'gamma': 3.8144545535595995, 'reg_alpha': 0.4644586596169444, 'reg_lambda': 5.15904493079784}. Best is trial 663 with value: 0.22514420173203087.
[I 2024-09-20 11:08:01,199] Trial 767 finished with value: 0.25086176934648413 and parameters: {'n_estimators': 484, 'max_depth': 10, 'min_child_weight': 8, 'learning_rate': 0.26113304324097425, 'subsample': 0.8119022405933156, 'colsample_bytree': 0.9634168123121958, 'colsample_bylevel': 0.8503712592143216, 'gamma': 3.3723374394172203, 'reg_alpha': 0.49130000926009987, 'reg_lambda': 6.855534926703817}. Best is trial 663 with value: 0.22514420173203087.
