[I 2024-09-20 04:51:14,384] Trial 384 finished with value: 0.24413253793646533 and parameters: {'n_estimators': 854, 'max_depth': 10, 'min_child_weight': 3, 'learning_rate': 0.2797057632150297, 'subsample': 0.7954120302700667, 'colsample_bytree': 0.5182117744673396, 'colsample_bylevel': 0.8198226545872275, 'gamma': 3.375847377666698, 'reg_alpha': 0.4999064155407665, 'reg_lambda': 5.7934154283293084}. Best is trial 346 with value: 0.2268659922189559.
[I 2024-09-20 04:52:13,412] Trial 385 finished with value: 0.2351826392030464 and parameters: {'n_estimators': 885, 'max_depth': 10, 'min_child_weight': 3, 'learning_rate': 0.2500509563107176, 'subsample': 0.7846407697163345, 'colsample_bytree': 0.925288246544084, 'colsample_bylevel': 0.8308718827162018, 'gamma': 3.49533836749601, 'reg_alpha': 0.6134577195714813, 'reg_lambda': 5.516854982928743}. Best is trial 346 with value: 0.2268659922189559.
[I 2024-09-20 04:53:17,080] Trial 386 finished with value: 0.23752919689789875 and parameters: {'n_estimators': 871, 'max_depth': 10, 'min_child_weight': 3, 'learning_rate': 0.2831979384961547, 'subsample': 0.7730318260370596, 'colsample_bytree': 0.8787608894369807, 'colsample_bylevel': 0.7847249890935303, 'gamma': 3.6777258219079734, 'reg_alpha': 0.5898337125591895, 'reg_lambda': 5.361665571692781}. Best is trial 346 with value: 0.2268659922189559.
[I 2024-09-20 04:54:25,108] Trial 387 finished with value: 0.23242314170374537 and parameters: {'n_estimators': 884, 'max_depth': 10, 'min_child_weight': 3, 'learning_rate': 0.2613998703077627, 'subsample': 0.8031049101022334, 'colsample_bytree': 0.9098346772262423, 'colsample_bylevel': 0.801423990611298, 'gamma': 3.311732991491356, 'reg_alpha': 0.46600395842488795, 'reg_lambda': 5.855453038501764}. Best is trial 346 with value: 0.2268659922189559.
[I 2024-09-20 04:55:28,501] Trial 388 finished with value: 0.23403821795352836 and parameters: {'n_estimators': 856, 'max_depth': 10, 'min_child_weight': 2, 'learning_rate': 0.23018309253230387, 'subsample': 0.7932025168815251, 'colsample_bytree': 0.9217474593100106, 'colsample_bylevel': 0.8323054086264537, 'gamma': 3.027381205510623, 'reg_alpha': 0.522494791993328, 'reg_lambda': 6.064251173086019}. Best is trial 346 with value: 0.2268659922189559.
[I 2024-09-20 04:56:37,594] Trial 389 finished with value: 0.23079708626810866 and parameters: {'n_estimators': 900, 'max_depth': 10, 'min_child_weight': 3, 'learning_rate': 0.24648100991791225, 'subsample': 0.8153891910921593, 'colsample_bytree': 0.96641296539585, 'colsample_bylevel': 0.8261053807413574, 'gamma': 3.5388728229555855, 'reg_alpha': 0.6252062467838528, 'reg_lambda': 5.631553965721205}. Best is trial 346 with value: 0.2268659922189559.
[I 2024-09-20 04:57:38,337] Trial 390 finished with value: 0.23461206817797758 and parameters: {'n_estimators': 869, 'max_depth': 10, 'min_child_weight': 3, 'learning_rate': 0.2997417759063016, 'subsample': 0.7826359546579508, 'colsample_bytree': 0.963548925855654, 'colsample_bylevel': 0.8180850353785909, 'gamma': 3.230174285996915, 'reg_alpha': 0.5710606470500835, 'reg_lambda': 5.808509688482359}. Best is trial 346 with value: 0.2268659922189559.
[I 2024-09-20 04:58:33,112] Trial 391 finished with value: 0.2371897761020223 and parameters: {'n_estimators': 847, 'max_depth': 10, 'min_child_weight': 2, 'learning_rate': 0.265726938369446, 'subsample': 0.7741407079280886, 'colsample_bytree': 0.7199879710420376, 'colsample_bylevel': 0.8393545383285108, 'gamma': 3.411161592628342, 'reg_alpha': 0.5474613297384898, 'reg_lambda': 5.160153381781523}. Best is trial 346 with value: 0.2268659922189559.
[I 2024-09-20 04:59:30,873] Trial 392 finished with value: 0.2433739624899817 and parameters: {'n_estimators': 884, 'max_depth': 9, 'min_child_weight': 3, 'learning_rate': 0.20315169048341283, 'subsample': 0.7661493811875476, 'colsample_bytree': 0.9145865400587421, 'colsample_bylevel': 0.7768423757176868, 'gamma': 3.6981690803470535, 'reg_alpha': 0.23542463452096374, 'reg_lambda': 5.977802412044701}. Best is trial 346 with value: 0.2268659922189559.
[I 2024-09-20 05:00:26,096] Trial 393 finished with value: 0.2331081238877956 and parameters: {'n_estimators': 861, 'max_depth': 10, 'min_child_weight': 5, 'learning_rate': 0.28260049995699826, 'subsample': 0.7956337987311858, 'colsample_bytree': 0.9726834907727927, 'colsample_bylevel': 0.8084248667930588, 'gamma': 3.540864116475571, 'reg_alpha': 0.5923214334558182, 'reg_lambda': 5.509864620791531}. Best is trial 346 with value: 0.2268659922189559.
[I 2024-09-20 05:01:25,940] Trial 394 finished with value: 0.23365474027284217 and parameters: {'n_estimators': 885, 'max_depth': 10, 'min_child_weight': 2, 'learning_rate': 0.2432014525035348, 'subsample': 0.7861422936823707, 'colsample_bytree': 0.9334283797386204, 'colsample_bylevel': 0.8366860748408288, 'gamma': 3.3033609668403567, 'reg_alpha': 0.5342738452588229, 'reg_lambda': 5.16832426932109}. Best is trial 346 with value: 0.2268659922189559.
[I 2024-09-20 05:02:27,580] Trial 395 finished with value: 0.2579079078548082 and parameters: {'n_estimators': 900, 'max_depth': 10, 'min_child_weight': 3, 'learning_rate': 0.26644965537558096, 'subsample': 0.8049242685521144, 'colsample_bytree': 0.5710111257795152, 'colsample_bylevel': 0.8451280687635235, 'gamma': 3.6105742998016486, 'reg_alpha': 0.492708267126307, 'reg_lambda': 5.623525516794023}. Best is trial 346 with value: 0.2268659922189559.
[I 2024-09-20 05:03:26,147] Trial 396 finished with value: 0.23518418923969922 and parameters: {'n_estimators': 871, 'max_depth': 10, 'min_child_weight': 4, 'learning_rate': 0.21709154014916068, 'subsample': 0.7802094241229105, 'colsample_bytree': 0.9768534308628891, 'colsample_bylevel': 0.8219764396314314, 'gamma': 3.4573425719091477, 'reg_alpha': 0.5705966595442382, 'reg_lambda': 6.072303712593812}. Best is trial 346 with value: 0.2268659922189559.
[I 2024-09-20 05:04:18,028] Trial 397 finished with value: 0.2527965069104417 and parameters: {'n_estimators': 850, 'max_depth': 10, 'min_child_weight': 3, 'learning_rate': 0.14925247066713607, 'subsample': 0.7626454792689945, 'colsample_bytree': 0.9586017431553392, 'colsample_bylevel': 0.7575096524712521, 'gamma': 3.7499932143557504, 'reg_alpha': 0.637176848018743, 'reg_lambda': 5.33095524201483}. Best is trial 346 with value: 0.2268659922189559.
[I 2024-09-20 05:05:15,790] Trial 398 finished with value: 0.24318636014423034 and parameters: {'n_estimators': 879, 'max_depth': 10, 'min_child_weight': 4, 'learning_rate': 0.2999617995618035, 'subsample': 0.8209402057655983, 'colsample_bytree': 0.7511893921006092, 'colsample_bylevel': 0.8309246916474504, 'gamma': 3.15371002517839, 'reg_alpha': 0.6045994760301522, 'reg_lambda': 5.057440897781107}. Best is trial 346 with value: 0.2268659922189559.
[I 2024-09-20 05:05:56,311] Trial 399 finished with value: 0.23899466825145038 and parameters: {'n_estimators': 828, 'max_depth': 8, 'min_child_weight': 4, 'learning_rate': 0.2578735781132349, 'subsample': 0.7712355074525602, 'colsample_bytree': 0.9436697354689487, 'colsample_bylevel': 0.5841366761815283, 'gamma': 3.3707859914251013, 'reg_alpha': 0.5830050058627965, 'reg_lambda': 6.4155939414303}. Best is trial 346 with value: 0.2268659922189559.
[I 2024-09-20 05:06:51,025] Trial 400 finished with value: 0.23031547318578957 and parameters: {'n_estimators': 860, 'max_depth': 10, 'min_child_weight': 3, 'learning_rate': 0.2828371752378095, 'subsample': 0.8131993085889831, 'colsample_bytree': 0.9062880739059006, 'colsample_bylevel': 0.7903343301645406, 'gamma': 3.586101004648732, 'reg_alpha': 0.5534872032616313, 'reg_lambda': 5.823448388165101}. Best is trial 346 with value: 0.2268659922189559.
[I 2024-09-20 05:07:43,272] Trial 401 finished with value: 0.23754181084423637 and parameters: {'n_estimators': 846, 'max_depth': 10, 'min_child_weight': 3, 'learning_rate': 0.23562641579230928, 'subsample': 0.8130787546219322, 'colsample_bytree': 0.8987735234625256, 'colsample_bylevel': 0.7868871748255708, 'gamma': 3.576830515962659, 'reg_alpha': 0.5477505937351693, 'reg_lambda': 5.9530745663171585}. Best is trial 346 with value: 0.2268659922189559.
[I 2024-09-20 05:08:43,581] Trial 402 finished with value: 0.2309751727390778 and parameters: {'n_estimators': 857, 'max_depth': 10, 'min_child_weight': 3, 'learning_rate': 0.2795976261969155, 'subsample': 0.8077621252151865, 'colsample_bytree': 0.8897167651895023, 'colsample_bylevel': 0.7938779660817891, 'gamma': 3.473428524967443, 'reg_alpha': 0.5107363572421354, 'reg_lambda': 5.610325840518662}. Best is trial 346 with value: 0.2268659922189559.
[I 2024-09-20 05:09:35,695] Trial 403 finished with value: 0.2379911750430849 and parameters: {'n_estimators': 834, 'max_depth': 10, 'min_child_weight': 3, 'learning_rate': 0.24862201103783144, 'subsample': 0.8238319085841711, 'colsample_bytree': 0.9047138405339826, 'colsample_bylevel': 0.8094786382755141, 'gamma': 3.62657526453174, 'reg_alpha': 0.5306513774384491, 'reg_lambda': 6.191992334342703}. Best is trial 346 with value: 0.2268659922189559.
[I 2024-09-20 05:10:34,169] Trial 404 finished with value: 0.23109007997287428 and parameters: {'n_estimators': 881, 'max_depth': 10, 'min_child_weight': 3, 'learning_rate': 0.2672510432726769, 'subsample': 0.7978728138175628, 'colsample_bytree': 0.9150565201837847, 'colsample_bylevel': 0.7730475018049263, 'gamma': 3.4583949306069424, 'reg_alpha': 0.5534858212454317, 'reg_lambda': 5.564930925423605}. Best is trial 346 with value: 0.2268659922189559.
[I 2024-09-20 05:11:38,517] Trial 405 finished with value: 0.23745436048653423 and parameters: {'n_estimators': 900, 'max_depth': 10, 'min_child_weight': 3, 'learning_rate': 0.22834212280678445, 'subsample': 0.8144642566822975, 'colsample_bytree': 0.9031214148117278, 'colsample_bylevel': 0.8019922684283762, 'gamma': 3.318170883831807, 'reg_alpha': 0.4475177029591868, 'reg_lambda': 5.788872778686203}. Best is trial 346 with value: 0.2268659922189559.
[I 2024-09-20 05:12:31,209] Trial 406 finished with value: 0.22898782147609342 and parameters: {'n_estimators': 814, 'max_depth': 10, 'min_child_weight': 3, 'learning_rate': 0.28622712258848576, 'subsample': 0.8427121285392923, 'colsample_bytree': 0.9238921139498322, 'colsample_bylevel': 0.7893923815495837, 'gamma': 3.542618524580222, 'reg_alpha': 0.5644996887518666, 'reg_lambda': 5.318610459330889}. Best is trial 346 with value: 0.2268659922189559.
[I 2024-09-20 05:13:23,865] Trial 407 finished with value: 0.23848302746258895 and parameters: {'n_estimators': 813, 'max_depth': 10, 'min_child_weight': 3, 'learning_rate': 0.29912037391975393, 'subsample': 0.866492277816303, 'colsample_bytree': 0.9262849288342858, 'colsample_bylevel': 0.8152796717324919, 'gamma': 3.381368378882469, 'reg_alpha': 0.5726719714246477, 'reg_lambda': 5.347111508991634}. Best is trial 346 with value: 0.2268659922189559.
[I 2024-09-20 05:14:13,448] Trial 408 finished with value: 0.24016164263863202 and parameters: {'n_estimators': 781, 'max_depth': 10, 'min_child_weight': 2, 'learning_rate': 0.2535896014702306, 'subsample': 0.8450649673500954, 'colsample_bytree': 0.9267370864399266, 'colsample_bylevel': 0.8028623244862504, 'gamma': 3.5086021272176087, 'reg_alpha': 0.5117776400926444, 'reg_lambda': 4.8868016510436005}. Best is trial 346 with value: 0.2268659922189559.
[I 2024-09-20 05:15:07,290] Trial 409 finished with value: 0.2384174720375601 and parameters: {'n_estimators': 808, 'max_depth': 10, 'min_child_weight': 3, 'learning_rate': 0.27082163438129875, 'subsample': 0.8338497157001937, 'colsample_bytree': 0.7903592994966021, 'colsample_bylevel': 0.8255489589385705, 'gamma': 3.230444441926882, 'reg_alpha': 0.532716139109654, 'reg_lambda': 5.229936906659219}. Best is trial 346 with value: 0.2268659922189559.
[I 2024-09-20 05:15:59,401] Trial 410 finished with value: 0.23635153039725246 and parameters: {'n_estimators': 821, 'max_depth': 10, 'min_child_weight': 2, 'learning_rate': 0.2409734356721498, 'subsample': 0.850723798021447, 'colsample_bytree': 0.9230664004896441, 'colsample_bylevel': 0.815438355231434, 'gamma': 3.4335259130998246, 'reg_alpha': 0.5815791882389693, 'reg_lambda': 5.426776554313986}. Best is trial 346 with value: 0.2268659922189559.
[I 2024-09-20 05:16:52,164] Trial 411 finished with value: 0.2309880426722223 and parameters: {'n_estimators': 838, 'max_depth': 10, 'min_child_weight': 3, 'learning_rate': 0.26015298124723923, 'subsample': 0.8586194278843579, 'colsample_bytree': 0.9385054558967185, 'colsample_bylevel': 0.8393909952848377, 'gamma': 3.6719086405260293, 'reg_alpha': 0.47888139333646856, 'reg_lambda': 5.172079350495281}. Best is trial 346 with value: 0.2268659922189559.
[I 2024-09-20 05:17:52,858] Trial 412 finished with value: 0.2297770851770594 and parameters: {'n_estimators': 885, 'max_depth': 10, 'min_child_weight': 3, 'learning_rate': 0.2837089604465073, 'subsample': 0.843024809836055, 'colsample_bytree': 0.980857508779806, 'colsample_bylevel': 0.8318860370720114, 'gamma': 3.117658017898227, 'reg_alpha': 0.5581443671460415, 'reg_lambda': 5.445268670821334}. Best is trial 346 with value: 0.2268659922189559.
[I 2024-09-20 05:18:56,604] Trial 413 finished with value: 0.2311749141964065 and parameters: {'n_estimators': 883, 'max_depth': 10, 'min_child_weight': 3, 'learning_rate': 0.28376496602878976, 'subsample': 0.8558977065906954, 'colsample_bytree': 0.9841044497314669, 'colsample_bylevel': 0.823381543624205, 'gamma': 2.9646681423848475, 'reg_alpha': 0.5554528395939275, 'reg_lambda': 5.047735202053009}. Best is trial 346 with value: 0.2268659922189559.
[I 2024-09-20 05:19:54,336] Trial 414 finished with value: 0.23273503556390657 and parameters: {'n_estimators': 900, 'max_depth': 10, 'min_child_weight': 3, 'learning_rate': 0.2832748800277891, 'subsample': 0.8428271544444509, 'colsample_bytree': 0.9995034778540804, 'colsample_bylevel': 0.7615301402173359, 'gamma': 3.0709826335712544, 'reg_alpha': 0.5307255278435146, 'reg_lambda': 3.354249300370355}. Best is trial 346 with value: 0.2268659922189559.
[I 2024-09-20 05:20:22,917] Trial 415 finished with value: 0.25023252345433394 and parameters: {'n_estimators': 433, 'max_depth': 10, 'min_child_weight': 1, 'learning_rate': 0.2987976664372512, 'subsample': 0.8434152665103737, 'colsample_bytree': 0.9904058712518538, 'colsample_bylevel': 0.8102930077666765, 'gamma': 3.1719047737927992, 'reg_alpha': 0.5662955689024228, 'reg_lambda': 5.400035927441175}. Best is trial 346 with value: 0.2268659922189559.
[I 2024-09-20 05:20:53,362] Trial 416 finished with value: 0.25118118206698076 and parameters: {'n_estimators': 542, 'max_depth': 9, 'min_child_weight': 3, 'learning_rate': 0.2706826499123638, 'subsample': 0.8330035778893643, 'colsample_bytree': 0.977160996271709, 'colsample_bylevel': 0.8332696202668834, 'gamma': 3.247011113972857, 'reg_alpha': 0.4952507950602741, 'reg_lambda': 5.670632865925486}. Best is trial 346 with value: 0.2268659922189559.
[I 2024-09-20 05:21:47,711] Trial 417 finished with value: 0.3404959212482645 and parameters: {'n_estimators': 871, 'max_depth': 10, 'min_child_weight': 3, 'learning_rate': 0.03568832676361474, 'subsample': 0.8242935492425392, 'colsample_bytree': 0.9830330043978935, 'colsample_bylevel': 0.7912528361981903, 'gamma': 3.7243265841058744, 'reg_alpha': 0.5450985297900296, 'reg_lambda': 4.686917377244837}. Best is trial 346 with value: 0.2268659922189559.
[I 2024-09-20 05:22:44,250] Trial 418 finished with value: 0.23323928085718668 and parameters: {'n_estimators': 887, 'max_depth': 10, 'min_child_weight': 3, 'learning_rate': 0.25074923931846876, 'subsample': 0.8359509526855159, 'colsample_bytree': 0.9709149549959467, 'colsample_bylevel': 0.8219300300168937, 'gamma': 3.500591867240513, 'reg_alpha': 0.515432668190284, 'reg_lambda': 5.422837141206113}. Best is trial 346 with value: 0.2268659922189559.
[I 2024-09-20 05:23:38,423] Trial 419 finished with value: 0.23584876822635184 and parameters: {'n_estimators': 862, 'max_depth': 10, 'min_child_weight': 3, 'learning_rate': 0.29918459763676436, 'subsample': 0.8784539637652679, 'colsample_bytree': 0.9949829279132232, 'colsample_bylevel': 0.6202021377873862, 'gamma': 3.2886531198033087, 'reg_alpha': 0.5822574098249963, 'reg_lambda': 2.6724558551561897}. Best is trial 346 with value: 0.2268659922189559.
[I 2024-09-20 05:24:37,613] Trial 420 finished with value: 0.24038188554525028 and parameters: {'n_estimators': 882, 'max_depth': 10, 'min_child_weight': 2, 'learning_rate': 0.21863780072137273, 'subsample': 0.8636760669509479, 'colsample_bytree': 0.9767333068699638, 'colsample_bylevel': 0.8495076565795208, 'gamma': 3.1156172397502666, 'reg_alpha': 0.5606251819778814, 'reg_lambda': 5.02903532367819}. Best is trial 346 with value: 0.2268659922189559.
[I 2024-09-20 05:25:47,774] Trial 421 finished with value: 0.22943466461037082 and parameters: {'n_estimators': 900, 'max_depth': 10, 'min_child_weight': 3, 'learning_rate': 0.2737543719798145, 'subsample': 0.8519694169066617, 'colsample_bytree': 0.9163415963327427, 'colsample_bylevel': 0.8039789174366813, 'gamma': 3.601794650259718, 'reg_alpha': 0.5945109100430247, 'reg_lambda': 5.595045881058375}. Best is trial 346 with value: 0.2268659922189559.
[I 2024-09-20 05:26:49,317] Trial 422 finished with value: 0.23356548649359446 and parameters: {'n_estimators': 899, 'max_depth': 10, 'min_child_weight': 3, 'learning_rate': 0.279726627685666, 'subsample': 0.8516046260453868, 'colsample_bytree': 0.8273136814219897, 'colsample_bylevel': 0.8003941569906626, 'gamma': 3.568998242691358, 'reg_alpha': 0.6028063142394118, 'reg_lambda': 5.539927517180556}. Best is trial 346 with value: 0.2268659922189559.
[I 2024-09-20 05:27:50,021] Trial 423 finished with value: 0.23165919062647192 and parameters: {'n_estimators': 883, 'max_depth': 10, 'min_child_weight': 3, 'learning_rate': 0.2675832828085405, 'subsample': 0.8506331026682618, 'colsample_bytree': 0.9117603748354752, 'colsample_bylevel': 0.8022227996243242, 'gamma': 3.4022914364164687, 'reg_alpha': 0.5345654276502073, 'reg_lambda': 5.7427489138404715}. Best is trial 346 with value: 0.2268659922189559.
[I 2024-09-20 05:28:55,659] Trial 424 finished with value: 0.23194827027128148 and parameters: {'n_estimators': 886, 'max_depth': 10, 'min_child_weight': 3, 'learning_rate': 0.23764123429137324, 'subsample': 0.8439464948476212, 'colsample_bytree': 0.9165867651788105, 'colsample_bylevel': 0.7786224169052358, 'gamma': 3.500371157448434, 'reg_alpha': 0.5900272397402689, 'reg_lambda': 5.659882282784655}. Best is trial 346 with value: 0.2268659922189559.
[I 2024-09-20 05:29:54,610] Trial 425 finished with value: 0.23830393492881838 and parameters: {'n_estimators': 900, 'max_depth': 10, 'min_child_weight': 3, 'learning_rate': 0.28237439760872896, 'subsample': 0.8628757290257858, 'colsample_bytree': 0.9204599661866161, 'colsample_bylevel': 0.8148166159952352, 'gamma': 3.6185624375331917, 'reg_alpha': 0.562391521161224, 'reg_lambda': 5.442099623876235}. Best is trial 346 with value: 0.2268659922189559.
[I 2024-09-20 05:30:29,069] Trial 426 finished with value: 0.28455155322094117 and parameters: {'n_estimators': 562, 'max_depth': 10, 'min_child_weight': 3, 'learning_rate': 0.1286688007901729, 'subsample': 0.8670278478329462, 'colsample_bytree': 0.8954865830268421, 'colsample_bylevel': 0.7968919137885989, 'gamma': 3.3828709250038194, 'reg_alpha': 0.5139163150573423, 'reg_lambda': 6.093076484604284}. Best is trial 346 with value: 0.2268659922189559.
[I 2024-09-20 05:31:31,775] Trial 427 finished with value: 0.23157048586049758 and parameters: {'n_estimators': 869, 'max_depth': 10, 'min_child_weight': 3, 'learning_rate': 0.2517070423913153, 'subsample': 0.838428067746385, 'colsample_bytree': 0.9263287505802411, 'colsample_bylevel': 0.8134976418017095, 'gamma': 3.5436731724567405, 'reg_alpha': 0.48107537017986773, 'reg_lambda': 5.8872540027657845}. Best is trial 346 with value: 0.2268659922189559.
[I 2024-09-20 05:32:29,387] Trial 428 finished with value: 0.23417560467136397 and parameters: {'n_estimators': 871, 'max_depth': 10, 'min_child_weight': 3, 'learning_rate': 0.27085658740216506, 'subsample': 0.8558306904683826, 'colsample_bytree': 0.9345811124803536, 'colsample_bylevel': 0.8290806639145841, 'gamma': 3.277152853604705, 'reg_alpha': 0.6045319308589495, 'reg_lambda': 5.327622693314171}. Best is trial 346 with value: 0.2268659922189559.
[I 2024-09-20 05:33:27,761] Trial 429 finished with value: 0.23253261020352958 and parameters: {'n_estimators': 885, 'max_depth': 10, 'min_child_weight': 2, 'learning_rate': 0.2987875201755125, 'subsample': 0.8983204244420401, 'colsample_bytree': 0.9155626024399196, 'colsample_bylevel': 0.8073948825677087, 'gamma': 3.6910144428324267, 'reg_alpha': 0.5756246566263857, 'reg_lambda': 4.853520423552685}. Best is trial 346 with value: 0.2268659922189559.
[I 2024-09-20 05:34:23,321] Trial 430 finished with value: 0.23871895262063864 and parameters: {'n_estimators': 900, 'max_depth': 10, 'min_child_weight': 3, 'learning_rate': 0.2320758102077836, 'subsample': 0.8277292092040879, 'colsample_bytree': 0.8686071180277087, 'colsample_bylevel': 0.78919184863257, 'gamma': 3.448575366668784, 'reg_alpha': 0.45965625174020924, 'reg_lambda': 5.180307452064818}. Best is trial 346 with value: 0.2268659922189559.
[I 2024-09-20 05:35:17,769] Trial 431 finished with value: 0.24890475038356782 and parameters: {'n_estimators': 864, 'max_depth': 9, 'min_child_weight': 3, 'learning_rate': 0.19189368266208656, 'subsample': 0.7878374615219005, 'colsample_bytree': 0.9089410622811676, 'colsample_bylevel': 0.8297674914885618, 'gamma': 3.5809811020474696, 'reg_alpha': 0.5488523720229869, 'reg_lambda': 5.738949253144939}. Best is trial 346 with value: 0.2268659922189559.
