[I 2024-09-20 05:36:15,580] Trial 432 finished with value: 0.24111488056721284 and parameters: {'n_estimators': 879, 'max_depth': 10, 'min_child_weight': 2, 'learning_rate': 0.2544138311388211, 'subsample': 0.5343774041888276, 'colsample_bytree': 0.6711435447599987, 'colsample_bylevel': 0.8401180204370753, 'gamma': 3.3381702393065007, 'reg_alpha': 0.6211346496541156, 'reg_lambda': 5.605360096342606}. Best is trial 346 with value: 0.2268659922189559.
[I 2024-09-20 05:36:43,060] Trial 433 finished with value: 0.2888889501943778 and parameters: {'n_estimators': 856, 'max_depth': 3, 'min_child_weight': 3, 'learning_rate': 0.28365232758086434, 'subsample': 0.8445870504741934, 'colsample_bytree': 0.928692093005951, 'colsample_bylevel': 0.8193193804511557, 'gamma': 3.17890819219916, 'reg_alpha': 0.5288294672948014, 'reg_lambda': 5.23604950361247}. Best is trial 346 with value: 0.2268659922189559.
[I 2024-09-20 05:37:46,193] Trial 434 finished with value: 0.2302014397696325 and parameters: {'n_estimators': 900, 'max_depth': 10, 'min_child_weight': 3, 'learning_rate': 0.2677039819404753, 'subsample': 0.7777917242635218, 'colsample_bytree': 0.9614805477515239, 'colsample_bylevel': 0.8377543106958768, 'gamma': 3.4344749484862644, 'reg_alpha': 0.5001051965143556, 'reg_lambda': 2.2684150057485506}. Best is trial 346 with value: 0.2268659922189559.
[I 2024-09-20 05:38:53,965] Trial 435 finished with value: 0.23368049238650812 and parameters: {'n_estimators': 900, 'max_depth': 10, 'min_child_weight': 3, 'learning_rate': 0.2670480569912739, 'subsample': 0.7780008704233407, 'colsample_bytree': 0.9642528596650032, 'colsample_bylevel': 0.8404144222830429, 'gamma': 3.5031474250644044, 'reg_alpha': 0.4951038497226423, 'reg_lambda': 3.0147758736438823}. Best is trial 346 with value: 0.2268659922189559.
[I 2024-09-20 05:39:54,460] Trial 436 finished with value: 0.23153963113578352 and parameters: {'n_estimators': 886, 'max_depth': 10, 'min_child_weight': 3, 'learning_rate': 0.27875467324384245, 'subsample': 0.7891913908104967, 'colsample_bytree': 0.9626316125461376, 'colsample_bylevel': 0.8496132042243288, 'gamma': 3.655110120423479, 'reg_alpha': 0.47716612535527186, 'reg_lambda': 2.2705616816502108}. Best is trial 346 with value: 0.2268659922189559.
[I 2024-09-20 05:41:06,463] Trial 437 finished with value: 0.23893117608468276 and parameters: {'n_estimators': 886, 'max_depth': 10, 'min_child_weight': 3, 'learning_rate': 0.20967013559166528, 'subsample': 0.8813557710720441, 'colsample_bytree': 0.9724797105592661, 'colsample_bylevel': 0.8333826975089459, 'gamma': 3.418582023003669, 'reg_alpha': 0.5046060134491366, 'reg_lambda': 2.4020503205657806}. Best is trial 346 with value: 0.2268659922189559.
[I 2024-09-20 05:42:12,906] Trial 438 finished with value: 0.23125046812073533 and parameters: {'n_estimators': 875, 'max_depth': 10, 'min_child_weight': 3, 'learning_rate': 0.2992214914210157, 'subsample': 0.7788313277690907, 'colsample_bytree': 0.8839285682967759, 'colsample_bylevel': 0.8523724451557377, 'gamma': 3.573538434043217, 'reg_alpha': 0.5945427051437998, 'reg_lambda': 1.8748340983228973}. Best is trial 346 with value: 0.2268659922189559.
[I 2024-09-20 05:43:27,999] Trial 439 finished with value: 0.23881151625626496 and parameters: {'n_estimators': 888, 'max_depth': 10, 'min_child_weight': 3, 'learning_rate': 0.2486286376910003, 'subsample': 0.7896335914688443, 'colsample_bytree': 0.955166628206944, 'colsample_bylevel': 0.8397527999817759, 'gamma': 3.692556971696202, 'reg_alpha': 0.5689676112005138, 'reg_lambda': 2.2065043487420954}. Best is trial 346 with value: 0.2268659922189559.
[I 2024-09-20 05:44:36,395] Trial 440 finished with value: 0.23186786744710486 and parameters: {'n_estimators': 899, 'max_depth': 10, 'min_child_weight': 2, 'learning_rate': 0.26434869156743185, 'subsample': 0.773353492425797, 'colsample_bytree': 0.9852790701772051, 'colsample_bylevel': 0.8298184990403985, 'gamma': 3.3125347109831895, 'reg_alpha': 0.6159954149193769, 'reg_lambda': 1.9677035684574613}. Best is trial 346 with value: 0.2268659922189559.
[I 2024-09-20 05:45:43,964] Trial 441 finished with value: 0.240475131108267 and parameters: {'n_estimators': 865, 'max_depth': 10, 'min_child_weight': 2, 'learning_rate': 0.22785037063742672, 'subsample': 0.7929953133324011, 'colsample_bytree': 0.9365455674064218, 'colsample_bylevel': 0.8541119623436665, 'gamma': 3.505027991433768, 'reg_alpha': 0.44264540941307773, 'reg_lambda': 5.960228973651506}. Best is trial 346 with value: 0.2268659922189559.
[I 2024-09-20 05:47:01,116] Trial 442 finished with value: 0.23468965490847618 and parameters: {'n_estimators': 872, 'max_depth': 10, 'min_child_weight': 3, 'learning_rate': 0.2418252852962116, 'subsample': 0.7802884153712746, 'colsample_bytree': 0.9000301475433101, 'colsample_bylevel': 0.8441404330005321, 'gamma': 3.749569649225038, 'reg_alpha': 0.4662666771064728, 'reg_lambda': 1.728751679495017}. Best is trial 346 with value: 0.2268659922189559.
[I 2024-09-20 05:48:15,369] Trial 443 finished with value: 0.23586455299209383 and parameters: {'n_estimators': 900, 'max_depth': 10, 'min_child_weight': 3, 'learning_rate': 0.28066570178014694, 'subsample': 0.8719701034656531, 'colsample_bytree': 0.9738834216956492, 'colsample_bylevel': 0.7823241818016682, 'gamma': 3.4141733172437583, 'reg_alpha': 0.5179638775745189, 'reg_lambda': 2.1272578979622354}. Best is trial 346 with value: 0.2268659922189559.
[I 2024-09-20 05:49:02,829] Trial 444 finished with value: 0.24644998629001158 and parameters: {'n_estimators': 590, 'max_depth': 9, 'min_child_weight': 3, 'learning_rate': 0.2563816612867802, 'subsample': 0.8003172073714047, 'colsample_bytree': 0.9535911152479712, 'colsample_bylevel': 0.8253512154279232, 'gamma': 3.2260465046915336, 'reg_alpha': 0.5870502243176872, 'reg_lambda': 5.450573479359056}. Best is trial 346 with value: 0.2268659922189559.
[I 2024-09-20 05:50:20,770] Trial 445 finished with value: 0.23137122994908452 and parameters: {'n_estimators': 885, 'max_depth': 10, 'min_child_weight': 2, 'learning_rate': 0.28444104791640423, 'subsample': 0.7662733404697207, 'colsample_bytree': 0.9107587250471268, 'colsample_bylevel': 0.8375524437992031, 'gamma': 3.070962420421899, 'reg_alpha': 0.4928199759362755, 'reg_lambda': 1.494795291792031}. Best is trial 346 with value: 0.2268659922189559.
[I 2024-09-20 05:51:31,475] Trial 446 finished with value: 0.22925691830468026 and parameters: {'n_estimators': 858, 'max_depth': 10, 'min_child_weight': 3, 'learning_rate': 0.26249234422426754, 'subsample': 0.7836140712306625, 'colsample_bytree': 0.965568261030707, 'colsample_bylevel': 0.8599357171495738, 'gamma': 3.5941977023216425, 'reg_alpha': 0.545872512981398, 'reg_lambda': 6.2136887647866255}. Best is trial 346 with value: 0.2268659922189559.
[I 2024-09-20 05:52:08,429] Trial 447 finished with value: 0.2830925147867789 and parameters: {'n_estimators': 850, 'max_depth': 5, 'min_child_weight': 3, 'learning_rate': 0.21787245491786922, 'subsample': 0.7545824319177281, 'colsample_bytree': 0.96487954817354, 'colsample_bylevel': 0.8648091447306555, 'gamma': 3.597057610125967, 'reg_alpha': 0.5676704940052073, 'reg_lambda': 6.16114323736415}. Best is trial 346 with value: 0.2268659922189559.
[I 2024-09-20 05:52:51,645] Trial 448 finished with value: 0.2633989991130734 and parameters: {'n_estimators': 858, 'max_depth': 6, 'min_child_weight': 3, 'learning_rate': 0.23910841809169128, 'subsample': 0.8004469288420489, 'colsample_bytree': 0.974879418010858, 'colsample_bylevel': 0.8587094460418276, 'gamma': 3.7237492978964193, 'reg_alpha': 0.542267187324588, 'reg_lambda': 6.47091957572574}. Best is trial 346 with value: 0.2268659922189559.
[I 2024-09-20 05:53:56,397] Trial 449 finished with value: 0.23633905217614223 and parameters: {'n_estimators': 869, 'max_depth': 10, 'min_child_weight': 3, 'learning_rate': 0.24916849351949505, 'subsample': 0.7711295461543173, 'colsample_bytree': 0.9922955631922674, 'colsample_bylevel': 0.8519620746976635, 'gamma': 3.620615691647422, 'reg_alpha': 0.606208875102911, 'reg_lambda': 3.610138925603992}. Best is trial 346 with value: 0.2268659922189559.
[I 2024-09-20 05:55:08,757] Trial 450 finished with value: 0.23449112948459225 and parameters: {'n_estimators': 851, 'max_depth': 10, 'min_child_weight': 2, 'learning_rate': 0.2696551486592949, 'subsample': 0.7896489319413408, 'colsample_bytree': 0.9651657970113654, 'colsample_bylevel': 0.865569144174654, 'gamma': 3.523265386321839, 'reg_alpha': 0.5189060376704877, 'reg_lambda': 6.288211150005839}. Best is trial 346 with value: 0.2268659922189559.
[I 2024-09-20 05:56:16,121] Trial 451 finished with value: 0.23360091401915165 and parameters: {'n_estimators': 868, 'max_depth': 10, 'min_child_weight': 3, 'learning_rate': 0.22777177372063925, 'subsample': 0.7592203368906042, 'colsample_bytree': 0.9519855481267596, 'colsample_bylevel': 0.8564275630210304, 'gamma': 2.895196778531968, 'reg_alpha': 0.5815288444538985, 'reg_lambda': 1.6876055189200954}. Best is trial 346 with value: 0.2268659922189559.
[I 2024-09-20 05:57:32,363] Trial 452 finished with value: 0.23441446416813944 and parameters: {'n_estimators': 876, 'max_depth': 10, 'min_child_weight': 3, 'learning_rate': 0.2610993142511822, 'subsample': 0.7825575395175474, 'colsample_bytree': 0.9806494571630313, 'colsample_bylevel': 0.8051757343815863, 'gamma': 3.7614436916567477, 'reg_alpha': 0.6251330652701308, 'reg_lambda': 4.55724935701778}. Best is trial 346 with value: 0.2268659922189559.
[I 2024-09-20 05:58:42,615] Trial 453 finished with value: 0.23855139890918026 and parameters: {'n_estimators': 853, 'max_depth': 10, 'min_child_weight': 1, 'learning_rate': 0.24099326265368512, 'subsample': 0.8054391248292224, 'colsample_bytree': 0.9442838486829513, 'colsample_bylevel': 0.769283996553648, 'gamma': 3.650595309537975, 'reg_alpha': 0.5576466177672802, 'reg_lambda': 2.5462681308769666}. Best is trial 346 with value: 0.2268659922189559.
[I 2024-09-20 05:59:46,090] Trial 454 finished with value: 0.2283174275539 and parameters: {'n_estimators': 882, 'max_depth': 10, 'min_child_weight': 3, 'learning_rate': 0.26264493584484494, 'subsample': 0.772362872595627, 'colsample_bytree': 0.9605236455924471, 'colsample_bylevel': 0.8494329119128402, 'gamma': 3.5291540954365055, 'reg_alpha': 0.48962902879063125, 'reg_lambda': 4.994002851970333}. Best is trial 346 with value: 0.2268659922189559.
[I 2024-09-20 06:00:56,526] Trial 455 finished with value: 0.22928060284137128 and parameters: {'n_estimators': 883, 'max_depth': 10, 'min_child_weight': 3, 'learning_rate': 0.25166543973485356, 'subsample': 0.7666295224570464, 'colsample_bytree': 0.9605210212382502, 'colsample_bylevel': 0.8468239225125659, 'gamma': 0.9619570499524899, 'reg_alpha': 0.46101517504551387, 'reg_lambda': 6.698877549891051}. Best is trial 346 with value: 0.2268659922189559.
[I 2024-09-20 06:01:43,712] Trial 456 finished with value: 0.2402951111868165 and parameters: {'n_estimators': 880, 'max_depth': 7, 'min_child_weight': 3, 'learning_rate': 0.2985171679133388, 'subsample': 0.7498135316718216, 'colsample_bytree': 0.9596318289995523, 'colsample_bylevel': 0.8444345965453431, 'gamma': 1.8795172903664144, 'reg_alpha': 0.4549757225388975, 'reg_lambda': 6.835730899287122}. Best is trial 346 with value: 0.2268659922189559.
[I 2024-09-20 06:02:53,582] Trial 457 finished with value: 0.23076730753336977 and parameters: {'n_estimators': 871, 'max_depth': 10, 'min_child_weight': 2, 'learning_rate': 0.26660131417300403, 'subsample': 0.7652819607425053, 'colsample_bytree': 0.949308090813431, 'colsample_bylevel': 0.8477982967877367, 'gamma': 0.7975777424655349, 'reg_alpha': 0.42659654394593766, 'reg_lambda': 4.375089613792536}. Best is trial 346 with value: 0.2268659922189559.
[I 2024-09-20 06:03:59,190] Trial 458 finished with value: 0.39919877430344497 and parameters: {'n_estimators': 856, 'max_depth': 9, 'min_child_weight': 3, 'learning_rate': 0.018990753117033257, 'subsample': 0.7561185354251296, 'colsample_bytree': 0.9628567981082504, 'colsample_bylevel': 0.850686915556545, 'gamma': 2.6107658566386016, 'reg_alpha': 0.4816493922137312, 'reg_lambda': 6.7588043972384515}. Best is trial 346 with value: 0.2268659922189559.
[I 2024-09-20 06:05:01,682] Trial 459 finished with value: 0.24305840194505485 and parameters: {'n_estimators': 884, 'max_depth': 10, 'min_child_weight': 5, 'learning_rate': 0.2025030438471416, 'subsample': 0.7699076631417227, 'colsample_bytree': 0.9543654209654969, 'colsample_bylevel': 0.8417547095607719, 'gamma': 3.7934930879552504, 'reg_alpha': 0.45827116793853917, 'reg_lambda': 6.734104844719689}. Best is trial 346 with value: 0.2268659922189559.
[I 2024-09-20 06:06:00,303] Trial 460 finished with value: 0.23651623690053675 and parameters: {'n_estimators': 842, 'max_depth': 10, 'min_child_weight': 3, 'learning_rate': 0.25704648805563757, 'subsample': 0.88986746997837, 'colsample_bytree': 0.9681875309079137, 'colsample_bylevel': 0.8582578771104221, 'gamma': 0.4389226918995002, 'reg_alpha': 0.41621422927780194, 'reg_lambda': 6.636576245889095}. Best is trial 346 with value: 0.2268659922189559.
[I 2024-09-20 06:07:12,468] Trial 461 finished with value: 0.23366487719909862 and parameters: {'n_estimators': 884, 'max_depth': 10, 'min_child_weight': 3, 'learning_rate': 0.22665660783778147, 'subsample': 0.7528849540116244, 'colsample_bytree': 0.9431838922935583, 'colsample_bylevel': 0.8686885085603178, 'gamma': 3.6338315750716346, 'reg_alpha': 0.4428556095781632, 'reg_lambda': 6.919644007186145}. Best is trial 346 with value: 0.2268659922189559.
[I 2024-09-20 06:08:21,354] Trial 462 finished with value: 0.23247285914732477 and parameters: {'n_estimators': 861, 'max_depth': 10, 'min_child_weight': 2, 'learning_rate': 0.2818425676573993, 'subsample': 0.7725693773821889, 'colsample_bytree': 0.9582121562581397, 'colsample_bylevel': 0.8347382972408608, 'gamma': 1.1941840296391955, 'reg_alpha': 0.4749412597599879, 'reg_lambda': 4.89940121341992}. Best is trial 346 with value: 0.2268659922189559.
[I 2024-09-20 06:09:32,302] Trial 463 finished with value: 0.23261135521597845 and parameters: {'n_estimators': 872, 'max_depth': 10, 'min_child_weight': 3, 'learning_rate': 0.29923323472681257, 'subsample': 0.7613500839047693, 'colsample_bytree': 0.9391069009441156, 'colsample_bylevel': 0.8478551024195627, 'gamma': 3.5721952812422195, 'reg_alpha': 0.46378839297681995, 'reg_lambda': 4.022915813147062}. Best is trial 346 with value: 0.2268659922189559.
[I 2024-09-20 06:09:52,501] Trial 464 finished with value: 0.29397421932389817 and parameters: {'n_estimators': 253, 'max_depth': 10, 'min_child_weight': 4, 'learning_rate': 0.23891825292150004, 'subsample': 0.7740675040097348, 'colsample_bytree': 0.9707496386592989, 'colsample_bylevel': 0.8575859254855013, 'gamma': 2.2318671538908395, 'reg_alpha': 0.4931822791535126, 'reg_lambda': 6.353589811133748}. Best is trial 346 with value: 0.2268659922189559.
[I 2024-09-20 06:10:57,777] Trial 465 finished with value: 0.2772162439100764 and parameters: {'n_estimators': 885, 'max_depth': 10, 'min_child_weight': 2, 'learning_rate': 0.08917564606550987, 'subsample': 0.7633155899721151, 'colsample_bytree': 0.9516779884111253, 'colsample_bylevel': 0.8423927704773911, 'gamma': 2.751462035244467, 'reg_alpha': 0.43879029290983684, 'reg_lambda': 7.187577344771341}. Best is trial 346 with value: 0.2268659922189559.
[I 2024-09-20 06:12:04,519] Trial 466 finished with value: 0.2354909075737047 and parameters: {'n_estimators': 832, 'max_depth': 10, 'min_child_weight': 3, 'learning_rate': 0.27071089582732816, 'subsample': 0.7469869039684061, 'colsample_bytree': 0.9638181860695102, 'colsample_bylevel': 0.8296248637466401, 'gamma': 0.2713370135433867, 'reg_alpha': 0.385734006424282, 'reg_lambda': 6.5764597312655955}. Best is trial 346 with value: 0.2268659922189559.
[I 2024-09-20 06:13:16,323] Trial 467 finished with value: 0.2339327582231523 and parameters: {'n_estimators': 852, 'max_depth': 10, 'min_child_weight': 3, 'learning_rate': 0.2547076736873588, 'subsample': 0.7811866084077522, 'colsample_bytree': 0.9465011273567003, 'colsample_bylevel': 0.8612890441639274, 'gamma': 0.971416809422001, 'reg_alpha': 0.6013645941124063, 'reg_lambda': 4.98432457027344}. Best is trial 346 with value: 0.2268659922189559.
[I 2024-09-20 06:14:20,025] Trial 468 finished with value: 0.2305698381079388 and parameters: {'n_estimators': 900, 'max_depth': 10, 'min_child_weight': 4, 'learning_rate': 0.2776014926071516, 'subsample': 0.7712465884563255, 'colsample_bytree': 0.9760352394129805, 'colsample_bylevel': 0.8220639262774518, 'gamma': 1.6596307360402907, 'reg_alpha': 0.6514293560953421, 'reg_lambda': 5.280118434272856}. Best is trial 346 with value: 0.2268659922189559.
[I 2024-09-20 06:15:17,259] Trial 469 finished with value: 0.4071363948307055 and parameters: {'n_estimators': 869, 'max_depth': 10, 'min_child_weight': 3, 'learning_rate': 0.014439579344425685, 'subsample': 0.7599924367840024, 'colsample_bytree': 0.9330136502578771, 'colsample_bylevel': 0.8506100089671419, 'gamma': 2.026442491718398, 'reg_alpha': 0.6184062698600037, 'reg_lambda': 4.74409306896151}. Best is trial 346 with value: 0.2268659922189559.
[I 2024-09-20 06:16:26,919] Trial 470 finished with value: 0.23962266306362823 and parameters: {'n_estimators': 879, 'max_depth': 10, 'min_child_weight': 5, 'learning_rate': 0.2211081866866214, 'subsample': 0.7845734710793892, 'colsample_bytree': 0.9590720593879954, 'colsample_bylevel': 0.8367576043150207, 'gamma': 3.7955715743759675, 'reg_alpha': 0.47613075679123257, 'reg_lambda': 4.999883540300308}. Best is trial 346 with value: 0.2268659922189559.
[I 2024-09-20 06:17:30,365] Trial 471 finished with value: 0.22969160794271365 and parameters: {'n_estimators': 845, 'max_depth': 10, 'min_child_weight': 2, 'learning_rate': 0.2528209526706769, 'subsample': 0.8572140743201903, 'colsample_bytree': 0.9858558370914273, 'colsample_bylevel': 0.8677303926798405, 'gamma': 3.711182319686872, 'reg_alpha': 0.5843052971677758, 'reg_lambda': 4.239541644094098}. Best is trial 346 with value: 0.2268659922189559.
[I 2024-09-20 06:18:48,272] Trial 472 finished with value: 0.23646193286244724 and parameters: {'n_estimators': 823, 'max_depth': 10, 'min_child_weight': 2, 'learning_rate': 0.24281377247099334, 'subsample': 0.8630868109443105, 'colsample_bytree': 0.9992274090479525, 'colsample_bylevel': 0.8748296431713236, 'gamma': 3.8208267827113627, 'reg_alpha': 0.5917742270076943, 'reg_lambda': 3.855196583580224}. Best is trial 346 with value: 0.2268659922189559.
[I 2024-09-20 06:19:53,598] Trial 473 finished with value: 0.29268027282674 and parameters: {'n_estimators': 844, 'max_depth': 10, 'min_child_weight': 2, 'learning_rate': 0.07274091960248769, 'subsample': 0.8714793400910217, 'colsample_bytree': 0.9853915433945624, 'colsample_bylevel': 0.8724869208863925, 'gamma': 3.703650572269299, 'reg_alpha': 0.580372252158921, 'reg_lambda': 4.357383292690317}. Best is trial 346 with value: 0.2268659922189559.
[I 2024-09-20 06:20:58,342] Trial 474 finished with value: 0.2395447407436432 and parameters: {'n_estimators': 837, 'max_depth': 10, 'min_child_weight': 1, 'learning_rate': 0.20883708041380003, 'subsample': 0.8442820992166453, 'colsample_bytree': 0.9877329115562666, 'colsample_bylevel': 0.8680743204198316, 'gamma': 3.680503284903307, 'reg_alpha': 0.6321121311669485, 'reg_lambda': 4.164617252570587}. Best is trial 346 with value: 0.2268659922189559.
[I 2024-09-20 06:22:10,939] Trial 475 finished with value: 0.23216001244998932 and parameters: {'n_estimators': 852, 'max_depth': 10, 'min_child_weight': 2, 'learning_rate': 0.255528188275985, 'subsample': 0.8576493100401091, 'colsample_bytree': 0.9905902390549561, 'colsample_bylevel': 0.8588760399876627, 'gamma': 3.864748619091013, 'reg_alpha': 0.6004061251960644, 'reg_lambda': 3.3340338059620866}. Best is trial 346 with value: 0.2268659922189559.
[I 2024-09-20 06:23:15,095] Trial 476 finished with value: 0.24137115104089366 and parameters: {'n_estimators': 826, 'max_depth': 10, 'min_child_weight': 2, 'learning_rate': 0.28373004719928174, 'subsample': 0.8556291347905985, 'colsample_bytree': 0.9763041393853372, 'colsample_bylevel': 0.8644824000546931, 'gamma': 3.5554212145695385, 'reg_alpha': 0.5700022729976657, 'reg_lambda': 3.7980868803773844}. Best is trial 346 with value: 0.2268659922189559.
[I 2024-09-20 06:24:16,310] Trial 477 finished with value: 0.2466339285741443 and parameters: {'n_estimators': 858, 'max_depth': 10, 'min_child_weight': 2, 'learning_rate': 0.16983250202426006, 'subsample': 0.8522659717581156, 'colsample_bytree': 0.9807714578124646, 'colsample_bylevel': 0.8802897924232015, 'gamma': 3.687599512770964, 'reg_alpha': 0.6165735162398741, 'reg_lambda': 3.7919058357854523}. Best is trial 346 with value: 0.2268659922189559.
[I 2024-09-20 06:25:20,149] Trial 478 finished with value: 0.2413775355294263 and parameters: {'n_estimators': 799, 'max_depth': 10, 'min_child_weight': 2, 'learning_rate': 0.2337461225285824, 'subsample': 0.8363032731667047, 'colsample_bytree': 0.9713806002036325, 'colsample_bylevel': 0.8534201435415133, 'gamma': 3.772551702403633, 'reg_alpha': 0.5859028704099615, 'reg_lambda': 7.011015311436106}. Best is trial 346 with value: 0.2268659922189559.
[I 2024-09-20 06:26:19,706] Trial 479 finished with value: 0.23406700882771264 and parameters: {'n_estimators': 841, 'max_depth': 10, 'min_child_weight': 2, 'learning_rate': 0.2535158274469566, 'subsample': 0.8771749880231796, 'colsample_bytree': 0.9931219687186933, 'colsample_bylevel': 0.8472615938526232, 'gamma': 3.5942292343950393, 'reg_alpha': 0.5619125911994776, 'reg_lambda': 4.246889423162985}. Best is trial 346 with value: 0.2268659922189559.
