[I 2024-09-20 09:34:34,894] Trial 672 finished with value: 0.23251955957276257 and parameters: {'n_estimators': 873, 'max_depth': 10, 'min_child_weight': 10, 'learning_rate': 0.28288658621294827, 'subsample': 0.8368262546077033, 'colsample_bytree': 0.8993654894808408, 'colsample_bylevel': 0.9458699249401802, 'gamma': 3.292230219578936, 'reg_alpha': 0.4068384055645506, 'reg_lambda': 5.065149777471121}. Best is trial 663 with value: 0.22514420173203087.
[I 2024-09-20 09:35:31,144] Trial 673 finished with value: 0.22995210876926073 and parameters: {'n_estimators': 900, 'max_depth': 10, 'min_child_weight': 9, 'learning_rate': 0.2838748770254125, 'subsample': 0.8471156267251314, 'colsample_bytree': 0.8799454013625269, 'colsample_bylevel': 0.9174866904738447, 'gamma': 0.6568235027153256, 'reg_alpha': 0.4189943463546006, 'reg_lambda': 4.856901490447271}. Best is trial 663 with value: 0.22514420173203087.
[I 2024-09-20 09:36:27,976] Trial 674 finished with value: 0.23054385867779364 and parameters: {'n_estimators': 874, 'max_depth': 10, 'min_child_weight': 9, 'learning_rate': 0.296757465332607, 'subsample': 0.8388346687663054, 'colsample_bytree': 0.8907976169694968, 'colsample_bylevel': 0.9240954198790337, 'gamma': 0.9584709713880677, 'reg_alpha': 0.3776084522886146, 'reg_lambda': 5.1321246246043195}. Best is trial 663 with value: 0.22514420173203087.
[I 2024-09-20 09:37:25,098] Trial 675 finished with value: 0.23485611689016253 and parameters: {'n_estimators': 886, 'max_depth': 10, 'min_child_weight': 10, 'learning_rate': 0.29827100135946, 'subsample': 0.8257483019108561, 'colsample_bytree': 0.870039219015095, 'colsample_bylevel': 0.925583498899944, 'gamma': 1.2584764861214057, 'reg_alpha': 0.4192684175401396, 'reg_lambda': 5.308437746613257}. Best is trial 663 with value: 0.22514420173203087.
[I 2024-09-20 09:38:35,407] Trial 676 finished with value: 0.23145506828147716 and parameters: {'n_estimators': 870, 'max_depth': 10, 'min_child_weight': 10, 'learning_rate': 0.26852786516121835, 'subsample': 0.6620856060471472, 'colsample_bytree': 0.8521875438774154, 'colsample_bylevel': 0.9016780168054034, 'gamma': 1.152401015009827, 'reg_alpha': 0.3685219475901911, 'reg_lambda': 5.413110866471331}. Best is trial 663 with value: 0.22514420173203087.
[I 2024-09-20 09:39:35,276] Trial 677 finished with value: 0.23316189899579562 and parameters: {'n_estimators': 900, 'max_depth': 10, 'min_child_weight': 9, 'learning_rate': 0.29913972925321636, 'subsample': 0.8264562628890414, 'colsample_bytree': 0.886675986256985, 'colsample_bylevel': 0.930590584992681, 'gamma': 1.5160221526082056, 'reg_alpha': 0.4244231808761936, 'reg_lambda': 4.895932018051723}. Best is trial 663 with value: 0.22514420173203087.
[I 2024-09-20 09:40:32,396] Trial 678 finished with value: 0.23157728949412482 and parameters: {'n_estimators': 884, 'max_depth': 10, 'min_child_weight': 8, 'learning_rate': 0.2676371126865423, 'subsample': 0.8309771668690994, 'colsample_bytree': 0.8903645921587989, 'colsample_bylevel': 0.906865338869809, 'gamma': 3.380428135416013, 'reg_alpha': 0.43268499852579395, 'reg_lambda': 5.230109632339305}. Best is trial 663 with value: 0.22514420173203087.
[I 2024-09-20 09:41:27,794] Trial 679 finished with value: 0.23401453558463148 and parameters: {'n_estimators': 863, 'max_depth': 10, 'min_child_weight': 8, 'learning_rate': 0.28100523735946914, 'subsample': 0.8373432632175872, 'colsample_bytree': 0.870502965928166, 'colsample_bylevel': 0.9263996518124185, 'gamma': 1.2608771764290347, 'reg_alpha': 0.39552507911280244, 'reg_lambda': 5.52427735065266}. Best is trial 663 with value: 0.22514420173203087.
[I 2024-09-20 09:42:35,485] Trial 680 finished with value: 0.23792586378142602 and parameters: {'n_estimators': 900, 'max_depth': 9, 'min_child_weight': 10, 'learning_rate': 0.26078856483758156, 'subsample': 0.8485213737734061, 'colsample_bytree': 0.8852485223170213, 'colsample_bylevel': 0.9132931971989016, 'gamma': 0.7902052656124174, 'reg_alpha': 0.38479315538725556, 'reg_lambda': 5.035967425794073}. Best is trial 663 with value: 0.22514420173203087.
[I 2024-09-20 09:43:36,340] Trial 681 finished with value: 0.23342181630002953 and parameters: {'n_estimators': 871, 'max_depth': 10, 'min_child_weight': 8, 'learning_rate': 0.2723252441916578, 'subsample': 0.8405055126709189, 'colsample_bytree': 0.8939681098949553, 'colsample_bylevel': 0.9384468456542662, 'gamma': 2.099328856288443, 'reg_alpha': 0.4237247052077689, 'reg_lambda': 4.825554994503024}. Best is trial 663 with value: 0.22514420173203087.
[I 2024-09-20 09:44:55,419] Trial 682 finished with value: 0.23766470773669032 and parameters: {'n_estimators': 884, 'max_depth': 10, 'min_child_weight': 9, 'learning_rate': 0.2548214714300262, 'subsample': 0.9689654769998202, 'colsample_bytree': 0.8751687245662647, 'colsample_bylevel': 0.9085857893387095, 'gamma': 3.470798864406981, 'reg_alpha': 0.3455307305024303, 'reg_lambda': 5.534643434100389}. Best is trial 663 with value: 0.22514420173203087.
[I 2024-09-20 09:45:54,533] Trial 683 finished with value: 0.23512522781468143 and parameters: {'n_estimators': 860, 'max_depth': 10, 'min_child_weight': 10, 'learning_rate': 0.2986642923166049, 'subsample': 0.8165906083300681, 'colsample_bytree': 0.9030921907777384, 'colsample_bylevel': 0.8936300427430353, 'gamma': 1.0744384521812795, 'reg_alpha': 0.4544895965477468, 'reg_lambda': 5.37009135813067}. Best is trial 663 with value: 0.22514420173203087.
[I 2024-09-20 09:47:09,169] Trial 684 finished with value: 0.23284534926062178 and parameters: {'n_estimators': 886, 'max_depth': 10, 'min_child_weight': 7, 'learning_rate': 0.2798167826426893, 'subsample': 0.8392558120272252, 'colsample_bytree': 0.9000435678489894, 'colsample_bylevel': 0.9208491019910623, 'gamma': 3.408825088215984, 'reg_alpha': 0.42722680203714897, 'reg_lambda': 5.147037865411279}. Best is trial 663 with value: 0.22514420173203087.
[I 2024-09-20 09:48:06,802] Trial 685 finished with value: 0.2336437185742506 and parameters: {'n_estimators': 871, 'max_depth': 10, 'min_child_weight': 9, 'learning_rate': 0.25910378342626245, 'subsample': 0.821709285300991, 'colsample_bytree': 0.8910370832179825, 'colsample_bylevel': 0.8925769766756723, 'gamma': 3.2775789683034144, 'reg_alpha': 0.46249303538475955, 'reg_lambda': 5.769967219424623}. Best is trial 663 with value: 0.22514420173203087.
[I 2024-09-20 09:49:13,520] Trial 686 finished with value: 0.23308951284639462 and parameters: {'n_estimators': 885, 'max_depth': 10, 'min_child_weight': 10, 'learning_rate': 0.2991408503445032, 'subsample': 0.8298686657591572, 'colsample_bytree': 0.8621371285104882, 'colsample_bylevel': 0.9176962029735045, 'gamma': 3.1780957377279537, 'reg_alpha': 0.3956160990706467, 'reg_lambda': 4.9366373460899196}. Best is trial 663 with value: 0.22514420173203087.
[I 2024-09-20 09:50:09,083] Trial 687 finished with value: 0.23525163131392493 and parameters: {'n_estimators': 900, 'max_depth': 10, 'min_child_weight': 9, 'learning_rate': 0.18037082645228317, 'subsample': 0.8065366990872018, 'colsample_bytree': 0.9059930135121006, 'colsample_bylevel': 0.9039541802471002, 'gamma': 1.384079374640843, 'reg_alpha': 0.45816866166211784, 'reg_lambda': 4.701167778906045}. Best is trial 663 with value: 0.22514420173203087.
[I 2024-09-20 09:51:04,409] Trial 688 finished with value: 0.2343238068046849 and parameters: {'n_estimators': 859, 'max_depth': 10, 'min_child_weight': 10, 'learning_rate': 0.2795914755119279, 'subsample': 0.8076996681602131, 'colsample_bytree': 0.9106960732125782, 'colsample_bylevel': 0.8996483067376856, 'gamma': 1.1967117361633188, 'reg_alpha': 0.44024729069694046, 'reg_lambda': 5.213573744445765}. Best is trial 663 with value: 0.22514420173203087.
[I 2024-09-20 09:51:57,569] Trial 689 finished with value: 0.2779315386665927 and parameters: {'n_estimators': 876, 'max_depth': 10, 'min_child_weight': 8, 'learning_rate': 0.09182995009744828, 'subsample': 0.848993258143703, 'colsample_bytree': 0.7521509963346992, 'colsample_bylevel': 0.9300512578373713, 'gamma': 3.4604008177848353, 'reg_alpha': 0.43119207334874243, 'reg_lambda': 5.618116116513033}. Best is trial 663 with value: 0.22514420173203087.
[I 2024-09-20 09:52:54,434] Trial 690 finished with value: 0.23434682398408063 and parameters: {'n_estimators': 852, 'max_depth': 10, 'min_child_weight': 9, 'learning_rate': 0.2447868140054018, 'subsample': 0.8306582361761989, 'colsample_bytree': 0.8988944095704434, 'colsample_bylevel': 0.9005324765986821, 'gamma': 2.8327575166480243, 'reg_alpha': 0.4195387749759836, 'reg_lambda': 5.353367578177057}. Best is trial 663 with value: 0.22514420173203087.
[I 2024-09-20 09:54:11,469] Trial 691 finished with value: 0.2346244474958749 and parameters: {'n_estimators': 887, 'max_depth': 10, 'min_child_weight': 10, 'learning_rate': 0.2657941666112035, 'subsample': 0.7988805895888083, 'colsample_bytree': 0.9132767655453665, 'colsample_bylevel': 0.9189764695806889, 'gamma': 3.551344170335603, 'reg_alpha': 0.44866981104289755, 'reg_lambda': 5.858542371153968}. Best is trial 663 with value: 0.22514420173203087.
[I 2024-09-20 09:55:13,960] Trial 692 finished with value: 0.23895088304451742 and parameters: {'n_estimators': 900, 'max_depth': 10, 'min_child_weight': 8, 'learning_rate': 0.23179479011572168, 'subsample': 0.8202769320778251, 'colsample_bytree': 0.9045572361704252, 'colsample_bylevel': 0.8987028259116749, 'gamma': 3.395989385950836, 'reg_alpha': 0.3944979954311501, 'reg_lambda': 4.754520506456575}. Best is trial 663 with value: 0.22514420173203087.
[I 2024-09-20 09:56:12,356] Trial 693 finished with value: 0.2329117897737049 and parameters: {'n_estimators': 869, 'max_depth': 10, 'min_child_weight': 9, 'learning_rate': 0.2795659932678101, 'subsample': 0.7916972258241196, 'colsample_bytree': 0.9184029975492047, 'colsample_bylevel': 0.9101412312998785, 'gamma': 1.6367520191118914, 'reg_alpha': 0.47087272978705663, 'reg_lambda': 4.9426783372214835}. Best is trial 663 with value: 0.22514420173203087.
[I 2024-09-20 09:57:13,085] Trial 694 finished with value: 0.23112206248069037 and parameters: {'n_estimators': 860, 'max_depth': 10, 'min_child_weight': 10, 'learning_rate': 0.2545590452873033, 'subsample': 0.8130190729197266, 'colsample_bytree': 0.9213609449097073, 'colsample_bylevel': 0.7506692181929654, 'gamma': 3.517633489313237, 'reg_alpha': 0.47454082188210556, 'reg_lambda': 5.498970630320238}. Best is trial 663 with value: 0.22514420173203087.
[I 2024-09-20 09:58:46,967] Trial 695 finished with value: 0.23667387439430834 and parameters: {'n_estimators': 884, 'max_depth': 10, 'min_child_weight': 8, 'learning_rate': 0.2822046230451792, 'subsample': 0.8405389764723902, 'colsample_bytree': 0.8233107086467598, 'colsample_bylevel': 0.8876699817347131, 'gamma': 3.6253734450012045, 'reg_alpha': 0.44448613412471855, 'reg_lambda': 5.073535202294939}. Best is trial 663 with value: 0.22514420173203087.
[I 2024-09-20 09:59:48,060] Trial 696 finished with value: 0.23980815649408296 and parameters: {'n_estimators': 872, 'max_depth': 9, 'min_child_weight': 9, 'learning_rate': 0.24171763653424233, 'subsample': 0.7862210043518136, 'colsample_bytree': 0.9078876551443896, 'colsample_bylevel': 0.7963389394644309, 'gamma': 3.376527301319686, 'reg_alpha': 0.41597178842055743, 'reg_lambda': 5.214792359805838}. Best is trial 663 with value: 0.22514420173203087.
[I 2024-09-20 10:00:48,258] Trial 697 finished with value: 0.23214004831843402 and parameters: {'n_estimators': 848, 'max_depth': 10, 'min_child_weight': 7, 'learning_rate': 0.26309141573455297, 'subsample': 0.7721684481538068, 'colsample_bytree': 0.9282966678352002, 'colsample_bylevel': 0.9352397000290928, 'gamma': 3.4581117374305053, 'reg_alpha': 0.46009441725747957, 'reg_lambda': 6.617640007485446}. Best is trial 663 with value: 0.22514420173203087.
[I 2024-09-20 10:02:02,720] Trial 698 finished with value: 0.23550757629199595 and parameters: {'n_estimators': 884, 'max_depth': 10, 'min_child_weight': 6, 'learning_rate': 0.28076164218009375, 'subsample': 0.8031912277065759, 'colsample_bytree': 0.9253673307660791, 'colsample_bylevel': 0.8854220973979761, 'gamma': 3.6259433999330226, 'reg_alpha': 0.4391743169514606, 'reg_lambda': 5.693688947427077}. Best is trial 663 with value: 0.22514420173203087.
[I 2024-09-20 10:03:04,696] Trial 699 finished with value: 0.23566679248998135 and parameters: {'n_estimators': 900, 'max_depth': 10, 'min_child_weight': 10, 'learning_rate': 0.21987880573068508, 'subsample': 0.8129772744663697, 'colsample_bytree': 0.891496609491428, 'colsample_bylevel': 0.8962205929185642, 'gamma': 0.5837407004217142, 'reg_alpha': 0.48140040496092296, 'reg_lambda': 4.596920498811312}. Best is trial 663 with value: 0.22514420173203087.
[I 2024-09-20 10:04:02,154] Trial 700 finished with value: 0.23480828552395966 and parameters: {'n_estimators': 859, 'max_depth': 10, 'min_child_weight': 10, 'learning_rate': 0.2992688490018997, 'subsample': 0.7949134087244262, 'colsample_bytree': 0.913301391857531, 'colsample_bylevel': 0.78702237616649, 'gamma': 3.2909405565306495, 'reg_alpha': 0.4992762541928042, 'reg_lambda': 5.357418169046161}. Best is trial 663 with value: 0.22514420173203087.
[I 2024-09-20 10:05:01,912] Trial 701 finished with value: 0.23033172698768709 and parameters: {'n_estimators': 873, 'max_depth': 10, 'min_child_weight': 8, 'learning_rate': 0.25791398138171845, 'subsample': 0.7804503288741311, 'colsample_bytree': 0.9305841313392426, 'colsample_bylevel': 0.8090968806442993, 'gamma': 3.5499767126564885, 'reg_alpha': 0.4702360113424551, 'reg_lambda': 6.172975719480045}. Best is trial 663 with value: 0.22514420173203087.
[I 2024-09-20 10:06:09,283] Trial 702 finished with value: 0.23746015983964486 and parameters: {'n_estimators': 839, 'max_depth': 10, 'min_child_weight': 9, 'learning_rate': 0.23980175432920325, 'subsample': 0.8310989041679565, 'colsample_bytree': 0.9047583693154814, 'colsample_bylevel': 0.9257470433604703, 'gamma': 2.5196977376768706, 'reg_alpha': 0.39168266606983704, 'reg_lambda': 5.9090872081652615}. Best is trial 663 with value: 0.22514420173203087.
[I 2024-09-20 10:07:05,388] Trial 703 finished with value: 0.27791405750039516 and parameters: {'n_estimators': 884, 'max_depth': 10, 'min_child_weight': 10, 'learning_rate': 0.08466042203236787, 'subsample': 0.8514878357394899, 'colsample_bytree': 0.919618677149337, 'colsample_bylevel': 0.9069370883621817, 'gamma': 1.0093833254514495, 'reg_alpha': 0.44783317343771967, 'reg_lambda': 5.085368185601077}. Best is trial 663 with value: 0.22514420173203087.
[I 2024-09-20 10:08:02,733] Trial 704 finished with value: 0.2344708905395289 and parameters: {'n_estimators': 857, 'max_depth': 10, 'min_child_weight': 9, 'learning_rate': 0.2733095919247968, 'subsample': 0.8200466290848498, 'colsample_bytree': 0.9321758982478839, 'colsample_bylevel': 0.8251451721569669, 'gamma': 1.836954920665651, 'reg_alpha': 0.41219512570666206, 'reg_lambda': 5.471741541253022}. Best is trial 663 with value: 0.22514420173203087.
[I 2024-09-20 10:08:59,025] Trial 705 finished with value: 0.23023334291668712 and parameters: {'n_estimators': 887, 'max_depth': 10, 'min_child_weight': 9, 'learning_rate': 0.25422753249696983, 'subsample': 0.7684481707847967, 'colsample_bytree': 0.8955938726084254, 'colsample_bylevel': 0.8007236058904926, 'gamma': 3.486306041593724, 'reg_alpha': 0.49217158400867644, 'reg_lambda': 4.849667936490116}. Best is trial 663 with value: 0.22514420173203087.
[I 2024-09-20 10:09:06,489] Trial 706 finished with value: 0.38421746863272294 and parameters: {'n_estimators': 55, 'max_depth': 10, 'min_child_weight': 8, 'learning_rate': 0.28048101470851683, 'subsample': 0.7908836567226128, 'colsample_bytree': 0.9154127852999213, 'colsample_bylevel': 0.8855781615658663, 'gamma': 3.6645585855353997, 'reg_alpha': 0.5029027079398383, 'reg_lambda': 5.271710056186831}. Best is trial 663 with value: 0.22514420173203087.
[I 2024-09-20 10:10:21,398] Trial 707 finished with value: 0.22655016673787914 and parameters: {'n_estimators': 871, 'max_depth': 10, 'min_child_weight': 9, 'learning_rate': 0.265953230880748, 'subsample': 0.8012989674213439, 'colsample_bytree': 0.9357215851819349, 'colsample_bylevel': 0.8170377073025641, 'gamma': 3.347946885608919, 'reg_alpha': 0.4643552415089349, 'reg_lambda': 4.745863234171553}. Best is trial 663 with value: 0.22514420173203087.
[I 2024-09-20 10:11:24,183] Trial 708 finished with value: 0.23317503145535773 and parameters: {'n_estimators': 833, 'max_depth': 10, 'min_child_weight': 9, 'learning_rate': 0.2986602311232255, 'subsample': 0.7780037287683016, 'colsample_bytree': 0.9385494199937366, 'colsample_bylevel': 0.8147214312186835, 'gamma': 3.39541631311406, 'reg_alpha': 0.4641468635232612, 'reg_lambda': 4.713544980179174}. Best is trial 663 with value: 0.22514420173203087.
[I 2024-09-20 10:12:25,672] Trial 709 finished with value: 0.2330598209037905 and parameters: {'n_estimators': 854, 'max_depth': 10, 'min_child_weight': 9, 'learning_rate': 0.2703344517372135, 'subsample': 0.79956715070362, 'colsample_bytree': 0.941671315699756, 'colsample_bylevel': 0.8046207697069935, 'gamma': 3.1700939077037282, 'reg_alpha': 0.428086292154243, 'reg_lambda': 4.933168920703053}. Best is trial 663 with value: 0.22514420173203087.
[I 2024-09-20 10:13:18,541] Trial 710 finished with value: 0.2422365924821106 and parameters: {'n_estimators': 869, 'max_depth': 9, 'min_child_weight': 9, 'learning_rate': 0.2825242334268249, 'subsample': 0.7881039015940753, 'colsample_bytree': 0.5725007923699416, 'colsample_bylevel': 0.7906623758076898, 'gamma': 3.242034835516851, 'reg_alpha': 0.3608680433023589, 'reg_lambda': 5.0142441547045955}. Best is trial 663 with value: 0.22514420173203087.
[I 2024-09-20 10:14:32,339] Trial 711 finished with value: 0.22863547023952688 and parameters: {'n_estimators': 847, 'max_depth': 10, 'min_child_weight': 9, 'learning_rate': 0.2997402761976962, 'subsample': 0.7642550038537499, 'colsample_bytree': 0.9320368670802003, 'colsample_bylevel': 0.8194642407142144, 'gamma': 3.284482948222048, 'reg_alpha': 0.444747010035121, 'reg_lambda': 4.638934899762913}. Best is trial 663 with value: 0.22514420173203087.
[I 2024-09-20 10:15:31,790] Trial 712 finished with value: 0.23258555285042445 and parameters: {'n_estimators': 818, 'max_depth': 10, 'min_child_weight': 9, 'learning_rate': 0.29885614669775434, 'subsample': 0.7576033008735535, 'colsample_bytree': 0.9327050291272828, 'colsample_bylevel': 0.8135052188261882, 'gamma': 3.1901682679316146, 'reg_alpha': 0.444822228505158, 'reg_lambda': 4.699337502155006}. Best is trial 663 with value: 0.22514420173203087.
[I 2024-09-20 10:16:28,566] Trial 713 finished with value: 0.23702937975402208 and parameters: {'n_estimators': 824, 'max_depth': 10, 'min_child_weight': 9, 'learning_rate': 0.266440784446434, 'subsample': 0.8050813893754502, 'colsample_bytree': 0.9295005320024673, 'colsample_bylevel': 0.8171050811806919, 'gamma': 3.1393124460958965, 'reg_alpha': 0.4320326585140728, 'reg_lambda': 4.479081610671445}. Best is trial 663 with value: 0.22514420173203087.
[I 2024-09-20 10:17:25,502] Trial 714 finished with value: 0.39113011344118676 and parameters: {'n_estimators': 846, 'max_depth': 10, 'min_child_weight': 9, 'learning_rate': 0.019083173046450155, 'subsample': 0.7788230829796616, 'colsample_bytree': 0.9412311965073272, 'colsample_bylevel': 0.800239754336911, 'gamma': 3.083506267102537, 'reg_alpha': 0.4582896896379609, 'reg_lambda': 6.866043473449681}. Best is trial 663 with value: 0.22514420173203087.
[I 2024-09-20 10:18:02,224] Trial 715 finished with value: 0.2474824644747949 and parameters: {'n_estimators': 833, 'max_depth': 6, 'min_child_weight': 9, 'learning_rate': 0.29914819307941004, 'subsample': 0.8400777250114221, 'colsample_bytree': 0.926373976817354, 'colsample_bylevel': 0.8069818422858845, 'gamma': 3.331104917425485, 'reg_alpha': 0.47477955791448545, 'reg_lambda': 5.620535123093117}. Best is trial 663 with value: 0.22514420173203087.
[I 2024-09-20 10:19:17,674] Trial 716 finished with value: 0.23040053770699961 and parameters: {'n_estimators': 848, 'max_depth': 10, 'min_child_weight': 9, 'learning_rate': 0.26624337419209976, 'subsample': 0.7673864060447987, 'colsample_bytree': 0.9412796230518992, 'colsample_bylevel': 0.8217106650434404, 'gamma': 3.2344998044741753, 'reg_alpha': 0.4146221402273856, 'reg_lambda': 8.383846231322744}. Best is trial 663 with value: 0.22514420173203087.
[I 2024-09-20 10:20:14,308] Trial 717 finished with value: 0.2324044462267838 and parameters: {'n_estimators': 811, 'max_depth': 10, 'min_child_weight': 9, 'learning_rate': 0.28382817453329856, 'subsample': 0.7868394379647632, 'colsample_bytree': 0.9322743327600652, 'colsample_bylevel': 0.8238126070450628, 'gamma': 3.298672923209481, 'reg_alpha': 0.4549279395457569, 'reg_lambda': 4.539572844993047}. Best is trial 663 with value: 0.22514420173203087.
[I 2024-09-20 10:20:53,300] Trial 718 finished with value: 0.24485181468510858 and parameters: {'n_estimators': 609, 'max_depth': 10, 'min_child_weight': 9, 'learning_rate': 0.251029490309488, 'subsample': 0.812696275290499, 'colsample_bytree': 0.9459589942942087, 'colsample_bylevel': 0.812611955364381, 'gamma': 2.968145264160169, 'reg_alpha': 0.4432353217586473, 'reg_lambda': 5.798949465143651}. Best is trial 663 with value: 0.22514420173203087.
[I 2024-09-20 10:21:29,540] Trial 719 finished with value: 0.26583169217294433 and parameters: {'n_estimators': 833, 'max_depth': 5, 'min_child_weight': 9, 'learning_rate': 0.29967380010097167, 'subsample': 0.7584537639415116, 'colsample_bytree': 0.9234662676328018, 'colsample_bylevel': 0.7969158955879733, 'gamma': 3.3359607242143405, 'reg_alpha': 0.481503384374106, 'reg_lambda': 7.197178633004594}. Best is trial 663 with value: 0.22514420173203087.
