[I 2024-09-20 00:30:53,439] Trial 96 finished with value: 0.2559968893627979 and parameters: {'n_estimators': 614, 'max_depth': 9, 'min_child_weight': 6, 'learning_rate': 0.20909095954439755, 'subsample': 0.8475578175218357, 'colsample_bytree': 0.9421861685504185, 'colsample_bylevel': 0.9123780452103519, 'gamma': 3.1513324067667403, 'reg_alpha': 0.5791868804589112, 'reg_lambda': 9.369602518063477}. Best is trial 67 with value: 0.23125505615956904.
[I 2024-09-20 00:31:44,341] Trial 97 finished with value: 0.23447826763474935 and parameters: {'n_estimators': 765, 'max_depth': 10, 'min_child_weight': 7, 'learning_rate': 0.25859495179738157, 'subsample': 0.8087797686402178, 'colsample_bytree': 0.953249048997653, 'colsample_bylevel': 0.9988809660635677, 'gamma': 2.7285622026732517, 'reg_alpha': 0.5191656805608114, 'reg_lambda': 2.3076686166458575}. Best is trial 67 with value: 0.23125505615956904.
[I 2024-09-20 00:32:17,882] Trial 98 finished with value: 0.2705074596256372 and parameters: {'n_estimators': 877, 'max_depth': 5, 'min_child_weight': 5, 'learning_rate': 0.2280673045680849, 'subsample': 0.6508030277163335, 'colsample_bytree': 0.983977331220784, 'colsample_bylevel': 0.8463959589310729, 'gamma': 1.1497771969616088, 'reg_alpha': 0.46534203305797583, 'reg_lambda': 0.33272848681116146}. Best is trial 67 with value: 0.23125505615956904.
[I 2024-09-20 00:32:51,030] Trial 99 finished with value: 0.2526153562907144 and parameters: {'n_estimators': 581, 'max_depth': 9, 'min_child_weight': 4, 'learning_rate': 0.20582905633084636, 'subsample': 0.7911405394855007, 'colsample_bytree': 0.9030468312200006, 'colsample_bylevel': 0.8778043042993812, 'gamma': 3.518908939832169, 'reg_alpha': 0.4073547066644375, 'reg_lambda': 1.209119958980022}. Best is trial 67 with value: 0.23125505615956904.
[I 2024-09-20 00:33:35,305] Trial 100 finished with value: 0.2487076262189607 and parameters: {'n_estimators': 748, 'max_depth': 10, 'min_child_weight': 6, 'learning_rate': 0.18199047111341837, 'subsample': 0.7030146685983969, 'colsample_bytree': 0.9345273082892712, 'colsample_bylevel': 0.8662305506856584, 'gamma': 3.805954659376155, 'reg_alpha': 0.49126404009518476, 'reg_lambda': 1.673999823113037}. Best is trial 67 with value: 0.23125505615956904.
[I 2024-09-20 00:34:21,918] Trial 101 finished with value: 0.23323175905541155 and parameters: {'n_estimators': 802, 'max_depth': 10, 'min_child_weight': 5, 'learning_rate': 0.25207732411727485, 'subsample': 0.8207699113018222, 'colsample_bytree': 0.9638822413625513, 'colsample_bylevel': 0.9588051667777424, 'gamma': 2.955665326362629, 'reg_alpha': 0.9281857826579696, 'reg_lambda': 5.324012557964668}. Best is trial 67 with value: 0.23125505615956904.
[I 2024-09-20 00:35:08,477] Trial 102 finished with value: 0.23670538339034802 and parameters: {'n_estimators': 776, 'max_depth': 10, 'min_child_weight': 5, 'learning_rate': 0.27605709625444075, 'subsample': 0.7289849508862338, 'colsample_bytree': 0.9654499163435402, 'colsample_bylevel': 0.9647007083280966, 'gamma': 2.5630775733546223, 'reg_alpha': 0.9400547934380733, 'reg_lambda': 5.285429380547164}. Best is trial 67 with value: 0.23125505615956904.
[I 2024-09-20 00:35:57,429] Trial 103 finished with value: 0.23627117816829676 and parameters: {'n_estimators': 813, 'max_depth': 10, 'min_child_weight': 4, 'learning_rate': 0.24662561758692522, 'subsample': 0.8216883605471756, 'colsample_bytree': 0.9806262384161497, 'colsample_bylevel': 0.9327837249066495, 'gamma': 3.2506250494961977, 'reg_alpha': 0.753361560149537, 'reg_lambda': 5.145060109820669}. Best is trial 67 with value: 0.23125505615956904.
[I 2024-09-20 00:36:41,801] Trial 104 finished with value: 0.2382517583676111 and parameters: {'n_estimators': 653, 'max_depth': 10, 'min_child_weight': 5, 'learning_rate': 0.2794246324451926, 'subsample': 0.7728580343840749, 'colsample_bytree': 0.9927385586085147, 'colsample_bylevel': 0.9569027348342193, 'gamma': 2.9714620118398485, 'reg_alpha': 0.3877847088658095, 'reg_lambda': 0.6733875457591415}. Best is trial 67 with value: 0.23125505615956904.
[I 2024-09-20 00:37:24,461] Trial 105 finished with value: 0.24231186758043394 and parameters: {'n_estimators': 707, 'max_depth': 10, 'min_child_weight': 6, 'learning_rate': 0.2993786700176083, 'subsample': 0.8009005421728472, 'colsample_bytree': 0.7619322248527314, 'colsample_bylevel': 0.8886562823529003, 'gamma': 2.815076911761281, 'reg_alpha': 0.8138936887552801, 'reg_lambda': 6.51334574017176}. Best is trial 67 with value: 0.23125505615956904.
[I 2024-09-20 00:38:10,743] Trial 106 finished with value: 0.23393506324190055 and parameters: {'n_estimators': 789, 'max_depth': 10, 'min_child_weight': 7, 'learning_rate': 0.25812835354419195, 'subsample': 0.7280530048555435, 'colsample_bytree': 0.9548358788814588, 'colsample_bylevel': 0.8267593494757535, 'gamma': 3.1056542227063266, 'reg_alpha': 0.8872526916095506, 'reg_lambda': 5.645489067442867}. Best is trial 67 with value: 0.23125505615956904.
[I 2024-09-20 00:38:52,435] Trial 107 finished with value: 0.23933448483777858 and parameters: {'n_estimators': 734, 'max_depth': 9, 'min_child_weight': 5, 'learning_rate': 0.22533463274682597, 'subsample': 0.7813373728246507, 'colsample_bytree': 0.9711562219565179, 'colsample_bylevel': 0.9771122830959221, 'gamma': 1.5162967437378305, 'reg_alpha': 0.41990258710335193, 'reg_lambda': 0.9638888214324788}. Best is trial 67 with value: 0.23125505615956904.
[I 2024-09-20 00:39:33,090] Trial 108 finished with value: 0.2451578631129213 and parameters: {'n_estimators': 674, 'max_depth': 10, 'min_child_weight': 4, 'learning_rate': 0.2488299268862388, 'subsample': 0.7543244509220546, 'colsample_bytree': 0.9892017596398338, 'colsample_bylevel': 0.9196928193677217, 'gamma': 2.3847615762024534, 'reg_alpha': 0.5649770625526677, 'reg_lambda': 7.808654076971192}. Best is trial 67 with value: 0.23125505615956904.
[I 2024-09-20 00:40:13,030] Trial 109 finished with value: 0.25989320467055316 and parameters: {'n_estimators': 762, 'max_depth': 9, 'min_child_weight': 6, 'learning_rate': 0.2045357069974172, 'subsample': 0.8554496603609341, 'colsample_bytree': 0.5285352426299661, 'colsample_bylevel': 0.9438140690681005, 'gamma': 3.60029764681928, 'reg_alpha': 0.3694587345799377, 'reg_lambda': 5.920695955120303}. Best is trial 67 with value: 0.23125505615956904.
[I 2024-09-20 00:40:20,408] Trial 110 finished with value: 0.479120347841344 and parameters: {'n_estimators': 63, 'max_depth': 10, 'min_child_weight': 8, 'learning_rate': 0.04028445235617025, 'subsample': 0.6247836170213612, 'colsample_bytree': 0.9999051925014699, 'colsample_bylevel': 0.9865370059921935, 'gamma': 0.6309442509057006, 'reg_alpha': 0.4397066676719146, 'reg_lambda': 1.4009843484783622}. Best is trial 67 with value: 0.23125505615956904.
[I 2024-09-20 00:41:15,385] Trial 111 finished with value: 0.2387372180684348 and parameters: {'n_estimators': 815, 'max_depth': 10, 'min_child_weight': 3, 'learning_rate': 0.23958904465711756, 'subsample': 0.8171681280480744, 'colsample_bytree': 0.9224587559279059, 'colsample_bylevel': 0.8522558528332767, 'gamma': 1.9502951506651012, 'reg_alpha': 0.34714818679680476, 'reg_lambda': 0.1993478639902994}. Best is trial 67 with value: 0.23125505615956904.
[I 2024-09-20 00:42:14,122] Trial 112 finished with value: 0.2302600341666594 and parameters: {'n_estimators': 841, 'max_depth': 10, 'min_child_weight': 4, 'learning_rate': 0.26110301808039893, 'subsample': 0.8310575362930469, 'colsample_bytree': 0.9474788934283862, 'colsample_bylevel': 0.8184434593445209, 'gamma': 3.3931796332537747, 'reg_alpha': 0.5365272552774748, 'reg_lambda': 0.2660649518259577}. Best is trial 112 with value: 0.2302600341666594.
[I 2024-09-20 00:42:33,968] Trial 113 finished with value: 0.2750326950984506 and parameters: {'n_estimators': 263, 'max_depth': 10, 'min_child_weight': 4, 'learning_rate': 0.279495430671904, 'subsample': 0.8375414108394353, 'colsample_bytree': 0.9356439040917803, 'colsample_bylevel': 0.8731225561063588, 'gamma': 3.3977651631017145, 'reg_alpha': 0.5253882454728751, 'reg_lambda': 0.3266060366376757}. Best is trial 112 with value: 0.2302600341666594.
[I 2024-09-20 00:43:32,213] Trial 114 finished with value: 0.23078939615546096 and parameters: {'n_estimators': 867, 'max_depth': 10, 'min_child_weight': 4, 'learning_rate': 0.26303633323665493, 'subsample': 0.7685137576681614, 'colsample_bytree': 0.9458335001684796, 'colsample_bylevel': 0.820849158511087, 'gamma': 3.782902796680789, 'reg_alpha': 0.5475783711146555, 'reg_lambda': 0.5359835550150694}. Best is trial 112 with value: 0.2302600341666594.
[I 2024-09-20 00:44:28,680] Trial 115 finished with value: 0.23984714156300013 and parameters: {'n_estimators': 867, 'max_depth': 10, 'min_child_weight': 4, 'learning_rate': 0.22498073806501365, 'subsample': 0.8269799943631246, 'colsample_bytree': 0.9475882968732503, 'colsample_bylevel': 0.8164444965752761, 'gamma': 3.7410152239094017, 'reg_alpha': 0.5399794982872267, 'reg_lambda': 0.5015077586223008}. Best is trial 112 with value: 0.2302600341666594.
[I 2024-09-20 00:45:17,961] Trial 116 finished with value: 0.23390051254014116 and parameters: {'n_estimators': 798, 'max_depth': 10, 'min_child_weight': 4, 'learning_rate': 0.2636597043841877, 'subsample': 0.7926437149956914, 'colsample_bytree': 0.908949738364489, 'colsample_bylevel': 0.8297372368461776, 'gamma': 3.585577313562356, 'reg_alpha': 0.4608947247038706, 'reg_lambda': 0.9077879675730036}. Best is trial 112 with value: 0.2302600341666594.
[I 2024-09-20 00:46:16,136] Trial 117 finished with value: 0.2326775569574798 and parameters: {'n_estimators': 883, 'max_depth': 10, 'min_child_weight': 3, 'learning_rate': 0.24412214319190523, 'subsample': 0.7650187488136312, 'colsample_bytree': 0.9634377763686863, 'colsample_bylevel': 0.8378709603293095, 'gamma': 3.2276354655936794, 'reg_alpha': 0.48042723405202936, 'reg_lambda': 1.1216238710799125}. Best is trial 112 with value: 0.2302600341666594.
[I 2024-09-20 00:47:14,213] Trial 118 finished with value: 0.23385402689477502 and parameters: {'n_estimators': 847, 'max_depth': 10, 'min_child_weight': 3, 'learning_rate': 0.2735528847415173, 'subsample': 0.7707541692550499, 'colsample_bytree': 0.9267174322823175, 'colsample_bylevel': 0.8211543321069913, 'gamma': 3.3544626410974017, 'reg_alpha': 0.5070746977371312, 'reg_lambda': 1.173989519816861}. Best is trial 112 with value: 0.2302600341666594.
[I 2024-09-20 00:48:16,595] Trial 119 finished with value: 0.2294290593950529 and parameters: {'n_estimators': 888, 'max_depth': 10, 'min_child_weight': 3, 'learning_rate': 0.2399243317822731, 'subsample': 0.8088809437153637, 'colsample_bytree': 0.955167659114735, 'colsample_bylevel': 0.8402425923702171, 'gamma': 3.248532033647935, 'reg_alpha': 0.48016044186937684, 'reg_lambda': 1.8649823537114742}. Best is trial 119 with value: 0.2294290593950529.
[I 2024-09-20 00:49:10,294] Trial 120 finished with value: 0.23574489308290092 and parameters: {'n_estimators': 895, 'max_depth': 9, 'min_child_weight': 3, 'learning_rate': 0.23461429746314255, 'subsample': 0.8077844082006193, 'colsample_bytree': 0.9744015781705572, 'colsample_bylevel': 0.8356677996591922, 'gamma': 3.2588843830262255, 'reg_alpha': 0.5577498308765495, 'reg_lambda': 1.898561983896293}. Best is trial 119 with value: 0.2294290593950529.
[I 2024-09-20 00:50:06,882] Trial 121 finished with value: 0.23490577546450445 and parameters: {'n_estimators': 878, 'max_depth': 10, 'min_child_weight': 3, 'learning_rate': 0.26177134035470534, 'subsample': 0.7651522477012999, 'colsample_bytree': 0.95750162554109, 'colsample_bylevel': 0.808359210807459, 'gamma': 4.008925538152809, 'reg_alpha': 0.4772641766316996, 'reg_lambda': 2.2158087454507647}. Best is trial 119 with value: 0.2294290593950529.
[I 2024-09-20 00:51:06,802] Trial 122 finished with value: 0.23247687210586201 and parameters: {'n_estimators': 900, 'max_depth': 10, 'min_child_weight': 3, 'learning_rate': 0.21767121662460076, 'subsample': 0.7812500123188514, 'colsample_bytree': 0.9444278151655761, 'colsample_bylevel': 0.8849750438434177, 'gamma': 3.7948390387979254, 'reg_alpha': 0.4922502494052618, 'reg_lambda': 1.5509026584376517}. Best is trial 119 with value: 0.2294290593950529.
[I 2024-09-20 00:52:04,737] Trial 123 finished with value: 0.23040258731479954 and parameters: {'n_estimators': 878, 'max_depth': 10, 'min_child_weight': 3, 'learning_rate': 0.21986341787094688, 'subsample': 0.7402621092756356, 'colsample_bytree': 0.9441117779360795, 'colsample_bylevel': 0.8431252047848238, 'gamma': 3.4806848607288625, 'reg_alpha': 0.48654953187549776, 'reg_lambda': 1.6205149790273428}. Best is trial 119 with value: 0.2294290593950529.
[I 2024-09-20 00:53:03,995] Trial 124 finished with value: 0.23612596287778187 and parameters: {'n_estimators': 900, 'max_depth': 10, 'min_child_weight': 3, 'learning_rate': 0.1943303974962559, 'subsample': 0.7403977886596581, 'colsample_bytree': 0.9429596718062565, 'colsample_bylevel': 0.8456167121799999, 'gamma': 3.5186091894028175, 'reg_alpha': 0.5243248655229634, 'reg_lambda': 1.463286308017573}. Best is trial 119 with value: 0.2294290593950529.
[I 2024-09-20 00:54:02,097] Trial 125 finished with value: 0.23922690080799014 and parameters: {'n_estimators': 869, 'max_depth': 10, 'min_child_weight': 3, 'learning_rate': 0.21813191075318045, 'subsample': 0.7805653188414613, 'colsample_bytree': 0.9327318622005913, 'colsample_bylevel': 0.8558313793409358, 'gamma': 3.861722297858514, 'reg_alpha': 0.5059216209271631, 'reg_lambda': 1.632472106286767}. Best is trial 119 with value: 0.2294290593950529.
[I 2024-09-20 00:54:56,799] Trial 126 finished with value: 0.238754372865491 and parameters: {'n_estimators': 853, 'max_depth': 10, 'min_child_weight': 3, 'learning_rate': 0.1798017211548493, 'subsample': 0.8025615784666922, 'colsample_bytree': 0.9460241340523085, 'colsample_bylevel': 0.8378333304705277, 'gamma': 3.4204694493086643, 'reg_alpha': 0.5874396054563408, 'reg_lambda': 2.1244880089612703}. Best is trial 119 with value: 0.2294290593950529.
[I 2024-09-20 00:55:55,140] Trial 127 finished with value: 0.2422429352689346 and parameters: {'n_estimators': 838, 'max_depth': 10, 'min_child_weight': 2, 'learning_rate': 0.20452436177333294, 'subsample': 0.7363931405831328, 'colsample_bytree': 0.9185349120128101, 'colsample_bylevel': 0.7942541878831323, 'gamma': 3.602781683137158, 'reg_alpha': 0.5482625611370213, 'reg_lambda': 2.8495113382248825}. Best is trial 119 with value: 0.2294290593950529.
[I 2024-09-20 00:56:59,057] Trial 128 finished with value: 0.23456168575673675 and parameters: {'n_estimators': 882, 'max_depth': 10, 'min_child_weight': 3, 'learning_rate': 0.23966573568741958, 'subsample': 0.7507093405762056, 'colsample_bytree': 0.9788346894655194, 'colsample_bylevel': 0.8804386068977194, 'gamma': 3.707402443742512, 'reg_alpha': 0.482582355237726, 'reg_lambda': 1.1760230895850372}. Best is trial 119 with value: 0.2294290593950529.
[I 2024-09-20 00:57:58,462] Trial 129 finished with value: 0.24515752922435796 and parameters: {'n_estimators': 862, 'max_depth': 10, 'min_child_weight': 3, 'learning_rate': 0.15974900089896205, 'subsample': 0.7651551641494754, 'colsample_bytree': 0.8954935800537867, 'colsample_bylevel': 0.867192462311874, 'gamma': 3.78770716724328, 'reg_alpha': 0.4380327349379367, 'reg_lambda': 0.7903996585416504}. Best is trial 119 with value: 0.2294290593950529.
[I 2024-09-20 00:58:56,622] Trial 130 finished with value: 0.23171970630966493 and parameters: {'n_estimators': 882, 'max_depth': 10, 'min_child_weight': 4, 'learning_rate': 0.29087358538583197, 'subsample': 0.7785825670435628, 'colsample_bytree': 0.9607740561234736, 'colsample_bylevel': 0.8866983216619305, 'gamma': 3.9377034745298025, 'reg_alpha': 0.45069476973462586, 'reg_lambda': 2.4286883474852488}. Best is trial 119 with value: 0.2294290593950529.
[I 2024-09-20 00:59:53,178] Trial 131 finished with value: 0.2362818700984625 and parameters: {'n_estimators': 885, 'max_depth': 10, 'min_child_weight': 4, 'learning_rate': 0.28601336504454017, 'subsample': 0.7795940363102662, 'colsample_bytree': 0.9661640259209913, 'colsample_bylevel': 0.8949066125680606, 'gamma': 3.993103634984646, 'reg_alpha': 0.4567935926636322, 'reg_lambda': 2.5848428117405327}. Best is trial 119 with value: 0.2294290593950529.
[I 2024-09-20 01:00:46,300] Trial 132 finished with value: 0.23716526505391103 and parameters: {'n_estimators': 849, 'max_depth': 10, 'min_child_weight': 4, 'learning_rate': 0.29997007329784553, 'subsample': 0.7969764459671232, 'colsample_bytree': 0.6758314184313972, 'colsample_bylevel': 0.8857200063345312, 'gamma': 3.2054085479997, 'reg_alpha': 0.4223305561509366, 'reg_lambda': 2.4298604979330714}. Best is trial 119 with value: 0.2294290593950529.
[I 2024-09-20 01:01:38,252] Trial 133 finished with value: 0.36409116839575095 and parameters: {'n_estimators': 825, 'max_depth': 10, 'min_child_weight': 3, 'learning_rate': 0.02633909550202439, 'subsample': 0.8325487156507987, 'colsample_bytree': 0.9395909173613785, 'colsample_bylevel': 0.8602959899457397, 'gamma': 3.4970979326996785, 'reg_alpha': 0.5130308451637258, 'reg_lambda': 1.45172912903753}. Best is trial 119 with value: 0.2294290593950529.
[I 2024-09-20 01:02:38,334] Trial 134 finished with value: 0.23546460193652735 and parameters: {'n_estimators': 875, 'max_depth': 10, 'min_child_weight': 2, 'learning_rate': 0.24211505874723288, 'subsample': 0.8120275414236898, 'colsample_bytree': 0.9517450319847601, 'colsample_bylevel': 0.9057375168804108, 'gamma': 3.3307016753885494, 'reg_alpha': 0.5690640650979766, 'reg_lambda': 1.9976179084985102}. Best is trial 119 with value: 0.2294290593950529.
[I 2024-09-20 01:03:30,696] Trial 135 finished with value: 0.24096923569665124 and parameters: {'n_estimators': 830, 'max_depth': 10, 'min_child_weight': 4, 'learning_rate': 0.22049208931642494, 'subsample': 0.7547511766136225, 'colsample_bytree': 0.9099174146221014, 'colsample_bylevel': 0.8149316508927817, 'gamma': 3.9041780957339585, 'reg_alpha': 0.5348562768797243, 'reg_lambda': 1.6682191622421798}. Best is trial 119 with value: 0.2294290593950529.
[I 2024-09-20 01:04:28,976] Trial 136 finished with value: 0.22908983356706436 and parameters: {'n_estimators': 898, 'max_depth': 10, 'min_child_weight': 4, 'learning_rate': 0.281697238761348, 'subsample': 0.7719429784373923, 'colsample_bytree': 0.9288741621082082, 'colsample_bylevel': 0.8437158548988188, 'gamma': 3.6696449130600794, 'reg_alpha': 0.621709297987294, 'reg_lambda': 1.03328835463757}. Best is trial 136 with value: 0.22908983356706436.
[I 2024-09-20 01:05:19,283] Trial 137 finished with value: 0.23130434882539025 and parameters: {'n_estimators': 858, 'max_depth': 9, 'min_child_weight': 4, 'learning_rate': 0.2836552845718901, 'subsample': 0.7844560920822499, 'colsample_bytree': 0.9265664462945337, 'colsample_bylevel': 0.8750394919865632, 'gamma': 4.196431439844155, 'reg_alpha': 0.6285699470941837, 'reg_lambda': 0.6556688208764649}. Best is trial 136 with value: 0.22908983356706436.
[I 2024-09-20 01:06:09,775] Trial 138 finished with value: 0.23785375279909457 and parameters: {'n_estimators': 893, 'max_depth': 9, 'min_child_weight': 4, 'learning_rate': 0.28206649547002, 'subsample': 0.7196845928929086, 'colsample_bytree': 0.928362439266316, 'colsample_bylevel': 0.8954666794928329, 'gamma': 4.168217709522447, 'reg_alpha': 0.6177044762841665, 'reg_lambda': 0.823578080272698}. Best is trial 136 with value: 0.22908983356706436.
[I 2024-09-20 01:06:45,642] Trial 139 finished with value: 0.4210464394788791 and parameters: {'n_estimators': 856, 'max_depth': 6, 'min_child_weight': 4, 'learning_rate': 0.020653615513810602, 'subsample': 0.7765936581814565, 'colsample_bytree': 0.9378417375201934, 'colsample_bylevel': 0.8770370091474753, 'gamma': 4.051580035690668, 'reg_alpha': 0.646068750246604, 'reg_lambda': 0.540667247163342}. Best is trial 136 with value: 0.22908983356706436.
[I 2024-09-20 01:07:36,218] Trial 140 finished with value: 0.24241699821846083 and parameters: {'n_estimators': 900, 'max_depth': 9, 'min_child_weight': 4, 'learning_rate': 0.2986933176535291, 'subsample': 0.7905424232152081, 'colsample_bytree': 0.5869491671240283, 'colsample_bylevel': 0.8866825091035021, 'gamma': 3.6385803055012516, 'reg_alpha': 0.593203962158105, 'reg_lambda': 0.9513582436249579}. Best is trial 136 with value: 0.22908983356706436.
[I 2024-09-20 01:08:28,332] Trial 141 finished with value: 0.41921242753240306 and parameters: {'n_estimators': 871, 'max_depth': 10, 'min_child_weight': 4, 'learning_rate': 0.011469350670369733, 'subsample': 0.8137015434488469, 'colsample_bytree': 0.952092791800359, 'colsample_bylevel': 0.8503623567818374, 'gamma': 4.206632390099968, 'reg_alpha': 0.679808335043487, 'reg_lambda': 1.847321362694705}. Best is trial 136 with value: 0.22908983356706436.
[I 2024-09-20 01:09:21,741] Trial 142 finished with value: 0.23027499575648172 and parameters: {'n_estimators': 838, 'max_depth': 10, 'min_child_weight': 4, 'learning_rate': 0.2655605089102391, 'subsample': 0.7999935989025854, 'colsample_bytree': 0.9823684693724647, 'colsample_bylevel': 0.871502745880662, 'gamma': 3.815020009378525, 'reg_alpha': 0.5794272500043254, 'reg_lambda': 1.3169499271300529}. Best is trial 136 with value: 0.22908983356706436.
[I 2024-09-20 01:10:15,006] Trial 143 finished with value: 0.23174254094722438 and parameters: {'n_estimators': 834, 'max_depth': 10, 'min_child_weight': 4, 'learning_rate': 0.2729445438922153, 'subsample': 0.7857770588509978, 'colsample_bytree': 0.9799915889812596, 'colsample_bylevel': 0.8679348276873323, 'gamma': 3.8525765401035037, 'reg_alpha': 0.6277673407098888, 'reg_lambda': 1.3040739853558525}. Best is trial 136 with value: 0.22908983356706436.
