[I 2024-09-20 01:55:11,230] Trial 192 finished with value: 0.2414600114039561 and parameters: {'n_estimators': 849, 'max_depth': 10, 'min_child_weight': 3, 'learning_rate': 0.27661013537998996, 'subsample': 0.8602548316621685, 'colsample_bytree': 0.9337014985974242, 'colsample_bylevel': 0.8300261051620883, 'gamma': 3.668608634778259, 'reg_alpha': 0.5327865873506548, 'reg_lambda': 0.41870225587762455}. Best is trial 136 with value: 0.22908983356706436.
[I 2024-09-20 01:56:10,433] Trial 193 finished with value: 0.24152886411374327 and parameters: {'n_estimators': 867, 'max_depth': 10, 'min_child_weight': 3, 'learning_rate': 0.23121488678439409, 'subsample': 0.8510526724616201, 'colsample_bytree': 0.9455551117132507, 'colsample_bylevel': 0.8181953803674576, 'gamma': 3.3169232195885696, 'reg_alpha': 0.5926606658467714, 'reg_lambda': 0.5831975256998831}. Best is trial 136 with value: 0.22908983356706436.
[I 2024-09-20 01:57:04,937] Trial 194 finished with value: 0.2294931354961051 and parameters: {'n_estimators': 882, 'max_depth': 10, 'min_child_weight': 2, 'learning_rate': 0.25217101014317633, 'subsample': 0.8078380156396238, 'colsample_bytree': 0.9134813388609566, 'colsample_bylevel': 0.8424690590484257, 'gamma': 3.546607957049789, 'reg_alpha': 0.5582670032371195, 'reg_lambda': 3.56356533374103}. Best is trial 136 with value: 0.22908983356706436.
[I 2024-09-20 01:58:01,309] Trial 195 finished with value: 0.2656330499020768 and parameters: {'n_estimators': 888, 'max_depth': 10, 'min_child_weight': 2, 'learning_rate': 0.10743796803008886, 'subsample': 0.8239485918253351, 'colsample_bytree': 0.9188442129708824, 'colsample_bylevel': 0.8385173265816204, 'gamma': 3.503455268128382, 'reg_alpha': 0.5059579001553346, 'reg_lambda': 3.464590794286126}. Best is trial 136 with value: 0.22908983356706436.
[I 2024-09-20 01:58:54,945] Trial 196 finished with value: 0.23540219009174557 and parameters: {'n_estimators': 869, 'max_depth': 10, 'min_child_weight': 2, 'learning_rate': 0.24838056011275197, 'subsample': 0.8084627735072833, 'colsample_bytree': 0.8983300521719662, 'colsample_bylevel': 0.8258487138966754, 'gamma': 3.5777316488006363, 'reg_alpha': 0.5653774307671238, 'reg_lambda': 4.497259377306731}. Best is trial 136 with value: 0.22908983356706436.
[I 2024-09-20 01:59:54,425] Trial 197 finished with value: 0.23679084905829734 and parameters: {'n_estimators': 887, 'max_depth': 10, 'min_child_weight': 2, 'learning_rate': 0.21320715460300957, 'subsample': 0.8419995274778175, 'colsample_bytree': 0.9143070860181979, 'colsample_bylevel': 0.8489708113422643, 'gamma': 3.445394967427032, 'reg_alpha': 0.5449872589826986, 'reg_lambda': 0.18388006131805684}. Best is trial 136 with value: 0.22908983356706436.
[I 2024-09-20 02:00:48,141] Trial 198 finished with value: 0.27256654081766746 and parameters: {'n_estimators': 855, 'max_depth': 10, 'min_child_weight': 3, 'learning_rate': 0.08817334315519397, 'subsample': 0.8174919844354089, 'colsample_bytree': 0.9325586584729685, 'colsample_bylevel': 0.8109904947835365, 'gamma': 3.233407528097895, 'reg_alpha': 0.5171374296641241, 'reg_lambda': 0.7616434889511614}. Best is trial 136 with value: 0.22908983356706436.
[I 2024-09-20 02:01:45,118] Trial 199 finished with value: 0.23630023335156106 and parameters: {'n_estimators': 879, 'max_depth': 10, 'min_child_weight': 3, 'learning_rate': 0.25933636439482266, 'subsample': 0.8059629919453986, 'colsample_bytree': 0.9260461011436844, 'colsample_bylevel': 0.8550222363725547, 'gamma': 3.720391815051121, 'reg_alpha': 0.580697329606199, 'reg_lambda': 0.4578558945391295}. Best is trial 136 with value: 0.22908983356706436.
[I 2024-09-20 02:02:36,711] Trial 200 finished with value: 0.23622922098689064 and parameters: {'n_estimators': 818, 'max_depth': 10, 'min_child_weight': 3, 'learning_rate': 0.2837998218087107, 'subsample': 0.8785550635946544, 'colsample_bytree': 0.9406158672789574, 'colsample_bylevel': 0.8370377388207907, 'gamma': 3.639324187297382, 'reg_alpha': 0.5341692363140045, 'reg_lambda': 7.198443256716437}. Best is trial 136 with value: 0.22908983356706436.
[I 2024-09-20 02:03:31,633] Trial 201 finished with value: 0.23407433718198098 and parameters: {'n_estimators': 838, 'max_depth': 10, 'min_child_weight': 4, 'learning_rate': 0.2631506590193547, 'subsample': 0.797906247872035, 'colsample_bytree': 0.9608144300199792, 'colsample_bylevel': 0.8623426141327464, 'gamma': 3.818322680033392, 'reg_alpha': 0.61764070884424, 'reg_lambda': 0.9056971298974945}. Best is trial 136 with value: 0.22908983356706436.
[I 2024-09-20 02:04:29,434] Trial 202 finished with value: 0.2374463172955255 and parameters: {'n_estimators': 848, 'max_depth': 10, 'min_child_weight': 4, 'learning_rate': 0.28565457633997254, 'subsample': 0.8316485336771983, 'colsample_bytree': 0.978123814909929, 'colsample_bylevel': 0.8835558440709383, 'gamma': 3.4186359271866262, 'reg_alpha': 0.6055528722125798, 'reg_lambda': 0.31899691388044027}. Best is trial 136 with value: 0.22908983356706436.
[I 2024-09-20 02:04:55,265] Trial 203 finished with value: 0.25703504264219046 and parameters: {'n_estimators': 394, 'max_depth': 10, 'min_child_weight': 4, 'learning_rate': 0.241517600174994, 'subsample': 0.7711304602096407, 'colsample_bytree': 0.9511969383486263, 'colsample_bylevel': 0.8697699293653064, 'gamma': 3.5598528351269305, 'reg_alpha': 0.5592642635597408, 'reg_lambda': 0.6536301081532538}. Best is trial 136 with value: 0.22908983356706436.
[I 2024-09-20 02:05:51,118] Trial 204 finished with value: 0.23326878220663422 and parameters: {'n_estimators': 863, 'max_depth': 10, 'min_child_weight': 4, 'learning_rate': 0.2606073957258567, 'subsample': 0.7862906893462478, 'colsample_bytree': 0.969017322830267, 'colsample_bylevel': 0.8449915259391659, 'gamma': 3.898191801176582, 'reg_alpha': 0.6312917691416622, 'reg_lambda': 1.0728071797567433}. Best is trial 136 with value: 0.22908983356706436.
[I 2024-09-20 02:06:46,172] Trial 205 finished with value: 0.22958782121470128 and parameters: {'n_estimators': 899, 'max_depth': 10, 'min_child_weight': 4, 'learning_rate': 0.2813453353557151, 'subsample': 0.8188087321572899, 'colsample_bytree': 0.9882028714662131, 'colsample_bylevel': 0.8621860905590655, 'gamma': 3.755703245481819, 'reg_alpha': 0.5868206708115135, 'reg_lambda': 3.950976997613641}. Best is trial 136 with value: 0.22908983356706436.
[I 2024-09-20 02:07:42,353] Trial 206 finished with value: 0.23376500921185275 and parameters: {'n_estimators': 899, 'max_depth': 10, 'min_child_weight': 4, 'learning_rate': 0.22761689104097713, 'subsample': 0.8188823563638233, 'colsample_bytree': 0.994821641148581, 'colsample_bylevel': 0.8245503207318075, 'gamma': 3.742033875088849, 'reg_alpha': 0.5846958462048282, 'reg_lambda': 3.1433736093445463}. Best is trial 136 with value: 0.22908983356706436.
[I 2024-09-20 02:08:31,822] Trial 207 finished with value: 0.34585598354046393 and parameters: {'n_estimators': 879, 'max_depth': 10, 'min_child_weight': 2, 'learning_rate': 0.03261929885588042, 'subsample': 0.8051417400935094, 'colsample_bytree': 0.9073128801469258, 'colsample_bylevel': 0.8570219593406562, 'gamma': 3.2638006384366305, 'reg_alpha': 0.5566390604114836, 'reg_lambda': 3.897142531098708}. Best is trial 136 with value: 0.22908983356706436.
[I 2024-09-20 02:09:32,460] Trial 208 finished with value: 0.24026884089151776 and parameters: {'n_estimators': 899, 'max_depth': 10, 'min_child_weight': 1, 'learning_rate': 0.28272045882063096, 'subsample': 0.8535305782816276, 'colsample_bytree': 0.9900697514214365, 'colsample_bylevel': 0.7988198097709718, 'gamma': 3.1222754203083722, 'reg_alpha': 0.5976614907356966, 'reg_lambda': 3.515924586302195}. Best is trial 136 with value: 0.22908983356706436.
[I 2024-09-20 02:10:25,121] Trial 209 finished with value: 0.23530143190944805 and parameters: {'n_estimators': 870, 'max_depth': 10, 'min_child_weight': 4, 'learning_rate': 0.24865802203689, 'subsample': 0.838099680409679, 'colsample_bytree': 0.9604713400048266, 'colsample_bylevel': 0.8352576803756725, 'gamma': 3.5564157853585256, 'reg_alpha': 0.5737686291680889, 'reg_lambda': 2.714310246590533}. Best is trial 136 with value: 0.22908983356706436.
[I 2024-09-20 02:11:20,751] Trial 210 finished with value: 0.2328085741146269 and parameters: {'n_estimators': 856, 'max_depth': 10, 'min_child_weight': 4, 'learning_rate': 0.2830480545817853, 'subsample': 0.828173340762167, 'colsample_bytree': 0.9256158533347094, 'colsample_bylevel': 0.8482037715400884, 'gamma': 3.3314548117119194, 'reg_alpha': 0.4990354701058134, 'reg_lambda': 3.8311022296190598}. Best is trial 136 with value: 0.22908983356706436.
[I 2024-09-20 02:12:11,839] Trial 211 finished with value: 0.23122805928779683 and parameters: {'n_estimators': 829, 'max_depth': 10, 'min_child_weight': 4, 'learning_rate': 0.26460130412576366, 'subsample': 0.7962755872889461, 'colsample_bytree': 0.9813931258318146, 'colsample_bylevel': 0.866365012081578, 'gamma': 3.857957768046336, 'reg_alpha': 0.6255905985446406, 'reg_lambda': 4.188715844503748}. Best is trial 136 with value: 0.22908983356706436.
[I 2024-09-20 02:13:07,538] Trial 212 finished with value: 0.2367247833193288 and parameters: {'n_estimators': 827, 'max_depth': 10, 'min_child_weight': 4, 'learning_rate': 0.29999623541913567, 'subsample': 0.8155579620025606, 'colsample_bytree': 0.9779868903056353, 'colsample_bylevel': 0.8860952534456664, 'gamma': 3.668000896635046, 'reg_alpha': 0.6005416724147308, 'reg_lambda': 4.241204010576157}. Best is trial 136 with value: 0.22908983356706436.
[I 2024-09-20 02:14:05,643] Trial 213 finished with value: 0.23100637429709653 and parameters: {'n_estimators': 875, 'max_depth': 10, 'min_child_weight': 4, 'learning_rate': 0.2646426635045179, 'subsample': 0.7986577351937278, 'colsample_bytree': 0.9823525628510558, 'colsample_bylevel': 0.8597905401599152, 'gamma': 3.7816592518023997, 'reg_alpha': 0.544945986577351, 'reg_lambda': 0.48466038702611447}. Best is trial 136 with value: 0.22908983356706436.
[I 2024-09-20 02:14:58,720] Trial 214 finished with value: 0.23282139396346818 and parameters: {'n_estimators': 806, 'max_depth': 10, 'min_child_weight': 4, 'learning_rate': 0.2424279366697976, 'subsample': 0.7952848567147672, 'colsample_bytree': 0.9994508116777054, 'colsample_bylevel': 0.8627537367722375, 'gamma': 3.782337526675411, 'reg_alpha': 0.5320634466550767, 'reg_lambda': 3.946833407635913}. Best is trial 136 with value: 0.22908983356706436.
[I 2024-09-20 02:15:51,168] Trial 215 finished with value: 0.2351255227366528 and parameters: {'n_estimators': 843, 'max_depth': 10, 'min_child_weight': 3, 'learning_rate': 0.26230310955736186, 'subsample': 0.8100340109575253, 'colsample_bytree': 0.9871598356209125, 'colsample_bylevel': 0.8516795534173098, 'gamma': 3.4339875839719993, 'reg_alpha': 0.5565362982803748, 'reg_lambda': 4.077142166044883}. Best is trial 136 with value: 0.22908983356706436.
[I 2024-09-20 02:16:46,902] Trial 216 finished with value: 0.23680973623064566 and parameters: {'n_estimators': 877, 'max_depth': 10, 'min_child_weight': 4, 'learning_rate': 0.2658023211421789, 'subsample': 0.8007684813834764, 'colsample_bytree': 0.971919989483635, 'colsample_bylevel': 0.8427122317728557, 'gamma': 3.656527340560896, 'reg_alpha': 0.5795344145222862, 'reg_lambda': 3.6864976433170558}. Best is trial 136 with value: 0.22908983356706436.
[I 2024-09-20 02:17:49,032] Trial 217 finished with value: 0.23597883243472734 and parameters: {'n_estimators': 858, 'max_depth': 10, 'min_child_weight': 4, 'learning_rate': 0.22714106685710536, 'subsample': 0.8172542099638883, 'colsample_bytree': 0.984172198888657, 'colsample_bylevel': 0.8682615264600274, 'gamma': 3.8085417035634186, 'reg_alpha': 0.5440979084428514, 'reg_lambda': 0.007251121747157252}. Best is trial 136 with value: 0.22908983356706436.
[I 2024-09-20 02:18:50,115] Trial 218 finished with value: 0.2319441866972613 and parameters: {'n_estimators': 824, 'max_depth': 10, 'min_child_weight': 3, 'learning_rate': 0.2515788923758295, 'subsample': 0.764466888676226, 'colsample_bytree': 0.999799342398156, 'colsample_bylevel': 0.8211866199548215, 'gamma': 3.5660728246124593, 'reg_alpha': 0.6464793714520245, 'reg_lambda': 0.4665015988186879}. Best is trial 136 with value: 0.22908983356706436.
[I 2024-09-20 02:19:40,092] Trial 219 finished with value: 0.24490745558170385 and parameters: {'n_estimators': 786, 'max_depth': 10, 'min_child_weight': 4, 'learning_rate': 0.2380728029540334, 'subsample': 0.7948243507739493, 'colsample_bytree': 0.9416006779537106, 'colsample_bylevel': 0.8607528431390995, 'gamma': 3.9511579408560236, 'reg_alpha': 0.6135259080504943, 'reg_lambda': 4.633023109555014}. Best is trial 136 with value: 0.22908983356706436.
[I 2024-09-20 02:20:27,015] Trial 220 finished with value: 0.2375438319527424 and parameters: {'n_estimators': 899, 'max_depth': 8, 'min_child_weight': 4, 'learning_rate': 0.2701852273085268, 'subsample': 0.8264011674965605, 'colsample_bytree': 0.970100609916921, 'colsample_bylevel': 0.8316143006255672, 'gamma': 3.487333063066549, 'reg_alpha': 0.5137484720209141, 'reg_lambda': 4.408038145306435}. Best is trial 136 with value: 0.22908983356706436.
[I 2024-09-20 02:21:24,262] Trial 221 finished with value: 0.23043467872432485 and parameters: {'n_estimators': 877, 'max_depth': 10, 'min_child_weight': 4, 'learning_rate': 0.2837825549231786, 'subsample': 0.7768022952883737, 'colsample_bytree': 0.9525137144581766, 'colsample_bylevel': 0.8785937353927353, 'gamma': 3.9850413425022135, 'reg_alpha': 0.46376428017637594, 'reg_lambda': 0.7742301224003215}. Best is trial 136 with value: 0.22908983356706436.
[I 2024-09-20 02:22:21,544] Trial 222 finished with value: 0.23227231518627328 and parameters: {'n_estimators': 870, 'max_depth': 10, 'min_child_weight': 4, 'learning_rate': 0.2755402224349576, 'subsample': 0.7796331260370116, 'colsample_bytree': 0.9492458923736187, 'colsample_bylevel': 0.8774528800336209, 'gamma': 4.243890863747281, 'reg_alpha': 0.47363549929003723, 'reg_lambda': 0.7807056004751288}. Best is trial 136 with value: 0.22908983356706436.
[I 2024-09-20 02:23:17,659] Trial 223 finished with value: 0.23323156418224117 and parameters: {'n_estimators': 845, 'max_depth': 10, 'min_child_weight': 4, 'learning_rate': 0.25306429772649414, 'subsample': 0.7665451349196498, 'colsample_bytree': 0.9354413365979172, 'colsample_bylevel': 0.8538925033839306, 'gamma': 4.032778157379525, 'reg_alpha': 0.5669312956870188, 'reg_lambda': 0.5916693315707175}. Best is trial 136 with value: 0.22908983356706436.
[I 2024-09-20 02:24:23,033] Trial 224 finished with value: 0.23160583037736276 and parameters: {'n_estimators': 885, 'max_depth': 10, 'min_child_weight': 4, 'learning_rate': 0.2872860426424755, 'subsample': 0.8073243920135702, 'colsample_bytree': 0.9802639121749959, 'colsample_bylevel': 0.872410652190962, 'gamma': 3.731446825726861, 'reg_alpha': 0.5846721864147462, 'reg_lambda': 0.237524711170518}. Best is trial 136 with value: 0.22908983356706436.
[I 2024-09-20 02:25:32,889] Trial 225 finished with value: 0.23828165800144885 and parameters: {'n_estimators': 881, 'max_depth': 10, 'min_child_weight': 4, 'learning_rate': 0.28072641543550975, 'subsample': 0.7540381141501433, 'colsample_bytree': 0.9851136942632341, 'colsample_bylevel': 0.869048165605801, 'gamma': 3.865997094337855, 'reg_alpha': 0.5984208665461059, 'reg_lambda': 0.1843818754164478}. Best is trial 136 with value: 0.22908983356706436.
[I 2024-09-20 02:26:32,691] Trial 226 finished with value: 0.23267874810130368 and parameters: {'n_estimators': 862, 'max_depth': 10, 'min_child_weight': 4, 'learning_rate': 0.2616780753554248, 'subsample': 0.7892689241129953, 'colsample_bytree': 0.9915620627120719, 'colsample_bylevel': 0.8440157024543952, 'gamma': 3.7302990545420105, 'reg_alpha': 0.5844968226113436, 'reg_lambda': 0.3369255199950838}. Best is trial 136 with value: 0.22908983356706436.
[I 2024-09-20 02:27:38,443] Trial 227 finished with value: 0.23992180101689967 and parameters: {'n_estimators': 888, 'max_depth': 10, 'min_child_weight': 3, 'learning_rate': 0.2999332714833317, 'subsample': 0.586430387998654, 'colsample_bytree': 0.9745759967658385, 'colsample_bylevel': 0.8608033917699671, 'gamma': 3.9986575348350177, 'reg_alpha': 0.5594784862576967, 'reg_lambda': 0.3880588620866152}. Best is trial 136 with value: 0.22908983356706436.
[I 2024-09-20 02:28:37,212] Trial 228 finished with value: 0.22983332629918643 and parameters: {'n_estimators': 859, 'max_depth': 10, 'min_child_weight': 4, 'learning_rate': 0.23843368282617292, 'subsample': 0.7739132252664551, 'colsample_bytree': 0.9798115598153687, 'colsample_bylevel': 0.8758488852966961, 'gamma': 3.6212140750926154, 'reg_alpha': 0.6206951536551377, 'reg_lambda': 0.8684443891339819}. Best is trial 136 with value: 0.22908983356706436.
[I 2024-09-20 02:29:17,943] Trial 229 finished with value: 0.2581288974801092 and parameters: {'n_estimators': 846, 'max_depth': 7, 'min_child_weight': 4, 'learning_rate': 0.21518373006461544, 'subsample': 0.7735699436760033, 'colsample_bytree': 0.9667248872392594, 'colsample_bylevel': 0.8784524385425637, 'gamma': 3.5972608576771243, 'reg_alpha': 0.6209142876485877, 'reg_lambda': 0.9344463570433169}. Best is trial 136 with value: 0.22908983356706436.
[I 2024-09-20 02:30:18,356] Trial 230 finished with value: 0.2341462999543315 and parameters: {'n_estimators': 860, 'max_depth': 10, 'min_child_weight': 4, 'learning_rate': 0.234479736450534, 'subsample': 0.7391161978438391, 'colsample_bytree': 0.9912719406508312, 'colsample_bylevel': 0.8503680394617457, 'gamma': 3.4143885962195397, 'reg_alpha': 0.6234363673550456, 'reg_lambda': 0.7907966905983208}. Best is trial 136 with value: 0.22908983356706436.
[I 2024-09-20 02:31:14,080] Trial 231 finished with value: 0.2329810722420158 and parameters: {'n_estimators': 883, 'max_depth': 10, 'min_child_weight': 4, 'learning_rate': 0.24722126102502567, 'subsample': 0.7822624679324033, 'colsample_bytree': 0.9810431436599529, 'colsample_bylevel': 0.869647438411598, 'gamma': 3.7607008659790497, 'reg_alpha': 0.5846181577378627, 'reg_lambda': 4.8466756041717804}. Best is trial 136 with value: 0.22908983356706436.
[I 2024-09-20 02:32:16,732] Trial 232 finished with value: 0.23838284172814433 and parameters: {'n_estimators': 900, 'max_depth': 10, 'min_child_weight': 4, 'learning_rate': 0.26569956395968597, 'subsample': 0.7978378727080154, 'colsample_bytree': 0.9801416027697882, 'colsample_bylevel': 0.8772108529907358, 'gamma': 3.6584739543899047, 'reg_alpha': 0.6541338683576816, 'reg_lambda': 0.19353795646483107}. Best is trial 136 with value: 0.22908983356706436.
[I 2024-09-20 02:33:15,346] Trial 233 finished with value: 0.23034575112092068 and parameters: {'n_estimators': 872, 'max_depth': 10, 'min_child_weight': 4, 'learning_rate': 0.2805671836526373, 'subsample': 0.7652262100782188, 'colsample_bytree': 0.9569714648919233, 'colsample_bylevel': 0.8608018018951227, 'gamma': 3.8690723412187205, 'reg_alpha': 0.6027946671221306, 'reg_lambda': 0.5551907349273804}. Best is trial 136 with value: 0.22908983356706436.
[I 2024-09-20 02:34:12,116] Trial 234 finished with value: 0.23283688543859996 and parameters: {'n_estimators': 869, 'max_depth': 10, 'min_child_weight': 4, 'learning_rate': 0.24483377326093386, 'subsample': 0.7587914796238843, 'colsample_bytree': 0.955718017845117, 'colsample_bylevel': 0.8587433431828261, 'gamma': 0.08132412322338478, 'reg_alpha': 0.6058983967212254, 'reg_lambda': 0.5737130294675173}. Best is trial 136 with value: 0.22908983356706436.
[I 2024-09-20 02:35:12,840] Trial 235 finished with value: 0.23515220392437364 and parameters: {'n_estimators': 847, 'max_depth': 10, 'min_child_weight': 3, 'learning_rate': 0.2675927490671401, 'subsample': 0.7671662612074426, 'colsample_bytree': 0.9619916459622477, 'colsample_bylevel': 0.8368129025117328, 'gamma': 3.8902101819269452, 'reg_alpha': 0.6404369573196561, 'reg_lambda': 1.0766473611325664}. Best is trial 136 with value: 0.22908983356706436.
[I 2024-09-20 02:36:08,296] Trial 236 finished with value: 0.2394622596531512 and parameters: {'n_estimators': 825, 'max_depth': 10, 'min_child_weight': 4, 'learning_rate': 0.23236822781868002, 'subsample': 0.7493820012044947, 'colsample_bytree': 0.9303983096439306, 'colsample_bylevel': 0.8526601179090785, 'gamma': 4.144310974315682, 'reg_alpha': 0.5361900036806935, 'reg_lambda': 0.8372757492884764}. Best is trial 136 with value: 0.22908983356706436.
[I 2024-09-20 02:37:11,108] Trial 237 finished with value: 0.2387500842027878 and parameters: {'n_estimators': 864, 'max_depth': 10, 'min_child_weight': 4, 'learning_rate': 0.25260482478280755, 'subsample': 0.770038523295141, 'colsample_bytree': 0.9427302567955232, 'colsample_bylevel': 0.8642128752725128, 'gamma': 3.977141888769657, 'reg_alpha': 0.5994408894563508, 'reg_lambda': 0.6767303213917719}. Best is trial 136 with value: 0.22908983356706436.
[I 2024-09-20 02:38:11,625] Trial 238 finished with value: 0.23186541149802756 and parameters: {'n_estimators': 836, 'max_depth': 10, 'min_child_weight': 4, 'learning_rate': 0.2774601365436075, 'subsample': 0.7290358451259156, 'colsample_bytree': 0.9553845959464426, 'colsample_bylevel': 0.8428294057728279, 'gamma': 3.839054208539431, 'reg_alpha': 0.5663613019037474, 'reg_lambda': 0.4433511539305288}. Best is trial 136 with value: 0.22908983356706436.
[I 2024-09-20 02:39:13,539] Trial 239 finished with value: 0.2382776144991639 and parameters: {'n_estimators': 873, 'max_depth': 10, 'min_child_weight': 5, 'learning_rate': 0.19995364289519788, 'subsample': 0.7809032942302314, 'colsample_bytree': 0.9680510376871215, 'colsample_bylevel': 0.8246369913794163, 'gamma': 3.312274324179695, 'reg_alpha': 0.5524566918504936, 'reg_lambda': 1.1560857585006852}. Best is trial 136 with value: 0.22908983356706436.
