[I 2024-09-20 07:58:03,471] Trial 576 finished with value: 0.2364346723531953 and parameters: {'n_estimators': 884, 'max_depth': 10, 'min_child_weight': 2, 'learning_rate': 0.24572063603707878, 'subsample': 0.7832272450917118, 'colsample_bytree': 0.970384014623852, 'colsample_bylevel': 0.844895578550923, 'gamma': 3.430821110844829, 'reg_alpha': 0.8469467384631459, 'reg_lambda': 4.391290395020872}. Best is trial 569 with value: 0.22662615345860165.
[I 2024-09-20 07:59:04,232] Trial 577 finished with value: 0.24009876723479665 and parameters: {'n_estimators': 870, 'max_depth': 10, 'min_child_weight': 2, 'learning_rate': 0.22515872248529453, 'subsample': 0.7688301292653714, 'colsample_bytree': 0.9998617306440105, 'colsample_bylevel': 0.8563702245655443, 'gamma': 3.5543286275397774, 'reg_alpha': 0.49634729380217857, 'reg_lambda': 4.732622007170193}. Best is trial 569 with value: 0.22662615345860165.
[I 2024-09-20 08:00:09,368] Trial 578 finished with value: 0.2330983956733843 and parameters: {'n_estimators': 848, 'max_depth': 10, 'min_child_weight': 7, 'learning_rate': 0.2671449473306645, 'subsample': 0.8210078100099725, 'colsample_bytree': 0.9868610622769389, 'colsample_bylevel': 0.8350819906220001, 'gamma': 3.695476792995922, 'reg_alpha': 0.6298949981257482, 'reg_lambda': 4.257895771688423}. Best is trial 569 with value: 0.22662615345860165.
[I 2024-09-20 08:01:05,046] Trial 579 finished with value: 0.24280006565651718 and parameters: {'n_estimators': 812, 'max_depth': 10, 'min_child_weight': 2, 'learning_rate': 0.2489333202907915, 'subsample': 0.7963560300075622, 'colsample_bytree': 0.7330110154688251, 'colsample_bylevel': 0.8467735846098725, 'gamma': 3.5936071673265952, 'reg_alpha': 0.5521509754831253, 'reg_lambda': 4.042699691298695}. Best is trial 569 with value: 0.22662615345860165.
[I 2024-09-20 08:02:05,197] Trial 580 finished with value: 0.25199062449012677 and parameters: {'n_estimators': 887, 'max_depth': 10, 'min_child_weight': 2, 'learning_rate': 0.13871359700874106, 'subsample': 0.7816227388770577, 'colsample_bytree': 0.948977734569158, 'colsample_bylevel': 0.8640396175094509, 'gamma': 3.379463638440138, 'reg_alpha': 0.5313053286086903, 'reg_lambda': 4.639029816501974}. Best is trial 569 with value: 0.22662615345860165.
[I 2024-09-20 08:03:05,905] Trial 581 finished with value: 0.23766159236495632 and parameters: {'n_estimators': 865, 'max_depth': 10, 'min_child_weight': 2, 'learning_rate': 0.27906786751389, 'subsample': 0.8046378504154965, 'colsample_bytree': 0.920664763857579, 'colsample_bylevel': 0.8812982117936642, 'gamma': 0.02468323209710488, 'reg_alpha': 0.5809059866586439, 'reg_lambda': 3.840497493868066}. Best is trial 569 with value: 0.22662615345860165.
[I 2024-09-20 08:04:14,072] Trial 582 finished with value: 0.23817530559841843 and parameters: {'n_estimators': 886, 'max_depth': 10, 'min_child_weight': 5, 'learning_rate': 0.2589365768885261, 'subsample': 0.7545103459959759, 'colsample_bytree': 0.9737139631321027, 'colsample_bylevel': 0.8354374170655912, 'gamma': 3.49553603844451, 'reg_alpha': 0.2660915253343569, 'reg_lambda': 4.8923665011236785}. Best is trial 569 with value: 0.22662615345860165.
[I 2024-09-20 08:04:22,552] Trial 583 finished with value: 0.37233425223881866 and parameters: {'n_estimators': 82, 'max_depth': 10, 'min_child_weight': 4, 'learning_rate': 0.23463654915212592, 'subsample': 0.7349380967049479, 'colsample_bytree': 0.9402501992865098, 'colsample_bylevel': 0.8509385181949843, 'gamma': 3.7219521478338686, 'reg_alpha': 0.6051536312642898, 'reg_lambda': 6.7195902581686004}. Best is trial 569 with value: 0.22662615345860165.
[I 2024-09-20 08:05:27,740] Trial 584 finished with value: 0.2303566605636865 and parameters: {'n_estimators': 900, 'max_depth': 10, 'min_child_weight': 2, 'learning_rate': 0.2846327238058423, 'subsample': 0.7896162685490049, 'colsample_bytree': 0.9615042291457868, 'colsample_bylevel': 0.8653634853475367, 'gamma': 2.312292581141289, 'reg_alpha': 0.4568811949034284, 'reg_lambda': 4.12723056067487}. Best is trial 569 with value: 0.22662615345860165.
[I 2024-09-20 08:06:21,114] Trial 585 finished with value: 0.23078364014336109 and parameters: {'n_estimators': 832, 'max_depth': 10, 'min_child_weight': 5, 'learning_rate': 0.29941509585849446, 'subsample': 0.7663582396591493, 'colsample_bytree': 0.9285896369696609, 'colsample_bylevel': 0.842253982428271, 'gamma': 3.600784416100775, 'reg_alpha': 0.5185051625445607, 'reg_lambda': 4.735046420665787}. Best is trial 569 with value: 0.22662615345860165.
[I 2024-09-20 08:07:14,053] Trial 586 finished with value: 0.3288384018221825 and parameters: {'n_estimators': 857, 'max_depth': 10, 'min_child_weight': 2, 'learning_rate': 0.04315496470959518, 'subsample': 0.8168876929364245, 'colsample_bytree': 0.9835500520430397, 'colsample_bylevel': 0.8281323951955255, 'gamma': 3.468669597728107, 'reg_alpha': 0.49167245366444773, 'reg_lambda': 4.2865110448081305}. Best is trial 569 with value: 0.22662615345860165.
[I 2024-09-20 08:08:18,316] Trial 587 finished with value: 0.2325438586302771 and parameters: {'n_estimators': 900, 'max_depth': 9, 'min_child_weight': 4, 'learning_rate': 0.2619477583621598, 'subsample': 0.7767163101142229, 'colsample_bytree': 0.9536634109219027, 'colsample_bylevel': 0.8714702146194988, 'gamma': 3.389861733322033, 'reg_alpha': 0.5624509917797135, 'reg_lambda': 4.57513848986067}. Best is trial 569 with value: 0.22662615345860165.
[I 2024-09-20 08:09:14,440] Trial 588 finished with value: 0.23578196959953884 and parameters: {'n_estimators': 874, 'max_depth': 10, 'min_child_weight': 4, 'learning_rate': 0.21310861715304452, 'subsample': 0.7996704713231533, 'colsample_bytree': 0.942921101536388, 'colsample_bylevel': 0.8570314657147086, 'gamma': 3.635589576905177, 'reg_alpha': 0.6206467439417932, 'reg_lambda': 4.441108843512909}. Best is trial 569 with value: 0.22662615345860165.
[I 2024-09-20 08:10:13,113] Trial 589 finished with value: 0.23667916217133195 and parameters: {'n_estimators': 845, 'max_depth': 10, 'min_child_weight': 2, 'learning_rate': 0.24415836682892483, 'subsample': 0.7469935386370619, 'colsample_bytree': 0.96724926699972, 'colsample_bylevel': 0.8461632373853127, 'gamma': 3.538752185347203, 'reg_alpha': 0.5905811835970346, 'reg_lambda': 5.1435787343389405}. Best is trial 569 with value: 0.22662615345860165.
[I 2024-09-20 08:11:19,307] Trial 590 finished with value: 0.2370450918079615 and parameters: {'n_estimators': 875, 'max_depth': 10, 'min_child_weight': 1, 'learning_rate': 0.20090641358160646, 'subsample': 0.7902433055809608, 'colsample_bytree': 0.9262454939823608, 'colsample_bylevel': 0.87672322045935, 'gamma': 3.7747583352591, 'reg_alpha': 0.5432291571905334, 'reg_lambda': 3.7413032864308846}. Best is trial 569 with value: 0.22662615345860165.
[I 2024-09-20 08:12:16,695] Trial 591 finished with value: 0.23699546981076045 and parameters: {'n_estimators': 635, 'max_depth': 10, 'min_child_weight': 4, 'learning_rate': 0.2762301477181696, 'subsample': 0.7682013300883843, 'colsample_bytree': 0.9812534079098367, 'colsample_bylevel': 0.8342960874875818, 'gamma': 3.4747695589811762, 'reg_alpha': 0.52063644488503, 'reg_lambda': 4.918454981047545}. Best is trial 569 with value: 0.22662615345860165.
[I 2024-09-20 08:13:18,141] Trial 592 finished with value: 0.2437897880171583 and parameters: {'n_estimators': 861, 'max_depth': 10, 'min_child_weight': 2, 'learning_rate': 0.22806041150315912, 'subsample': 0.7771384556859174, 'colsample_bytree': 0.9581210082251007, 'colsample_bylevel': 0.8215194178668428, 'gamma': 3.722183860126957, 'reg_alpha': 0.5646046285570975, 'reg_lambda': 5.309200802594655}. Best is trial 569 with value: 0.22662615345860165.
[I 2024-09-20 08:14:18,296] Trial 593 finished with value: 0.2321682238796238 and parameters: {'n_estimators': 823, 'max_depth': 10, 'min_child_weight': 4, 'learning_rate': 0.25667989306354566, 'subsample': 0.6058801421495155, 'colsample_bytree': 0.9917652395706507, 'colsample_bylevel': 0.8590763798731529, 'gamma': 2.686852828630245, 'reg_alpha': 0.47846523105363564, 'reg_lambda': 4.995039110790878}. Best is trial 569 with value: 0.22662615345860165.
[I 2024-09-20 08:15:20,048] Trial 594 finished with value: 0.2289459141928794 and parameters: {'n_estimators': 885, 'max_depth': 10, 'min_child_weight': 2, 'learning_rate': 0.29975543266535415, 'subsample': 0.8098576696296654, 'colsample_bytree': 0.9359920876882912, 'colsample_bylevel': 0.8495185921815088, 'gamma': 3.3834528271604443, 'reg_alpha': 0.5820300744666769, 'reg_lambda': 6.986610132770753}. Best is trial 569 with value: 0.22662615345860165.
[I 2024-09-20 08:16:35,063] Trial 595 finished with value: 0.23229153578804454 and parameters: {'n_estimators': 887, 'max_depth': 10, 'min_child_weight': 2, 'learning_rate': 0.28695804356714205, 'subsample': 0.8133614051123528, 'colsample_bytree': 0.9339524231738454, 'colsample_bylevel': 0.8529781172446906, 'gamma': 3.3836290704038703, 'reg_alpha': 0.6423683184127544, 'reg_lambda': 7.298458606309265}. Best is trial 569 with value: 0.22662615345860165.
[I 2024-09-20 08:17:41,483] Trial 596 finished with value: 0.23335771521182713 and parameters: {'n_estimators': 900, 'max_depth': 10, 'min_child_weight': 2, 'learning_rate': 0.2862007049411918, 'subsample': 0.8184630553108505, 'colsample_bytree': 0.9398470381354034, 'colsample_bylevel': 0.8880389010676684, 'gamma': 3.369989560032481, 'reg_alpha': 0.6034685426910996, 'reg_lambda': 6.893085011966159}. Best is trial 569 with value: 0.22662615345860165.
[I 2024-09-20 08:18:45,824] Trial 597 finished with value: 0.23474368660697625 and parameters: {'n_estimators': 871, 'max_depth': 10, 'min_child_weight': 2, 'learning_rate': 0.2989552116682835, 'subsample': 0.8048447269461644, 'colsample_bytree': 0.9242705798980222, 'colsample_bylevel': 0.8621816945066613, 'gamma': 3.3398864975156894, 'reg_alpha': 0.5854146181227193, 'reg_lambda': 7.123522173886694}. Best is trial 569 with value: 0.22662615345860165.
[I 2024-09-20 08:20:01,333] Trial 598 finished with value: 0.23571215115739483 and parameters: {'n_estimators': 847, 'max_depth': 10, 'min_child_weight': 2, 'learning_rate': 0.2987972186531726, 'subsample': 0.8217522907527024, 'colsample_bytree': 0.9474225758717661, 'colsample_bylevel': 0.8734332681778645, 'gamma': 3.531070611965804, 'reg_alpha': 0.6179779831516713, 'reg_lambda': 6.839544306724436}. Best is trial 569 with value: 0.22662615345860165.
[I 2024-09-20 08:20:57,773] Trial 599 finished with value: 0.2335270303004901 and parameters: {'n_estimators': 798, 'max_depth': 10, 'min_child_weight': 2, 'learning_rate': 0.27110393619524087, 'subsample': 0.8091231880358745, 'colsample_bytree': 0.9326728380116093, 'colsample_bylevel': 0.8435850185472884, 'gamma': 3.6088788197739325, 'reg_alpha': 0.08539654156517373, 'reg_lambda': 6.586045417278578}. Best is trial 569 with value: 0.22662615345860165.
[I 2024-09-20 08:22:00,038] Trial 600 finished with value: 0.23332325742845378 and parameters: {'n_estimators': 884, 'max_depth': 10, 'min_child_weight': 2, 'learning_rate': 0.2996765884514562, 'subsample': 0.7975892513031985, 'colsample_bytree': 0.9213512174782603, 'colsample_bylevel': 0.8531089961300239, 'gamma': 3.4441931443542484, 'reg_alpha': 0.5728257399888148, 'reg_lambda': 7.77368897728636}. Best is trial 569 with value: 0.22662615345860165.
[I 2024-09-20 08:22:11,480] Trial 601 finished with value: 0.3258531134314035 and parameters: {'n_estimators': 132, 'max_depth': 10, 'min_child_weight': 2, 'learning_rate': 0.27181341853023916, 'subsample': 0.8257881477794692, 'colsample_bytree': 0.9471647637766603, 'colsample_bylevel': 0.8677112592931597, 'gamma': 3.5588499974834917, 'reg_alpha': 0.4385276038814869, 'reg_lambda': 4.702251409055607}. Best is trial 569 with value: 0.22662615345860165.
[I 2024-09-20 08:23:13,494] Trial 602 finished with value: 0.23258148778110854 and parameters: {'n_estimators': 860, 'max_depth': 10, 'min_child_weight': 2, 'learning_rate': 0.27650456226493786, 'subsample': 0.8052744772410515, 'colsample_bytree': 0.9371011289132456, 'colsample_bylevel': 0.848275241426828, 'gamma': 3.3390539831641726, 'reg_alpha': 0.5078443996136356, 'reg_lambda': 6.944879492762374}. Best is trial 569 with value: 0.22662615345860165.
[I 2024-09-20 08:24:26,538] Trial 603 finished with value: 0.23293684317513316 and parameters: {'n_estimators': 900, 'max_depth': 10, 'min_child_weight': 1, 'learning_rate': 0.26464100011174185, 'subsample': 0.7886023774290981, 'colsample_bytree': 0.9121394369250617, 'colsample_bylevel': 0.8590782397313176, 'gamma': 3.4705387659544202, 'reg_alpha': 0.5981157424631508, 'reg_lambda': 7.043065087815523}. Best is trial 569 with value: 0.22662615345860165.
[I 2024-09-20 08:25:19,337] Trial 604 finished with value: 0.298271430964436 and parameters: {'n_estimators': 836, 'max_depth': 10, 'min_child_weight': 2, 'learning_rate': 0.06796703161481757, 'subsample': 0.8591613868240384, 'colsample_bytree': 0.9483926319499859, 'colsample_bylevel': 0.8850271322182273, 'gamma': 3.658330099048697, 'reg_alpha': 0.46365592605686673, 'reg_lambda': 6.520888880930875}. Best is trial 569 with value: 0.22662615345860165.
[I 2024-09-20 08:26:07,404] Trial 605 finished with value: 0.4223875871409367 and parameters: {'n_estimators': 873, 'max_depth': 9, 'min_child_weight': 2, 'learning_rate': 0.012966532442520572, 'subsample': 0.8144680615424184, 'colsample_bytree': 0.9201835111846528, 'colsample_bylevel': 0.8383165106844757, 'gamma': 3.5853515397238187, 'reg_alpha': 0.5506978102329531, 'reg_lambda': 7.542045062464084}. Best is trial 569 with value: 0.22662615345860165.
[I 2024-09-20 08:27:06,015] Trial 606 finished with value: 0.23110708358100934 and parameters: {'n_estimators': 885, 'max_depth': 10, 'min_child_weight': 3, 'learning_rate': 0.27947259060353785, 'subsample': 0.796815259984303, 'colsample_bytree': 0.9559893557549439, 'colsample_bylevel': 0.8662816263147666, 'gamma': 3.4309756529715245, 'reg_alpha': 0.11398607438500441, 'reg_lambda': 6.269651660318551}. Best is trial 569 with value: 0.22662615345860165.
[I 2024-09-20 08:28:00,014] Trial 607 finished with value: 0.24837594747409625 and parameters: {'n_estimators': 859, 'max_depth': 10, 'min_child_weight': 2, 'learning_rate': 0.1585426737518568, 'subsample': 0.7862666392055311, 'colsample_bytree': 0.9334128224203547, 'colsample_bylevel': 0.8790198903715579, 'gamma': 3.6753103499000814, 'reg_alpha': 0.49067866426901374, 'reg_lambda': 6.76212119194761}. Best is trial 569 with value: 0.22662615345860165.
[I 2024-09-20 08:29:05,427] Trial 608 finished with value: 0.28634573655186524 and parameters: {'n_estimators': 871, 'max_depth': 10, 'min_child_weight': 3, 'learning_rate': 0.07732697938766854, 'subsample': 0.7990499050861175, 'colsample_bytree': 0.9417615442262155, 'colsample_bylevel': 0.8508865807695503, 'gamma': 3.514645355567082, 'reg_alpha': 0.5797160408043935, 'reg_lambda': 7.432037887788557}. Best is trial 569 with value: 0.22662615345860165.
[I 2024-09-20 08:30:02,792] Trial 609 finished with value: 0.23450118025842087 and parameters: {'n_estimators': 847, 'max_depth': 10, 'min_child_weight': 3, 'learning_rate': 0.29962281619102954, 'subsample': 0.8100564707020658, 'colsample_bytree': 0.9646663731109978, 'colsample_bylevel': 0.8343289551374482, 'gamma': 3.362847655597582, 'reg_alpha': 0.5329488211041207, 'reg_lambda': 3.9985225993886777}. Best is trial 569 with value: 0.22662615345860165.
[I 2024-09-20 08:30:53,909] Trial 610 finished with value: 0.31424016217191236 and parameters: {'n_estimators': 885, 'max_depth': 10, 'min_child_weight': 2, 'learning_rate': 0.057066291856294624, 'subsample': 0.7832769752291611, 'colsample_bytree': 0.5440119900292253, 'colsample_bylevel': 0.8429342380891023, 'gamma': 0.2532904338180584, 'reg_alpha': 0.6247091964339132, 'reg_lambda': 5.3648212416617485}. Best is trial 569 with value: 0.22662615345860165.
[I 2024-09-20 08:31:55,619] Trial 611 finished with value: 0.23106751055312763 and parameters: {'n_estimators': 832, 'max_depth': 10, 'min_child_weight': 2, 'learning_rate': 0.25227368307219084, 'subsample': 0.8694875024539037, 'colsample_bytree': 0.9535864876270561, 'colsample_bylevel': 0.8595783300832109, 'gamma': 3.6151679469812987, 'reg_alpha': 0.6013774122181046, 'reg_lambda': 4.484223933066687}. Best is trial 569 with value: 0.22662615345860165.
[I 2024-09-20 08:33:10,785] Trial 612 finished with value: 0.23066724441750258 and parameters: {'n_estimators': 871, 'max_depth': 10, 'min_child_weight': 3, 'learning_rate': 0.26557452797170783, 'subsample': 0.8261574456143747, 'colsample_bytree': 0.9276527203241365, 'colsample_bylevel': 0.8700031788498339, 'gamma': 3.769054043091547, 'reg_alpha': 0.5581962701055846, 'reg_lambda': 5.92600498260494}. Best is trial 569 with value: 0.22662615345860165.
[I 2024-09-20 08:34:09,631] Trial 613 finished with value: 0.23600068031846452 and parameters: {'n_estimators': 855, 'max_depth': 10, 'min_child_weight': 3, 'learning_rate': 0.24300510043586038, 'subsample': 0.7968924466515676, 'colsample_bytree': 0.9419408689002302, 'colsample_bylevel': 0.8947589196505188, 'gamma': 1.9715937250401478, 'reg_alpha': 0.6474506797106121, 'reg_lambda': 5.2535006187611675}. Best is trial 569 with value: 0.22662615345860165.
[I 2024-09-20 08:35:05,085] Trial 614 finished with value: 0.2329350732992935 and parameters: {'n_estimators': 809, 'max_depth': 10, 'min_child_weight': 2, 'learning_rate': 0.28165075581342564, 'subsample': 0.7802232305392179, 'colsample_bytree': 0.9162869689756699, 'colsample_bylevel': 0.8528527075372381, 'gamma': 3.5031905289594487, 'reg_alpha': 0.5047202694994675, 'reg_lambda': 5.047001327716058}. Best is trial 569 with value: 0.22662615345860165.
[I 2024-09-20 08:36:03,250] Trial 615 finished with value: 0.2395975837965918 and parameters: {'n_estimators': 885, 'max_depth': 10, 'min_child_weight': 3, 'learning_rate': 0.25720380003576726, 'subsample': 0.5118749117113821, 'colsample_bytree': 0.9567029382557501, 'colsample_bylevel': 0.7226445857698484, 'gamma': 3.3130903262151006, 'reg_alpha': 0.4500102598916207, 'reg_lambda': 6.64589253580902}. Best is trial 569 with value: 0.22662615345860165.
[I 2024-09-20 08:37:16,915] Trial 616 finished with value: 0.2313968384909241 and parameters: {'n_estimators': 870, 'max_depth': 10, 'min_child_weight': 3, 'learning_rate': 0.2832694026445346, 'subsample': 0.8803464692612839, 'colsample_bytree': 0.9686357737390595, 'colsample_bylevel': 0.8422484277979744, 'gamma': 1.3968547477063717, 'reg_alpha': 0.5404213779245886, 'reg_lambda': 3.8506109121629617}. Best is trial 569 with value: 0.22662615345860165.
[I 2024-09-20 08:38:21,580] Trial 617 finished with value: 0.23198095522413142 and parameters: {'n_estimators': 840, 'max_depth': 10, 'min_child_weight': 2, 'learning_rate': 0.23872423439798937, 'subsample': 0.7926227232113309, 'colsample_bytree': 0.9328886937300085, 'colsample_bylevel': 0.828048437280146, 'gamma': 3.684484487315607, 'reg_alpha': 0.4733630043460932, 'reg_lambda': 4.232784803401476}. Best is trial 569 with value: 0.22662615345860165.
[I 2024-09-20 08:38:55,002] Trial 618 finished with value: 0.30118360563114843 and parameters: {'n_estimators': 900, 'max_depth': 3, 'min_child_weight': 1, 'learning_rate': 0.2688904609795679, 'subsample': 0.7743415278373026, 'colsample_bytree': 0.9500308551319359, 'colsample_bylevel': 0.5509280208542241, 'gamma': 3.440761666054958, 'reg_alpha': 0.5158269752386763, 'reg_lambda': 7.140039406772342}. Best is trial 569 with value: 0.22662615345860165.
[I 2024-09-20 08:40:05,938] Trial 619 finished with value: 0.2328691073172572 and parameters: {'n_estimators': 886, 'max_depth': 10, 'min_child_weight': 3, 'learning_rate': 0.25570649636521015, 'subsample': 0.8152421002270864, 'colsample_bytree': 0.9742935857660631, 'colsample_bylevel': 0.8634934610226118, 'gamma': 3.578313797780066, 'reg_alpha': 0.5790873710503032, 'reg_lambda': 5.492121759072264}. Best is trial 569 with value: 0.22662615345860165.
[I 2024-09-20 08:41:28,115] Trial 620 finished with value: 0.23365544574810415 and parameters: {'n_estimators': 858, 'max_depth': 10, 'min_child_weight': 3, 'learning_rate': 0.2797723797745878, 'subsample': 0.6393257756124167, 'colsample_bytree': 0.9627205142656108, 'colsample_bylevel': 0.8768924631851268, 'gamma': 3.751420162380662, 'reg_alpha': 0.40909770075798313, 'reg_lambda': 3.636636233653072}. Best is trial 569 with value: 0.22662615345860165.
[I 2024-09-20 08:42:37,067] Trial 621 finished with value: 0.23475593854553725 and parameters: {'n_estimators': 900, 'max_depth': 10, 'min_child_weight': 2, 'learning_rate': 0.24219036513537703, 'subsample': 0.8045822912386744, 'colsample_bytree': 0.9250610281738294, 'colsample_bylevel': 0.8515082515903888, 'gamma': 3.5252550774207303, 'reg_alpha': 0.6280905703059312, 'reg_lambda': 3.4382435930250126}. Best is trial 569 with value: 0.22662615345860165.
[I 2024-09-20 08:43:55,076] Trial 622 finished with value: 0.2307868805642727 and parameters: {'n_estimators': 873, 'max_depth': 10, 'min_child_weight': 3, 'learning_rate': 0.29881665548527064, 'subsample': 0.7874655405274085, 'colsample_bytree': 0.9371176956332617, 'colsample_bylevel': 0.8404581684723059, 'gamma': 3.634851175909447, 'reg_alpha': 0.5957027812396659, 'reg_lambda': 4.797731743054765}. Best is trial 569 with value: 0.22662615345860165.
[I 2024-09-20 08:44:48,168] Trial 623 finished with value: 0.23755983336635075 and parameters: {'n_estimators': 850, 'max_depth': 9, 'min_child_weight': 2, 'learning_rate': 0.2695023601340203, 'subsample': 0.8528598563791585, 'colsample_bytree': 0.9503743789065473, 'colsample_bylevel': 0.8306596870980293, 'gamma': 3.4042608984030025, 'reg_alpha': 0.5620228837706814, 'reg_lambda': 6.412887779199021}. Best is trial 569 with value: 0.22662615345860165.
